Log file open, 07/24/18 22:47:15
LogWindows: Failed to load 'aqProf.dll' (GetLastError=126)
LogWindows: File 'aqProf.dll' does not exist
LogWindows: Failed to load 'VSPerf140.dll' (GetLastError=126)
LogWindows: File 'VSPerf140.dll' does not exist
LogWindows: Failed to load 'VtuneApi.dll' (GetLastError=126)
LogWindows: File 'VtuneApi.dll' does not exist
LogWindows: Failed to load 'VtuneApi32e.dll' (GetLastError=126)
LogWindows: File 'VtuneApi32e.dll' does not exist
LogInit: Display: Running engine for game: TheGauntlet
LogPlatformFile: Not using cached read wrapper
LogTaskGraph: Started task graph with 5 named threads and 23 total threads with 3 sets of task threads.
LogStats: Stats thread started at 0.279415
LogD3D11RHI: Loaded GFSDK_Aftermath_Lib.x64.dll
LogICUInternationalization: Display: ICU TimeZone Detection - Raw Offset: -5:00, Platform Override: ''
LogPluginManager: Mounting plugin Paper2D
LogPluginManager: Mounting plugin AISupport
LogPluginManager: Mounting plugin LightPropagationVolume
LogPluginManager: Mounting plugin CLionSourceCodeAccess
LogPluginManager: Mounting plugin CodeLiteSourceCodeAccess
LogPluginManager: Mounting plugin GitSourceControl
LogPluginManager: Mounting plugin KDevelopSourceCodeAccess
LogPluginManager: Mounting plugin NullSourceCodeAccess
LogPluginManager: Mounting plugin PerforceSourceControl
LogPluginManager: Mounting plugin SubversionSourceControl
LogPluginManager: Mounting plugin UObjectPlugin
LogPluginManager: Mounting plugin VisualStudioCodeSourceCodeAccess
LogPluginManager: Mounting plugin VisualStudioSourceCodeAccess
LogPluginManager: Mounting plugin XCodeSourceCodeAccess
LogPluginManager: Mounting plugin AssetManagerEditor
LogPluginManager: Mounting plugin CryptoKeys
LogPluginManager: Mounting plugin DataValidation
LogPluginManager: Mounting plugin FacialAnimation
LogPluginManager: Mounting plugin GameplayTagsEditor
LogPluginManager: Mounting plugin MacGraphicsSwitching
LogPluginManager: Mounting plugin MeshEditor
LogPluginManager: Mounting plugin MobileLauncherProfileWizard
LogPluginManager: Mounting plugin PluginBrowser
LogPluginManager: Mounting plugin SpeedTreeImporter
LogPluginManager: Mounting plugin DatasmithContent
LogPluginManager: Mounting plugin AlembicImporter
LogPluginManager: Mounting plugin AppleImageUtils
LogPluginManager: Mounting plugin AppleVision
LogPluginManager: Mounting plugin BackChannel
LogPluginManager: Mounting plugin CharacterAI
LogPluginManager: Mounting plugin GeometryCache
LogPluginManager: Mounting plugin HTML5Networking
LogPluginManager: Mounting plugin ProxyLODPlugin
LogPluginManager: Mounting plugin MagicLeap
LogPluginManager: Mounting plugin MagicLeapEmulator
LogPluginManager: Mounting plugin MagicLeapMedia
LogPluginManager: Mounting plugin AndroidMedia
LogPluginManager: Mounting plugin AvfMedia
LogPluginManager: Mounting plugin ImgMedia
LogPluginManager: Mounting plugin LinearTimecode
LogPluginManager: Mounting plugin MediaCompositing
LogPluginManager: Mounting plugin MediaPlayerEditor
LogPluginManager: Mounting plugin WmfMedia
LogPluginManager: Mounting plugin TcpMessaging
LogPluginManager: Mounting plugin UdpMessaging
LogPluginManager: Mounting plugin ActorSequence
LogPluginManager: Mounting plugin LevelSequenceEditor
LogPluginManager: Mounting plugin MatineeToLevelSequence
LogPluginManager: Mounting plugin NetcodeUnitTest
LogPluginManager: Mounting plugin NUTUnrealEngine4
LogPluginManager: Mounting plugin OnlineSubsystemGooglePlay
LogPluginManager: Mounting plugin OnlineSubsystemIOS
LogPluginManager: Mounting plugin OnlineSubsystem
LogPluginManager: Mounting plugin OnlineSubsystemNull
LogPluginManager: Mounting plugin OnlineSubsystemUtils
LogPluginManager: Mounting plugin LauncherChunkInstaller
LogPluginManager: Mounting plugin AndroidDeviceProfileSelector
LogPluginManager: Mounting plugin AndroidMoviePlayer
LogPluginManager: Mounting plugin AndroidPermission
LogPluginManager: Mounting plugin AppleMoviePlayer
LogPluginManager: Mounting plugin ArchVisCharacter
LogPluginManager: Mounting plugin AudioCapture
LogPluginManager: Mounting plugin CableComponent
LogPluginManager: Mounting plugin CustomMeshComponent
LogPluginManager: Mounting plugin EditableMesh
LogPluginManager: Mounting plugin ExampleDeviceProfileSelector
LogPluginManager: Mounting plugin GoogleCloudMessaging
LogPluginManager: Mounting plugin ImmediatePhysics
LogPluginManager: Mounting plugin IOSDeviceProfileSelector
LogPluginManager: Mounting plugin LinuxDeviceProfileSelector
LogPluginManager: Mounting plugin LocationServicesBPLibrary
LogPluginManager: Mounting plugin MobilePatchingUtils
LogPluginManager: Mounting plugin OculusVR
LogPluginManager: Plugin shader directory ../../../Engine/Plugins/Runtime/Oculus/OculusVR/Shaders found
LogPluginManager: Mapping shader source directory ../../../Engine/Plugins/Runtime/Oculus/OculusVR/Shaders to virtual directory /Plugin/OculusVR
LogPluginManager: Mounting plugin PhysXVehicles
LogPluginManager: Mounting plugin ProceduralMeshComponent
LogPluginManager: Mounting plugin RuntimePhysXCooking
LogPluginManager: Mounting plugin SteamVR
LogPluginManager: Mounting plugin WindowsMoviePlayer
LogStreaming: Display: Took  0.070s to configure plugins.
LogInit: Using libcurl 7.55.1-DEV
LogInit:  - built for x86_64-pc-win32
LogInit:  - supports SSL with OpenSSL/1.0.2h
LogInit:  - supports HTTP deflate (compression) using libz 1.2.8
LogInit:  - other features:
LogInit:      CURL_VERSION_SSL
LogInit:      CURL_VERSION_LIBZ
LogInit:      CURL_VERSION_IPV6
LogInit:      CURL_VERSION_ASYNCHDNS
LogInit:      CURL_VERSION_LARGEFILE
LogInit:      CURL_VERSION_IDN
LogInit:  CurlRequestOptions (configurable via config and command line):
LogInit:  - bVerifyPeer = false  - Libcurl will NOT verify peer certificate
LogInit:  - bUseHttpProxy = false  - Libcurl will NOT use HTTP proxy
LogInit:  - bDontReuseConnections = false  - Libcurl will reuse connections
LogInit:  - CertBundlePath = nullptr  - Libcurl will use whatever was configured at build time.
LogInit:  - MaxHostConnections = 16  - Libcurl will limit the number of connections to a host
LogInit:  - LocalHostAddr = Default
LogInit:  - BufferSize = 65536
LogInit: WinSock: version 1.1 (2.2), MaxSocks=32767, MaxUdp=65467
LogInit: Build: ++UE4+Release-4.20-CL-4212847
LogInit: Engine Version: 4.20.0-4212847+++UE4+Release-4.20
LogInit: Compatible Engine Version: 4.20.0-4212847+++UE4+Release-4.20
LogInit: Net CL: 4212847
LogInit: OS: Windows 10 (), CPU: Intel(R) Core(TM) i7-7700 CPU @ 3.60GHz, GPU: NVIDIA GeForce GTX 1060 3GB
LogInit: Compiled (64-bit): Jul 14 2018 09:51:14
LogInit: Compiled with Visual C++: 19.13.26129.00
LogInit: Build Configuration: Development
LogInit: Branch Name: ++UE4+Release-4.20
LogInit: Command Line: 
LogInit: Base Directory: C:/Program Files/Epic Games/UE_4.20/Engine/Binaries/Win64/
LogInit: Installed Engine Build: 1
LogDevObjectVersion: Number of dev versions registered: 20
LogDevObjectVersion:   Dev-Blueprints (B0D832E4-1F89-4F0D-ACCF-7EB736FD4AA2): 10
LogDevObjectVersion:   Dev-Build (E1C64328-A22C-4D53-A36C-8E866417BD8C): 0
LogDevObjectVersion:   Dev-Core (375EC13C-06E4-48FB-B500-84F0262A717E): 2
LogDevObjectVersion:   Dev-Editor (E4B068ED-F494-42E9-A231-DA0B2E46BB41): 24
LogDevObjectVersion:   Dev-Framework (CFFC743F-43B0-4480-9391-14DF171D2073): 34
LogDevObjectVersion:   Dev-Mobile (B02B49B5-BB20-44E9-A304-32B752E40360): 2
LogDevObjectVersion:   Dev-Networking (A4E4105C-59A1-49B5-A7C5-40C4547EDFEE): 0
LogDevObjectVersion:   Dev-Online (39C831C9-5AE6-47DC-9A44-9C173E1C8E7C): 0
LogDevObjectVersion:   Dev-Physics (78F01B33-EBEA-4F98-B9B4-84EACCB95AA2): 0
LogDevObjectVersion:   Dev-Platform (6631380F-2D4D-43E0-8009-CF276956A95A): 0
LogDevObjectVersion:   Dev-Rendering (12F88B9F-8875-4AFC-A67C-D90C383ABD29): 26
LogDevObjectVersion:   Dev-Sequencer (7B5AE74C-D270-4C10-A958-57980B212A5A): 9
LogDevObjectVersion:   Dev-VR (D7296918-1DD6-4BDD-9DE2-64A83CC13884): 2
LogDevObjectVersion:   Dev-LoadTimes (C2A15278-BFE7-4AFE-6C17-90FF531DF755): 1
LogDevObjectVersion:   Private-Geometry (6EACA3D4-40EC-4CC1-B786-8BED09428FC5): 3
LogDevObjectVersion:   Dev-AnimPhys (29E575DD-E0A3-4627-9D10-D276232CDCEA): 17
LogDevObjectVersion:   Dev-ReflectionCapture (6B266CEC-1EC7-4B8F-A30B-E4D90942FC07): 1
LogDevObjectVersion:   Dev-Automation (0DF73D61-A23F-47EA-B727-89E90C41499A): 1
LogDevObjectVersion:   FortniteMain (601D1886-AC64-4F84-AA16-D3DE0DEAC7D6): 12
LogDevObjectVersion:   Dev-Enterprise (9DFFBCD6-494F-0158-E221-12823C92A888): 1
LogStreaming: Display: Took  0.002s to delete old logs.
LogInit: Presizing for max 8388607 objects, including 0 objects not considered by GC, pre-allocating 0 bytes for permanent pool.
LogInit: Object subsystem initialized
[2018.07.25-02.47.15:829][  0]LogInit: Selected Device Profile: [Windows]
[2018.07.25-02.47.15:829][  0]LogInit: Applying CVar settings loaded from the selected device profile: [Windows]
[2018.07.25-02.47.15:842][  0]LogHAL: Display: Platform has ~ 16 GB [17120108544 / 17179869184 / 16], which maps to Larger [LargestMinGB=32, LargerMinGB=12, DefaultMinGB=8, SmallerMinGB=6, SmallestMinGB=0)
[2018.07.25-02.47.15:842][  0]LogInit: Setting Device Profile CVar: [[r.Vulkan.UseRealUBs:1]]
[2018.07.25-02.47.15:842][  0]LogInit: Going up to parent DeviceProfile []
[2018.07.25-02.47.15:842][  0]LogInit: Computer: DESKTOP-V72DBF1
[2018.07.25-02.47.15:842][  0]LogInit: User: Hunter
[2018.07.25-02.47.15:842][  0]LogInit: CPU Page size=4096, Cores=4
[2018.07.25-02.47.15:842][  0]LogInit: High frequency timer resolution =3.515630 MHz
[2018.07.25-02.47.15:842][  0]LogMemory: Memory total: Physical=15.9GB (16GB approx)
[2018.07.25-02.47.15:842][  0]LogMemory: Platform Memory Stats for Windows
[2018.07.25-02.47.15:842][  0]LogMemory: Process Physical Memory: 101.17 MB used, 101.17 MB peak
[2018.07.25-02.47.15:842][  0]LogMemory: Process Virtual Memory: 91.95 MB used, 91.95 MB peak
[2018.07.25-02.47.15:842][  0]LogMemory: Physical Memory: 5664.00 MB used,  10663.01 MB free, 16327.01 MB total
[2018.07.25-02.47.15:842][  0]LogMemory: Virtual Memory: 4640.01 MB used,  10663.01 MB free, 134217728.00 MB total
[2018.07.25-02.47.15:858][  0]LogInit: Using OS detected language (en-US).
[2018.07.25-02.47.15:858][  0]LogInit: Using OS detected locale (en-US).
[2018.07.25-02.47.15:859][  0]LogTextLocalizationManager: No specific localization for 'en-US' exists, so the 'en' localization will be used.
[2018.07.25-02.47.16:168][  0]LogStreaming: Display: Took  0.310s to InitEngineTextLocalization.
[2018.07.25-02.47.16:168][  0]LogInit: Setting process to per monitor DPI aware
[2018.07.25-02.47.16:214][  0]LogSlate: New Slate User Created.  User Index 0, Is Virtual User: 0
[2018.07.25-02.47.16:214][  0]LogSlate: Slate User Registered.  User Index 0, Is Virtual User: 0
[2018.07.25-02.47.16:400][  0]LogHMD: Failed to initialize OpenVR with code 110
[2018.07.25-02.47.16:400][  0]LogD3D11RHI: D3D11 adapters:
[2018.07.25-02.47.16:450][  0]LogD3D11RHI:    0. 'NVIDIA GeForce GTX 1060 3GB' (Feature Level 11_0)
[2018.07.25-02.47.16:450][  0]LogD3D11RHI:       2988/0/8163 MB DedicatedVideo/DedicatedSystem/SharedSystem, Outputs:3, VendorId:0x10de
[2018.07.25-02.47.16:451][  0]LogD3D11RHI:    1. 'Microsoft Basic Render Driver' (Feature Level 11_0)
[2018.07.25-02.47.16:451][  0]LogD3D11RHI:       0/0/8163 MB DedicatedVideo/DedicatedSystem/SharedSystem, Outputs:0, VendorId:0x1414
[2018.07.25-02.47.16:451][  0]LogD3D11RHI: Chosen D3D11 Adapter: 0
[2018.07.25-02.47.16:456][  0]LogD3D11RHI: Creating new Direct3DDevice
[2018.07.25-02.47.16:456][  0]LogD3D11RHI:     GPU DeviceId: 0x1c02 (for the marketing name, search the web for "GPU Device Id")
[2018.07.25-02.47.16:456][  0]LogWindows: EnumDisplayDevices:
[2018.07.25-02.47.16:456][  0]LogWindows:    0. 'NVIDIA GeForce GTX 1060 3GB' (P:1 D:1)
[2018.07.25-02.47.16:456][  0]LogWindows:    1. 'NVIDIA GeForce GTX 1060 3GB' (P:0 D:1)
[2018.07.25-02.47.16:457][  0]LogWindows:    2. 'NVIDIA GeForce GTX 1060 3GB' (P:0 D:1)
[2018.07.25-02.47.16:457][  0]LogWindows:    3. 'NVIDIA GeForce GTX 1060 3GB' (P:0 D:0)
[2018.07.25-02.47.16:457][  0]LogWindows: DebugString: FoundDriverCount:4 
[2018.07.25-02.47.16:457][  0]LogD3D11RHI:     Adapter Name: NVIDIA GeForce GTX 1060 3GB
[2018.07.25-02.47.16:457][  0]LogD3D11RHI:   Driver Version: 398.36 (internal:24.21.13.9836, unified:398.36)
[2018.07.25-02.47.16:457][  0]LogD3D11RHI:      Driver Date: 6-24-2018
[2018.07.25-02.47.16:457][  0]LogRHI: Texture pool is 2091 MB (70% of 2988 MB)
[2018.07.25-02.47.16:497][  0]LogD3D11RHI: Async texture creation enabled
[2018.07.25-02.47.16:536][  0]LogD3D11RHI: GPU Timing Frequency: 1000.000000 (Debug: 2 2)
[2018.07.25-02.47.16:672][  0]LogShaderCompilers: Guid format shader working directory is -15 characters bigger than the processId version (D:/Unreal Projects/Git/FracturedDevelopments/TheGauntlet 4.20/Intermediate/Shaders/WorkingDirectory/13396/).
[2018.07.25-02.47.16:672][  0]LogShaderCompilers: Cleaned the shader compiler working directory 'C:/Users/Hunter/AppData/Local/Temp/UnrealShaderWorkingDir/A39830224DA801766F8738A6899CE780/'.
[2018.07.25-02.47.16:914][  0]LogTemp: Display: Loaded TP AllDesktopTargetPlatform
[2018.07.25-02.47.16:924][  0]LogTemp: Display: Loaded TP MacClientTargetPlatform
[2018.07.25-02.47.16:936][  0]LogTemp: Display: Loaded TP MacNoEditorTargetPlatform
[2018.07.25-02.47.16:950][  0]LogTemp: Display: Loaded TP MacServerTargetPlatform
[2018.07.25-02.47.16:961][  0]LogTemp: Display: Loaded TP MacTargetPlatform
[2018.07.25-02.47.16:972][  0]LogTemp: Display: Loaded TP WindowsClientTargetPlatform
[2018.07.25-02.47.16:988][  0]LogTemp: Display: Loaded TP WindowsNoEditorTargetPlatform
[2018.07.25-02.47.17:000][  0]LogTemp: Display: Loaded TP WindowsServerTargetPlatform
[2018.07.25-02.47.17:005][  0]LogTemp: Display: Loaded TP WindowsTargetPlatform
[2018.07.25-02.47.17:078][  0]LogTemp: Display: Loaded TP AndroidTargetPlatform
[2018.07.25-02.47.17:078][  0]LogTemp: Display: Loaded TP AndroidTargetPlatform
[2018.07.25-02.47.17:078][  0]LogTemp: Display: Loaded TP AndroidTargetPlatform
[2018.07.25-02.47.17:078][  0]LogTemp: Display: Loaded TP AndroidTargetPlatform
[2018.07.25-02.47.17:078][  0]LogTemp: Display: Loaded TP AndroidTargetPlatform
[2018.07.25-02.47.17:078][  0]LogTemp: Display: Loaded TP AndroidTargetPlatform
[2018.07.25-02.47.17:078][  0]LogTemp: Display: Loaded TP AndroidTargetPlatform
[2018.07.25-02.47.17:079][  0]LogTemp: Display: Loaded TP AndroidTargetPlatform
[2018.07.25-02.47.17:079][  0]LogTemp: Display: Loaded TP AndroidTargetPlatform
[2018.07.25-02.47.17:079][  0]LogTemp: Display: Loaded TP AndroidTargetPlatform
[2018.07.25-02.47.17:079][  0]LogTemp: Display: Loaded TP AndroidTargetPlatform
[2018.07.25-02.47.17:079][  0]LogTemp: Display: Loaded TP AndroidTargetPlatform
[2018.07.25-02.47.17:079][  0]LogTemp: Display: Loaded TP AndroidTargetPlatform
[2018.07.25-02.47.17:079][  0]LogTemp: Display: Loaded TP AndroidTargetPlatform
[2018.07.25-02.47.17:079][  0]LogTemp: Display: Loaded TP AndroidTargetPlatform
[2018.07.25-02.47.17:079][  0]LogTemp: Display: Loaded TP AndroidTargetPlatform
[2018.07.25-02.47.17:079][  0]LogTemp: Display: Loaded TP AndroidTargetPlatform
[2018.07.25-02.47.17:079][  0]LogTemp: Display: Loaded TP AndroidTargetPlatform
[2018.07.25-02.47.17:080][  0]LogTemp: Display: Loaded TP HTML5TargetPlatform
[2018.07.25-02.47.17:135][  0]LogTemp: Display: Loaded TP IOSTargetPlatform
[2018.07.25-02.47.17:135][  0]LogTemp: Display: Loaded TP IOSTargetPlatform
[2018.07.25-02.47.17:155][  0]LogTemp: Display: Loaded TP TVOSTargetPlatform
[2018.07.25-02.47.17:155][  0]LogTemp: Display: Loaded TP TVOSTargetPlatform
[2018.07.25-02.47.17:167][  0]LogTemp: Display: Loaded TP LinuxClientTargetPlatform
[2018.07.25-02.47.17:177][  0]LogTemp: Display: Loaded TP LinuxNoEditorTargetPlatform
[2018.07.25-02.47.17:187][  0]LogTemp: Display: Loaded TP LinuxServerTargetPlatform
[2018.07.25-02.47.17:198][  0]LogTemp: Display: Loaded TP LinuxTargetPlatform
[2018.07.25-02.47.17:205][  0]LogTemp: Display: Loaded TP LuminTargetPlatform
[2018.07.25-02.47.17:206][  0]LogTargetPlatformManager: Display: Building Assets For Windows
[2018.07.25-02.47.17:251][  0]LogXGEController: Cannot use XGE Controller as Incredibuild is not installed on this machine.
[2018.07.25-02.47.17:251][  0]LogShaderCompilers: Cannot use XGE Shader Compiler as Incredibuild is not installed on this machine.
[2018.07.25-02.47.17:251][  0]LogShaderCompilers: Display: Using Local Shader Compiler.
[2018.07.25-02.47.17:887][  0]LogDerivedDataCache: Display: Max Cache Size: 512 MB
[2018.07.25-02.47.17:934][  0]LogDerivedDataCache: Loaded boot cache 0.05s 71MB C:/Users/Hunter/AppData/Local/UnrealEngine/4.20/DerivedDataCache/Boot.ddc.
[2018.07.25-02.47.17:934][  0]LogDerivedDataCache: Display: Loaded Boot cache: C:/Users/Hunter/AppData/Local/UnrealEngine/4.20/DerivedDataCache/Boot.ddc
[2018.07.25-02.47.17:934][  0]LogDerivedDataCache: FDerivedDataBackendGraph:  Pak pak cache file D:/Unreal Projects/Git/FracturedDevelopments/TheGauntlet 4.20/DerivedDataCache/DDC.ddp not found, will not use a pak cache.
[2018.07.25-02.47.17:934][  0]LogDerivedDataCache: Unable to find inner node Pak for hierarchical cache Hierarchy.
[2018.07.25-02.47.17:934][  0]LogDerivedDataCache: FDerivedDataBackendGraph:  CompressedPak pak cache file D:/Unreal Projects/Git/FracturedDevelopments/TheGauntlet 4.20/DerivedDataCache/Compressed.ddp not found, will not use a pak cache.
[2018.07.25-02.47.17:934][  0]LogDerivedDataCache: Unable to find inner node CompressedPak for hierarchical cache Hierarchy.
[2018.07.25-02.47.17:946][  0]LogDerivedDataCache: Display: Pak cache opened for reading ../../../Engine/DerivedDataCache/Compressed.ddp.
[2018.07.25-02.47.17:958][  0]LogDerivedDataCache: Using Local data cache path C:/Users/Hunter/AppData/Local/UnrealEngine/Common/DerivedDataCache: Writable
[2018.07.25-02.47.17:958][  0]LogDerivedDataCache: Shared data cache path not found in *engine.ini, will not use an Shared cache.
[2018.07.25-02.47.17:958][  0]LogDerivedDataCache: Unable to find inner node Shared for hierarchical cache Hierarchy.
[2018.07.25-02.47.17:972][  0]LogMaterial: Verifying Global Shaders for PCD3D_SM5
[2018.07.25-02.47.17:974][  0]LogSlate: Using FreeType 2.6.0
[2018.07.25-02.47.17:974][  0]LogSlate: SlateFontServices - WITH_FREETYPE: 1, WITH_HARFBUZZ: 1
[2018.07.25-02.47.18:045][  0]LogAssetRegistry: FAssetRegistry took 0.0278 seconds to start up
[2018.07.25-02.47.18:323][  0]LogInit: Selected Device Profile: [Windows]
[2018.07.25-02.47.18:435][  0]LogSimplygon: Simplygon DLL not present - disabling.
[2018.07.25-02.47.18:438][  0]LogMeshReduction: Using SimplygonSwarm for distributed automatic mesh merging
[2018.07.25-02.47.18:438][  0]LogMeshReduction: Using ProxyLODMeshReduction for automatic mesh merging
[2018.07.25-02.47.18:438][  0]LogMeshReduction: Using QuadricMeshReduction for automatic static mesh reduction
[2018.07.25-02.47.18:438][  0]LogMeshReduction: No automatic skeletal mesh reduction module available
[2018.07.25-02.47.18:476][  0]LogNetVersion: TheGauntlet 1.0.0, NetCL: 4212847, EngineNetVer: 5, GameNetVer: 0 (Checksum: 680350633)
[2018.07.25-02.47.18:907][  0]LogPackageLocalizationCache: Processed 11 localized package path(s) for 2 prioritized culture(s) in 0.072008 seconds
[2018.07.25-02.47.18:913][  0]LogUObjectArray: 38425 objects as part of root set at end of initial load.
[2018.07.25-02.47.18:913][  0]LogUObjectAllocator: 6690872 out of 0 bytes used by permanent object pool.
[2018.07.25-02.47.18:913][  0]LogUObjectArray: CloseDisregardForGC: 0/0 objects in disregard for GC pool
[2018.07.25-02.47.19:681][  0]LogTcpMessaging: Initializing TcpMessaging bridge
[2018.07.25-02.47.19:694][  0]LogUdpMessaging: Initializing bridge on interface 0.0.0.0:0 to multicast group 230.0.0.1:6666.
[2018.07.25-02.47.19:834][  0]SourceControl: Source control is disabled
[2018.07.25-02.47.19:835][  0]SourceControl: Source control is disabled
[2018.07.25-02.47.19:836][  0]SourceControl: Source control is disabled
[2018.07.25-02.47.19:837][  0]SourceControl: Source control is disabled
[2018.07.25-02.47.19:995][  0]LogAndroidPermission: UAndroidPermissionCallbackProxy::GetInstance
[2018.07.25-02.47.20:072][  0]LogOcInput: OculusInput pre-init called
[2018.07.25-02.47.20:134][  0]LogEngine: Initializing Engine...
[2018.07.25-02.47.20:135][  0]LogHMD: Failed to initialize OpenVR with code 110
[2018.07.25-02.47.20:137][  0]LogStats: UGameplayTagsManager::ConstructGameplayTagTree: ImportINI prefixes -  0.000 s
[2018.07.25-02.47.20:137][  0]LogStats: UGameplayTagsManager::ConstructGameplayTagTree: Construct from data asset -  0.000 s
[2018.07.25-02.47.20:137][  0]LogStats: UGameplayTagsManager::ConstructGameplayTagTree: ImportINI -  0.000 s
[2018.07.25-02.47.20:137][  0]LogStats: UGameplayTagsManager::ConstructGameplayTagTree: GameplayTagTreeChangedEvent.Broadcast -  0.000 s
[2018.07.25-02.47.20:344][  0]LogInit: Initializing FReadOnlyCVARCache
[2018.07.25-02.47.20:357][  0]LogAIModule: Creating AISystem for world Untitled
[2018.07.25-02.47.20:371][  0]LogInit: XAudio2 using 'Headset Earphone (Corsair VOID PRO USB Gaming Headset )' : 6 channels at 48 kHz using 16 bits per sample (channel mask 0x3f)
[2018.07.25-02.47.20:477][  0]LogInit: FAudioDevice initialized.
[2018.07.25-02.47.20:477][  0]LogNetVersion: Set ProjectVersion to 1.0.0.0. Version Checksum will be recalculated on next use.
[2018.07.25-02.47.20:557][  0]LogDerivedDataCache: Saved boot cache 0.08s 71MB C:/Users/Hunter/AppData/Local/UnrealEngine/4.20/DerivedDataCache/Boot.ddc.
[2018.07.25-02.47.20:571][  0]LogInit: Texture streaming: Enabled
[2018.07.25-02.47.20:593][  0]LogEngineSessionManager: EngineSessionManager initialized
[2018.07.25-02.47.20:604][  0]LogInit: Transaction tracking system initialized
[2018.07.25-02.47.20:621][  0]BlueprintLog: New page: Editor Load
[2018.07.25-02.47.20:685][  0]LocalizationService: Localization service is disabled
[2018.07.25-02.47.20:901][  0]LogCook: Display: Max memory allowance for cook 16384mb min free memory 0mb
[2018.07.25-02.47.20:901][  0]LogCook: Display: Mobile HDR setting 1
[2018.07.25-02.47.20:901][  0]LogGameplayTags: Display: UGameplayTagsManager::DoneAddingNativeTags. DelegateIsBound: 0
[2018.07.25-02.47.20:901][  0]LogStats: UGameplayTagsManager::ConstructGameplayTagTree: ImportINI prefixes -  0.000 s
[2018.07.25-02.47.20:901][  0]LogStats: UGameplayTagsManager::ConstructGameplayTagTree: Construct from data asset -  0.000 s
[2018.07.25-02.47.20:901][  0]LogStats: UGameplayTagsManager::ConstructGameplayTagTree: ImportINI -  0.000 s
[2018.07.25-02.47.20:901][  0]LogStats: UGameplayTagsManager::ConstructGameplayTagTree: GameplayTagTreeChangedEvent.Broadcast -  0.000 s
[2018.07.25-02.47.21:020][  0]LogFileCache: Scanning file cache for directory 'D:/Unreal Projects/Git/FracturedDevelopments/TheGauntlet 4.20/Content/' took 0.01s
[2018.07.25-02.47.21:020][  0]SourceControl: Source control is disabled
[2018.07.25-02.47.21:020][  0]Cmd: MAP LOAD FILE="D:/Unreal Projects/Git/FracturedDevelopments/TheGauntlet 4.20/Content/Levels/MainLobby.umap" TEMPLATE=0 SHOWPROGRESS=1 FEATURELEVEL=3
[2018.07.25-02.47.21:020][  0]LightingResults: New page: Lighting Build
[2018.07.25-02.47.21:023][  0]MapCheck: New page: Map Check
[2018.07.25-02.47.21:023][  0]LightingResults: New page: Lighting Build
[2018.07.25-02.47.21:803][  0]LogAIModule: Creating AISystem for world MainLobby
[2018.07.25-02.47.21:807][  0]LogEditorServer: Finished looking for orphan Actors (0.000 secs)
[2018.07.25-02.47.21:830][  0]Cmd: MAP CHECKDEP NOCLEARLOG
[2018.07.25-02.47.21:887][  0]MapCheck: Map check complete: 0 Error(s), 0 Warning(s), took 55.863ms to complete.
[2018.07.25-02.47.21:887][  0]LogFileHelpers: Loading map 'MainLobby' took 0.866
[2018.07.25-02.47.22:036][  0]LogSlate: Updating window title bar state: overlay mode, drag disabled, window buttons hidden, title bar hidden
[2018.07.25-02.47.22:042][  0]LogSlate: Updating window title bar state: overlay mode, drag disabled, window buttons hidden, title bar hidden
[2018.07.25-02.47.22:049][  0]LogSlate: Updating window title bar state: overlay mode, drag disabled, window buttons hidden, title bar hidden
[2018.07.25-02.47.22:055][  0]LogSlate: Updating window title bar state: overlay mode, drag disabled, window buttons hidden, title bar hidden
[2018.07.25-02.47.22:060][  0]LogCollectionManager: Loaded 0 collections in 0.001285 seconds
[2018.07.25-02.47.22:117][  0]LogFileCache: Scanning file cache for directory 'D:/Unreal Projects/Git/FracturedDevelopments/TheGauntlet 4.20/Saved/Collections/' took 0.01s
[2018.07.25-02.47.22:117][  0]LogFileCache: Scanning file cache for directory 'D:/Unreal Projects/Git/FracturedDevelopments/TheGauntlet 4.20/Content/Developers/Hunter/Collections/' took 0.01s
[2018.07.25-02.47.22:117][  0]LogFileCache: Scanning file cache for directory 'D:/Unreal Projects/Git/FracturedDevelopments/TheGauntlet 4.20/Content/Collections/' took 0.01s
[2018.07.25-02.47.22:118][  0]LogCollectionManager: Rebuilt the GUID cache for 0 collections in 0.000001 seconds
[2018.07.25-02.47.22:126][  0]LogContentBrowser: Native class hierarchy populated in 0.0080 seconds. Added 2572 classes and 603 folders.
[2018.07.25-02.47.22:130][  0]LogContentBrowser: Native class hierarchy updated for 'WidgetCarousel' in 0.0002 seconds. Added 0 classes and 0 folders.
[2018.07.25-02.47.22:167][  0]LogContentBrowser: Native class hierarchy updated for 'AddContentDialog' in 0.0003 seconds. Added 0 classes and 0 folders.
[2018.07.25-02.47.22:195][  0]LogContentBrowser: Native class hierarchy updated for 'SceneOutliner' in 0.0002 seconds. Added 1 classes and 2 folders.
[2018.07.25-02.47.22:207][  0]LogSlate: Took 0.000195 seconds to synchronously load lazily loaded font '../../../Engine/Content/Slate/Fonts/Roboto-Regular.ttf' (155K)
[2018.07.25-02.47.22:209][  0]LogSlate: Took 0.000194 seconds to synchronously load lazily loaded font '../../../Engine/Content/Slate/Fonts/Roboto-Bold.ttf' (160K)
[2018.07.25-02.47.22:214][  0]LogSlate: Took 0.000206 seconds to synchronously load lazily loaded font '../../../Engine/Content/Editor/Slate/Fonts/FontAwesome.ttf' (139K)
[2018.07.25-02.47.22:283][  0]LogRenderer: Reallocating scene render targets to support 1208x580 Format 10 NumSamples 1 (Frame:1).
[2018.07.25-02.47.22:390][  0]LogContentBrowser: Native class hierarchy updated for 'HierarchicalLODOutliner' in 0.0002 seconds. Added 0 classes and 0 folders.
[2018.07.25-02.47.22:390][  0]LogLoad: (Engine Initialization) Total time: 8.13 seconds
[2018.07.25-02.47.22:390][  0]LogLoad: (Engine Initialization) Total Blueprint compile time: 0.00 seconds
[2018.07.25-02.47.22:428][  0]LogWindowsTextInputMethodSystem: Display: IME system now deactivated.
[2018.07.25-02.47.22:509][  0]LogContentStreaming: Texture pool size now 3000 MB
[2018.07.25-02.47.22:535][  0]LogSlate: Took 0.000215 seconds to synchronously load lazily loaded font '../../../Engine/Content/Slate/Fonts/Roboto-Light.ttf' (167K)
[2018.07.25-02.47.22:559][  1]LogAssetRegistry: Asset discovery search completed in 4.5360 seconds
[2018.07.25-02.47.22:560][  1]LogCollectionManager: Rebuilt the object cache for 0 collections in 0.000000 seconds (found 0 objects)
[2018.07.25-02.47.22:560][  1]LogCollectionManager: Fixed up redirectors for 0 collections in 0.000035 seconds (updated 0 objects)
[2018.07.25-02.48.35:113][463]LogSlate: FSceneViewport::OnFocusLost() reason 0
[2018.07.25-02.48.35:204][474]LogTemp: Repeating last play command: New Editor Window (PIE)
[2018.07.25-02.48.35:221][474]LogBlueprintUserMessages: Early PlayInEditor Detection: Level '/Game/Levels/MainLobby.MainLobby:PersistentLevel' has LevelScriptBlueprint '/Game/Levels/MainLobby.MainLobby:PersistentLevel.MainLobby' with GeneratedClass '/Game/Levels/MainLobby.MainLobby_C' with ClassGeneratedBy '/Game/Levels/MainLobby.MainLobby:PersistentLevel.MainLobby'
[2018.07.25-02.48.35:221][474]LogPlayLevel: PlayLevel: No blueprints needed recompiling
[2018.07.25-02.48.35:238][474]PIE: New page: PIE session: MainLobby (Jul 24, 2018, 6:48:35 PM)
[2018.07.25-02.48.35:238][474]LogPlayLevel: Creating play world package: /Game/Levels/UEDPIE_0_MainLobby
[2018.07.25-02.48.35:240][474]LogPlayLevel: PIE: StaticDuplicateObject took: (0.001610s)
[2018.07.25-02.48.35:240][474]LogAIModule: Creating AISystem for world MainLobby
[2018.07.25-02.48.35:240][474]LogPlayLevel: PIE: World Init took: (0.000722s)
[2018.07.25-02.48.35:240][474]LogPlayLevel: PIE: Created PIE world by copying editor world from /Game/Levels/MainLobby.MainLobby to /Game/Levels/UEDPIE_0_MainLobby.MainLobby (0.002440s)
[2018.07.25-02.48.35:271][474]LogInit: XAudio2 using 'Headset Earphone (Corsair VOID PRO USB Gaming Headset )' : 6 channels at 48 kHz using 16 bits per sample (channel mask 0x3f)
[2018.07.25-02.48.35:376][474]LogInit: FAudioDevice initialized.
[2018.07.25-02.48.35:399][474]LogSlate: Updating window title bar state: overlay mode, drag disabled, window buttons hidden, title bar hidden
[2018.07.25-02.48.35:495][474]LogLoad: Game class is 'MainLobbyGameMode_C'
[2018.07.25-02.48.35:496][474]LogWorld: Bringing World /Game/Levels/UEDPIE_0_MainLobby.MainLobby up for play (max tick rate 0) at 2018.07.24-22.48.35
[2018.07.25-02.48.35:496][474]LogWorld: Bringing up level for play took: 0.000630
[2018.07.25-02.48.35:512][474]LogContentBrowser: Native class hierarchy updated for 'MovieSceneCapture' in 0.0002 seconds. Added 10 classes and 0 folders.
[2018.07.25-02.48.35:516][474]LogBlueprintUserMessages: [MainLobby_C_11] Loaded Save Gane
[2018.07.25-02.48.35:516][474]LogBlueprintUserMessages: [MainLobby_C_11] ForceField
[2018.07.25-02.48.35:519][474]PIE: Play in editor start time for /Game/Levels/UEDPIE_0_MainLobby -0.651
[2018.07.25-02.48.35:519][474]LogBlueprintUserMessages: Late PlayInEditor Detection: Level '/Game/Levels/MainLobby.MainLobby:PersistentLevel' has LevelScriptBlueprint '/Game/Levels/MainLobby.MainLobby:PersistentLevel.MainLobby' with GeneratedClass '/Game/Levels/MainLobby.MainLobby_C' with ClassGeneratedBy '/Game/Levels/MainLobby.MainLobby:PersistentLevel.MainLobby'
[2018.07.25-02.48.35:550][474]LogRenderer: Reallocating scene render targets to support 1920x1080 Format 10 NumSamples 1 (Frame:1).
[2018.07.25-02.48.39:938][983]LogSlate: FSceneViewport::OnFocusLost() reason 0
[2018.07.25-02.48.40:580][ 60]LogScript: Warning: Accessed None trying to read property Options Ref
	NewWidgetBlueprint_C /Engine/Transient.UnrealEdEngine_0:GameInstance_0.NewWidgetBlueprint_C_0
	Function /Game/UI/NewUITest/NewWidgetBlueprint.NewWidgetBlueprint_C:ExecuteUbergraph_NewWidgetBlueprint:0332
[2018.07.25-02.48.40:580][ 60]PIE: Error: Blueprint Runtime Error: "Accessed None trying to read property Options Ref". Blueprint:  NewWidgetBlueprint Function:  Execute Ubergraph New Widget Blueprint Graph:  Customize Button Pressed Node:  Remove from Parent
[2018.07.25-02.48.43:247][380]LogScript: Warning: Accessed None trying to read property Options Ref
	NewWidgetBlueprint_C /Engine/Transient.UnrealEdEngine_0:GameInstance_0.NewWidgetBlueprint_C_0
	Function /Game/UI/NewUITest/NewWidgetBlueprint.NewWidgetBlueprint_C:ExecuteUbergraph_NewWidgetBlueprint:0586
[2018.07.25-02.48.43:247][380]PIE: Error: Blueprint Runtime Error: "Accessed None trying to read property Options Ref". Blueprint:  NewWidgetBlueprint Function:  Execute Ubergraph New Widget Blueprint Graph:  Play Button Pressed Node:  Remove from Parent
[2018.07.25-02.48.45:140][607]LogSlate: FSceneViewport::OnFocusLost() reason 0
[2018.07.25-02.48.45:261][620]LogSlate: Window 'TheGauntlet Game Preview Standalone (64-bit/PCD3D_SM5)' being destroyed
[2018.07.25-02.48.45:264][620]LogBlueprintUserMessages: Early EndPlayMap Detection: Level '/Game/Levels/MainLobby.MainLobby:PersistentLevel' has LevelScriptBlueprint '/Game/Levels/MainLobby.MainLobby:PersistentLevel.MainLobby' with GeneratedClass '/Game/Levels/MainLobby.MainLobby_C' with ClassGeneratedBy '/Game/Levels/MainLobby.MainLobby:PersistentLevel.MainLobby'
[2018.07.25-02.48.45:298][620]LogPlayLevel: Display: Shutting down PIE online subsystems
[2018.07.25-02.48.45:299][620]LogBlueprintUserMessages: Late EndPlayMap Detection: Level '/Game/Levels/MainLobby.MainLobby:PersistentLevel' has LevelScriptBlueprint '/Game/Levels/MainLobby.MainLobby:PersistentLevel.MainLobby' with GeneratedClass '/Game/Levels/MainLobby.MainLobby_C' with ClassGeneratedBy '/Game/Levels/MainLobby.MainLobby:PersistentLevel.MainLobby'
[2018.07.25-02.48.45:364][621]LogPlayLevel: Display: Destroying online subsystem :Context_1
[2018.07.25-02.48.48:470][982]LogSlate: Took 0.000125 seconds to synchronously load lazily loaded font '../../../Engine/Content/Slate/Fonts/Roboto-Light.ttf' (167K)
[2018.07.25-02.48.49:270][983]LogAssetEditorManager: Opening Asset editor for LevelScriptBlueprint /Game/Levels/MainLobby.MainLobby:PersistentLevel.MainLobby
[2018.07.25-02.48.49:714][983]LogContentBrowser: Native class hierarchy updated for 'BlueprintGraph' in 0.0007 seconds. Added 116 classes and 0 folders.
[2018.07.25-02.48.50:404][983]LogSlate: Took 0.000158 seconds to synchronously load lazily loaded font '../../../Engine/Content/Slate/Fonts/Roboto-BoldCondensed.ttf' (158K)
[2018.07.25-02.48.55:543][572]LogTemp: Repeating last play command: New Editor Window (PIE)
[2018.07.25-02.48.55:778][572]LogBlueprintUserMessages: Early PlayInEditor Detection: Level '/Game/Levels/MainLobby.MainLobby:PersistentLevel' has LevelScriptBlueprint '/Game/Levels/MainLobby.MainLobby:PersistentLevel.MainLobby' with GeneratedClass '/Game/Levels/MainLobby.MainLobby_C' with ClassGeneratedBy '/Game/Levels/MainLobby.MainLobby:PersistentLevel.MainLobby'
[2018.07.25-02.48.55:778][572]LogPlayLevel: PlayLevel: No blueprints needed recompiling
[2018.07.25-02.48.55:778][572]PIE: New page: PIE session: MainLobby (Jul 24, 2018, 6:48:55 PM)
[2018.07.25-02.48.55:778][572]LogPlayLevel: Creating play world package: /Game/Levels/UEDPIE_0_MainLobby
[2018.07.25-02.48.55:780][572]LogPlayLevel: PIE: StaticDuplicateObject took: (0.001469s)
[2018.07.25-02.48.55:780][572]LogAIModule: Creating AISystem for world MainLobby
[2018.07.25-02.48.55:780][572]LogPlayLevel: PIE: World Init took: (0.000796s)
[2018.07.25-02.48.55:780][572]LogPlayLevel: PIE: Created PIE world by copying editor world from /Game/Levels/MainLobby.MainLobby to /Game/Levels/UEDPIE_0_MainLobby.MainLobby (0.002366s)
[2018.07.25-02.48.55:816][572]LogInit: XAudio2 using 'Headset Earphone (Corsair VOID PRO USB Gaming Headset )' : 6 channels at 48 kHz using 16 bits per sample (channel mask 0x3f)
[2018.07.25-02.48.55:911][572]LogInit: FAudioDevice initialized.
[2018.07.25-02.48.55:936][572]LogSlate: Updating window title bar state: overlay mode, drag disabled, window buttons hidden, title bar hidden
[2018.07.25-02.48.56:016][572]LogLoad: Game class is 'MainLobbyGameMode_C'
[2018.07.25-02.48.56:018][572]LogWorld: Bringing World /Game/Levels/UEDPIE_0_MainLobby.MainLobby up for play (max tick rate 0) at 2018.07.24-22.48.56
[2018.07.25-02.48.56:018][572]LogWorld: Bringing up level for play took: 0.000642
[2018.07.25-02.48.56:034][572]LogBlueprintUserMessages: [MainLobby_C_11] Loaded Save Gane
[2018.07.25-02.48.56:034][572]LogBlueprintUserMessages: [MainLobby_C_11] ForceField
[2018.07.25-02.48.56:038][572]PIE: Play in editor start time for /Game/Levels/UEDPIE_0_MainLobby -0.132
[2018.07.25-02.48.56:039][572]LogBlueprintUserMessages: Late PlayInEditor Detection: Level '/Game/Levels/MainLobby.MainLobby:PersistentLevel' has LevelScriptBlueprint '/Game/Levels/MainLobby.MainLobby:PersistentLevel.MainLobby' with GeneratedClass '/Game/Levels/MainLobby.MainLobby_C' with ClassGeneratedBy '/Game/Levels/MainLobby.MainLobby:PersistentLevel.MainLobby'
[2018.07.25-02.48.57:473][724]LogSlate: Window 'TheGauntlet Game Preview Standalone (64-bit/PCD3D_SM5)' being destroyed
[2018.07.25-02.48.57:476][724]LogBlueprintUserMessages: Early EndPlayMap Detection: Level '/Game/Levels/MainLobby.MainLobby:PersistentLevel' has LevelScriptBlueprint '/Game/Levels/MainLobby.MainLobby:PersistentLevel.MainLobby' with GeneratedClass '/Game/Levels/MainLobby.MainLobby_C' with ClassGeneratedBy '/Game/Levels/MainLobby.MainLobby:PersistentLevel.MainLobby'
[2018.07.25-02.48.57:511][724]LogPlayLevel: Display: Shutting down PIE online subsystems
[2018.07.25-02.48.57:511][724]LogBlueprintUserMessages: Late EndPlayMap Detection: Level '/Game/Levels/MainLobby.MainLobby:PersistentLevel' has LevelScriptBlueprint '/Game/Levels/MainLobby.MainLobby:PersistentLevel.MainLobby' with GeneratedClass '/Game/Levels/MainLobby.MainLobby_C' with ClassGeneratedBy '/Game/Levels/MainLobby.MainLobby:PersistentLevel.MainLobby'
[2018.07.25-02.48.57:594][725]LogPlayLevel: Display: Destroying online subsystem :Context_6
[2018.07.25-02.49.15:327][103]LogTemp: Repeating last play command: New Editor Window (PIE)
[2018.07.25-02.49.15:341][103]LogBlueprintUserMessages: Early PlayInEditor Detection: Level '/Game/Levels/MainLobby.MainLobby:PersistentLevel' has LevelScriptBlueprint '/Game/Levels/MainLobby.MainLobby:PersistentLevel.MainLobby' with GeneratedClass '/Game/Levels/MainLobby.MainLobby_C' with ClassGeneratedBy '/Game/Levels/MainLobby.MainLobby:PersistentLevel.MainLobby'
[2018.07.25-02.49.15:341][103]LogPlayLevel: PlayLevel: No blueprints needed recompiling
[2018.07.25-02.49.15:341][103]PIE: New page: PIE session: MainLobby (Jul 24, 2018, 6:49:15 PM)
[2018.07.25-02.49.15:341][103]LogPlayLevel: Creating play world package: /Game/Levels/UEDPIE_0_MainLobby
[2018.07.25-02.49.15:343][103]LogPlayLevel: PIE: StaticDuplicateObject took: (0.001630s)
[2018.07.25-02.49.15:343][103]LogAIModule: Creating AISystem for world MainLobby
[2018.07.25-02.49.15:343][103]LogPlayLevel: PIE: World Init took: (0.000472s)
[2018.07.25-02.49.15:343][103]LogPlayLevel: PIE: Created PIE world by copying editor world from /Game/Levels/MainLobby.MainLobby to /Game/Levels/UEDPIE_0_MainLobby.MainLobby (0.002179s)
[2018.07.25-02.49.15:375][103]LogInit: XAudio2 using 'Headset Earphone (Corsair VOID PRO USB Gaming Headset )' : 6 channels at 48 kHz using 16 bits per sample (channel mask 0x3f)
[2018.07.25-02.49.15:467][103]LogInit: FAudioDevice initialized.
[2018.07.25-02.49.15:492][103]LogSlate: Updating window title bar state: overlay mode, drag disabled, window buttons hidden, title bar hidden
[2018.07.25-02.49.15:573][103]LogLoad: Game class is 'MainLobbyGameMode_C'
[2018.07.25-02.49.15:574][103]LogWorld: Bringing World /Game/Levels/UEDPIE_0_MainLobby.MainLobby up for play (max tick rate 0) at 2018.07.24-22.49.15
[2018.07.25-02.49.15:574][103]LogWorld: Bringing up level for play took: 0.000676
[2018.07.25-02.49.15:589][103]LogBlueprintUserMessages: [MainLobby_C_11] Loaded Save Gane
[2018.07.25-02.49.15:590][103]LogBlueprintUserMessages: [MainLobby_C_11] ForceField
[2018.07.25-02.49.15:593][103]PIE: Play in editor start time for /Game/Levels/UEDPIE_0_MainLobby -0.577
[2018.07.25-02.49.15:593][103]LogBlueprintUserMessages: Late PlayInEditor Detection: Level '/Game/Levels/MainLobby.MainLobby:PersistentLevel' has LevelScriptBlueprint '/Game/Levels/MainLobby.MainLobby:PersistentLevel.MainLobby' with GeneratedClass '/Game/Levels/MainLobby.MainLobby_C' with ClassGeneratedBy '/Game/Levels/MainLobby.MainLobby:PersistentLevel.MainLobby'
[2018.07.25-02.49.18:031][378]LogScript: Warning: Accessed None trying to read property Options Ref
	NewWidgetBlueprint_C /Engine/Transient.UnrealEdEngine_0:GameInstance_2.NewWidgetBlueprint_C_0
	Function /Game/UI/NewUITest/NewWidgetBlueprint.NewWidgetBlueprint_C:ExecuteUbergraph_NewWidgetBlueprint:0332
[2018.07.25-02.49.18:031][378]PIE: Error: Blueprint Runtime Error: "Accessed None trying to read property Options Ref". Blueprint:  NewWidgetBlueprint Function:  Execute Ubergraph New Widget Blueprint Graph:  Customize Button Pressed Node:  Remove from Parent
[2018.07.25-02.49.23:646][ 50]LogSlate: Window 'TheGauntlet Game Preview Standalone (64-bit/PCD3D_SM5)' being destroyed
[2018.07.25-02.49.23:649][ 50]LogBlueprintUserMessages: Early EndPlayMap Detection: Level '/Game/Levels/MainLobby.MainLobby:PersistentLevel' has LevelScriptBlueprint '/Game/Levels/MainLobby.MainLobby:PersistentLevel.MainLobby' with GeneratedClass '/Game/Levels/MainLobby.MainLobby_C' with ClassGeneratedBy '/Game/Levels/MainLobby.MainLobby:PersistentLevel.MainLobby'
[2018.07.25-02.49.23:686][ 50]LogPlayLevel: Display: Shutting down PIE online subsystems
[2018.07.25-02.49.23:686][ 50]LogBlueprintUserMessages: Late EndPlayMap Detection: Level '/Game/Levels/MainLobby.MainLobby:PersistentLevel' has LevelScriptBlueprint '/Game/Levels/MainLobby.MainLobby:PersistentLevel.MainLobby' with GeneratedClass '/Game/Levels/MainLobby.MainLobby_C' with ClassGeneratedBy '/Game/Levels/MainLobby.MainLobby:PersistentLevel.MainLobby'
[2018.07.25-02.49.23:748][ 51]LogPlayLevel: Display: Destroying online subsystem :Context_7
[2018.07.25-02.54.00:645][300]LogSlate: Window 'MainLobby* - Level Blueprint Editor' being destroyed
[2018.07.25-02.54.00:651][300]LogSlate: Window 'MainLobby* - Level Blueprint Editor' being destroyed
[2018.07.25-02.56.34:337][681]LogAssetEditorManager: Opening Asset editor for SoundWave /Game/SoundFX/Forcefield_FX.Forcefield_FX
[2018.07.25-02.56.45:697][681]LogSlate: Window 'Forcefield_FX* - Generic Asset Editor' being destroyed
[2018.07.25-02.56.45:700][681]LogSlate: Window 'Forcefield_FX* - Generic Asset Editor' being destroyed
[2018.07.25-02.56.47:419][880]LogAssetEditorManager: Opening Asset editor for SoundWave /Game/SoundFX/MainMenuThemeFirstPass.MainMenuThemeFirstPass
[2018.07.25-02.56.53:809][629]LogAssetEditorManager: Opening Asset editor for SoundClass /Engine/EngineSounds/Master.Master
[2018.07.25-02.56.55:654][842]LogSlate: Window 'Master' being destroyed
[2018.07.25-02.56.55:656][842]LogSlate: Window 'Master' being destroyed
[2018.07.25-02.56.59:807][ 60]LogAssetEditorManager: Opening Asset editor for SoundWave /Game/SoundFX/MainMenuThemeFirstPass.MainMenuThemeFirstPass
[2018.07.25-02.57.06:255][575]LogSlate: Window 'MainMenuThemeFirstPass* - Generic Asset Editor' being destroyed
[2018.07.25-02.57.06:259][575]LogSlate: Window 'MainMenuThemeFirstPass* - Generic Asset Editor' being destroyed
[2018.07.25-02.57.08:892][886]LogAssetEditorManager: Opening Asset editor for SoundWave /Game/SoundFX/MainMenuThemeFirstPass.MainMenuThemeFirstPass
[2018.07.25-02.57.12:602][318]LogSlate: Window 'MainMenuThemeFirstPass* - Generic Asset Editor' being destroyed
[2018.07.25-02.57.12:605][318]LogSlate: Window 'MainMenuThemeFirstPass* - Generic Asset Editor' being destroyed
[2018.07.25-02.57.44:439][998]LogSavePackage: Moving 'D:/Unreal Projects/Git/FracturedDevelopments/TheGauntlet 4.20/Saved/MainLobby_Auto1881F249F4F324F3C81C13CBD98D09C1E.tmp' to 'D:/Unreal Projects/Git/FracturedDevelopments/TheGauntlet 4.20/Saved/Autosaves/Game/Levels/MainLobby_Auto1.umap'
[2018.07.25-02.57.44:445][998]LogFileHelpers: Editor autosave (incl. sublevels) for '/Game/Levels/MainLobby' took 0.370
[2018.07.25-02.57.44:445][998]LogFileHelpers: Editor autosave (incl. sublevels) for all levels took 0.370
[2018.07.25-02.57.44:447][998]OBJ SavePackage: Generating thumbnails for [1] asset(s) in package [/Game/SoundFX/Forcefield_FX] ([1] browsable assets)...
[2018.07.25-02.57.44:454][998]OBJ SavePackage:     Rendered thumbnail for [SoundWave /Game/SoundFX/Forcefield_FX.Forcefield_FX]
[2018.07.25-02.57.44:454][998]OBJ SavePackage: Finished generating thumbnails for package [/Game/SoundFX/Forcefield_FX]
[2018.07.25-02.57.44:618][998]LogSavePackage: Moving 'D:/Unreal Projects/Git/FracturedDevelopments/TheGauntlet 4.20/Saved/Forcefield_FX_Auto1B783D99340F3F80ACDE806A2A54D6675.tmp' to 'D:/Unreal Projects/Git/FracturedDevelopments/TheGauntlet 4.20/Saved/Autosaves/Game/SoundFX/Forcefield_FX_Auto1.uasset'
[2018.07.25-02.57.44:619][998]OBJ SavePackage: Generating thumbnails for [1] asset(s) in package [/Game/SoundFX/MainMenuThemeFirstPass] ([1] browsable assets)...
[2018.07.25-02.57.44:630][998]OBJ SavePackage:     Rendered thumbnail for [SoundWave /Game/SoundFX/MainMenuThemeFirstPass.MainMenuThemeFirstPass]
[2018.07.25-02.57.44:630][998]OBJ SavePackage: Finished generating thumbnails for package [/Game/SoundFX/MainMenuThemeFirstPass]
[2018.07.25-02.57.44:651][998]LogSavePackage: Moving 'D:/Unreal Projects/Git/FracturedDevelopments/TheGauntlet 4.20/Saved/MainMenuThemeFirstPass_Auto179D2F890401C99E1CCAAEBBF3A5B9F8A.tmp' to 'D:/Unreal Projects/Git/FracturedDevelopments/TheGauntlet 4.20/Saved/Autosaves/Game/SoundFX/MainMenuThemeFirstPass_Auto1.uasset'
[2018.07.25-02.57.44:652][998]LogFileHelpers: Auto-saving content packages took 0.205
[2018.07.25-03.09.26:539][616]LogTemp: Repeating last play command: New Editor Window (PIE)
[2018.07.25-03.09.26:555][616]LogBlueprintUserMessages: Early PlayInEditor Detection: Level '/Game/Levels/MainLobby.MainLobby:PersistentLevel' has LevelScriptBlueprint '/Game/Levels/MainLobby.MainLobby:PersistentLevel.MainLobby' with GeneratedClass '/Game/Levels/MainLobby.MainLobby_C' with ClassGeneratedBy '/Game/Levels/MainLobby.MainLobby:PersistentLevel.MainLobby'
[2018.07.25-03.09.26:555][616]LogPlayLevel: PlayLevel: No blueprints needed recompiling
[2018.07.25-03.09.26:555][616]PIE: New page: PIE session: MainLobby (Jul 24, 2018, 7:09:26 PM)
[2018.07.25-03.09.26:555][616]LogPlayLevel: Creating play world package: /Game/Levels/UEDPIE_0_MainLobby
[2018.07.25-03.09.26:557][616]LogPlayLevel: PIE: StaticDuplicateObject took: (0.002083s)
[2018.07.25-03.09.26:558][616]LogAIModule: Creating AISystem for world MainLobby
[2018.07.25-03.09.26:558][616]LogPlayLevel: PIE: World Init took: (0.000936s)
[2018.07.25-03.09.26:558][616]LogPlayLevel: PIE: Created PIE world by copying editor world from /Game/Levels/MainLobby.MainLobby to /Game/Levels/UEDPIE_0_MainLobby.MainLobby (0.003155s)
[2018.07.25-03.09.26:593][616]LogInit: XAudio2 using 'Headset Earphone (Corsair VOID PRO USB Gaming Headset )' : 6 channels at 48 kHz using 16 bits per sample (channel mask 0x3f)
[2018.07.25-03.09.26:689][616]LogInit: FAudioDevice initialized.
[2018.07.25-03.09.26:719][616]LogSlate: Updating window title bar state: overlay mode, drag disabled, window buttons hidden, title bar hidden
[2018.07.25-03.09.26:800][616]LogLoad: Game class is 'MainLobbyGameMode_C'
[2018.07.25-03.09.26:801][616]LogWorld: Bringing World /Game/Levels/UEDPIE_0_MainLobby.MainLobby up for play (max tick rate 0) at 2018.07.24-23.09.26
[2018.07.25-03.09.26:801][616]LogWorld: Bringing up level for play took: 0.001007
[2018.07.25-03.09.26:838][616]LogBlueprintUserMessages: [MainLobby_C_0] Loaded Save Gane
[2018.07.25-03.09.26:838][616]LogBlueprintUserMessages: [MainLobby_C_0] ForceField
[2018.07.25-03.09.26:841][616]PIE: Play in editor start time for /Game/Levels/UEDPIE_0_MainLobby 0.671
[2018.07.25-03.09.26:841][616]LogBlueprintUserMessages: Late PlayInEditor Detection: Level '/Game/Levels/MainLobby.MainLobby:PersistentLevel' has LevelScriptBlueprint '/Game/Levels/MainLobby.MainLobby:PersistentLevel.MainLobby' with GeneratedClass '/Game/Levels/MainLobby.MainLobby_C' with ClassGeneratedBy '/Game/Levels/MainLobby.MainLobby:PersistentLevel.MainLobby'
[2018.07.25-03.10.16:340][501]LogNet: Browse: /Game/Levels/TestLevel
[2018.07.25-03.10.16:341][501]LogLoad: LoadMap: /Game/Levels/TestLevel
[2018.07.25-03.10.17:339][501]LogAIModule: Creating AISystem for world TestLevel
[2018.07.25-03.10.17:339][501]LogLoad: Game class is 'ThirdPersonGameMode_C'
[2018.07.25-03.10.17:351][501]LogWorld: Bringing World /Game/Levels/UEDPIE_0_TestLevel.TestLevel up for play (max tick rate 0) at 2018.07.24-23.10.17
[2018.07.25-03.10.17:351][501]LogWorld: Bringing up level for play took: 0.011148
[2018.07.25-03.10.17:357][501]LogLoad: Took 1.016072 seconds to LoadMap(/Game/Levels/TestLevel)
[2018.07.25-03.10.53:406][819]LogBlueprintUserMessages: Early EndPlayMap Detection: Level '/Game/Levels/MainLobby.MainLobby:PersistentLevel' has LevelScriptBlueprint '/Game/Levels/MainLobby.MainLobby:PersistentLevel.MainLobby' with GeneratedClass '/Game/Levels/MainLobby.MainLobby_C' with ClassGeneratedBy '/Game/Levels/MainLobby.MainLobby:PersistentLevel.MainLobby'
[2018.07.25-03.10.53:407][819]LogSlate: Updating window title bar state: overlay mode, drag disabled, window buttons hidden, title bar hidden
[2018.07.25-03.10.53:423][819]LogSlate: Window 'TheGauntlet Game Preview Standalone (64-bit/PCD3D_SM5)' being destroyed
[2018.07.25-03.10.53:465][819]LogPlayLevel: Display: Shutting down PIE online subsystems
[2018.07.25-03.10.53:465][819]LogBlueprintUserMessages: Late EndPlayMap Detection: Level '/Game/Levels/MainLobby.MainLobby:PersistentLevel' has LevelScriptBlueprint '/Game/Levels/MainLobby.MainLobby:PersistentLevel.MainLobby' with GeneratedClass '/Game/Levels/MainLobby.MainLobby_C' with ClassGeneratedBy '/Game/Levels/MainLobby.MainLobby:PersistentLevel.MainLobby'
[2018.07.25-03.10.53:748][820]LogPlayLevel: Display: Destroying online subsystem :Context_8
[2018.07.25-03.10.55:161][834]LogTemp: Repeating last play command: New Editor Window (PIE)
[2018.07.25-03.10.55:175][834]LogBlueprintUserMessages: Early PlayInEditor Detection: Level '/Game/Levels/MainLobby.MainLobby:PersistentLevel' has LevelScriptBlueprint '/Game/Levels/MainLobby.MainLobby:PersistentLevel.MainLobby' with GeneratedClass '/Game/Levels/MainLobby.MainLobby_C' with ClassGeneratedBy '/Game/Levels/MainLobby.MainLobby:PersistentLevel.MainLobby'
[2018.07.25-03.10.55:175][834]LogPlayLevel: PlayLevel: No blueprints needed recompiling
[2018.07.25-03.10.55:175][834]PIE: New page: PIE session: MainLobby (Jul 24, 2018, 7:10:55 PM)
[2018.07.25-03.10.55:175][834]LogPlayLevel: Creating play world package: /Game/Levels/UEDPIE_0_MainLobby
[2018.07.25-03.10.55:177][834]LogPlayLevel: PIE: StaticDuplicateObject took: (0.001627s)
[2018.07.25-03.10.55:177][834]LogAIModule: Creating AISystem for world MainLobby
[2018.07.25-03.10.55:177][834]LogPlayLevel: PIE: World Init took: (0.000462s)
[2018.07.25-03.10.55:177][834]LogPlayLevel: PIE: Created PIE world by copying editor world from /Game/Levels/MainLobby.MainLobby to /Game/Levels/UEDPIE_0_MainLobby.MainLobby (0.002167s)
[2018.07.25-03.10.55:209][834]LogInit: XAudio2 using 'Headset Earphone (Corsair VOID PRO USB Gaming Headset )' : 6 channels at 48 kHz using 16 bits per sample (channel mask 0x3f)
[2018.07.25-03.10.55:306][834]LogInit: FAudioDevice initialized.
[2018.07.25-03.10.55:335][834]LogSlate: Updating window title bar state: overlay mode, drag disabled, window buttons hidden, title bar hidden
[2018.07.25-03.10.55:414][834]LogLoad: Game class is 'MainLobbyGameMode_C'
[2018.07.25-03.10.55:415][834]LogWorld: Bringing World /Game/Levels/UEDPIE_0_MainLobby.MainLobby up for play (max tick rate 0) at 2018.07.24-23.10.55
[2018.07.25-03.10.55:416][834]LogWorld: Bringing up level for play took: 0.000718
[2018.07.25-03.10.55:430][834]LogBlueprintUserMessages: [MainLobby_C_0] Loaded Save Gane
[2018.07.25-03.10.55:430][834]LogBlueprintUserMessages: [MainLobby_C_0] ForceField
[2018.07.25-03.10.55:434][834]PIE: Play in editor start time for /Game/Levels/UEDPIE_0_MainLobby -0.736
[2018.07.25-03.10.55:434][834]LogBlueprintUserMessages: Late PlayInEditor Detection: Level '/Game/Levels/MainLobby.MainLobby:PersistentLevel' has LevelScriptBlueprint '/Game/Levels/MainLobby.MainLobby:PersistentLevel.MainLobby' with GeneratedClass '/Game/Levels/MainLobby.MainLobby_C' with ClassGeneratedBy '/Game/Levels/MainLobby.MainLobby:PersistentLevel.MainLobby'
[2018.07.25-03.10.56:738][985]LogNet: Browse: /Game/Levels/TestLevel
[2018.07.25-03.10.56:738][985]LogLoad: LoadMap: /Game/Levels/TestLevel
[2018.07.25-03.10.57:039][985]LogAIModule: Creating AISystem for world TestLevel
[2018.07.25-03.10.57:039][985]LogLoad: Game class is 'ThirdPersonGameMode_C'
[2018.07.25-03.10.57:043][985]LogWorld: Bringing World /Game/Levels/UEDPIE_0_TestLevel.TestLevel up for play (max tick rate 0) at 2018.07.24-23.10.57
[2018.07.25-03.10.57:043][985]LogWorld: Bringing up level for play took: 0.004019
[2018.07.25-03.10.57:046][985]LogLoad: Took 0.307345 seconds to LoadMap(/Game/Levels/TestLevel)
[2018.07.25-03.10.59:854][320]LogBlueprintUserMessages: Early EndPlayMap Detection: Level '/Game/Levels/MainLobby.MainLobby:PersistentLevel' has LevelScriptBlueprint '/Game/Levels/MainLobby.MainLobby:PersistentLevel.MainLobby' with GeneratedClass '/Game/Levels/MainLobby.MainLobby_C' with ClassGeneratedBy '/Game/Levels/MainLobby.MainLobby:PersistentLevel.MainLobby'
[2018.07.25-03.10.59:854][320]LogSlate: Updating window title bar state: overlay mode, drag disabled, window buttons hidden, title bar hidden
[2018.07.25-03.10.59:869][320]LogSlate: Window 'TheGauntlet Game Preview Standalone (64-bit/PCD3D_SM5)' being destroyed
[2018.07.25-03.10.59:905][320]LogPlayLevel: Display: Shutting down PIE online subsystems
[2018.07.25-03.10.59:906][320]LogBlueprintUserMessages: Late EndPlayMap Detection: Level '/Game/Levels/MainLobby.MainLobby:PersistentLevel' has LevelScriptBlueprint '/Game/Levels/MainLobby.MainLobby:PersistentLevel.MainLobby' with GeneratedClass '/Game/Levels/MainLobby.MainLobby_C' with ClassGeneratedBy '/Game/Levels/MainLobby.MainLobby:PersistentLevel.MainLobby'
[2018.07.25-03.10.59:955][322]LogPlayLevel: Display: Destroying online subsystem :Context_9
[2018.07.25-03.11.06:578][101]LogAssetEditorManager: Opening Asset editor for Texture2D /Game/UI/HUD/Images/Diamond2.Diamond2
[2018.07.25-03.11.06:596][101]LogContentBrowser: Native class hierarchy updated for 'TextureEditor' in 0.0002 seconds. Added 1 classes and 2 folders.
[2018.07.25-03.11.08:465][238]LogSlate: Window 'Diamond2' being destroyed
[2018.07.25-03.11.08:467][238]LogSlate: Window 'Diamond2' being destroyed
[2018.07.25-03.11.11:234][553]LogAssetEditorManager: Opening Asset editor for Texture2D /Game/UI/HUD/Images/StaminaDiamondCropped.StaminaDiamondCropped
[2018.07.25-03.11.13:990][862]LogSlate: Window 'StaminaDiamondCropped' being destroyed
[2018.07.25-03.11.13:991][862]LogSlate: Window 'StaminaDiamondCropped' being destroyed
[2018.07.25-03.11.39:255][885]LogTemp: Repeating last play command: New Editor Window (PIE)
[2018.07.25-03.11.39:269][885]LogBlueprintUserMessages: Early PlayInEditor Detection: Level '/Game/Levels/MainLobby.MainLobby:PersistentLevel' has LevelScriptBlueprint '/Game/Levels/MainLobby.MainLobby:PersistentLevel.MainLobby' with GeneratedClass '/Game/Levels/MainLobby.MainLobby_C' with ClassGeneratedBy '/Game/Levels/MainLobby.MainLobby:PersistentLevel.MainLobby'
[2018.07.25-03.11.39:269][885]LogPlayLevel: PlayLevel: No blueprints needed recompiling
[2018.07.25-03.11.39:269][885]PIE: New page: PIE session: MainLobby (Jul 24, 2018, 7:11:39 PM)
[2018.07.25-03.11.39:269][885]LogPlayLevel: Creating play world package: /Game/Levels/UEDPIE_0_MainLobby
[2018.07.25-03.11.39:271][885]LogPlayLevel: PIE: StaticDuplicateObject took: (0.001753s)
[2018.07.25-03.11.39:272][885]LogAIModule: Creating AISystem for world MainLobby
[2018.07.25-03.11.39:272][885]LogPlayLevel: PIE: World Init took: (0.000849s)
[2018.07.25-03.11.39:272][885]LogPlayLevel: PIE: Created PIE world by copying editor world from /Game/Levels/MainLobby.MainLobby to /Game/Levels/UEDPIE_0_MainLobby.MainLobby (0.002741s)
[2018.07.25-03.11.39:305][885]LogInit: XAudio2 using 'Headset Earphone (Corsair VOID PRO USB Gaming Headset )' : 6 channels at 48 kHz using 16 bits per sample (channel mask 0x3f)
[2018.07.25-03.11.39:401][885]LogInit: FAudioDevice initialized.
[2018.07.25-03.11.39:426][885]LogSlate: Updating window title bar state: overlay mode, drag disabled, window buttons hidden, title bar hidden
[2018.07.25-03.11.39:503][885]LogLoad: Game class is 'MainLobbyGameMode_C'
[2018.07.25-03.11.39:505][885]LogWorld: Bringing World /Game/Levels/UEDPIE_0_MainLobby.MainLobby up for play (max tick rate 0) at 2018.07.24-23.11.39
[2018.07.25-03.11.39:506][885]LogWorld: Bringing up level for play took: 0.001366
[2018.07.25-03.11.39:521][885]LogBlueprintUserMessages: [MainLobby_C_0] Loaded Save Gane
[2018.07.25-03.11.39:521][885]LogBlueprintUserMessages: [MainLobby_C_0] ForceField
[2018.07.25-03.11.39:524][885]PIE: Play in editor start time for /Game/Levels/UEDPIE_0_MainLobby -0.647
[2018.07.25-03.11.39:524][885]LogBlueprintUserMessages: Late PlayInEditor Detection: Level '/Game/Levels/MainLobby.MainLobby:PersistentLevel' has LevelScriptBlueprint '/Game/Levels/MainLobby.MainLobby:PersistentLevel.MainLobby' with GeneratedClass '/Game/Levels/MainLobby.MainLobby_C' with ClassGeneratedBy '/Game/Levels/MainLobby.MainLobby:PersistentLevel.MainLobby'
[2018.07.25-03.11.44:804][492]LogSlate: Window 'TheGauntlet Game Preview Standalone (64-bit/PCD3D_SM5)' being destroyed
[2018.07.25-03.11.44:808][492]LogBlueprintUserMessages: Early EndPlayMap Detection: Level '/Game/Levels/MainLobby.MainLobby:PersistentLevel' has LevelScriptBlueprint '/Game/Levels/MainLobby.MainLobby:PersistentLevel.MainLobby' with GeneratedClass '/Game/Levels/MainLobby.MainLobby_C' with ClassGeneratedBy '/Game/Levels/MainLobby.MainLobby:PersistentLevel.MainLobby'
[2018.07.25-03.11.44:838][492]LogPlayLevel: Display: Shutting down PIE online subsystems
[2018.07.25-03.11.44:839][492]LogBlueprintUserMessages: Late EndPlayMap Detection: Level '/Game/Levels/MainLobby.MainLobby:PersistentLevel' has LevelScriptBlueprint '/Game/Levels/MainLobby.MainLobby:PersistentLevel.MainLobby' with GeneratedClass '/Game/Levels/MainLobby.MainLobby_C' with ClassGeneratedBy '/Game/Levels/MainLobby.MainLobby:PersistentLevel.MainLobby'
[2018.07.25-03.11.44:895][495]LogPlayLevel: Display: Destroying online subsystem :Context_10
[2018.07.25-03.11.52:289][633]LogSlate: Window 'Save Content' being destroyed
[2018.07.25-03.11.52:374][633]LogSlate: Window 'TheGauntlet - Unreal Editor' being destroyed
[2018.07.25-03.11.52:561][634]Cmd: QUIT_EDITOR
[2018.07.25-03.11.52:981][634]LogWindowsTextInputMethodSystem: Display: IME system now deactivated.
[2018.07.25-03.11.52:990][634]LogExit: Preparing to exit.
[2018.07.25-03.11.53:509][634]LogExit: Editor shut down
[2018.07.25-03.11.53:509][634]LogExit: Transaction tracking system shut down
[2018.07.25-03.11.54:080][634]LogExit: Object subsystem successfully closed.
[2018.07.25-03.11.54:109][634]LogShaderCompilers: Display: Shaders left to compile 0
[2018.07.25-03.11.54:112][634]LogD3D11RHI: Shutdown
[2018.07.25-03.11.54:112][634]LogD3D11RHI: CleanupD3DDevice
[2018.07.25-03.11.54:113][634]LogD3D11RHI: ~FD3D11DynamicRHI
[2018.07.25-03.11.54:151][634]LogModuleManager: Shutting down and abandoning module TextureEditor (618)
[2018.07.25-03.11.54:151][634]LogModuleManager: Shutting down and abandoning module BlueprintGraph (616)
[2018.07.25-03.11.54:151][634]LogModuleManager: Shutting down and abandoning module MovieSceneCapture (614)
[2018.07.25-03.11.54:151][634]LogModuleManager: Shutting down and abandoning module Voice (612)
[2018.07.25-03.11.54:151][634]LogModuleManager: Shutting down and abandoning module HierarchicalLODOutliner (610)
[2018.07.25-03.11.54:151][634]LogModuleManager: Shutting down and abandoning module SceneOutliner (608)
[2018.07.25-03.11.54:151][634]LogModuleManager: Shutting down and abandoning module AddContentDialog (606)
[2018.07.25-03.11.54:152][634]LogModuleManager: Shutting down and abandoning module WidgetCarousel (605)
[2018.07.25-03.11.54:152][634]LogModuleManager: Shutting down and abandoning module EditorWidgets (602)
[2018.07.25-03.11.54:152][634]LogModuleManager: Shutting down and abandoning module CollectionManager (600)
[2018.07.25-03.11.54:153][634]LogModuleManager: Shutting down and abandoning module StatsViewer (598)
[2018.07.25-03.11.54:153][634]LogModuleManager: Shutting down and abandoning module FoliageEdit (596)
[2018.07.25-03.11.54:153][634]LogModuleManager: Shutting down and abandoning module LandscapeEditor (594)
[2018.07.25-03.11.54:154][634]LogModuleManager: Shutting down and abandoning module MeshPaintMode (592)
[2018.07.25-03.11.54:154][634]LogModuleManager: Shutting down and abandoning module SceneDepthPickerMode (590)
[2018.07.25-03.11.54:154][634]LogModuleManager: Shutting down and abandoning module ActorPickerMode (588)
[2018.07.25-03.11.54:154][634]LogModuleManager: Shutting down and abandoning module GeometryMode (586)
[2018.07.25-03.11.54:154][634]LogModuleManager: Shutting down and abandoning module TextureAlignMode (584)
[2018.07.25-03.11.54:154][634]LogModuleManager: Shutting down and abandoning module BspMode (582)
[2018.07.25-03.11.54:154][634]LogModuleManager: Shutting down and abandoning module PIEPreviewDeviceProfileSelector (580)
[2018.07.25-03.11.54:155][634]LogModuleManager: Shutting down and abandoning module SequenceRecorderSections (578)
[2018.07.25-03.11.54:155][634]LogModuleManager: Shutting down and abandoning module AutomationWorker (576)
[2018.07.25-03.11.54:155][634]LogModuleManager: Shutting down and abandoning module AudioCaptureEditor (574)
[2018.07.25-03.11.54:155][634]LogModuleManager: Shutting down and abandoning module SequenceRecorder (573)
[2018.07.25-03.11.54:155][634]LogModuleManager: Shutting down and abandoning module MatineeToLevelSequence (570)
[2018.07.25-03.11.54:155][634]LogModuleManager: Shutting down and abandoning module LevelSequenceEditor (568)
[2018.07.25-03.11.54:156][634]LogModuleManager: Shutting down and abandoning module PlacementMode (567)
[2018.07.25-03.11.54:157][634]LogModuleManager: Shutting down and abandoning module MaterialEditor (566)
[2018.07.25-03.11.54:158][634]LogModuleManager: Shutting down and abandoning module WmfMediaFactory (562)
[2018.07.25-03.11.54:158][634]LogModuleManager: Shutting down and abandoning module WmfMediaEditor (560)
[2018.07.25-03.11.54:158][634]LogModuleManager: Shutting down and abandoning module MediaPlayerEditor (558)
[2018.07.25-03.11.54:158][634]LogModuleManager: Shutting down and abandoning module OpenExrWrapper (556)
[2018.07.25-03.11.54:159][634]LogModuleManager: Shutting down and abandoning module ImgMediaFactory (554)
[2018.07.25-03.11.54:159][634]LogModuleManager: Shutting down and abandoning module ImgMediaEditor (552)
[2018.07.25-03.11.54:159][634]LogModuleManager: Shutting down and abandoning module AvfMediaFactory (550)
[2018.07.25-03.11.54:159][634]LogModuleManager: Shutting down and abandoning module AvfMediaEditor (548)
[2018.07.25-03.11.54:159][634]LogModuleManager: Shutting down and abandoning module AndroidMediaFactory (546)
[2018.07.25-03.11.54:159][634]LogModuleManager: Shutting down and abandoning module AndroidMediaEditor (544)
[2018.07.25-03.11.54:159][634]LogModuleManager: Shutting down and abandoning module MagicLeapCameraPreviewFactory (542)
[2018.07.25-03.11.54:159][634]LogModuleManager: Shutting down and abandoning module MagicLeapMediaFactory (540)
[2018.07.25-03.11.54:159][634]LogModuleManager: Shutting down and abandoning module MagicLeapMediaEditor (538)
[2018.07.25-03.11.54:159][634]LogModuleManager: Shutting down and abandoning module CharacterAI (536)
[2018.07.25-03.11.54:159][634]LogModuleManager: Shutting down and abandoning module SmartSnapping (534)
[2018.07.25-03.11.54:159][634]LogModuleManager: Shutting down and abandoning module SessionServices (532)
[2018.07.25-03.11.54:159][634]LogModuleManager: Shutting down and abandoning module ViewportSnapping (530)
[2018.07.25-03.11.54:159][634]LogModuleManager: Shutting down and abandoning module ViewportInteraction (528)
[2018.07.25-03.11.54:159][634]LogModuleManager: Shutting down and abandoning module ClothPainter (526)
[2018.07.25-03.11.54:159][634]LogModuleManager: Shutting down and abandoning module SkeletalMeshEditor (525)
[2018.07.25-03.11.54:160][634]LogModuleManager: Shutting down and abandoning module LogVisualizer (522)
[2018.07.25-03.11.54:161][634]LogModuleManager: Shutting down and abandoning module IntroTutorials (520)
[2018.07.25-03.11.54:162][634]LogModuleManager: Shutting down and abandoning module GameProjectGeneration (519)
[2018.07.25-03.11.54:162][634]LogModuleManager: Shutting down and abandoning module LuminPlatformEditor (516)
[2018.07.25-03.11.54:162][634]LogModuleManager: Shutting down and abandoning module IOSPlatformEditor (514)
[2018.07.25-03.11.54:162][634]LogModuleManager: Shutting down and abandoning module HTML5PlatformEditor (512)
[2018.07.25-03.11.54:162][634]LogModuleManager: Shutting down and abandoning module AndroidPlatformEditor (510)
[2018.07.25-03.11.54:162][634]LogModuleManager: Shutting down and abandoning module AndroidDeviceDetection (509)
[2018.07.25-03.11.54:525][634]LogModuleManager: Shutting down and abandoning module WindowsPlatformEditor (506)
[2018.07.25-03.11.54:525][634]LogModuleManager: Shutting down and abandoning module LuminRuntimeSettings (504)
[2018.07.25-03.11.54:525][634]LogModuleManager: Shutting down and abandoning module IOSRuntimeSettings (502)
[2018.07.25-03.11.54:525][634]LogModuleManager: Shutting down and abandoning module AndroidRuntimeSettings (500)
[2018.07.25-03.11.54:525][634]LogModuleManager: Shutting down and abandoning module InputBindingEditor (498)
[2018.07.25-03.11.54:526][634]LogModuleManager: Shutting down and abandoning module MergeActors (496)
[2018.07.25-03.11.54:526][634]LogModuleManager: Shutting down and abandoning module LocalizationDashboard (494)
[2018.07.25-03.11.54:527][634]LogModuleManager: Shutting down and abandoning module LocalizationService (493)
[2018.07.25-03.11.54:527][634]LogModuleManager: Shutting down and abandoning module HardwareTargeting (490)
[2018.07.25-03.11.54:527][634]LogModuleManager: Shutting down and abandoning module DeviceProfileEditor (488)
[2018.07.25-03.11.54:527][634]LogModuleManager: Shutting down and abandoning module UndoHistory (486)
[2018.07.25-03.11.54:527][634]LogModuleManager: Shutting down and abandoning module XmlParser (484)
[2018.07.25-03.11.54:527][634]LogModuleManager: Shutting down and abandoning module Blutility (482)
[2018.07.25-03.11.54:528][634]LogModuleManager: Shutting down and abandoning module ProjectSettingsViewer (480)
[2018.07.25-03.11.54:528][634]LogModuleManager: Shutting down and abandoning module ProjectTargetPlatformEditor (479)
[2018.07.25-03.11.54:528][634]LogModuleManager: Shutting down and abandoning module EditorSettingsViewer (476)
[2018.07.25-03.11.54:528][634]LogModuleManager: Shutting down and abandoning module SettingsEditor (474)
[2018.07.25-03.11.54:529][634]LogModuleManager: Shutting down and abandoning module ProjectLauncher (472)
[2018.07.25-03.11.54:529][634]LogModuleManager: Shutting down and abandoning module SessionFrontend (470)
[2018.07.25-03.11.54:529][634]LogModuleManager: Shutting down and abandoning module ProfilerClient (468)
[2018.07.25-03.11.54:530][634]LogModuleManager: Shutting down and abandoning module DeviceManager (466)
[2018.07.25-03.11.54:530][634]LogModuleManager: Shutting down and abandoning module TargetDeviceServices (465)
[2018.07.25-03.11.54:585][634]LogModuleManager: Shutting down and abandoning module AutomationController (462)
[2018.07.25-03.11.54:585][634]LogModuleManager: Shutting down and abandoning module AutomationWindow (460)
[2018.07.25-03.11.54:586][634]LogModuleManager: Shutting down and abandoning module Layers (458)
[2018.07.25-03.11.54:587][634]LogModuleManager: Shutting down and abandoning module ComponentVisualizers (456)
[2018.07.25-03.11.54:587][634]LogModuleManager: Shutting down and abandoning module DetailCustomizations (454)
[2018.07.25-03.11.54:588][634]LogModuleManager: Shutting down and abandoning module PackagesDialog (452)
[2018.07.25-03.11.54:588][634]LogModuleManager: Shutting down and abandoning module Persona (450)
[2018.07.25-03.11.54:589][634]LogModuleManager: Shutting down and abandoning module AdvancedPreviewScene (449)
[2018.07.25-03.11.54:589][634]LogModuleManager: Shutting down and abandoning module AnimGraph (447)
[2018.07.25-03.11.54:589][634]LogModuleManager: Shutting down and abandoning module Kismet (444)
[2018.07.25-03.11.54:595][634]LogModuleManager: Shutting down and abandoning module GraphEditor (442)
[2018.07.25-03.11.54:595][634]LogModuleManager: Shutting down and abandoning module ClassViewer (440)
[2018.07.25-03.11.54:595][634]LogModuleManager: Shutting down and abandoning module Toolbox (438)
[2018.07.25-03.11.54:595][634]LogModuleManager: Shutting down and abandoning module ModuleUI (436)
[2018.07.25-03.11.54:595][634]LogModuleManager: Shutting down and abandoning module MovieSceneTools (434)
[2018.07.25-03.11.54:596][634]LogModuleManager: Shutting down and abandoning module OutputLog (432)
[2018.07.25-03.11.54:596][634]LogModuleManager: Shutting down and abandoning module GammaUI (430)
[2018.07.25-03.11.54:596][634]LogModuleManager: Shutting down and abandoning module Documentation (428)
[2018.07.25-03.11.54:596][634]LogModuleManager: Shutting down and abandoning module MovieSceneTracks (426)
[2018.07.25-03.11.54:596][634]LogModuleManager: Shutting down and abandoning module MovieScene (424)
[2018.07.25-03.11.54:596][634]LogModuleManager: Shutting down and abandoning module StreamingPauseRendering (422)
[2018.07.25-03.11.54:597][634]LogModuleManager: Shutting down and abandoning module LauncherPlatform (420)
[2018.07.25-03.11.54:597][634]LogModuleManager: Shutting down and abandoning module AnalyticsET (418)
[2018.07.25-03.11.54:597][634]LogModuleManager: Shutting down and abandoning module PortalServices (416)
[2018.07.25-03.11.54:597][634]LogModuleManager: Shutting down and abandoning module PortalRpc (414)
[2018.07.25-03.11.54:597][634]LogModuleManager: Shutting down and abandoning module MessagingRpc (412)
[2018.07.25-03.11.54:597][634]LogModuleManager: Shutting down and abandoning module AIModule (410)
[2018.07.25-03.11.54:597][634]LogModuleManager: Shutting down and abandoning module GameplayDebugger (409)
[2018.07.25-03.11.54:598][634]LogModuleManager: Shutting down and abandoning module AITestSuite (407)
[2018.07.25-03.11.54:598][634]LogModuleManager: Shutting down and abandoning module NavigationSystem (405)
[2018.07.25-03.11.54:598][634]LogModuleManager: Shutting down and abandoning module DesktopPlatform (402)
[2018.07.25-03.11.54:598][634]LogModuleManager: Shutting down and abandoning module ProfilerService (400)
[2018.07.25-03.11.54:761][634]LogModuleManager: Shutting down and abandoning module TaskGraph (398)
[2018.07.25-03.11.54:761][634]LogModuleManager: Shutting down and abandoning module SteamVRController (396)
[2018.07.25-03.11.54:761][634]LogModuleManager: Shutting down and abandoning module ProceduralMeshComponentEditor (394)
[2018.07.25-03.11.54:761][634]LogModuleManager: Shutting down and abandoning module ProceduralMeshComponent (392)
[2018.07.25-03.11.54:762][634]LogModuleManager: Shutting down and abandoning module OculusInput (390)
[2018.07.25-03.11.54:762][634]LogModuleManager: Shutting down and abandoning module MobilePatchingUtils (388)
[2018.07.25-03.11.54:762][634]LogModuleManager: Shutting down and abandoning module EditableMesh (386)
[2018.07.25-03.11.54:762][634]LogModuleManager: Shutting down and abandoning module CustomMeshComponent (384)
[2018.07.25-03.11.54:762][634]LogModuleManager: Shutting down and abandoning module CableComponent (382)
[2018.07.25-03.11.54:762][634]LogModuleManager: Shutting down and abandoning module AudioCapture (380)
[2018.07.25-03.11.54:762][634]LogModuleManager: Shutting down and abandoning module ArchVisCharacter (378)
[2018.07.25-03.11.54:762][634]LogModuleManager: Shutting down and abandoning module AndroidPermission (376)
[2018.07.25-03.11.54:762][634]LogModuleManager: Shutting down and abandoning module NUTUnrealEngine4 (374)
[2018.07.25-03.11.54:762][634]LogModuleManager: Shutting down and abandoning module NetcodeUnitTest (372)
[2018.07.25-03.11.54:763][634]LogModuleManager: Shutting down and abandoning module MediaCompositingEditor (370)
[2018.07.25-03.11.54:763][634]LogModuleManager: Shutting down and abandoning module MediaCompositing (368)
[2018.07.25-03.11.54:763][634]LogModuleManager: Shutting down and abandoning module LinearTimecode (366)
[2018.07.25-03.11.54:764][634]LogModuleManager: Shutting down and abandoning module ImgMedia (364)
[2018.07.25-03.11.54:767][634]LogModuleManager: Shutting down and abandoning module HTML5Networking (362)
[2018.07.25-03.11.54:767][634]LogModuleManager: Shutting down and abandoning module GeometryCacheTracks (360)
[2018.07.25-03.11.54:767][634]LogModuleManager: Shutting down and abandoning module GeometryCacheSequencer (358)
[2018.07.25-03.11.54:767][634]LogModuleManager: Shutting down and abandoning module BackChannel (356)
[2018.07.25-03.11.54:767][634]LogModuleManager: Shutting down and abandoning module AppleVision (354)
[2018.07.25-03.11.54:768][634]LogModuleManager: Shutting down and abandoning module AppleImageUtils (352)
[2018.07.25-03.11.54:768][634]LogModuleManager: Shutting down and abandoning module AlembicImporter (350)
[2018.07.25-03.11.54:768][634]LogModuleManager: Shutting down and abandoning module AlembicLibrary (349)
[2018.07.25-03.11.54:768][634]LogModuleManager: Shutting down and abandoning module GeometryCache (348)
[2018.07.25-03.11.54:768][634]LogModuleManager: Shutting down and abandoning module GeometryCacheEd (347)
[2018.07.25-03.11.54:768][634]LogModuleManager: Shutting down and abandoning module DatasmithContentEditor (342)
[2018.07.25-03.11.54:768][634]LogModuleManager: Shutting down and abandoning module DatasmithContent (340)
[2018.07.25-03.11.54:768][634]LogModuleManager: Shutting down and abandoning module SpeedTreeImporter (338)
[2018.07.25-03.11.54:768][634]LogModuleManager: Shutting down and abandoning module PluginBrowser (336)
[2018.07.25-03.11.54:770][634]LogModuleManager: Shutting down and abandoning module MobileLauncherProfileWizard (334)
[2018.07.25-03.11.54:770][634]LogModuleManager: Shutting down and abandoning module PolygonModeling (332)
[2018.07.25-03.11.54:770][634]LogModuleManager: Shutting down and abandoning module MeshEditor (330)
[2018.07.25-03.11.54:770][634]LogModuleManager: Shutting down and abandoning module CryptoKeysOpenSSL (328)
[2018.07.25-03.11.54:770][634]LogModuleManager: Shutting down and abandoning module CryptoKeys (326)
[2018.07.25-03.11.54:771][634]LogModuleManager: Shutting down and abandoning module VisualStudioSourceCodeAccess (324)
[2018.07.25-03.11.54:771][634]LogModuleManager: Shutting down and abandoning module VisualStudioCodeSourceCodeAccess (322)
[2018.07.25-03.11.54:771][634]LogModuleManager: Shutting down and abandoning module UObjectPlugin (320)
[2018.07.25-03.11.54:771][634]LogModuleManager: Shutting down and abandoning module SubversionSourceControl (318)
[2018.07.25-03.11.54:771][634]LogModuleManager: Shutting down and abandoning module PerforceSourceControl (316)
[2018.07.25-03.11.54:772][634]LogModuleManager: Shutting down and abandoning module GitSourceControl (314)
[2018.07.25-03.11.54:773][634]LogModuleManager: Shutting down and abandoning module SourceControl (313)
[2018.07.25-03.11.54:773][634]LogModuleManager: Shutting down and abandoning module CLionSourceCodeAccess (310)
[2018.07.25-03.11.54:773][634]LogModuleManager: Shutting down and abandoning module LightPropagationVolumeEditor (308)
[2018.07.25-03.11.54:773][634]LogModuleManager: Shutting down and abandoning module PaperTiledImporter (306)
[2018.07.25-03.11.54:773][634]LogModuleManager: Shutting down and abandoning module PaperSpriteSheetImporter (304)
[2018.07.25-03.11.54:773][634]LogModuleManager: Shutting down and abandoning module Paper2DEditor (302)
[2018.07.25-03.11.54:774][634]LogModuleManager: Shutting down and abandoning module MeshPaint (301)
[2018.07.25-03.11.54:774][634]LogModuleManager: Shutting down and abandoning module RuntimePhysXCooking (298)
[2018.07.25-03.11.54:774][634]LogModuleManager: Shutting down and abandoning module PhysXVehiclesEditor (296)
[2018.07.25-03.11.54:774][634]LogModuleManager: Shutting down and abandoning module PhysXVehicles (294)
[2018.07.25-03.11.54:774][634]LogModuleManager: Shutting down and abandoning module OculusEditor (292)
[2018.07.25-03.11.54:775][634]LogModuleManager: Shutting down and abandoning module LocationServicesBPLibrary (290)
[2018.07.25-03.11.54:775][634]LogModuleManager: Shutting down and abandoning module ImmediatePhysicsEditor (288)
[2018.07.25-03.11.54:775][634]LogModuleManager: Shutting down and abandoning module ImmediatePhysics (286)
[2018.07.25-03.11.54:775][634]LogModuleManager: Shutting down and abandoning module ActorSequence (284)
[2018.07.25-03.11.54:775][634]LogModuleManager: Shutting down and abandoning module UdpMessaging (282)
[2018.07.25-03.11.54:876][634]LogModuleManager: Shutting down and abandoning module TcpMessaging (280)
[2018.07.25-03.11.54:977][634]LogModuleManager: Shutting down and abandoning module MagicLeapAudio (278)
[2018.07.25-03.11.54:977][634]LogModuleManager: Shutting down and abandoning module GameplayTagsEditor (276)
[2018.07.25-03.11.54:977][634]LogModuleManager: Shutting down and abandoning module FacialAnimationEditor (274)
[2018.07.25-03.11.54:977][634]LogModuleManager: Shutting down and abandoning module FacialAnimation (272)
[2018.07.25-03.11.54:977][634]LogModuleManager: Shutting down and abandoning module DataValidation (270)
[2018.07.25-03.11.54:977][634]LogModuleManager: Shutting down and abandoning module AssetManagerEditor (268)
[2018.07.25-03.11.54:978][634]LogModuleManager: Shutting down and abandoning module LevelEditor (267)
[2018.07.25-03.11.54:979][634]LogModuleManager: Shutting down and abandoning module PixelInspectorModule (266)
[2018.07.25-03.11.54:979][634]LogModuleManager: Shutting down and abandoning module CommonMenuExtensions (264)
[2018.07.25-03.11.54:979][634]LogModuleManager: Shutting down and abandoning module MainFrame (262)
[2018.07.25-03.11.54:980][634]LogModuleManager: Shutting down and abandoning module HotReload (261)
[2018.07.25-03.11.54:980][634]LogModuleManager: Shutting down and abandoning module ContentBrowser (257)
[2018.07.25-03.11.54:981][634]LogModuleManager: Shutting down and abandoning module TreeMap (255)
[2018.07.25-03.11.54:981][634]LogModuleManager: Shutting down and abandoning module LightPropagationVolumeRuntime (252)
[2018.07.25-03.11.54:981][634]LogModuleManager: Shutting down and abandoning module AISupportModule (250)
[2018.07.25-03.11.54:981][634]LogModuleManager: Shutting down and abandoning module Paper2D (248)
[2018.07.25-03.11.54:981][634]LogModuleManager: Shutting down and abandoning module WindowsMoviePlayer (246)
[2018.07.25-03.11.54:982][634]LogModuleManager: Shutting down and abandoning module WmfMedia (244)
[2018.07.25-03.11.54:983][634]LogModuleManager: Shutting down and abandoning module Media (243)
[2018.07.25-03.11.54:989][634]LogModuleManager: Shutting down and abandoning module PacketHandler (240)
[2018.07.25-03.11.54:989][634]LogModuleManager: Shutting down and abandoning module ClothingSystemEditor (238)
[2018.07.25-03.11.54:989][634]LogModuleManager: Shutting down and abandoning module ClothingSystemRuntime (236)
[2018.07.25-03.11.54:990][634]LogModuleManager: Shutting down and abandoning module MediaAssets (234)
[2018.07.25-03.11.54:990][634]LogModuleManager: Shutting down and abandoning module Overlay (232)
[2018.07.25-03.11.54:990][634]LogModuleManager: Shutting down and abandoning module OverlayEditor (231)
[2018.07.25-03.11.54:990][634]LogModuleManager: Shutting down and abandoning module VREditor (228)
[2018.07.25-03.11.54:990][634]LogModuleManager: Shutting down and abandoning module StringTableEditor (226)
[2018.07.25-03.11.54:991][634]LogModuleManager: Shutting down and abandoning module GameplayTasksEditor (224)
[2018.07.25-03.11.54:991][634]LogModuleManager: Shutting down and abandoning module BehaviorTreeEditor (222)
[2018.07.25-03.11.54:992][634]LogModuleManager: Shutting down and abandoning module FunctionalTesting (220)
[2018.07.25-03.11.54:992][634]LogModuleManager: Shutting down and abandoning module CollisionAnalyzer (218)
[2018.07.25-03.11.54:993][634]LogModuleManager: Shutting down and abandoning module WorkspaceMenuStructure (217)
[2018.07.25-03.11.54:993][634]LogModuleManager: Shutting down and abandoning module UMG (214)
[2018.07.25-03.11.54:993][634]LogModuleManager: Shutting down and abandoning module UMGEditor (213)
[2018.07.25-03.11.54:994][634]LogModuleManager: Shutting down and abandoning module Sequencer (212)
[2018.07.25-03.11.54:995][634]LogModuleManager: Shutting down and abandoning module MessageLog (209)
[2018.07.25-03.11.54:995][634]LogModuleManager: Shutting down and abandoning module SlateReflector (204)
[2018.07.25-03.11.54:997][634]LogModuleManager: Shutting down and abandoning module Slate (202)
[2018.07.25-03.11.54:997][634]LogModuleManager: Shutting down and abandoning module EditorStyle (200)
[2018.07.25-03.11.54:999][634]LogModuleManager: Shutting down and abandoning module MRMesh (198)
[2018.07.25-03.11.54:999][634]LogModuleManager: Shutting down and abandoning module SourceCodeAccess (196)
[2018.07.25-03.11.54:999][634]LogModuleManager: Shutting down and abandoning module HeadMountedDisplay (194)
[2018.07.25-03.11.54:999][634]LogModuleManager: Shutting down and abandoning module XAudio2 (192)
[2018.07.25-03.11.54:999][634]LogModuleManager: Shutting down and abandoning module Networking (190)
[2018.07.25-03.11.54:999][634]LogModuleManager: Shutting down and abandoning module Core (188)
[2018.07.25-03.11.54:999][634]LogModuleManager: Shutting down and abandoning module LevelSequence (186)
[2018.07.25-03.11.54:999][634]LogModuleManager: Shutting down and abandoning module KismetCompiler (184)
[2018.07.25-03.11.54:999][634]LogModuleManager: Shutting down and abandoning module MeshUtilities (182)
[2018.07.25-03.11.55:000][634]LogModuleManager: Shutting down and abandoning module MeshMergeUtilities (181)
[2018.07.25-03.11.55:000][634]LogModuleManager: Shutting down and abandoning module MeshReductionInterface (180)
[2018.07.25-03.11.55:000][634]LogModuleManager: Shutting down and abandoning module SimplygonSwarm (179)
[2018.07.25-03.11.55:001][634]LogModuleManager: Shutting down and abandoning module ProxyLODMeshReduction (177)
[2018.07.25-03.11.55:001][634]LogModuleManager: Shutting down and abandoning module SimplygonMeshReduction (175)
[2018.07.25-03.11.55:001][634]LogModuleManager: Shutting down and abandoning module QuadricMeshReduction (173)
[2018.07.25-03.11.55:002][634]LogModuleManager: Shutting down and abandoning module MaterialBaking (169)
[2018.07.25-03.11.55:002][634]LogModuleManager: Shutting down and abandoning module DirectoryWatcher (165)
[2018.07.25-03.11.55:004][634]LogModuleManager: Shutting down and abandoning module DerivedDataCache (162)
[2018.07.25-03.11.55:094][634]LogDerivedDataCache: Shutdown
[2018.07.25-03.11.55:095][634]LogModuleManager: Shutting down and abandoning module XGEController (160)
[2018.07.25-03.11.55:095][634]LogModuleManager: Shutting down and abandoning module TargetPlatform (158)
[2018.07.25-03.11.55:095][634]LogModuleManager: Shutting down and abandoning module VulkanShaderFormat (157)
[2018.07.25-03.11.55:095][634]LogModuleManager: Shutting down and abandoning module ShaderFormatVectorVM (155)
[2018.07.25-03.11.55:096][634]LogModuleManager: Shutting down and abandoning module ShaderFormatOpenGL (153)
[2018.07.25-03.11.55:096][634]LogModuleManager: Shutting down and abandoning module ShaderFormatD3D (151)
[2018.07.25-03.11.55:096][634]LogModuleManager: Shutting down and abandoning module MetalShaderFormat (149)
[2018.07.25-03.11.55:096][634]LogModuleManager: Shutting down and abandoning module TextureFormatUncompressed (147)
[2018.07.25-03.11.55:097][634]LogModuleManager: Shutting down and abandoning module TextureFormatPVR (145)
[2018.07.25-03.11.55:097][634]LogModuleManager: Shutting down and abandoning module TextureFormatDXT (143)
[2018.07.25-03.11.55:097][634]LogModuleManager: Shutting down and abandoning module TextureFormatIntelISPCTexComp (141)
[2018.07.25-03.11.55:097][634]LogModuleManager: Shutting down and abandoning module TextureFormatASTC (139)
[2018.07.25-03.11.55:097][634]LogModuleManager: Shutting down and abandoning module ImageWrapper (138)
[2018.07.25-03.11.55:097][634]LogModuleManager: Shutting down and abandoning module TextureFormatAndroid (135)
[2018.07.25-03.11.55:097][634]LogModuleManager: Shutting down and abandoning module AudioFormatOpus (133)
[2018.07.25-03.11.55:097][634]LogModuleManager: Shutting down and abandoning module AudioFormatOgg (131)
[2018.07.25-03.11.55:097][634]LogModuleManager: Shutting down and abandoning module AudioFormatADPCM (129)
[2018.07.25-03.11.55:097][634]LogModuleManager: Shutting down and abandoning module LuminTargetPlatform (127)
[2018.07.25-03.11.55:097][634]LogModuleManager: Shutting down and abandoning module LinuxTargetPlatform (125)
[2018.07.25-03.11.55:097][634]LogModuleManager: Shutting down and abandoning module LinuxServerTargetPlatform (123)
[2018.07.25-03.11.55:097][634]LogModuleManager: Shutting down and abandoning module LinuxNoEditorTargetPlatform (121)
[2018.07.25-03.11.55:097][634]LogModuleManager: Shutting down and abandoning module LinuxClientTargetPlatform (119)
[2018.07.25-03.11.55:098][634]LogModuleManager: Shutting down and abandoning module TVOSTargetPlatform (117)
[2018.07.25-03.11.55:098][634]LogModuleManager: Shutting down and abandoning module Messaging (115)
[2018.07.25-03.11.55:098][634]LogModuleManager: Shutting down and abandoning module IOSTargetPlatform (113)
[2018.07.25-03.11.55:099][634]LogModuleManager: Shutting down and abandoning module HTML5TargetPlatform (111)
[2018.07.25-03.11.55:099][634]LogModuleManager: Shutting down and abandoning module AndroidTargetPlatform (109)
[2018.07.25-03.11.55:104][634]LogModuleManager: Shutting down and abandoning module WindowsTargetPlatform (107)
[2018.07.25-03.11.55:104][634]LogModuleManager: Shutting down and abandoning module WindowsServerTargetPlatform (105)
[2018.07.25-03.11.55:104][634]LogModuleManager: Shutting down and abandoning module WindowsNoEditorTargetPlatform (103)
[2018.07.25-03.11.55:105][634]LogModuleManager: Shutting down and abandoning module WindowsClientTargetPlatform (101)
[2018.07.25-03.11.55:105][634]LogModuleManager: Shutting down and abandoning module MacTargetPlatform (99)
[2018.07.25-03.11.55:105][634]LogModuleManager: Shutting down and abandoning module MacServerTargetPlatform (97)
[2018.07.25-03.11.55:105][634]LogModuleManager: Shutting down and abandoning module MacNoEditorTargetPlatform (95)
[2018.07.25-03.11.55:105][634]LogModuleManager: Shutting down and abandoning module MacClientTargetPlatform (93)
[2018.07.25-03.11.55:105][634]LogModuleManager: Shutting down and abandoning module AllDesktopTargetPlatform (91)
[2018.07.25-03.11.55:105][634]LogModuleManager: Shutting down and abandoning module InputCore (88)
[2018.07.25-03.11.55:105][634]LogModuleManager: Shutting down and abandoning module Settings (86)
[2018.07.25-03.11.55:105][634]LogModuleManager: Shutting down and abandoning module PhysXCooking (84)
[2018.07.25-03.11.55:105][634]LogModuleManager: Shutting down and abandoning module SteamVR (82)
[2018.07.25-03.11.55:105][634]LogModuleManager: Shutting down and abandoning module OculusHMD (80)
[2018.07.25-03.11.55:105][634]LogModuleManager: Shutting down and abandoning module ExampleDeviceProfileSelector (78)
[2018.07.25-03.11.55:105][634]LogModuleManager: Shutting down and abandoning module LauncherChunkInstaller (76)
[2018.07.25-03.11.55:105][634]LogModuleManager: Shutting down and abandoning module OnlineBlueprintSupport (74)
[2018.07.25-03.11.55:105][634]LogModuleManager: Shutting down and abandoning module OnlineSubsystem (70)
[2018.07.25-03.11.55:106][634]LogModuleManager: Shutting down and abandoning module XMPP (65)
[2018.07.25-03.11.55:107][634]LogModuleManager: Shutting down and abandoning module WebSockets (64)
[2018.07.25-03.11.55:123][634]LogModuleManager: Shutting down and abandoning module HTTP (61)
[2018.07.25-03.11.55:123][634]LogHttp: Display: Http module shutting down, but needs to wait on 1 outstanding Http requests:
[2018.07.25-03.11.55:123][634]LogHttp: Display: 	verb=[POST] url=[https://datarouter.ol.epicgames.com/datarouter/api/v1/public/data?SessionID=%7B08314BCD-44D1-D34E-CEA1-2CA466B8A864%7D&AppID=UEEditor.Rocket.Release&AppVersion=4.20.0-4212847%2B%2B%2BUE4%2BRelease-4.20&UserID=8d565afb4f901f97d9c44ca099baa1bf%7C63e62efcbf0f43029c8072b76068276f%7C9028971d-8b22-416a-88c7-84e40ff769fa&AppEnvironment=datacollector-binary&UploadType=eteventstream] status=Processing
[2018.07.25-03.11.55:129][634]LogModuleManager: Shutting down and abandoning module SSL (60)
[2018.07.25-03.11.55:130][634]LogModuleManager: Shutting down and abandoning module MagicLeapEmulator (56)
[2018.07.25-03.11.55:131][634]LogModuleManager: Shutting down and abandoning module MagicLeapPrivileges (54)
[2018.07.25-03.11.55:131][634]LogModuleManager: Shutting down and abandoning module MagicLeapIdentity (52)
[2018.07.25-03.11.55:131][634]LogModuleManager: Shutting down and abandoning module MagicLeapHelperVulkan (50)
[2018.07.25-03.11.55:131][634]LogModuleManager: Shutting down and abandoning module MagicLeapHelperOpenGL (48)
[2018.07.25-03.11.55:131][634]LogModuleManager: Shutting down and abandoning module MagicLeapSecureStorage (46)
[2018.07.25-03.11.55:131][634]LogModuleManager: Shutting down and abandoning module MagicLeapGestures (44)
[2018.07.25-03.11.55:131][634]LogModuleManager: Shutting down and abandoning module MagicLeapEyeTracker (42)
[2018.07.25-03.11.55:131][634]LogModuleManager: Shutting down and abandoning module MagicLeapController (40)
[2018.07.25-03.11.55:131][634]LogSlate: Slate User Destroyed.  User Index 0, Is Virtual User: 0
[2018.07.25-03.11.55:131][634]LogModuleManager: Shutting down and abandoning module MagicLeap (38)
[2018.07.25-03.11.55:131][634]LogModuleManager: Shutting down and abandoning module AnimationModifiers (36)
[2018.07.25-03.11.55:132][634]LogModuleManager: Shutting down and abandoning module PropertyEditor (35)
[2018.07.25-03.11.55:132][634]LogModuleManager: Shutting down and abandoning module AudioEditor (32)
[2018.07.25-03.11.55:132][634]LogModuleManager: Shutting down and abandoning module TextureCompressor (30)
[2018.07.25-03.11.55:134][634]LogModuleManager: Shutting down and abandoning module ShaderCore (28)
[2018.07.25-03.11.55:134][634]LogModuleManager: Shutting down and abandoning module Landscape (26)
[2018.07.25-03.11.55:134][634]LogModuleManager: Shutting down and abandoning module SlateRHIRenderer (24)
[2018.07.25-03.11.55:134][634]LogModuleManager: Shutting down and abandoning module OpenGLDrv (22)
[2018.07.25-03.11.55:135][634]LogModuleManager: Shutting down and abandoning module D3D11RHI (20)
[2018.07.25-03.11.55:135][634]LogModuleManager: Shutting down and abandoning module AnimGraphRuntime (18)
[2018.07.25-03.11.55:135][634]LogModuleManager: Shutting down and abandoning module Renderer (16)
[2018.07.25-03.11.55:135][634]LogModuleManager: Shutting down and abandoning module Engine (14)
[2018.07.25-03.11.55:135][634]LogModuleManager: Shutting down and abandoning module CoreUObject (12)
[2018.07.25-03.11.55:135][634]LogModuleManager: Shutting down and abandoning module NetworkFile (10)
[2018.07.25-03.11.55:135][634]LogModuleManager: Shutting down and abandoning module CookedIterativeFile (8)
[2018.07.25-03.11.55:135][634]LogModuleManager: Shutting down and abandoning module StreamingFile (6)
[2018.07.25-03.11.55:135][634]LogModuleManager: Shutting down and abandoning module SandboxFile (4)
[2018.07.25-03.11.55:135][634]LogModuleManager: Shutting down and abandoning module PakFile (2)
[2018.07.25-03.11.55:142][634]LogExit: Exiting.
[2018.07.25-03.11.55:150][634]Log file closed, 07/24/18 23:11:55
