Log file open, 07/30/18 16:06:24
LogWindows: Failed to load 'aqProf.dll' (GetLastError=126)
LogWindows: File 'aqProf.dll' does not exist
LogWindows: Failed to load 'VSPerf140.dll' (GetLastError=126)
LogWindows: File 'VSPerf140.dll' does not exist
LogWindows: Failed to load 'VtuneApi.dll' (GetLastError=126)
LogWindows: File 'VtuneApi.dll' does not exist
LogWindows: Failed to load 'VtuneApi32e.dll' (GetLastError=126)
LogWindows: File 'VtuneApi32e.dll' does not exist
LogInit: Display: Running engine for game: TheGauntlet
LogPlatformFile: Not using cached read wrapper
LogTaskGraph: Started task graph with 5 named threads and 23 total threads with 3 sets of task threads.
LogStats: Stats thread started at 0.266064
LogD3D11RHI: Loaded GFSDK_Aftermath_Lib.x64.dll
LogICUInternationalization: Display: ICU TimeZone Detection - Raw Offset: -5:00, Platform Override: ''
LogPluginManager: Mounting plugin Paper2D
LogPluginManager: Mounting plugin AISupport
LogPluginManager: Mounting plugin LightPropagationVolume
LogPluginManager: Mounting plugin CLionSourceCodeAccess
LogPluginManager: Mounting plugin CodeLiteSourceCodeAccess
LogPluginManager: Mounting plugin GitSourceControl
LogPluginManager: Mounting plugin KDevelopSourceCodeAccess
LogPluginManager: Mounting plugin NullSourceCodeAccess
LogPluginManager: Mounting plugin PerforceSourceControl
LogPluginManager: Mounting plugin SubversionSourceControl
LogPluginManager: Mounting plugin UObjectPlugin
LogPluginManager: Mounting plugin VisualStudioCodeSourceCodeAccess
LogPluginManager: Mounting plugin VisualStudioSourceCodeAccess
LogPluginManager: Mounting plugin XCodeSourceCodeAccess
LogPluginManager: Mounting plugin AssetManagerEditor
LogPluginManager: Mounting plugin CryptoKeys
LogPluginManager: Mounting plugin DataValidation
LogPluginManager: Mounting plugin FacialAnimation
LogPluginManager: Mounting plugin GameplayTagsEditor
LogPluginManager: Mounting plugin MacGraphicsSwitching
LogPluginManager: Mounting plugin MeshEditor
LogPluginManager: Mounting plugin MobileLauncherProfileWizard
LogPluginManager: Mounting plugin PluginBrowser
LogPluginManager: Mounting plugin SpeedTreeImporter
LogPluginManager: Mounting plugin DatasmithContent
LogPluginManager: Mounting plugin AlembicImporter
LogPluginManager: Mounting plugin AppleImageUtils
LogPluginManager: Mounting plugin AppleVision
LogPluginManager: Mounting plugin BackChannel
LogPluginManager: Mounting plugin CharacterAI
LogPluginManager: Mounting plugin GeometryCache
LogPluginManager: Mounting plugin HTML5Networking
LogPluginManager: Mounting plugin ProxyLODPlugin
LogPluginManager: Mounting plugin MagicLeap
LogPluginManager: Mounting plugin MagicLeapEmulator
LogPluginManager: Mounting plugin MagicLeapMedia
LogPluginManager: Mounting plugin AndroidMedia
LogPluginManager: Mounting plugin AvfMedia
LogPluginManager: Mounting plugin ImgMedia
LogPluginManager: Mounting plugin LinearTimecode
LogPluginManager: Mounting plugin MediaCompositing
LogPluginManager: Mounting plugin MediaPlayerEditor
LogPluginManager: Mounting plugin WmfMedia
LogPluginManager: Mounting plugin TcpMessaging
LogPluginManager: Mounting plugin UdpMessaging
LogPluginManager: Mounting plugin ActorSequence
LogPluginManager: Mounting plugin LevelSequenceEditor
LogPluginManager: Mounting plugin MatineeToLevelSequence
LogPluginManager: Mounting plugin NetcodeUnitTest
LogPluginManager: Mounting plugin NUTUnrealEngine4
LogPluginManager: Mounting plugin OnlineSubsystemGooglePlay
LogPluginManager: Mounting plugin OnlineSubsystemIOS
LogPluginManager: Mounting plugin OnlineSubsystem
LogPluginManager: Mounting plugin OnlineSubsystemNull
LogPluginManager: Mounting plugin OnlineSubsystemUtils
LogPluginManager: Mounting plugin LauncherChunkInstaller
LogPluginManager: Mounting plugin AndroidDeviceProfileSelector
LogPluginManager: Mounting plugin AndroidMoviePlayer
LogPluginManager: Mounting plugin AndroidPermission
LogPluginManager: Mounting plugin AppleMoviePlayer
LogPluginManager: Mounting plugin ArchVisCharacter
LogPluginManager: Mounting plugin AudioCapture
LogPluginManager: Mounting plugin CableComponent
LogPluginManager: Mounting plugin CustomMeshComponent
LogPluginManager: Mounting plugin EditableMesh
LogPluginManager: Mounting plugin ExampleDeviceProfileSelector
LogPluginManager: Mounting plugin GoogleCloudMessaging
LogPluginManager: Mounting plugin ImmediatePhysics
LogPluginManager: Mounting plugin IOSDeviceProfileSelector
LogPluginManager: Mounting plugin LinuxDeviceProfileSelector
LogPluginManager: Mounting plugin LocationServicesBPLibrary
LogPluginManager: Mounting plugin MobilePatchingUtils
LogPluginManager: Mounting plugin OculusVR
LogPluginManager: Plugin shader directory ../../../Engine/Plugins/Runtime/Oculus/OculusVR/Shaders found
LogPluginManager: Mapping shader source directory ../../../Engine/Plugins/Runtime/Oculus/OculusVR/Shaders to virtual directory /Plugin/OculusVR
LogPluginManager: Mounting plugin PhysXVehicles
LogPluginManager: Mounting plugin ProceduralMeshComponent
LogPluginManager: Mounting plugin RuntimePhysXCooking
LogPluginManager: Mounting plugin SteamVR
LogPluginManager: Mounting plugin WindowsMoviePlayer
LogStreaming: Display: Took  0.251s to configure plugins.
LogInit: Using libcurl 7.55.1-DEV
LogInit:  - built for x86_64-pc-win32
LogInit:  - supports SSL with OpenSSL/1.0.2h
LogInit:  - supports HTTP deflate (compression) using libz 1.2.8
LogInit:  - other features:
LogInit:      CURL_VERSION_SSL
LogInit:      CURL_VERSION_LIBZ
LogInit:      CURL_VERSION_IPV6
LogInit:      CURL_VERSION_ASYNCHDNS
LogInit:      CURL_VERSION_LARGEFILE
LogInit:      CURL_VERSION_IDN
LogInit:  CurlRequestOptions (configurable via config and command line):
LogInit:  - bVerifyPeer = false  - Libcurl will NOT verify peer certificate
LogInit:  - bUseHttpProxy = false  - Libcurl will NOT use HTTP proxy
LogInit:  - bDontReuseConnections = false  - Libcurl will reuse connections
LogInit:  - CertBundlePath = nullptr  - Libcurl will use whatever was configured at build time.
LogInit:  - MaxHostConnections = 16  - Libcurl will limit the number of connections to a host
LogInit:  - LocalHostAddr = Default
LogInit:  - BufferSize = 65536
LogInit: WinSock: version 1.1 (2.2), MaxSocks=32767, MaxUdp=65467
LogInit: Build: ++UE4+Release-4.20-CL-4212847
LogInit: Engine Version: 4.20.0-4212847+++UE4+Release-4.20
LogInit: Compatible Engine Version: 4.20.0-4212847+++UE4+Release-4.20
LogInit: Net CL: 4212847
LogInit: OS: Windows 10 (), CPU: Intel(R) Core(TM) i7-7700 CPU @ 3.60GHz, GPU: NVIDIA GeForce GTX 1060 3GB
LogInit: Compiled (64-bit): Jul 14 2018 09:51:14
LogInit: Compiled with Visual C++: 19.13.26129.00
LogInit: Build Configuration: Development
LogInit: Branch Name: ++UE4+Release-4.20
LogInit: Command Line: 
LogInit: Base Directory: C:/Program Files/Epic Games/UE_4.20/Engine/Binaries/Win64/
LogInit: Installed Engine Build: 1
LogDevObjectVersion: Number of dev versions registered: 20
LogDevObjectVersion:   Dev-Blueprints (B0D832E4-1F89-4F0D-ACCF-7EB736FD4AA2): 10
LogDevObjectVersion:   Dev-Build (E1C64328-A22C-4D53-A36C-8E866417BD8C): 0
LogDevObjectVersion:   Dev-Core (375EC13C-06E4-48FB-B500-84F0262A717E): 2
LogDevObjectVersion:   Dev-Editor (E4B068ED-F494-42E9-A231-DA0B2E46BB41): 24
LogDevObjectVersion:   Dev-Framework (CFFC743F-43B0-4480-9391-14DF171D2073): 34
LogDevObjectVersion:   Dev-Mobile (B02B49B5-BB20-44E9-A304-32B752E40360): 2
LogDevObjectVersion:   Dev-Networking (A4E4105C-59A1-49B5-A7C5-40C4547EDFEE): 0
LogDevObjectVersion:   Dev-Online (39C831C9-5AE6-47DC-9A44-9C173E1C8E7C): 0
LogDevObjectVersion:   Dev-Physics (78F01B33-EBEA-4F98-B9B4-84EACCB95AA2): 0
LogDevObjectVersion:   Dev-Platform (6631380F-2D4D-43E0-8009-CF276956A95A): 0
LogDevObjectVersion:   Dev-Rendering (12F88B9F-8875-4AFC-A67C-D90C383ABD29): 26
LogDevObjectVersion:   Dev-Sequencer (7B5AE74C-D270-4C10-A958-57980B212A5A): 9
LogDevObjectVersion:   Dev-VR (D7296918-1DD6-4BDD-9DE2-64A83CC13884): 2
LogDevObjectVersion:   Dev-LoadTimes (C2A15278-BFE7-4AFE-6C17-90FF531DF755): 1
LogDevObjectVersion:   Private-Geometry (6EACA3D4-40EC-4CC1-B786-8BED09428FC5): 3
LogDevObjectVersion:   Dev-AnimPhys (29E575DD-E0A3-4627-9D10-D276232CDCEA): 17
LogDevObjectVersion:   Dev-ReflectionCapture (6B266CEC-1EC7-4B8F-A30B-E4D90942FC07): 1
LogDevObjectVersion:   Dev-Automation (0DF73D61-A23F-47EA-B727-89E90C41499A): 1
LogDevObjectVersion:   FortniteMain (601D1886-AC64-4F84-AA16-D3DE0DEAC7D6): 12
LogDevObjectVersion:   Dev-Enterprise (9DFFBCD6-494F-0158-E221-12823C92A888): 1
LogStreaming: Display: Took  0.055s to delete old logs.
LogInit: Presizing for max 8388607 objects, including 0 objects not considered by GC, pre-allocating 0 bytes for permanent pool.
LogInit: Object subsystem initialized
[2018.07.30-20.06.24:413][  0]LogInit: Selected Device Profile: [Windows]
[2018.07.30-20.06.24:413][  0]LogInit: Applying CVar settings loaded from the selected device profile: [Windows]
[2018.07.30-20.06.24:460][  0]LogHAL: Display: Platform has ~ 16 GB [17120108544 / 17179869184 / 16], which maps to Larger [LargestMinGB=32, LargerMinGB=12, DefaultMinGB=8, SmallerMinGB=6, SmallestMinGB=0)
[2018.07.30-20.06.24:460][  0]LogInit: Setting Device Profile CVar: [[r.Vulkan.UseRealUBs:1]]
[2018.07.30-20.06.24:460][  0]LogInit: Going up to parent DeviceProfile []
[2018.07.30-20.06.24:461][  0]LogInit: Computer: DESKTOP-V72DBF1
[2018.07.30-20.06.24:461][  0]LogInit: User: Hunter
[2018.07.30-20.06.24:461][  0]LogInit: CPU Page size=4096, Cores=4
[2018.07.30-20.06.24:461][  0]LogInit: High frequency timer resolution =3.515626 MHz
[2018.07.30-20.06.24:461][  0]LogMemory: Memory total: Physical=15.9GB (16GB approx)
[2018.07.30-20.06.24:461][  0]LogMemory: Platform Memory Stats for Windows
[2018.07.30-20.06.24:461][  0]LogMemory: Process Physical Memory: 101.61 MB used, 101.61 MB peak
[2018.07.30-20.06.24:461][  0]LogMemory: Process Virtual Memory: 90.43 MB used, 90.43 MB peak
[2018.07.30-20.06.24:462][  0]LogMemory: Physical Memory: 5101.52 MB used,  11225.49 MB free, 16327.01 MB total
[2018.07.30-20.06.24:462][  0]LogMemory: Virtual Memory: 4638.45 MB used,  11225.49 MB free, 134217728.00 MB total
[2018.07.30-20.06.24:491][  0]LogInit: Using OS detected language (en-US).
[2018.07.30-20.06.24:491][  0]LogInit: Using OS detected locale (en-US).
[2018.07.30-20.06.24:491][  0]LogTextLocalizationManager: No specific localization for 'en-US' exists, so the 'en' localization will be used.
[2018.07.30-20.06.24:801][  0]LogStreaming: Display: Took  0.311s to InitEngineTextLocalization.
[2018.07.30-20.06.24:802][  0]LogInit: Setting process to per monitor DPI aware
[2018.07.30-20.06.24:850][  0]LogSlate: New Slate User Created.  User Index 0, Is Virtual User: 0
[2018.07.30-20.06.24:850][  0]LogSlate: Slate User Registered.  User Index 0, Is Virtual User: 0
[2018.07.30-20.06.25:017][  0]LogHMD: Failed to initialize OpenVR with code 110
[2018.07.30-20.06.25:017][  0]LogD3D11RHI: D3D11 adapters:
[2018.07.30-20.06.25:062][  0]LogD3D11RHI:    0. 'NVIDIA GeForce GTX 1060 3GB' (Feature Level 11_0)
[2018.07.30-20.06.25:062][  0]LogD3D11RHI:       2988/0/8163 MB DedicatedVideo/DedicatedSystem/SharedSystem, Outputs:3, VendorId:0x10de
[2018.07.30-20.06.25:063][  0]LogD3D11RHI:    1. 'Microsoft Basic Render Driver' (Feature Level 11_0)
[2018.07.30-20.06.25:063][  0]LogD3D11RHI:       0/0/8163 MB DedicatedVideo/DedicatedSystem/SharedSystem, Outputs:0, VendorId:0x1414
[2018.07.30-20.06.25:063][  0]LogD3D11RHI: Chosen D3D11 Adapter: 0
[2018.07.30-20.06.25:068][  0]LogD3D11RHI: Creating new Direct3DDevice
[2018.07.30-20.06.25:068][  0]LogD3D11RHI:     GPU DeviceId: 0x1c02 (for the marketing name, search the web for "GPU Device Id")
[2018.07.30-20.06.25:068][  0]LogWindows: EnumDisplayDevices:
[2018.07.30-20.06.25:068][  0]LogWindows:    0. 'NVIDIA GeForce GTX 1060 3GB' (P:1 D:1)
[2018.07.30-20.06.25:068][  0]LogWindows:    1. 'NVIDIA GeForce GTX 1060 3GB' (P:0 D:1)
[2018.07.30-20.06.25:068][  0]LogWindows:    2. 'NVIDIA GeForce GTX 1060 3GB' (P:0 D:1)
[2018.07.30-20.06.25:068][  0]LogWindows:    3. 'NVIDIA GeForce GTX 1060 3GB' (P:0 D:0)
[2018.07.30-20.06.25:068][  0]LogWindows: DebugString: FoundDriverCount:4 
[2018.07.30-20.06.25:068][  0]LogD3D11RHI:     Adapter Name: NVIDIA GeForce GTX 1060 3GB
[2018.07.30-20.06.25:068][  0]LogD3D11RHI:   Driver Version: 398.36 (internal:24.21.13.9836, unified:398.36)
[2018.07.30-20.06.25:068][  0]LogD3D11RHI:      Driver Date: 6-24-2018
[2018.07.30-20.06.25:068][  0]LogRHI: Texture pool is 2091 MB (70% of 2988 MB)
[2018.07.30-20.06.25:100][  0]LogD3D11RHI: Async texture creation enabled
[2018.07.30-20.06.25:125][  0]LogD3D11RHI: GPU Timing Frequency: 1000.000000 (Debug: 2 2)
[2018.07.30-20.06.25:262][  0]LogShaderCompilers: Guid format shader working directory is -15 characters bigger than the processId version (D:/Unreal Projects/Git/FracturedDevelopments/TheGauntlet 4.20/Intermediate/Shaders/WorkingDirectory/10884/).
[2018.07.30-20.06.25:262][  0]LogShaderCompilers: Cleaned the shader compiler working directory 'C:/Users/Hunter/AppData/Local/Temp/UnrealShaderWorkingDir/30189D9B4B58723ADC7ACDBA7BB4B9D9/'.
[2018.07.30-20.06.25:459][  0]LogTemp: Display: Loaded TP AllDesktopTargetPlatform
[2018.07.30-20.06.25:469][  0]LogTemp: Display: Loaded TP MacClientTargetPlatform
[2018.07.30-20.06.25:481][  0]LogTemp: Display: Loaded TP MacNoEditorTargetPlatform
[2018.07.30-20.06.25:492][  0]LogTemp: Display: Loaded TP MacServerTargetPlatform
[2018.07.30-20.06.25:503][  0]LogTemp: Display: Loaded TP MacTargetPlatform
[2018.07.30-20.06.25:515][  0]LogTemp: Display: Loaded TP WindowsClientTargetPlatform
[2018.07.30-20.06.25:526][  0]LogTemp: Display: Loaded TP WindowsNoEditorTargetPlatform
[2018.07.30-20.06.25:536][  0]LogTemp: Display: Loaded TP WindowsServerTargetPlatform
[2018.07.30-20.06.25:541][  0]LogTemp: Display: Loaded TP WindowsTargetPlatform
[2018.07.30-20.06.25:606][  0]LogTemp: Display: Loaded TP AndroidTargetPlatform
[2018.07.30-20.06.25:606][  0]LogTemp: Display: Loaded TP AndroidTargetPlatform
[2018.07.30-20.06.25:606][  0]LogTemp: Display: Loaded TP AndroidTargetPlatform
[2018.07.30-20.06.25:606][  0]LogTemp: Display: Loaded TP AndroidTargetPlatform
[2018.07.30-20.06.25:606][  0]LogTemp: Display: Loaded TP AndroidTargetPlatform
[2018.07.30-20.06.25:606][  0]LogTemp: Display: Loaded TP AndroidTargetPlatform
[2018.07.30-20.06.25:606][  0]LogTemp: Display: Loaded TP AndroidTargetPlatform
[2018.07.30-20.06.25:606][  0]LogTemp: Display: Loaded TP AndroidTargetPlatform
[2018.07.30-20.06.25:606][  0]LogTemp: Display: Loaded TP AndroidTargetPlatform
[2018.07.30-20.06.25:606][  0]LogTemp: Display: Loaded TP AndroidTargetPlatform
[2018.07.30-20.06.25:606][  0]LogTemp: Display: Loaded TP AndroidTargetPlatform
[2018.07.30-20.06.25:606][  0]LogTemp: Display: Loaded TP AndroidTargetPlatform
[2018.07.30-20.06.25:606][  0]LogTemp: Display: Loaded TP AndroidTargetPlatform
[2018.07.30-20.06.25:606][  0]LogTemp: Display: Loaded TP AndroidTargetPlatform
[2018.07.30-20.06.25:606][  0]LogTemp: Display: Loaded TP AndroidTargetPlatform
[2018.07.30-20.06.25:606][  0]LogTemp: Display: Loaded TP AndroidTargetPlatform
[2018.07.30-20.06.25:606][  0]LogTemp: Display: Loaded TP AndroidTargetPlatform
[2018.07.30-20.06.25:606][  0]LogTemp: Display: Loaded TP AndroidTargetPlatform
[2018.07.30-20.06.25:607][  0]LogTemp: Display: Loaded TP HTML5TargetPlatform
[2018.07.30-20.06.25:660][  0]LogTemp: Display: Loaded TP IOSTargetPlatform
[2018.07.30-20.06.25:660][  0]LogTemp: Display: Loaded TP IOSTargetPlatform
[2018.07.30-20.06.25:692][  0]LogTemp: Display: Loaded TP TVOSTargetPlatform
[2018.07.30-20.06.25:692][  0]LogTemp: Display: Loaded TP TVOSTargetPlatform
[2018.07.30-20.06.25:703][  0]LogTemp: Display: Loaded TP LinuxClientTargetPlatform
[2018.07.30-20.06.25:713][  0]LogTemp: Display: Loaded TP LinuxNoEditorTargetPlatform
[2018.07.30-20.06.25:724][  0]LogTemp: Display: Loaded TP LinuxServerTargetPlatform
[2018.07.30-20.06.25:734][  0]LogTemp: Display: Loaded TP LinuxTargetPlatform
[2018.07.30-20.06.25:742][  0]LogTemp: Display: Loaded TP LuminTargetPlatform
[2018.07.30-20.06.25:742][  0]LogTargetPlatformManager: Display: Building Assets For Windows
[2018.07.30-20.06.25:788][  0]LogXGEController: Cannot use XGE Controller as Incredibuild is not installed on this machine.
[2018.07.30-20.06.25:788][  0]LogShaderCompilers: Cannot use XGE Shader Compiler as Incredibuild is not installed on this machine.
[2018.07.30-20.06.25:788][  0]LogShaderCompilers: Display: Using Local Shader Compiler.
[2018.07.30-20.06.26:391][  0]LogDerivedDataCache: Display: Max Cache Size: 512 MB
[2018.07.30-20.06.26:437][  0]LogDerivedDataCache: Loaded boot cache 0.05s 71MB C:/Users/Hunter/AppData/Local/UnrealEngine/4.20/DerivedDataCache/Boot.ddc.
[2018.07.30-20.06.26:437][  0]LogDerivedDataCache: Display: Loaded Boot cache: C:/Users/Hunter/AppData/Local/UnrealEngine/4.20/DerivedDataCache/Boot.ddc
[2018.07.30-20.06.26:437][  0]LogDerivedDataCache: FDerivedDataBackendGraph:  Pak pak cache file D:/Unreal Projects/Git/FracturedDevelopments/TheGauntlet 4.20/DerivedDataCache/DDC.ddp not found, will not use a pak cache.
[2018.07.30-20.06.26:437][  0]LogDerivedDataCache: Unable to find inner node Pak for hierarchical cache Hierarchy.
[2018.07.30-20.06.26:437][  0]LogDerivedDataCache: FDerivedDataBackendGraph:  CompressedPak pak cache file D:/Unreal Projects/Git/FracturedDevelopments/TheGauntlet 4.20/DerivedDataCache/Compressed.ddp not found, will not use a pak cache.
[2018.07.30-20.06.26:437][  0]LogDerivedDataCache: Unable to find inner node CompressedPak for hierarchical cache Hierarchy.
[2018.07.30-20.06.26:449][  0]LogDerivedDataCache: Display: Pak cache opened for reading ../../../Engine/DerivedDataCache/Compressed.ddp.
[2018.07.30-20.06.26:462][  0]LogDerivedDataCache: Using Local data cache path C:/Users/Hunter/AppData/Local/UnrealEngine/Common/DerivedDataCache: Writable
[2018.07.30-20.06.26:462][  0]LogDerivedDataCache: Shared data cache path not found in *engine.ini, will not use an Shared cache.
[2018.07.30-20.06.26:462][  0]LogDerivedDataCache: Unable to find inner node Shared for hierarchical cache Hierarchy.
[2018.07.30-20.06.26:477][  0]LogMaterial: Verifying Global Shaders for PCD3D_SM5
[2018.07.30-20.06.26:478][  0]LogSlate: Using FreeType 2.6.0
[2018.07.30-20.06.26:479][  0]LogSlate: SlateFontServices - WITH_FREETYPE: 1, WITH_HARFBUZZ: 1
[2018.07.30-20.06.26:541][  0]LogAssetRegistry: FAssetRegistry took 0.0252 seconds to start up
[2018.07.30-20.06.26:798][  0]LogInit: Selected Device Profile: [Windows]
[2018.07.30-20.06.26:905][  0]LogSimplygon: Simplygon DLL not present - disabling.
[2018.07.30-20.06.26:908][  0]LogMeshReduction: Using SimplygonSwarm for distributed automatic mesh merging
[2018.07.30-20.06.26:908][  0]LogMeshReduction: Using ProxyLODMeshReduction for automatic mesh merging
[2018.07.30-20.06.26:908][  0]LogMeshReduction: Using QuadricMeshReduction for automatic static mesh reduction
[2018.07.30-20.06.26:908][  0]LogMeshReduction: No automatic skeletal mesh reduction module available
[2018.07.30-20.06.26:939][  0]LogNetVersion: TheGauntlet 1.0.0, NetCL: 4212847, EngineNetVer: 5, GameNetVer: 0 (Checksum: 680350633)
[2018.07.30-20.06.27:930][  0]LogPackageLocalizationCache: Processed 11 localized package path(s) for 2 prioritized culture(s) in 0.682505 seconds
[2018.07.30-20.06.27:936][  0]LogUObjectArray: 38425 objects as part of root set at end of initial load.
[2018.07.30-20.06.27:936][  0]LogUObjectAllocator: 6690872 out of 0 bytes used by permanent object pool.
[2018.07.30-20.06.27:936][  0]LogUObjectArray: CloseDisregardForGC: 0/0 objects in disregard for GC pool
[2018.07.30-20.06.28:641][  0]LogTcpMessaging: Initializing TcpMessaging bridge
[2018.07.30-20.06.28:655][  0]LogUdpMessaging: Initializing bridge on interface 0.0.0.0:0 to multicast group 230.0.0.1:6666.
[2018.07.30-20.06.28:779][  0]SourceControl: Source control is disabled
[2018.07.30-20.06.28:780][  0]SourceControl: Source control is disabled
[2018.07.30-20.06.28:780][  0]SourceControl: Source control is disabled
[2018.07.30-20.06.28:781][  0]SourceControl: Source control is disabled
[2018.07.30-20.06.28:930][  0]LogAndroidPermission: UAndroidPermissionCallbackProxy::GetInstance
[2018.07.30-20.06.28:997][  0]LogOcInput: OculusInput pre-init called
[2018.07.30-20.06.29:047][  0]LogEngine: Initializing Engine...
[2018.07.30-20.06.29:047][  0]LogHMD: Failed to initialize OpenVR with code 110
[2018.07.30-20.06.29:048][  0]LogStats: UGameplayTagsManager::ConstructGameplayTagTree: ImportINI prefixes -  0.000 s
[2018.07.30-20.06.29:049][  0]LogStats: UGameplayTagsManager::ConstructGameplayTagTree: Construct from data asset -  0.000 s
[2018.07.30-20.06.29:049][  0]LogStats: UGameplayTagsManager::ConstructGameplayTagTree: ImportINI -  0.000 s
[2018.07.30-20.06.29:049][  0]LogStats: UGameplayTagsManager::ConstructGameplayTagTree: GameplayTagTreeChangedEvent.Broadcast -  0.000 s
[2018.07.30-20.06.29:222][  0]LogInit: Initializing FReadOnlyCVARCache
[2018.07.30-20.06.29:233][  0]LogAIModule: Creating AISystem for world Untitled
[2018.07.30-20.06.29:245][  0]LogInit: XAudio2 using 'LE40S508 (NVIDIA High Definition Audio)' : 2 channels at 48 kHz using 16 bits per sample (channel mask 0x3)
[2018.07.30-20.06.29:255][  0]LogInit: FAudioDevice initialized.
[2018.07.30-20.06.29:256][  0]LogNetVersion: Set ProjectVersion to 1.0.0.0. Version Checksum will be recalculated on next use.
[2018.07.30-20.06.29:323][  0]LogDerivedDataCache: Saved boot cache 0.07s 71MB C:/Users/Hunter/AppData/Local/UnrealEngine/4.20/DerivedDataCache/Boot.ddc.
[2018.07.30-20.06.29:336][  0]LogInit: Texture streaming: Enabled
[2018.07.30-20.06.29:349][  0]LogEngineSessionManager: EngineSessionManager initialized
[2018.07.30-20.06.29:360][  0]LogInit: Transaction tracking system initialized
[2018.07.30-20.06.29:377][  0]BlueprintLog: New page: Editor Load
[2018.07.30-20.06.29:438][  0]LocalizationService: Localization service is disabled
[2018.07.30-20.06.29:987][  0]LogCook: Display: Max memory allowance for cook 16384mb min free memory 0mb
[2018.07.30-20.06.29:987][  0]LogCook: Display: Mobile HDR setting 1
[2018.07.30-20.06.29:987][  0]LogGameplayTags: Display: UGameplayTagsManager::DoneAddingNativeTags. DelegateIsBound: 0
[2018.07.30-20.06.29:987][  0]LogStats: UGameplayTagsManager::ConstructGameplayTagTree: ImportINI prefixes -  0.000 s
[2018.07.30-20.06.29:987][  0]LogStats: UGameplayTagsManager::ConstructGameplayTagTree: Construct from data asset -  0.000 s
[2018.07.30-20.06.29:987][  0]LogStats: UGameplayTagsManager::ConstructGameplayTagTree: ImportINI -  0.000 s
[2018.07.30-20.06.29:987][  0]LogStats: UGameplayTagsManager::ConstructGameplayTagTree: GameplayTagTreeChangedEvent.Broadcast -  0.000 s
[2018.07.30-20.06.30:092][  0]LogFileCache: Scanning file cache for directory 'D:/Unreal Projects/Git/FracturedDevelopments/TheGauntlet 4.20/Content/' took 0.02s
[2018.07.30-20.06.30:092][  0]SourceControl: Source control is disabled
[2018.07.30-20.06.30:092][  0]Cmd: MAP LOAD FILE="D:/Unreal Projects/Git/FracturedDevelopments/TheGauntlet 4.20/Content/Levels/MainLobby.umap" TEMPLATE=0 SHOWPROGRESS=1 FEATURELEVEL=3
[2018.07.30-20.06.30:093][  0]LightingResults: New page: Lighting Build
[2018.07.30-20.06.30:095][  0]MapCheck: New page: Map Check
[2018.07.30-20.06.30:095][  0]LightingResults: New page: Lighting Build
[2018.07.30-20.06.33:710][  0]LogAIModule: Creating AISystem for world MainLobby
[2018.07.30-20.06.33:716][  0]LogEditorServer: Finished looking for orphan Actors (0.000 secs)
[2018.07.30-20.06.33:741][  0]Cmd: MAP CHECKDEP NOCLEARLOG
[2018.07.30-20.06.33:794][  0]MapCheck: Map check complete: 0 Error(s), 0 Warning(s), took 53.026ms to complete.
[2018.07.30-20.06.33:794][  0]LogFileHelpers: Loading map 'MainLobby' took 3.702
[2018.07.30-20.06.34:057][  0]LogSlate: Updating window title bar state: overlay mode, drag disabled, window buttons hidden, title bar hidden
[2018.07.30-20.06.34:070][  0]LogSlate: Updating window title bar state: overlay mode, drag disabled, window buttons hidden, title bar hidden
[2018.07.30-20.06.34:081][  0]LogSlate: Updating window title bar state: overlay mode, drag disabled, window buttons hidden, title bar hidden
[2018.07.30-20.06.34:089][  0]LogSlate: Updating window title bar state: overlay mode, drag disabled, window buttons hidden, title bar hidden
[2018.07.30-20.06.34:099][  0]LogCollectionManager: Loaded 0 collections in 0.001508 seconds
[2018.07.30-20.06.34:167][  0]LogFileCache: Scanning file cache for directory 'D:/Unreal Projects/Git/FracturedDevelopments/TheGauntlet 4.20/Saved/Collections/' took 0.01s
[2018.07.30-20.06.34:167][  0]LogFileCache: Scanning file cache for directory 'D:/Unreal Projects/Git/FracturedDevelopments/TheGauntlet 4.20/Content/Developers/Hunter/Collections/' took 0.01s
[2018.07.30-20.06.34:167][  0]LogFileCache: Scanning file cache for directory 'D:/Unreal Projects/Git/FracturedDevelopments/TheGauntlet 4.20/Content/Collections/' took 0.01s
[2018.07.30-20.06.34:167][  0]LogCollectionManager: Rebuilt the GUID cache for 0 collections in 0.000000 seconds
[2018.07.30-20.06.34:178][  0]LogContentBrowser: Native class hierarchy populated in 0.0104 seconds. Added 2572 classes and 603 folders.
[2018.07.30-20.06.34:186][  0]LogContentBrowser: Native class hierarchy updated for 'WidgetCarousel' in 0.0003 seconds. Added 0 classes and 0 folders.
[2018.07.30-20.06.34:508][  0]LogContentBrowser: Native class hierarchy updated for 'AddContentDialog' in 0.0002 seconds. Added 0 classes and 0 folders.
[2018.07.30-20.06.34:546][  0]LogContentBrowser: Native class hierarchy updated for 'SceneOutliner' in 0.0002 seconds. Added 1 classes and 2 folders.
[2018.07.30-20.06.34:580][  0]LogSlate: Took 0.000174 seconds to synchronously load lazily loaded font '../../../Engine/Content/Slate/Fonts/Roboto-Regular.ttf' (155K)
[2018.07.30-20.06.34:581][  0]LogSlate: Took 0.000137 seconds to synchronously load lazily loaded font '../../../Engine/Content/Slate/Fonts/Roboto-Bold.ttf' (160K)
[2018.07.30-20.06.34:594][  0]LogSlate: Took 0.005535 seconds to synchronously load lazily loaded font '../../../Engine/Content/Editor/Slate/Fonts/FontAwesome.ttf' (139K)
[2018.07.30-20.06.34:719][  0]LogRenderer: Reallocating scene render targets to support 4096x2160 Format 10 NumSamples 1 (Frame:1).
[2018.07.30-20.06.34:881][  0]LogContentBrowser: Native class hierarchy updated for 'HierarchicalLODOutliner' in 0.0002 seconds. Added 0 classes and 0 folders.
[2018.07.30-20.06.34:881][  0]LogLoad: (Engine Initialization) Total time: 12.78 seconds
[2018.07.30-20.06.34:881][  0]LogLoad: (Engine Initialization) Total Blueprint compile time: 0.00 seconds
[2018.07.30-20.06.34:946][  0]LogWindowsTextInputMethodSystem: Display: IME system now deactivated.
[2018.07.30-20.06.34:966][  0]LogContentStreaming: Texture pool size now 3000 MB
[2018.07.30-20.06.35:003][  0]LogSlate: Took 0.004233 seconds to synchronously load lazily loaded font '../../../Engine/Content/Slate/Fonts/Roboto-Light.ttf' (167K)
[2018.07.30-20.06.35:110][  1]LogAssetRegistry: Asset discovery search completed in 8.5904 seconds
[2018.07.30-20.06.35:111][  1]LogCollectionManager: Rebuilt the object cache for 0 collections in 0.000000 seconds (found 0 objects)
[2018.07.30-20.06.35:111][  1]LogCollectionManager: Fixed up redirectors for 0 collections in 0.000045 seconds (updated 0 objects)
[2018.07.30-20.06.40:952][ 41]LogSlate: FSceneViewport::OnFocusLost() reason 0
[2018.07.30-20.06.44:307][141]LogTemp: Repeating last play command: New Editor Window (PIE)
[2018.07.30-20.06.44:322][141]LogBlueprintUserMessages: Early PlayInEditor Detection: Level '/Game/Levels/MainLobby.MainLobby:PersistentLevel' has LevelScriptBlueprint '/Game/Levels/MainLobby.MainLobby:PersistentLevel.MainLobby' with GeneratedClass '/Game/Levels/MainLobby.MainLobby_C' with ClassGeneratedBy '/Game/Levels/MainLobby.MainLobby:PersistentLevel.MainLobby'
[2018.07.30-20.06.44:322][141]LogPlayLevel: PlayLevel: No blueprints needed recompiling
[2018.07.30-20.06.44:336][141]PIE: New page: PIE session: MainLobby (Jul 30, 2018, 12:06:44 PM)
[2018.07.30-20.06.44:336][141]LogPlayLevel: Creating play world package: /Game/Levels/UEDPIE_0_MainLobby
[2018.07.30-20.06.44:339][141]LogPlayLevel: PIE: StaticDuplicateObject took: (0.002917s)
[2018.07.30-20.06.44:340][141]LogAIModule: Creating AISystem for world MainLobby
[2018.07.30-20.06.44:340][141]LogPlayLevel: PIE: World Init took: (0.000610s)
[2018.07.30-20.06.44:340][141]LogPlayLevel: PIE: Created PIE world by copying editor world from /Game/Levels/MainLobby.MainLobby to /Game/Levels/UEDPIE_0_MainLobby.MainLobby (0.003634s)
[2018.07.30-20.06.44:367][141]LogInit: XAudio2 using 'LE40S508 (NVIDIA High Definition Audio)' : 2 channels at 48 kHz using 16 bits per sample (channel mask 0x3)
[2018.07.30-20.06.44:374][141]LogInit: FAudioDevice initialized.
[2018.07.30-20.06.44:401][141]LogSlate: Updating window title bar state: overlay mode, drag disabled, window buttons hidden, title bar hidden
[2018.07.30-20.06.44:507][141]LogLoad: Game class is 'MainLobbyGameMode_C'
[2018.07.30-20.06.44:509][141]LogWorld: Bringing World /Game/Levels/UEDPIE_0_MainLobby.MainLobby up for play (max tick rate 30) at 2018.07.30-16.06.44
[2018.07.30-20.06.44:509][141]LogWorld: Bringing up level for play took: 0.000548
[2018.07.30-20.06.44:526][141]LogContentBrowser: Native class hierarchy updated for 'MovieSceneCapture' in 0.0002 seconds. Added 10 classes and 0 folders.
[2018.07.30-20.06.44:586][141]LogBlueprintUserMessages: [MainLobby_C_1] Loaded Save Gane
[2018.07.30-20.06.44:586][141]LogBlueprintUserMessages: [MainLobby_C_1] ForceField
[2018.07.30-20.06.44:590][141]PIE: Play in editor start time for /Game/Levels/UEDPIE_0_MainLobby -0.582
[2018.07.30-20.06.44:590][141]LogBlueprintUserMessages: Late PlayInEditor Detection: Level '/Game/Levels/MainLobby.MainLobby:PersistentLevel' has LevelScriptBlueprint '/Game/Levels/MainLobby.MainLobby:PersistentLevel.MainLobby' with GeneratedClass '/Game/Levels/MainLobby.MainLobby_C' with ClassGeneratedBy '/Game/Levels/MainLobby.MainLobby:PersistentLevel.MainLobby'
[2018.07.30-20.06.47:383][224]LogSlate: FSceneViewport::OnFocusLost() reason 2
[2018.07.30-20.07.03:079][695]LogSlate: FSceneViewport::OnFocusLost() reason 0
[2018.07.30-20.07.08:700][850]LogSlate: Window 'TheGauntlet Game Preview Standalone (64-bit/PCD3D_SM5)' being destroyed
[2018.07.30-20.07.08:706][850]LogBlueprintUserMessages: Early EndPlayMap Detection: Level '/Game/Levels/MainLobby.MainLobby:PersistentLevel' has LevelScriptBlueprint '/Game/Levels/MainLobby.MainLobby:PersistentLevel.MainLobby' with GeneratedClass '/Game/Levels/MainLobby.MainLobby_C' with ClassGeneratedBy '/Game/Levels/MainLobby.MainLobby:PersistentLevel.MainLobby'
[2018.07.30-20.07.08:734][850]LogPlayLevel: Display: Shutting down PIE online subsystems
[2018.07.30-20.07.08:734][850]LogBlueprintUserMessages: Late EndPlayMap Detection: Level '/Game/Levels/MainLobby.MainLobby:PersistentLevel' has LevelScriptBlueprint '/Game/Levels/MainLobby.MainLobby:PersistentLevel.MainLobby' with GeneratedClass '/Game/Levels/MainLobby.MainLobby_C' with ClassGeneratedBy '/Game/Levels/MainLobby.MainLobby:PersistentLevel.MainLobby'
[2018.07.30-20.07.08:801][852]LogPlayLevel: Display: Destroying online subsystem :Context_2
[2018.07.30-20.07.10:635][907]LogEditorViewport: Clicking on Actor (LMB): NewBlueprint_C (NewBlueprint)
[2018.07.30-20.07.11:504][930]Cmd: DELETE
[2018.07.30-20.07.11:504][930]Cmd: ACTOR DELETE
[2018.07.30-20.07.11:517][930]LogEditorActor: Deleted Actor: NewBlueprint_C
[2018.07.30-20.07.11:589][930]LogEditorActor: Deleted 1 Actors (0.084 secs)
[2018.07.30-20.07.12:402][955]LogSlate: FSceneViewport::OnFocusLost() reason 0
[2018.07.30-20.07.12:735][965]LogTemp: Repeating last play command: New Editor Window (PIE)
[2018.07.30-20.07.12:750][965]LogBlueprintUserMessages: Early PlayInEditor Detection: Level '/Game/Levels/MainLobby.MainLobby:PersistentLevel' has LevelScriptBlueprint '/Game/Levels/MainLobby.MainLobby:PersistentLevel.MainLobby' with GeneratedClass '/Game/Levels/MainLobby.MainLobby_C' with ClassGeneratedBy '/Game/Levels/MainLobby.MainLobby:PersistentLevel.MainLobby'
[2018.07.30-20.07.12:750][965]LogPlayLevel: PlayLevel: No blueprints needed recompiling
[2018.07.30-20.07.12:750][965]PIE: New page: PIE session: MainLobby (Jul 30, 2018, 12:07:12 PM)
[2018.07.30-20.07.12:750][965]LogPlayLevel: Creating play world package: /Game/Levels/UEDPIE_0_MainLobby
[2018.07.30-20.07.12:752][965]LogPlayLevel: PIE: StaticDuplicateObject took: (0.001572s)
[2018.07.30-20.07.12:752][965]LogAIModule: Creating AISystem for world MainLobby
[2018.07.30-20.07.12:752][965]LogPlayLevel: PIE: World Init took: (0.000523s)
[2018.07.30-20.07.12:752][965]LogPlayLevel: PIE: Created PIE world by copying editor world from /Game/Levels/MainLobby.MainLobby to /Game/Levels/UEDPIE_0_MainLobby.MainLobby (0.002179s)
[2018.07.30-20.07.12:781][965]LogInit: XAudio2 using 'LE40S508 (NVIDIA High Definition Audio)' : 2 channels at 48 kHz using 16 bits per sample (channel mask 0x3)
[2018.07.30-20.07.12:787][965]LogInit: FAudioDevice initialized.
[2018.07.30-20.07.12:811][965]LogSlate: Updating window title bar state: overlay mode, drag disabled, window buttons hidden, title bar hidden
[2018.07.30-20.07.12:894][965]LogLoad: Game class is 'MainLobbyGameMode_C'
[2018.07.30-20.07.12:895][965]LogWorld: Bringing World /Game/Levels/UEDPIE_0_MainLobby.MainLobby up for play (max tick rate 30) at 2018.07.30-16.07.12
[2018.07.30-20.07.12:895][965]LogWorld: Bringing up level for play took: 0.000545
[2018.07.30-20.07.12:910][965]LogBlueprintUserMessages: [MainLobby_C_1] Loaded Save Gane
[2018.07.30-20.07.12:910][965]LogBlueprintUserMessages: [MainLobby_C_1] ForceField
[2018.07.30-20.07.12:912][965]PIE: Play in editor start time for /Game/Levels/UEDPIE_0_MainLobby -0.259
[2018.07.30-20.07.12:914][965]LogBlueprintUserMessages: Late PlayInEditor Detection: Level '/Game/Levels/MainLobby.MainLobby:PersistentLevel' has LevelScriptBlueprint '/Game/Levels/MainLobby.MainLobby:PersistentLevel.MainLobby' with GeneratedClass '/Game/Levels/MainLobby.MainLobby_C' with ClassGeneratedBy '/Game/Levels/MainLobby.MainLobby:PersistentLevel.MainLobby'
[2018.07.30-20.07.16:642][ 76]LogSlate: Window 'TheGauntlet Game Preview Standalone (64-bit/PCD3D_SM5)' being destroyed
[2018.07.30-20.07.16:646][ 76]LogBlueprintUserMessages: Early EndPlayMap Detection: Level '/Game/Levels/MainLobby.MainLobby:PersistentLevel' has LevelScriptBlueprint '/Game/Levels/MainLobby.MainLobby:PersistentLevel.MainLobby' with GeneratedClass '/Game/Levels/MainLobby.MainLobby_C' with ClassGeneratedBy '/Game/Levels/MainLobby.MainLobby:PersistentLevel.MainLobby'
[2018.07.30-20.07.16:673][ 76]LogPlayLevel: Display: Shutting down PIE online subsystems
[2018.07.30-20.07.16:673][ 76]LogBlueprintUserMessages: Late EndPlayMap Detection: Level '/Game/Levels/MainLobby.MainLobby:PersistentLevel' has LevelScriptBlueprint '/Game/Levels/MainLobby.MainLobby:PersistentLevel.MainLobby' with GeneratedClass '/Game/Levels/MainLobby.MainLobby_C' with ClassGeneratedBy '/Game/Levels/MainLobby.MainLobby:PersistentLevel.MainLobby'
[2018.07.30-20.07.16:740][ 78]LogPlayLevel: Display: Destroying online subsystem :Context_3
[2018.07.30-20.07.20:866][201]LogSlate: Took 0.000163 seconds to synchronously load lazily loaded font '../../../Engine/Content/Slate/Fonts/Roboto-Light.ttf' (167K)
[2018.07.30-20.07.20:871][201]LogAssetEditorManager: Opening Asset editor for WidgetBlueprint /Game/UI/Options/VideoOptions.VideoOptions
[2018.07.30-20.07.21:377][201]LogContentBrowser: Native class hierarchy updated for 'BlueprintGraph' in 0.0005 seconds. Added 116 classes and 0 folders.
[2018.07.30-20.07.22:091][201]LogSlate: Took 0.003342 seconds to synchronously load lazily loaded font '../../../Engine/Content/Slate/Fonts/Roboto-BoldCondensed.ttf' (158K)
[2018.07.30-20.07.31:601][467]BlueprintLog: New page: Compile VideoOptions
[2018.07.30-20.07.35:298][513]LogSlate: Window 'Save Content' being destroyed
[2018.07.30-20.07.35:398][513]Cmd: OBJ SAVEPACKAGE PACKAGE="/Game/Levels/MainLobby" FILE="D:/Unreal Projects/Git/FracturedDevelopments/TheGauntlet 4.20/Content/Levels/MainLobby.umap" SILENT=true AUTOSAVING=false KEEPDIRTY=false
[2018.07.30-20.07.35:895][513]LogSavePackage: Moving 'D:/Unreal Projects/Git/FracturedDevelopments/TheGauntlet 4.20/Saved/MainLobby89154268477C5FF8487B9F9EA27B2299.tmp' to 'D:/Unreal Projects/Git/FracturedDevelopments/TheGauntlet 4.20/Content/Levels/MainLobby.umap'
[2018.07.30-20.07.35:925][513]LogFileHelpers: Saving map 'MainLobby' took 0.585
[2018.07.30-20.07.35:927][513]Cmd: OBJ SAVEPACKAGE PACKAGE="/Game/UI/Options/VideoOptions" FILE="D:/Unreal Projects/Git/FracturedDevelopments/TheGauntlet 4.20/Content/UI/Options/VideoOptions.uasset" SILENT=true
[2018.07.30-20.07.36:034][513]LogSavePackage: Moving 'D:/Unreal Projects/Git/FracturedDevelopments/TheGauntlet 4.20/Saved/VideoOptions185A61774A060713E28722B15A040E32.tmp' to 'D:/Unreal Projects/Git/FracturedDevelopments/TheGauntlet 4.20/Content/UI/Options/VideoOptions.uasset'
[2018.07.30-20.39.31:082][625]LogSlate: Window 'VideoOptions' being destroyed
[2018.07.30-20.39.31:083][625]LogSlate: Window 'VideoOptions' being destroyed
[2018.07.30-20.39.31:932][627]LogSlate: Window 'TheGauntlet - Unreal Editor' being destroyed
[2018.07.30-20.39.31:933][627]LogWindowsTextInputMethodSystem: Display: IME system now deactivated.
[2018.07.30-20.39.32:093][628]Cmd: QUIT_EDITOR
[2018.07.30-20.39.32:167][628]LogExit: Preparing to exit.
[2018.07.30-20.39.32:687][628]LogExit: Editor shut down
[2018.07.30-20.39.32:687][628]LogExit: Transaction tracking system shut down
[2018.07.30-20.39.33:055][628]LogExit: Object subsystem successfully closed.
[2018.07.30-20.39.33:075][628]LogShaderCompilers: Display: Shaders left to compile 0
[2018.07.30-20.39.33:078][628]LogD3D11RHI: Shutdown
[2018.07.30-20.39.33:078][628]LogD3D11RHI: CleanupD3DDevice
[2018.07.30-20.39.33:079][628]LogD3D11RHI: ~FD3D11DynamicRHI
[2018.07.30-20.39.33:093][628]LogModuleManager: Shutting down and abandoning module SequencerWidgets (618)
[2018.07.30-20.39.33:093][628]LogModuleManager: Shutting down and abandoning module BlueprintGraph (616)
[2018.07.30-20.39.33:093][628]LogModuleManager: Shutting down and abandoning module MovieSceneCapture (614)
[2018.07.30-20.39.33:093][628]LogModuleManager: Shutting down and abandoning module Voice (612)
[2018.07.30-20.39.33:093][628]LogModuleManager: Shutting down and abandoning module HierarchicalLODOutliner (610)
[2018.07.30-20.39.33:093][628]LogModuleManager: Shutting down and abandoning module SceneOutliner (608)
[2018.07.30-20.39.33:093][628]LogModuleManager: Shutting down and abandoning module AddContentDialog (606)
[2018.07.30-20.39.33:093][628]LogModuleManager: Shutting down and abandoning module WidgetCarousel (605)
[2018.07.30-20.39.33:093][628]LogModuleManager: Shutting down and abandoning module EditorWidgets (602)
[2018.07.30-20.39.33:093][628]LogModuleManager: Shutting down and abandoning module CollectionManager (600)
[2018.07.30-20.39.33:093][628]LogModuleManager: Shutting down and abandoning module StatsViewer (598)
[2018.07.30-20.39.33:093][628]LogModuleManager: Shutting down and abandoning module FoliageEdit (596)
[2018.07.30-20.39.33:093][628]LogModuleManager: Shutting down and abandoning module LandscapeEditor (594)
[2018.07.30-20.39.33:093][628]LogModuleManager: Shutting down and abandoning module MeshPaintMode (592)
[2018.07.30-20.39.33:093][628]LogModuleManager: Shutting down and abandoning module SceneDepthPickerMode (590)
[2018.07.30-20.39.33:093][628]LogModuleManager: Shutting down and abandoning module ActorPickerMode (588)
[2018.07.30-20.39.33:093][628]LogModuleManager: Shutting down and abandoning module GeometryMode (586)
[2018.07.30-20.39.33:093][628]LogModuleManager: Shutting down and abandoning module TextureAlignMode (584)
[2018.07.30-20.39.33:093][628]LogModuleManager: Shutting down and abandoning module BspMode (582)
[2018.07.30-20.39.33:093][628]LogModuleManager: Shutting down and abandoning module PIEPreviewDeviceProfileSelector (580)
[2018.07.30-20.39.33:093][628]LogModuleManager: Shutting down and abandoning module SequenceRecorderSections (578)
[2018.07.30-20.39.33:093][628]LogModuleManager: Shutting down and abandoning module AutomationWorker (576)
[2018.07.30-20.39.33:093][628]LogModuleManager: Shutting down and abandoning module AudioCaptureEditor (574)
[2018.07.30-20.39.33:094][628]LogModuleManager: Shutting down and abandoning module SequenceRecorder (573)
[2018.07.30-20.39.33:094][628]LogModuleManager: Shutting down and abandoning module MatineeToLevelSequence (570)
[2018.07.30-20.39.33:094][628]LogModuleManager: Shutting down and abandoning module LevelSequenceEditor (568)
[2018.07.30-20.39.33:094][628]LogModuleManager: Shutting down and abandoning module PlacementMode (567)
[2018.07.30-20.39.33:094][628]LogModuleManager: Shutting down and abandoning module MaterialEditor (566)
[2018.07.30-20.39.33:094][628]LogModuleManager: Shutting down and abandoning module WmfMediaFactory (562)
[2018.07.30-20.39.33:094][628]LogModuleManager: Shutting down and abandoning module WmfMediaEditor (560)
[2018.07.30-20.39.33:094][628]LogModuleManager: Shutting down and abandoning module MediaPlayerEditor (558)
[2018.07.30-20.39.33:094][628]LogModuleManager: Shutting down and abandoning module OpenExrWrapper (556)
[2018.07.30-20.39.33:094][628]LogModuleManager: Shutting down and abandoning module ImgMediaFactory (554)
[2018.07.30-20.39.33:094][628]LogModuleManager: Shutting down and abandoning module ImgMediaEditor (552)
[2018.07.30-20.39.33:094][628]LogModuleManager: Shutting down and abandoning module AvfMediaFactory (550)
[2018.07.30-20.39.33:094][628]LogModuleManager: Shutting down and abandoning module AvfMediaEditor (548)
[2018.07.30-20.39.33:094][628]LogModuleManager: Shutting down and abandoning module AndroidMediaFactory (546)
[2018.07.30-20.39.33:094][628]LogModuleManager: Shutting down and abandoning module AndroidMediaEditor (544)
[2018.07.30-20.39.33:094][628]LogModuleManager: Shutting down and abandoning module MagicLeapCameraPreviewFactory (542)
[2018.07.30-20.39.33:094][628]LogModuleManager: Shutting down and abandoning module MagicLeapMediaFactory (540)
[2018.07.30-20.39.33:094][628]LogModuleManager: Shutting down and abandoning module MagicLeapMediaEditor (538)
[2018.07.30-20.39.33:094][628]LogModuleManager: Shutting down and abandoning module CharacterAI (536)
[2018.07.30-20.39.33:094][628]LogModuleManager: Shutting down and abandoning module SmartSnapping (534)
[2018.07.30-20.39.33:094][628]LogModuleManager: Shutting down and abandoning module SessionServices (532)
[2018.07.30-20.39.33:094][628]LogModuleManager: Shutting down and abandoning module ViewportSnapping (530)
[2018.07.30-20.39.33:094][628]LogModuleManager: Shutting down and abandoning module ViewportInteraction (528)
[2018.07.30-20.39.33:094][628]LogModuleManager: Shutting down and abandoning module ClothPainter (526)
[2018.07.30-20.39.33:094][628]LogModuleManager: Shutting down and abandoning module SkeletalMeshEditor (525)
[2018.07.30-20.39.33:094][628]LogModuleManager: Shutting down and abandoning module LogVisualizer (522)
[2018.07.30-20.39.33:094][628]LogModuleManager: Shutting down and abandoning module IntroTutorials (520)
[2018.07.30-20.39.33:094][628]LogModuleManager: Shutting down and abandoning module GameProjectGeneration (519)
[2018.07.30-20.39.33:094][628]LogModuleManager: Shutting down and abandoning module LuminPlatformEditor (516)
[2018.07.30-20.39.33:094][628]LogModuleManager: Shutting down and abandoning module IOSPlatformEditor (514)
[2018.07.30-20.39.33:094][628]LogModuleManager: Shutting down and abandoning module HTML5PlatformEditor (512)
[2018.07.30-20.39.33:094][628]LogModuleManager: Shutting down and abandoning module AndroidPlatformEditor (510)
[2018.07.30-20.39.33:094][628]LogModuleManager: Shutting down and abandoning module AndroidDeviceDetection (509)
[2018.07.30-20.39.33:546][628]LogModuleManager: Shutting down and abandoning module WindowsPlatformEditor (506)
[2018.07.30-20.39.33:546][628]LogModuleManager: Shutting down and abandoning module LuminRuntimeSettings (504)
[2018.07.30-20.39.33:546][628]LogModuleManager: Shutting down and abandoning module IOSRuntimeSettings (502)
[2018.07.30-20.39.33:546][628]LogModuleManager: Shutting down and abandoning module AndroidRuntimeSettings (500)
[2018.07.30-20.39.33:546][628]LogModuleManager: Shutting down and abandoning module InputBindingEditor (498)
[2018.07.30-20.39.33:546][628]LogModuleManager: Shutting down and abandoning module MergeActors (496)
[2018.07.30-20.39.33:546][628]LogModuleManager: Shutting down and abandoning module LocalizationDashboard (494)
[2018.07.30-20.39.33:546][628]LogModuleManager: Shutting down and abandoning module LocalizationService (493)
[2018.07.30-20.39.33:546][628]LogModuleManager: Shutting down and abandoning module HardwareTargeting (490)
[2018.07.30-20.39.33:546][628]LogModuleManager: Shutting down and abandoning module DeviceProfileEditor (488)
[2018.07.30-20.39.33:546][628]LogModuleManager: Shutting down and abandoning module UndoHistory (486)
[2018.07.30-20.39.33:546][628]LogModuleManager: Shutting down and abandoning module XmlParser (484)
[2018.07.30-20.39.33:546][628]LogModuleManager: Shutting down and abandoning module Blutility (482)
[2018.07.30-20.39.33:546][628]LogModuleManager: Shutting down and abandoning module ProjectSettingsViewer (480)
[2018.07.30-20.39.33:546][628]LogModuleManager: Shutting down and abandoning module ProjectTargetPlatformEditor (479)
[2018.07.30-20.39.33:547][628]LogModuleManager: Shutting down and abandoning module EditorSettingsViewer (476)
[2018.07.30-20.39.33:547][628]LogModuleManager: Shutting down and abandoning module SettingsEditor (474)
[2018.07.30-20.39.33:547][628]LogModuleManager: Shutting down and abandoning module ProjectLauncher (472)
[2018.07.30-20.39.33:547][628]LogModuleManager: Shutting down and abandoning module SessionFrontend (470)
[2018.07.30-20.39.33:547][628]LogModuleManager: Shutting down and abandoning module ProfilerClient (468)
[2018.07.30-20.39.33:547][628]LogModuleManager: Shutting down and abandoning module DeviceManager (466)
[2018.07.30-20.39.33:547][628]LogModuleManager: Shutting down and abandoning module TargetDeviceServices (465)
[2018.07.30-20.39.33:602][628]LogModuleManager: Shutting down and abandoning module AutomationController (462)
[2018.07.30-20.39.33:602][628]LogModuleManager: Shutting down and abandoning module AutomationWindow (460)
[2018.07.30-20.39.33:602][628]LogModuleManager: Shutting down and abandoning module Layers (458)
[2018.07.30-20.39.33:602][628]LogModuleManager: Shutting down and abandoning module ComponentVisualizers (456)
[2018.07.30-20.39.33:602][628]LogModuleManager: Shutting down and abandoning module DetailCustomizations (454)
[2018.07.30-20.39.33:602][628]LogModuleManager: Shutting down and abandoning module PackagesDialog (452)
[2018.07.30-20.39.33:602][628]LogModuleManager: Shutting down and abandoning module Persona (450)
[2018.07.30-20.39.33:602][628]LogModuleManager: Shutting down and abandoning module AdvancedPreviewScene (449)
[2018.07.30-20.39.33:602][628]LogModuleManager: Shutting down and abandoning module AnimGraph (447)
[2018.07.30-20.39.33:602][628]LogModuleManager: Shutting down and abandoning module Kismet (444)
[2018.07.30-20.39.33:606][628]LogModuleManager: Shutting down and abandoning module GraphEditor (442)
[2018.07.30-20.39.33:607][628]LogModuleManager: Shutting down and abandoning module ClassViewer (440)
[2018.07.30-20.39.33:607][628]LogModuleManager: Shutting down and abandoning module Toolbox (438)
[2018.07.30-20.39.33:607][628]LogModuleManager: Shutting down and abandoning module ModuleUI (436)
[2018.07.30-20.39.33:607][628]LogModuleManager: Shutting down and abandoning module MovieSceneTools (434)
[2018.07.30-20.39.33:607][628]LogModuleManager: Shutting down and abandoning module OutputLog (432)
[2018.07.30-20.39.33:607][628]LogModuleManager: Shutting down and abandoning module GammaUI (430)
[2018.07.30-20.39.33:607][628]LogModuleManager: Shutting down and abandoning module Documentation (428)
[2018.07.30-20.39.33:607][628]LogModuleManager: Shutting down and abandoning module MovieSceneTracks (426)
[2018.07.30-20.39.33:607][628]LogModuleManager: Shutting down and abandoning module MovieScene (424)
[2018.07.30-20.39.33:607][628]LogModuleManager: Shutting down and abandoning module StreamingPauseRendering (422)
[2018.07.30-20.39.33:607][628]LogModuleManager: Shutting down and abandoning module LauncherPlatform (420)
[2018.07.30-20.39.33:607][628]LogModuleManager: Shutting down and abandoning module AnalyticsET (418)
[2018.07.30-20.39.33:607][628]LogModuleManager: Shutting down and abandoning module PortalServices (416)
[2018.07.30-20.39.33:607][628]LogModuleManager: Shutting down and abandoning module PortalRpc (414)
[2018.07.30-20.39.33:607][628]LogModuleManager: Shutting down and abandoning module MessagingRpc (412)
[2018.07.30-20.39.33:607][628]LogModuleManager: Shutting down and abandoning module AIModule (410)
[2018.07.30-20.39.33:607][628]LogModuleManager: Shutting down and abandoning module GameplayDebugger (409)
[2018.07.30-20.39.33:607][628]LogModuleManager: Shutting down and abandoning module AITestSuite (407)
[2018.07.30-20.39.33:607][628]LogModuleManager: Shutting down and abandoning module NavigationSystem (405)
[2018.07.30-20.39.33:607][628]LogModuleManager: Shutting down and abandoning module DesktopPlatform (402)
[2018.07.30-20.39.33:607][628]LogModuleManager: Shutting down and abandoning module ProfilerService (400)
[2018.07.30-20.39.33:794][628]LogModuleManager: Shutting down and abandoning module TaskGraph (398)
[2018.07.30-20.39.33:794][628]LogModuleManager: Shutting down and abandoning module SteamVRController (396)
[2018.07.30-20.39.33:794][628]LogModuleManager: Shutting down and abandoning module ProceduralMeshComponentEditor (394)
[2018.07.30-20.39.33:794][628]LogModuleManager: Shutting down and abandoning module ProceduralMeshComponent (392)
[2018.07.30-20.39.33:794][628]LogModuleManager: Shutting down and abandoning module OculusInput (390)
[2018.07.30-20.39.33:794][628]LogModuleManager: Shutting down and abandoning module MobilePatchingUtils (388)
[2018.07.30-20.39.33:794][628]LogModuleManager: Shutting down and abandoning module EditableMesh (386)
[2018.07.30-20.39.33:794][628]LogModuleManager: Shutting down and abandoning module CustomMeshComponent (384)
[2018.07.30-20.39.33:794][628]LogModuleManager: Shutting down and abandoning module CableComponent (382)
[2018.07.30-20.39.33:794][628]LogModuleManager: Shutting down and abandoning module AudioCapture (380)
[2018.07.30-20.39.33:794][628]LogModuleManager: Shutting down and abandoning module ArchVisCharacter (378)
[2018.07.30-20.39.33:794][628]LogModuleManager: Shutting down and abandoning module AndroidPermission (376)
[2018.07.30-20.39.33:794][628]LogModuleManager: Shutting down and abandoning module NUTUnrealEngine4 (374)
[2018.07.30-20.39.33:794][628]LogModuleManager: Shutting down and abandoning module NetcodeUnitTest (372)
[2018.07.30-20.39.33:794][628]LogModuleManager: Shutting down and abandoning module MediaCompositingEditor (370)
[2018.07.30-20.39.33:794][628]LogModuleManager: Shutting down and abandoning module MediaCompositing (368)
[2018.07.30-20.39.33:794][628]LogModuleManager: Shutting down and abandoning module LinearTimecode (366)
[2018.07.30-20.39.33:794][628]LogModuleManager: Shutting down and abandoning module ImgMedia (364)
[2018.07.30-20.39.33:798][628]LogModuleManager: Shutting down and abandoning module HTML5Networking (362)
[2018.07.30-20.39.33:798][628]LogModuleManager: Shutting down and abandoning module GeometryCacheTracks (360)
[2018.07.30-20.39.33:798][628]LogModuleManager: Shutting down and abandoning module GeometryCacheSequencer (358)
[2018.07.30-20.39.33:798][628]LogModuleManager: Shutting down and abandoning module BackChannel (356)
[2018.07.30-20.39.33:798][628]LogModuleManager: Shutting down and abandoning module AppleVision (354)
[2018.07.30-20.39.33:798][628]LogModuleManager: Shutting down and abandoning module AppleImageUtils (352)
[2018.07.30-20.39.33:798][628]LogModuleManager: Shutting down and abandoning module AlembicImporter (350)
[2018.07.30-20.39.33:798][628]LogModuleManager: Shutting down and abandoning module AlembicLibrary (349)
[2018.07.30-20.39.33:798][628]LogModuleManager: Shutting down and abandoning module GeometryCache (348)
[2018.07.30-20.39.33:798][628]LogModuleManager: Shutting down and abandoning module GeometryCacheEd (347)
[2018.07.30-20.39.33:798][628]LogModuleManager: Shutting down and abandoning module DatasmithContentEditor (342)
[2018.07.30-20.39.33:799][628]LogModuleManager: Shutting down and abandoning module DatasmithContent (340)
[2018.07.30-20.39.33:799][628]LogModuleManager: Shutting down and abandoning module SpeedTreeImporter (338)
[2018.07.30-20.39.33:799][628]LogModuleManager: Shutting down and abandoning module PluginBrowser (336)
[2018.07.30-20.39.33:799][628]LogModuleManager: Shutting down and abandoning module MobileLauncherProfileWizard (334)
[2018.07.30-20.39.33:799][628]LogModuleManager: Shutting down and abandoning module PolygonModeling (332)
[2018.07.30-20.39.33:799][628]LogModuleManager: Shutting down and abandoning module MeshEditor (330)
[2018.07.30-20.39.33:799][628]LogModuleManager: Shutting down and abandoning module CryptoKeysOpenSSL (328)
[2018.07.30-20.39.33:799][628]LogModuleManager: Shutting down and abandoning module CryptoKeys (326)
[2018.07.30-20.39.33:799][628]LogModuleManager: Shutting down and abandoning module VisualStudioSourceCodeAccess (324)
[2018.07.30-20.39.33:799][628]LogModuleManager: Shutting down and abandoning module VisualStudioCodeSourceCodeAccess (322)
[2018.07.30-20.39.33:799][628]LogModuleManager: Shutting down and abandoning module UObjectPlugin (320)
[2018.07.30-20.39.33:799][628]LogModuleManager: Shutting down and abandoning module SubversionSourceControl (318)
[2018.07.30-20.39.33:799][628]LogModuleManager: Shutting down and abandoning module PerforceSourceControl (316)
[2018.07.30-20.39.33:799][628]LogModuleManager: Shutting down and abandoning module GitSourceControl (314)
[2018.07.30-20.39.33:799][628]LogModuleManager: Shutting down and abandoning module SourceControl (313)
[2018.07.30-20.39.33:799][628]LogModuleManager: Shutting down and abandoning module CLionSourceCodeAccess (310)
[2018.07.30-20.39.33:799][628]LogModuleManager: Shutting down and abandoning module LightPropagationVolumeEditor (308)
[2018.07.30-20.39.33:799][628]LogModuleManager: Shutting down and abandoning module PaperTiledImporter (306)
[2018.07.30-20.39.33:799][628]LogModuleManager: Shutting down and abandoning module PaperSpriteSheetImporter (304)
[2018.07.30-20.39.33:799][628]LogModuleManager: Shutting down and abandoning module Paper2DEditor (302)
[2018.07.30-20.39.33:799][628]LogModuleManager: Shutting down and abandoning module MeshPaint (301)
[2018.07.30-20.39.33:799][628]LogModuleManager: Shutting down and abandoning module RuntimePhysXCooking (298)
[2018.07.30-20.39.33:799][628]LogModuleManager: Shutting down and abandoning module PhysXVehiclesEditor (296)
[2018.07.30-20.39.33:799][628]LogModuleManager: Shutting down and abandoning module PhysXVehicles (294)
[2018.07.30-20.39.33:799][628]LogModuleManager: Shutting down and abandoning module OculusEditor (292)
[2018.07.30-20.39.33:799][628]LogModuleManager: Shutting down and abandoning module LocationServicesBPLibrary (290)
[2018.07.30-20.39.33:799][628]LogModuleManager: Shutting down and abandoning module ImmediatePhysicsEditor (288)
[2018.07.30-20.39.33:800][628]LogModuleManager: Shutting down and abandoning module ImmediatePhysics (286)
[2018.07.30-20.39.33:800][628]LogModuleManager: Shutting down and abandoning module ActorSequence (284)
[2018.07.30-20.39.33:800][628]LogModuleManager: Shutting down and abandoning module UdpMessaging (282)
[2018.07.30-20.39.33:901][628]LogModuleManager: Shutting down and abandoning module TcpMessaging (280)
[2018.07.30-20.39.34:002][628]LogModuleManager: Shutting down and abandoning module MagicLeapAudio (278)
[2018.07.30-20.39.34:002][628]LogModuleManager: Shutting down and abandoning module GameplayTagsEditor (276)
[2018.07.30-20.39.34:002][628]LogModuleManager: Shutting down and abandoning module FacialAnimationEditor (274)
[2018.07.30-20.39.34:002][628]LogModuleManager: Shutting down and abandoning module FacialAnimation (272)
[2018.07.30-20.39.34:002][628]LogModuleManager: Shutting down and abandoning module DataValidation (270)
[2018.07.30-20.39.34:002][628]LogModuleManager: Shutting down and abandoning module AssetManagerEditor (268)
[2018.07.30-20.39.34:002][628]LogModuleManager: Shutting down and abandoning module LevelEditor (267)
[2018.07.30-20.39.34:002][628]LogModuleManager: Shutting down and abandoning module PixelInspectorModule (266)
[2018.07.30-20.39.34:002][628]LogModuleManager: Shutting down and abandoning module CommonMenuExtensions (264)
[2018.07.30-20.39.34:002][628]LogModuleManager: Shutting down and abandoning module MainFrame (262)
[2018.07.30-20.39.34:002][628]LogModuleManager: Shutting down and abandoning module HotReload (261)
[2018.07.30-20.39.34:003][628]LogModuleManager: Shutting down and abandoning module ContentBrowser (257)
[2018.07.30-20.39.34:003][628]LogModuleManager: Shutting down and abandoning module TreeMap (255)
[2018.07.30-20.39.34:003][628]LogModuleManager: Shutting down and abandoning module LightPropagationVolumeRuntime (252)
[2018.07.30-20.39.34:003][628]LogModuleManager: Shutting down and abandoning module AISupportModule (250)
[2018.07.30-20.39.34:003][628]LogModuleManager: Shutting down and abandoning module Paper2D (248)
[2018.07.30-20.39.34:003][628]LogModuleManager: Shutting down and abandoning module WindowsMoviePlayer (246)
[2018.07.30-20.39.34:003][628]LogModuleManager: Shutting down and abandoning module WmfMedia (244)
[2018.07.30-20.39.34:005][628]LogModuleManager: Shutting down and abandoning module Media (243)
[2018.07.30-20.39.34:011][628]LogModuleManager: Shutting down and abandoning module PacketHandler (240)
[2018.07.30-20.39.34:011][628]LogModuleManager: Shutting down and abandoning module ClothingSystemEditor (238)
[2018.07.30-20.39.34:011][628]LogModuleManager: Shutting down and abandoning module ClothingSystemRuntime (236)
[2018.07.30-20.39.34:011][628]LogModuleManager: Shutting down and abandoning module MediaAssets (234)
[2018.07.30-20.39.34:011][628]LogModuleManager: Shutting down and abandoning module Overlay (232)
[2018.07.30-20.39.34:011][628]LogModuleManager: Shutting down and abandoning module OverlayEditor (231)
[2018.07.30-20.39.34:011][628]LogModuleManager: Shutting down and abandoning module VREditor (228)
[2018.07.30-20.39.34:011][628]LogModuleManager: Shutting down and abandoning module StringTableEditor (226)
[2018.07.30-20.39.34:011][628]LogModuleManager: Shutting down and abandoning module GameplayTasksEditor (224)
[2018.07.30-20.39.34:011][628]LogModuleManager: Shutting down and abandoning module BehaviorTreeEditor (222)
[2018.07.30-20.39.34:011][628]LogModuleManager: Shutting down and abandoning module FunctionalTesting (220)
[2018.07.30-20.39.34:012][628]LogModuleManager: Shutting down and abandoning module CollisionAnalyzer (218)
[2018.07.30-20.39.34:012][628]LogModuleManager: Shutting down and abandoning module WorkspaceMenuStructure (217)
[2018.07.30-20.39.34:012][628]LogModuleManager: Shutting down and abandoning module UMG (214)
[2018.07.30-20.39.34:012][628]LogModuleManager: Shutting down and abandoning module UMGEditor (213)
[2018.07.30-20.39.34:012][628]LogModuleManager: Shutting down and abandoning module Sequencer (212)
[2018.07.30-20.39.34:012][628]LogModuleManager: Shutting down and abandoning module MessageLog (209)
[2018.07.30-20.39.34:012][628]LogModuleManager: Shutting down and abandoning module SlateReflector (204)
[2018.07.30-20.39.34:012][628]LogModuleManager: Shutting down and abandoning module Slate (202)
[2018.07.30-20.39.34:012][628]LogModuleManager: Shutting down and abandoning module EditorStyle (200)
[2018.07.30-20.39.34:013][628]LogModuleManager: Shutting down and abandoning module MRMesh (198)
[2018.07.30-20.39.34:013][628]LogModuleManager: Shutting down and abandoning module SourceCodeAccess (196)
[2018.07.30-20.39.34:013][628]LogModuleManager: Shutting down and abandoning module HeadMountedDisplay (194)
[2018.07.30-20.39.34:013][628]LogModuleManager: Shutting down and abandoning module XAudio2 (192)
[2018.07.30-20.39.34:013][628]LogModuleManager: Shutting down and abandoning module Networking (190)
[2018.07.30-20.39.34:013][628]LogModuleManager: Shutting down and abandoning module Core (188)
[2018.07.30-20.39.34:013][628]LogModuleManager: Shutting down and abandoning module LevelSequence (186)
[2018.07.30-20.39.34:013][628]LogModuleManager: Shutting down and abandoning module KismetCompiler (184)
[2018.07.30-20.39.34:013][628]LogModuleManager: Shutting down and abandoning module MeshUtilities (182)
[2018.07.30-20.39.34:013][628]LogModuleManager: Shutting down and abandoning module MeshMergeUtilities (181)
[2018.07.30-20.39.34:013][628]LogModuleManager: Shutting down and abandoning module MeshReductionInterface (180)
[2018.07.30-20.39.34:013][628]LogModuleManager: Shutting down and abandoning module SimplygonSwarm (179)
[2018.07.30-20.39.34:013][628]LogModuleManager: Shutting down and abandoning module ProxyLODMeshReduction (177)
[2018.07.30-20.39.34:013][628]LogModuleManager: Shutting down and abandoning module SimplygonMeshReduction (175)
[2018.07.30-20.39.34:013][628]LogModuleManager: Shutting down and abandoning module QuadricMeshReduction (173)
[2018.07.30-20.39.34:013][628]LogModuleManager: Shutting down and abandoning module MaterialBaking (169)
[2018.07.30-20.39.34:013][628]LogModuleManager: Shutting down and abandoning module DirectoryWatcher (165)
[2018.07.30-20.39.34:014][628]LogModuleManager: Shutting down and abandoning module DerivedDataCache (162)
[2018.07.30-20.39.34:068][628]LogDerivedDataCache: Shutdown
[2018.07.30-20.39.34:068][628]LogModuleManager: Shutting down and abandoning module XGEController (160)
[2018.07.30-20.39.34:068][628]LogModuleManager: Shutting down and abandoning module TargetPlatform (158)
[2018.07.30-20.39.34:068][628]LogModuleManager: Shutting down and abandoning module VulkanShaderFormat (157)
[2018.07.30-20.39.34:068][628]LogModuleManager: Shutting down and abandoning module ShaderFormatVectorVM (155)
[2018.07.30-20.39.34:068][628]LogModuleManager: Shutting down and abandoning module ShaderFormatOpenGL (153)
[2018.07.30-20.39.34:068][628]LogModuleManager: Shutting down and abandoning module ShaderFormatD3D (151)
[2018.07.30-20.39.34:068][628]LogModuleManager: Shutting down and abandoning module MetalShaderFormat (149)
[2018.07.30-20.39.34:068][628]LogModuleManager: Shutting down and abandoning module TextureFormatUncompressed (147)
[2018.07.30-20.39.34:068][628]LogModuleManager: Shutting down and abandoning module TextureFormatPVR (145)
[2018.07.30-20.39.34:068][628]LogModuleManager: Shutting down and abandoning module TextureFormatDXT (143)
[2018.07.30-20.39.34:068][628]LogModuleManager: Shutting down and abandoning module TextureFormatIntelISPCTexComp (141)
[2018.07.30-20.39.34:068][628]LogModuleManager: Shutting down and abandoning module TextureFormatASTC (139)
[2018.07.30-20.39.34:068][628]LogModuleManager: Shutting down and abandoning module ImageWrapper (138)
[2018.07.30-20.39.34:068][628]LogModuleManager: Shutting down and abandoning module TextureFormatAndroid (135)
[2018.07.30-20.39.34:068][628]LogModuleManager: Shutting down and abandoning module AudioFormatOpus (133)
[2018.07.30-20.39.34:068][628]LogModuleManager: Shutting down and abandoning module AudioFormatOgg (131)
[2018.07.30-20.39.34:068][628]LogModuleManager: Shutting down and abandoning module AudioFormatADPCM (129)
[2018.07.30-20.39.34:068][628]LogModuleManager: Shutting down and abandoning module LuminTargetPlatform (127)
[2018.07.30-20.39.34:068][628]LogModuleManager: Shutting down and abandoning module LinuxTargetPlatform (125)
[2018.07.30-20.39.34:068][628]LogModuleManager: Shutting down and abandoning module LinuxServerTargetPlatform (123)
[2018.07.30-20.39.34:069][628]LogModuleManager: Shutting down and abandoning module LinuxNoEditorTargetPlatform (121)
[2018.07.30-20.39.34:069][628]LogModuleManager: Shutting down and abandoning module LinuxClientTargetPlatform (119)
[2018.07.30-20.39.34:069][628]LogModuleManager: Shutting down and abandoning module TVOSTargetPlatform (117)
[2018.07.30-20.39.34:069][628]LogModuleManager: Shutting down and abandoning module Messaging (115)
[2018.07.30-20.39.34:069][628]LogModuleManager: Shutting down and abandoning module IOSTargetPlatform (113)
[2018.07.30-20.39.34:070][628]LogModuleManager: Shutting down and abandoning module HTML5TargetPlatform (111)
[2018.07.30-20.39.34:070][628]LogModuleManager: Shutting down and abandoning module AndroidTargetPlatform (109)
[2018.07.30-20.39.34:075][628]LogModuleManager: Shutting down and abandoning module WindowsTargetPlatform (107)
[2018.07.30-20.39.34:075][628]LogModuleManager: Shutting down and abandoning module WindowsServerTargetPlatform (105)
[2018.07.30-20.39.34:075][628]LogModuleManager: Shutting down and abandoning module WindowsNoEditorTargetPlatform (103)
[2018.07.30-20.39.34:075][628]LogModuleManager: Shutting down and abandoning module WindowsClientTargetPlatform (101)
[2018.07.30-20.39.34:075][628]LogModuleManager: Shutting down and abandoning module MacTargetPlatform (99)
[2018.07.30-20.39.34:075][628]LogModuleManager: Shutting down and abandoning module MacServerTargetPlatform (97)
[2018.07.30-20.39.34:075][628]LogModuleManager: Shutting down and abandoning module MacNoEditorTargetPlatform (95)
[2018.07.30-20.39.34:075][628]LogModuleManager: Shutting down and abandoning module MacClientTargetPlatform (93)
[2018.07.30-20.39.34:075][628]LogModuleManager: Shutting down and abandoning module AllDesktopTargetPlatform (91)
[2018.07.30-20.39.34:075][628]LogModuleManager: Shutting down and abandoning module InputCore (88)
[2018.07.30-20.39.34:075][628]LogModuleManager: Shutting down and abandoning module Settings (86)
[2018.07.30-20.39.34:075][628]LogModuleManager: Shutting down and abandoning module PhysXCooking (84)
[2018.07.30-20.39.34:075][628]LogModuleManager: Shutting down and abandoning module SteamVR (82)
[2018.07.30-20.39.34:075][628]LogModuleManager: Shutting down and abandoning module OculusHMD (80)
[2018.07.30-20.39.34:075][628]LogModuleManager: Shutting down and abandoning module ExampleDeviceProfileSelector (78)
[2018.07.30-20.39.34:075][628]LogModuleManager: Shutting down and abandoning module LauncherChunkInstaller (76)
[2018.07.30-20.39.34:075][628]LogModuleManager: Shutting down and abandoning module OnlineBlueprintSupport (74)
[2018.07.30-20.39.34:075][628]LogModuleManager: Shutting down and abandoning module OnlineSubsystem (70)
[2018.07.30-20.39.34:076][628]LogModuleManager: Shutting down and abandoning module XMPP (65)
[2018.07.30-20.39.34:076][628]LogModuleManager: Shutting down and abandoning module WebSockets (64)
[2018.07.30-20.39.34:079][628]LogModuleManager: Shutting down and abandoning module HTTP (61)
[2018.07.30-20.39.34:080][628]LogHttp: Display: Http module shutting down, but needs to wait on 1 outstanding Http requests:
[2018.07.30-20.39.34:080][628]LogHttp: Display: 	verb=[POST] url=[https://datarouter.ol.epicgames.com/datarouter/api/v1/public/data?SessionID=%7BF6A255E2-4850-7D0F-6853-D1B7D16A6632%7D&AppID=UEEditor.Rocket.Release&AppVersion=4.20.0-4212847%2B%2B%2BUE4%2BRelease-4.20&UserID=8d565afb4f901f97d9c44ca099baa1bf%7C63e62efcbf0f43029c8072b76068276f%7C9028971d-8b22-416a-88c7-84e40ff769fa&AppEnvironment=datacollector-binary&UploadType=eteventstream] status=Processing
[2018.07.30-20.39.34:108][628]LogModuleManager: Shutting down and abandoning module SSL (60)
[2018.07.30-20.39.34:109][628]LogModuleManager: Shutting down and abandoning module MagicLeapEmulator (56)
[2018.07.30-20.39.34:109][628]LogModuleManager: Shutting down and abandoning module MagicLeapPrivileges (54)
[2018.07.30-20.39.34:109][628]LogModuleManager: Shutting down and abandoning module MagicLeapIdentity (52)
[2018.07.30-20.39.34:109][628]LogModuleManager: Shutting down and abandoning module MagicLeapHelperVulkan (50)
[2018.07.30-20.39.34:109][628]LogModuleManager: Shutting down and abandoning module MagicLeapHelperOpenGL (48)
[2018.07.30-20.39.34:109][628]LogModuleManager: Shutting down and abandoning module MagicLeapSecureStorage (46)
[2018.07.30-20.39.34:109][628]LogModuleManager: Shutting down and abandoning module MagicLeapGestures (44)
[2018.07.30-20.39.34:109][628]LogModuleManager: Shutting down and abandoning module MagicLeapEyeTracker (42)
[2018.07.30-20.39.34:109][628]LogModuleManager: Shutting down and abandoning module MagicLeapController (40)
[2018.07.30-20.39.34:109][628]LogSlate: Slate User Destroyed.  User Index 0, Is Virtual User: 0
[2018.07.30-20.39.34:109][628]LogModuleManager: Shutting down and abandoning module MagicLeap (38)
[2018.07.30-20.39.34:109][628]LogModuleManager: Shutting down and abandoning module AnimationModifiers (36)
[2018.07.30-20.39.34:109][628]LogModuleManager: Shutting down and abandoning module PropertyEditor (35)
[2018.07.30-20.39.34:109][628]LogModuleManager: Shutting down and abandoning module AudioEditor (32)
[2018.07.30-20.39.34:109][628]LogModuleManager: Shutting down and abandoning module TextureCompressor (30)
[2018.07.30-20.39.34:109][628]LogModuleManager: Shutting down and abandoning module ShaderCore (28)
[2018.07.30-20.39.34:109][628]LogModuleManager: Shutting down and abandoning module Landscape (26)
[2018.07.30-20.39.34:109][628]LogModuleManager: Shutting down and abandoning module SlateRHIRenderer (24)
[2018.07.30-20.39.34:110][628]LogModuleManager: Shutting down and abandoning module OpenGLDrv (22)
[2018.07.30-20.39.34:110][628]LogModuleManager: Shutting down and abandoning module D3D11RHI (20)
[2018.07.30-20.39.34:110][628]LogModuleManager: Shutting down and abandoning module AnimGraphRuntime (18)
[2018.07.30-20.39.34:110][628]LogModuleManager: Shutting down and abandoning module Renderer (16)
[2018.07.30-20.39.34:110][628]LogModuleManager: Shutting down and abandoning module Engine (14)
[2018.07.30-20.39.34:110][628]LogModuleManager: Shutting down and abandoning module CoreUObject (12)
[2018.07.30-20.39.34:110][628]LogModuleManager: Shutting down and abandoning module NetworkFile (10)
[2018.07.30-20.39.34:110][628]LogModuleManager: Shutting down and abandoning module CookedIterativeFile (8)
[2018.07.30-20.39.34:110][628]LogModuleManager: Shutting down and abandoning module StreamingFile (6)
[2018.07.30-20.39.34:110][628]LogModuleManager: Shutting down and abandoning module SandboxFile (4)
[2018.07.30-20.39.34:110][628]LogModuleManager: Shutting down and abandoning module PakFile (2)
[2018.07.30-20.39.34:116][628]LogExit: Exiting.
[2018.07.30-20.39.34:124][628]Log file closed, 07/30/18 16:39:34
