Log file open, 07/23/18 00:52:48
LogWindows: Failed to load 'aqProf.dll' (GetLastError=126)
LogWindows: File 'aqProf.dll' does not exist
LogWindows: Failed to load 'VSPerf140.dll' (GetLastError=126)
LogWindows: File 'VSPerf140.dll' does not exist
LogWindows: Failed to load 'VtuneApi.dll' (GetLastError=126)
LogWindows: File 'VtuneApi.dll' does not exist
LogWindows: Failed to load 'VtuneApi32e.dll' (GetLastError=126)
LogWindows: File 'VtuneApi32e.dll' does not exist
LogInit: Display: Running engine for game: TheGauntlet
LogPlatformFile: Not using cached read wrapper
LogTaskGraph: Started task graph with 5 named threads and 23 total threads with 3 sets of task threads.
LogStats: Stats thread started at 0.273564
LogD3D11RHI: Loaded GFSDK_Aftermath_Lib.x64.dll
LogICUInternationalization: Display: ICU TimeZone Detection - Raw Offset: -5:00, Platform Override: ''
LogPluginManager: Mounting plugin Paper2D
LogPluginManager: Mounting plugin AISupport
LogPluginManager: Mounting plugin LightPropagationVolume
LogPluginManager: Mounting plugin CLionSourceCodeAccess
LogPluginManager: Mounting plugin CodeLiteSourceCodeAccess
LogPluginManager: Mounting plugin GitSourceControl
LogPluginManager: Mounting plugin KDevelopSourceCodeAccess
LogPluginManager: Mounting plugin NullSourceCodeAccess
LogPluginManager: Mounting plugin PerforceSourceControl
LogPluginManager: Mounting plugin SubversionSourceControl
LogPluginManager: Mounting plugin UObjectPlugin
LogPluginManager: Mounting plugin VisualStudioCodeSourceCodeAccess
LogPluginManager: Mounting plugin VisualStudioSourceCodeAccess
LogPluginManager: Mounting plugin XCodeSourceCodeAccess
LogPluginManager: Mounting plugin AssetManagerEditor
LogPluginManager: Mounting plugin CryptoKeys
LogPluginManager: Mounting plugin DataValidation
LogPluginManager: Mounting plugin FacialAnimation
LogPluginManager: Mounting plugin GameplayTagsEditor
LogPluginManager: Mounting plugin MacGraphicsSwitching
LogPluginManager: Mounting plugin MeshEditor
LogPluginManager: Mounting plugin MobileLauncherProfileWizard
LogPluginManager: Mounting plugin PluginBrowser
LogPluginManager: Mounting plugin SpeedTreeImporter
LogPluginManager: Mounting plugin DatasmithContent
LogPluginManager: Mounting plugin AlembicImporter
LogPluginManager: Mounting plugin AppleImageUtils
LogPluginManager: Mounting plugin AppleVision
LogPluginManager: Mounting plugin BackChannel
LogPluginManager: Mounting plugin CharacterAI
LogPluginManager: Mounting plugin GeometryCache
LogPluginManager: Mounting plugin HTML5Networking
LogPluginManager: Mounting plugin ProxyLODPlugin
LogPluginManager: Mounting plugin MagicLeap
LogPluginManager: Mounting plugin MagicLeapEmulator
LogPluginManager: Mounting plugin MagicLeapMedia
LogPluginManager: Mounting plugin AndroidMedia
LogPluginManager: Mounting plugin AvfMedia
LogPluginManager: Mounting plugin ImgMedia
LogPluginManager: Mounting plugin LinearTimecode
LogPluginManager: Mounting plugin MediaCompositing
LogPluginManager: Mounting plugin MediaPlayerEditor
LogPluginManager: Mounting plugin WmfMedia
LogPluginManager: Mounting plugin TcpMessaging
LogPluginManager: Mounting plugin UdpMessaging
LogPluginManager: Mounting plugin ActorSequence
LogPluginManager: Mounting plugin LevelSequenceEditor
LogPluginManager: Mounting plugin MatineeToLevelSequence
LogPluginManager: Mounting plugin NetcodeUnitTest
LogPluginManager: Mounting plugin NUTUnrealEngine4
LogPluginManager: Mounting plugin OnlineSubsystemGooglePlay
LogPluginManager: Mounting plugin OnlineSubsystemIOS
LogPluginManager: Mounting plugin OnlineSubsystem
LogPluginManager: Mounting plugin OnlineSubsystemNull
LogPluginManager: Mounting plugin OnlineSubsystemUtils
LogPluginManager: Mounting plugin LauncherChunkInstaller
LogPluginManager: Mounting plugin AndroidDeviceProfileSelector
LogPluginManager: Mounting plugin AndroidMoviePlayer
LogPluginManager: Mounting plugin AndroidPermission
LogPluginManager: Mounting plugin AppleMoviePlayer
LogPluginManager: Mounting plugin ArchVisCharacter
LogPluginManager: Mounting plugin AudioCapture
LogPluginManager: Mounting plugin CableComponent
LogPluginManager: Mounting plugin CustomMeshComponent
LogPluginManager: Mounting plugin EditableMesh
LogPluginManager: Mounting plugin ExampleDeviceProfileSelector
LogPluginManager: Mounting plugin GoogleCloudMessaging
LogPluginManager: Mounting plugin ImmediatePhysics
LogPluginManager: Mounting plugin IOSDeviceProfileSelector
LogPluginManager: Mounting plugin LinuxDeviceProfileSelector
LogPluginManager: Mounting plugin LocationServicesBPLibrary
LogPluginManager: Mounting plugin MobilePatchingUtils
LogPluginManager: Mounting plugin OculusVR
LogPluginManager: Plugin shader directory ../../../Engine/Plugins/Runtime/Oculus/OculusVR/Shaders found
LogPluginManager: Mapping shader source directory ../../../Engine/Plugins/Runtime/Oculus/OculusVR/Shaders to virtual directory /Plugin/OculusVR
LogPluginManager: Mounting plugin PhysXVehicles
LogPluginManager: Mounting plugin ProceduralMeshComponent
LogPluginManager: Mounting plugin RuntimePhysXCooking
LogPluginManager: Mounting plugin SteamVR
LogPluginManager: Mounting plugin WindowsMoviePlayer
LogStreaming: Display: Took  0.401s to configure plugins.
LogInit: Using libcurl 7.55.1-DEV
LogInit:  - built for x86_64-pc-win32
LogInit:  - supports SSL with OpenSSL/1.0.2h
LogInit:  - supports HTTP deflate (compression) using libz 1.2.8
LogInit:  - other features:
LogInit:      CURL_VERSION_SSL
LogInit:      CURL_VERSION_LIBZ
LogInit:      CURL_VERSION_IPV6
LogInit:      CURL_VERSION_ASYNCHDNS
LogInit:      CURL_VERSION_LARGEFILE
LogInit:      CURL_VERSION_IDN
LogInit:  CurlRequestOptions (configurable via config and command line):
LogInit:  - bVerifyPeer = false  - Libcurl will NOT verify peer certificate
LogInit:  - bUseHttpProxy = false  - Libcurl will NOT use HTTP proxy
LogInit:  - bDontReuseConnections = false  - Libcurl will reuse connections
LogInit:  - CertBundlePath = nullptr  - Libcurl will use whatever was configured at build time.
LogInit:  - MaxHostConnections = 16  - Libcurl will limit the number of connections to a host
LogInit:  - LocalHostAddr = Default
LogInit:  - BufferSize = 65536
LogInit: WinSock: version 1.1 (2.2), MaxSocks=32767, MaxUdp=65467
LogInit: Build: ++UE4+Release-4.20-CL-4212847
LogInit: Engine Version: 4.20.0-4212847+++UE4+Release-4.20
LogInit: Compatible Engine Version: 4.20.0-4212847+++UE4+Release-4.20
LogInit: Net CL: 4212847
LogInit: OS: Windows 10 (), CPU: Intel(R) Core(TM) i7-7700 CPU @ 3.60GHz, GPU: NVIDIA GeForce GTX 1060 3GB
LogInit: Compiled (64-bit): Jul 14 2018 09:51:14
LogInit: Compiled with Visual C++: 19.13.26129.00
LogInit: Build Configuration: Development
LogInit: Branch Name: ++UE4+Release-4.20
LogInit: Command Line: 
LogInit: Base Directory: C:/Program Files/Epic Games/UE_4.20/Engine/Binaries/Win64/
LogInit: Installed Engine Build: 1
LogDevObjectVersion: Number of dev versions registered: 20
LogDevObjectVersion:   Dev-Blueprints (B0D832E4-1F89-4F0D-ACCF-7EB736FD4AA2): 10
LogDevObjectVersion:   Dev-Build (E1C64328-A22C-4D53-A36C-8E866417BD8C): 0
LogDevObjectVersion:   Dev-Core (375EC13C-06E4-48FB-B500-84F0262A717E): 2
LogDevObjectVersion:   Dev-Editor (E4B068ED-F494-42E9-A231-DA0B2E46BB41): 24
LogDevObjectVersion:   Dev-Framework (CFFC743F-43B0-4480-9391-14DF171D2073): 34
LogDevObjectVersion:   Dev-Mobile (B02B49B5-BB20-44E9-A304-32B752E40360): 2
LogDevObjectVersion:   Dev-Networking (A4E4105C-59A1-49B5-A7C5-40C4547EDFEE): 0
LogDevObjectVersion:   Dev-Online (39C831C9-5AE6-47DC-9A44-9C173E1C8E7C): 0
LogDevObjectVersion:   Dev-Physics (78F01B33-EBEA-4F98-B9B4-84EACCB95AA2): 0
LogDevObjectVersion:   Dev-Platform (6631380F-2D4D-43E0-8009-CF276956A95A): 0
LogDevObjectVersion:   Dev-Rendering (12F88B9F-8875-4AFC-A67C-D90C383ABD29): 26
LogDevObjectVersion:   Dev-Sequencer (7B5AE74C-D270-4C10-A958-57980B212A5A): 9
LogDevObjectVersion:   Dev-VR (D7296918-1DD6-4BDD-9DE2-64A83CC13884): 2
LogDevObjectVersion:   Dev-LoadTimes (C2A15278-BFE7-4AFE-6C17-90FF531DF755): 1
LogDevObjectVersion:   Private-Geometry (6EACA3D4-40EC-4CC1-B786-8BED09428FC5): 3
LogDevObjectVersion:   Dev-AnimPhys (29E575DD-E0A3-4627-9D10-D276232CDCEA): 17
LogDevObjectVersion:   Dev-ReflectionCapture (6B266CEC-1EC7-4B8F-A30B-E4D90942FC07): 1
LogDevObjectVersion:   Dev-Automation (0DF73D61-A23F-47EA-B727-89E90C41499A): 1
LogDevObjectVersion:   FortniteMain (601D1886-AC64-4F84-AA16-D3DE0DEAC7D6): 12
LogDevObjectVersion:   Dev-Enterprise (9DFFBCD6-494F-0158-E221-12823C92A888): 1
LogStreaming: Display: Took  0.001s to delete old logs.
LogInit: Presizing for max 8388607 objects, including 0 objects not considered by GC, pre-allocating 0 bytes for permanent pool.
LogInit: Object subsystem initialized
[2018.07.23-04.52.48:556][  0]LogInit: Selected Device Profile: [Windows]
[2018.07.23-04.52.48:556][  0]LogInit: Applying CVar settings loaded from the selected device profile: [Windows]
[2018.07.23-04.52.48:598][  0]LogHAL: Display: Platform has ~ 16 GB [17120108544 / 17179869184 / 16], which maps to Larger [LargestMinGB=32, LargerMinGB=12, DefaultMinGB=8, SmallerMinGB=6, SmallestMinGB=0)
[2018.07.23-04.52.48:598][  0]LogInit: Setting Device Profile CVar: [[r.Vulkan.UseRealUBs:1]]
[2018.07.23-04.52.48:598][  0]LogInit: Going up to parent DeviceProfile []
[2018.07.23-04.52.48:599][  0]LogInit: Computer: DESKTOP-V72DBF1
[2018.07.23-04.52.48:599][  0]LogInit: User: Hunter
[2018.07.23-04.52.48:599][  0]LogInit: CPU Page size=4096, Cores=4
[2018.07.23-04.52.48:599][  0]LogInit: High frequency timer resolution =3.515622 MHz
[2018.07.23-04.52.48:599][  0]LogMemory: Memory total: Physical=15.9GB (16GB approx)
[2018.07.23-04.52.48:599][  0]LogMemory: Platform Memory Stats for Windows
[2018.07.23-04.52.48:599][  0]LogMemory: Process Physical Memory: 101.30 MB used, 101.30 MB peak
[2018.07.23-04.52.48:599][  0]LogMemory: Process Virtual Memory: 90.30 MB used, 90.30 MB peak
[2018.07.23-04.52.48:599][  0]LogMemory: Physical Memory: 4834.42 MB used,  11492.59 MB free, 16327.01 MB total
[2018.07.23-04.52.48:599][  0]LogMemory: Virtual Memory: 4638.45 MB used,  11492.59 MB free, 134217728.00 MB total
[2018.07.23-04.52.48:613][  0]LogInit: Using OS detected language (en-US).
[2018.07.23-04.52.48:613][  0]LogInit: Using OS detected locale (en-US).
[2018.07.23-04.52.48:614][  0]LogTextLocalizationManager: No specific localization for 'en-US' exists, so the 'en' localization will be used.
[2018.07.23-04.52.48:952][  0]LogStreaming: Display: Took  0.339s to InitEngineTextLocalization.
[2018.07.23-04.52.48:952][  0]LogInit: Setting process to per monitor DPI aware
[2018.07.23-04.52.49:005][  0]LogSlate: New Slate User Created.  User Index 0, Is Virtual User: 0
[2018.07.23-04.52.49:005][  0]LogSlate: Slate User Registered.  User Index 0, Is Virtual User: 0
[2018.07.23-04.52.49:177][  0]LogHMD: Failed to initialize OpenVR with code 110
[2018.07.23-04.52.49:177][  0]LogD3D11RHI: D3D11 adapters:
[2018.07.23-04.52.49:225][  0]LogD3D11RHI:    0. 'NVIDIA GeForce GTX 1060 3GB' (Feature Level 11_0)
[2018.07.23-04.52.49:225][  0]LogD3D11RHI:       2988/0/8163 MB DedicatedVideo/DedicatedSystem/SharedSystem, Outputs:3, VendorId:0x10de
[2018.07.23-04.52.49:227][  0]LogD3D11RHI:    1. 'Microsoft Basic Render Driver' (Feature Level 11_0)
[2018.07.23-04.52.49:227][  0]LogD3D11RHI:       0/0/8163 MB DedicatedVideo/DedicatedSystem/SharedSystem, Outputs:0, VendorId:0x1414
[2018.07.23-04.52.49:227][  0]LogD3D11RHI: Chosen D3D11 Adapter: 0
[2018.07.23-04.52.49:231][  0]LogD3D11RHI: Creating new Direct3DDevice
[2018.07.23-04.52.49:231][  0]LogD3D11RHI:     GPU DeviceId: 0x1c02 (for the marketing name, search the web for "GPU Device Id")
[2018.07.23-04.52.49:231][  0]LogWindows: EnumDisplayDevices:
[2018.07.23-04.52.49:231][  0]LogWindows:    0. 'NVIDIA GeForce GTX 1060 3GB' (P:1 D:1)
[2018.07.23-04.52.49:231][  0]LogWindows:    1. 'NVIDIA GeForce GTX 1060 3GB' (P:0 D:1)
[2018.07.23-04.52.49:232][  0]LogWindows:    2. 'NVIDIA GeForce GTX 1060 3GB' (P:0 D:1)
[2018.07.23-04.52.49:232][  0]LogWindows:    3. 'NVIDIA GeForce GTX 1060 3GB' (P:0 D:0)
[2018.07.23-04.52.49:232][  0]LogWindows: DebugString: FoundDriverCount:4 
[2018.07.23-04.52.49:232][  0]LogD3D11RHI:     Adapter Name: NVIDIA GeForce GTX 1060 3GB
[2018.07.23-04.52.49:232][  0]LogD3D11RHI:   Driver Version: 398.36 (internal:24.21.13.9836, unified:398.36)
[2018.07.23-04.52.49:232][  0]LogD3D11RHI:      Driver Date: 6-24-2018
[2018.07.23-04.52.49:232][  0]LogRHI: Texture pool is 2091 MB (70% of 2988 MB)
[2018.07.23-04.52.49:264][  0]LogD3D11RHI: Async texture creation enabled
[2018.07.23-04.52.49:292][  0]LogD3D11RHI: GPU Timing Frequency: 1000.000000 (Debug: 2 2)
[2018.07.23-04.52.49:432][  0]LogShaderCompilers: Guid format shader working directory is -14 characters bigger than the processId version (D:/Unreal Projects/Git/FracturedDevelopments/TheGauntlet 4.20/Intermediate/Shaders/WorkingDirectory/1328/).
[2018.07.23-04.52.49:432][  0]LogShaderCompilers: Cleaned the shader compiler working directory 'C:/Users/Hunter/AppData/Local/Temp/UnrealShaderWorkingDir/F3E0FD2C45E7FFA441E1AE99592BBA46/'.
[2018.07.23-04.52.49:649][  0]LogTemp: Display: Loaded TP AllDesktopTargetPlatform
[2018.07.23-04.52.49:660][  0]LogTemp: Display: Loaded TP MacClientTargetPlatform
[2018.07.23-04.52.49:671][  0]LogTemp: Display: Loaded TP MacNoEditorTargetPlatform
[2018.07.23-04.52.49:682][  0]LogTemp: Display: Loaded TP MacServerTargetPlatform
[2018.07.23-04.52.49:697][  0]LogTemp: Display: Loaded TP MacTargetPlatform
[2018.07.23-04.52.49:709][  0]LogTemp: Display: Loaded TP WindowsClientTargetPlatform
[2018.07.23-04.52.49:720][  0]LogTemp: Display: Loaded TP WindowsNoEditorTargetPlatform
[2018.07.23-04.52.49:732][  0]LogTemp: Display: Loaded TP WindowsServerTargetPlatform
[2018.07.23-04.52.49:737][  0]LogTemp: Display: Loaded TP WindowsTargetPlatform
[2018.07.23-04.52.49:804][  0]LogTemp: Display: Loaded TP AndroidTargetPlatform
[2018.07.23-04.52.49:804][  0]LogTemp: Display: Loaded TP AndroidTargetPlatform
[2018.07.23-04.52.49:804][  0]LogTemp: Display: Loaded TP AndroidTargetPlatform
[2018.07.23-04.52.49:804][  0]LogTemp: Display: Loaded TP AndroidTargetPlatform
[2018.07.23-04.52.49:804][  0]LogTemp: Display: Loaded TP AndroidTargetPlatform
[2018.07.23-04.52.49:804][  0]LogTemp: Display: Loaded TP AndroidTargetPlatform
[2018.07.23-04.52.49:804][  0]LogTemp: Display: Loaded TP AndroidTargetPlatform
[2018.07.23-04.52.49:804][  0]LogTemp: Display: Loaded TP AndroidTargetPlatform
[2018.07.23-04.52.49:804][  0]LogTemp: Display: Loaded TP AndroidTargetPlatform
[2018.07.23-04.52.49:804][  0]LogTemp: Display: Loaded TP AndroidTargetPlatform
[2018.07.23-04.52.49:804][  0]LogTemp: Display: Loaded TP AndroidTargetPlatform
[2018.07.23-04.52.49:804][  0]LogTemp: Display: Loaded TP AndroidTargetPlatform
[2018.07.23-04.52.49:804][  0]LogTemp: Display: Loaded TP AndroidTargetPlatform
[2018.07.23-04.52.49:804][  0]LogTemp: Display: Loaded TP AndroidTargetPlatform
[2018.07.23-04.52.49:804][  0]LogTemp: Display: Loaded TP AndroidTargetPlatform
[2018.07.23-04.52.49:804][  0]LogTemp: Display: Loaded TP AndroidTargetPlatform
[2018.07.23-04.52.49:804][  0]LogTemp: Display: Loaded TP AndroidTargetPlatform
[2018.07.23-04.52.49:804][  0]LogTemp: Display: Loaded TP AndroidTargetPlatform
[2018.07.23-04.52.49:805][  0]LogTemp: Display: Loaded TP HTML5TargetPlatform
[2018.07.23-04.52.49:859][  0]LogTemp: Display: Loaded TP IOSTargetPlatform
[2018.07.23-04.52.49:859][  0]LogTemp: Display: Loaded TP IOSTargetPlatform
[2018.07.23-04.52.49:879][  0]LogTemp: Display: Loaded TP TVOSTargetPlatform
[2018.07.23-04.52.49:879][  0]LogTemp: Display: Loaded TP TVOSTargetPlatform
[2018.07.23-04.52.49:889][  0]LogTemp: Display: Loaded TP LinuxClientTargetPlatform
[2018.07.23-04.52.49:900][  0]LogTemp: Display: Loaded TP LinuxNoEditorTargetPlatform
[2018.07.23-04.52.49:910][  0]LogTemp: Display: Loaded TP LinuxServerTargetPlatform
[2018.07.23-04.52.49:920][  0]LogTemp: Display: Loaded TP LinuxTargetPlatform
[2018.07.23-04.52.49:928][  0]LogTemp: Display: Loaded TP LuminTargetPlatform
[2018.07.23-04.52.49:928][  0]LogTargetPlatformManager: Display: Building Assets For Windows
[2018.07.23-04.52.49:976][  0]LogXGEController: Cannot use XGE Controller as Incredibuild is not installed on this machine.
[2018.07.23-04.52.49:976][  0]LogShaderCompilers: Cannot use XGE Shader Compiler as Incredibuild is not installed on this machine.
[2018.07.23-04.52.49:976][  0]LogShaderCompilers: Display: Using Local Shader Compiler.
[2018.07.23-04.52.50:595][  0]LogDerivedDataCache: Display: Max Cache Size: 512 MB
[2018.07.23-04.52.50:645][  0]LogDerivedDataCache: Loaded boot cache 0.05s 71MB C:/Users/Hunter/AppData/Local/UnrealEngine/4.20/DerivedDataCache/Boot.ddc.
[2018.07.23-04.52.50:645][  0]LogDerivedDataCache: Display: Loaded Boot cache: C:/Users/Hunter/AppData/Local/UnrealEngine/4.20/DerivedDataCache/Boot.ddc
[2018.07.23-04.52.50:645][  0]LogDerivedDataCache: FDerivedDataBackendGraph:  Pak pak cache file D:/Unreal Projects/Git/FracturedDevelopments/TheGauntlet 4.20/DerivedDataCache/DDC.ddp not found, will not use a pak cache.
[2018.07.23-04.52.50:645][  0]LogDerivedDataCache: Unable to find inner node Pak for hierarchical cache Hierarchy.
[2018.07.23-04.52.50:645][  0]LogDerivedDataCache: FDerivedDataBackendGraph:  CompressedPak pak cache file D:/Unreal Projects/Git/FracturedDevelopments/TheGauntlet 4.20/DerivedDataCache/Compressed.ddp not found, will not use a pak cache.
[2018.07.23-04.52.50:645][  0]LogDerivedDataCache: Unable to find inner node CompressedPak for hierarchical cache Hierarchy.
[2018.07.23-04.52.50:657][  0]LogDerivedDataCache: Display: Pak cache opened for reading ../../../Engine/DerivedDataCache/Compressed.ddp.
[2018.07.23-04.52.50:669][  0]LogDerivedDataCache: Using Local data cache path C:/Users/Hunter/AppData/Local/UnrealEngine/Common/DerivedDataCache: Writable
[2018.07.23-04.52.50:669][  0]LogDerivedDataCache: Shared data cache path not found in *engine.ini, will not use an Shared cache.
[2018.07.23-04.52.50:669][  0]LogDerivedDataCache: Unable to find inner node Shared for hierarchical cache Hierarchy.
[2018.07.23-04.52.50:686][  0]LogMaterial: Verifying Global Shaders for PCD3D_SM5
[2018.07.23-04.52.50:688][  0]LogSlate: Using FreeType 2.6.0
[2018.07.23-04.52.50:688][  0]LogSlate: SlateFontServices - WITH_FREETYPE: 1, WITH_HARFBUZZ: 1
[2018.07.23-04.52.50:759][  0]LogAssetRegistry: FAssetRegistry took 0.0273 seconds to start up
[2018.07.23-04.52.51:030][  0]LogInit: Selected Device Profile: [Windows]
[2018.07.23-04.52.51:146][  0]LogSimplygon: Simplygon DLL not present - disabling.
[2018.07.23-04.52.51:148][  0]LogMeshReduction: Using SimplygonSwarm for distributed automatic mesh merging
[2018.07.23-04.52.51:149][  0]LogMeshReduction: Using ProxyLODMeshReduction for automatic mesh merging
[2018.07.23-04.52.51:149][  0]LogMeshReduction: Using QuadricMeshReduction for automatic static mesh reduction
[2018.07.23-04.52.51:149][  0]LogMeshReduction: No automatic skeletal mesh reduction module available
[2018.07.23-04.52.51:184][  0]LogNetVersion: TheGauntlet 1.0.0, NetCL: 4212847, EngineNetVer: 5, GameNetVer: 0 (Checksum: 680350633)
[2018.07.23-04.52.51:670][  0]LogPackageLocalizationCache: Processed 11 localized package path(s) for 2 prioritized culture(s) in 0.128553 seconds
[2018.07.23-04.52.51:676][  0]LogUObjectArray: 38425 objects as part of root set at end of initial load.
[2018.07.23-04.52.51:676][  0]LogUObjectAllocator: 6690864 out of 0 bytes used by permanent object pool.
[2018.07.23-04.52.51:676][  0]LogUObjectArray: CloseDisregardForGC: 0/0 objects in disregard for GC pool
[2018.07.23-04.52.52:398][  0]LogTcpMessaging: Initializing TcpMessaging bridge
[2018.07.23-04.52.52:410][  0]LogUdpMessaging: Initializing bridge on interface 0.0.0.0:0 to multicast group 230.0.0.1:6666.
[2018.07.23-04.52.52:536][  0]SourceControl: Source control is disabled
[2018.07.23-04.52.52:536][  0]SourceControl: Source control is disabled
[2018.07.23-04.52.52:537][  0]SourceControl: Source control is disabled
[2018.07.23-04.52.52:537][  0]SourceControl: Source control is disabled
[2018.07.23-04.52.52:691][  0]LogAndroidPermission: UAndroidPermissionCallbackProxy::GetInstance
[2018.07.23-04.52.52:813][  0]LogOcInput: OculusInput pre-init called
[2018.07.23-04.52.52:875][  0]LogEngine: Initializing Engine...
[2018.07.23-04.52.52:876][  0]LogHMD: Failed to initialize OpenVR with code 110
[2018.07.23-04.52.52:876][  0]LogStats: UGameplayTagsManager::ConstructGameplayTagTree: ImportINI prefixes -  0.000 s
[2018.07.23-04.52.52:877][  0]LogStats: UGameplayTagsManager::ConstructGameplayTagTree: Construct from data asset -  0.000 s
[2018.07.23-04.52.52:877][  0]LogStats: UGameplayTagsManager::ConstructGameplayTagTree: ImportINI -  0.000 s
[2018.07.23-04.52.52:877][  0]LogStats: UGameplayTagsManager::ConstructGameplayTagTree: GameplayTagTreeChangedEvent.Broadcast -  0.000 s
[2018.07.23-04.52.53:054][  0]LogInit: Initializing FReadOnlyCVARCache
[2018.07.23-04.52.53:066][  0]LogAIModule: Creating AISystem for world Untitled
[2018.07.23-04.52.53:079][  0]LogInit: XAudio2 using 'Headset Earphone (Corsair VOID PRO USB Gaming Headset )' : 6 channels at 48 kHz using 16 bits per sample (channel mask 0x3f)
[2018.07.23-04.52.53:178][  0]LogInit: FAudioDevice initialized.
[2018.07.23-04.52.53:178][  0]LogNetVersion: Set ProjectVersion to 1.0.0.0. Version Checksum will be recalculated on next use.
[2018.07.23-04.52.53:250][  0]LogDerivedDataCache: Saved boot cache 0.07s 71MB C:/Users/Hunter/AppData/Local/UnrealEngine/4.20/DerivedDataCache/Boot.ddc.
[2018.07.23-04.52.53:263][  0]LogInit: Texture streaming: Enabled
[2018.07.23-04.52.53:278][  0]LogEngineSessionManager: EngineSessionManager initialized
[2018.07.23-04.52.53:287][  0]LogInit: Transaction tracking system initialized
[2018.07.23-04.52.53:306][  0]BlueprintLog: New page: Editor Load
[2018.07.23-04.52.53:364][  0]LocalizationService: Localization service is disabled
[2018.07.23-04.52.53:604][  0]LogCook: Display: Max memory allowance for cook 16384mb min free memory 0mb
[2018.07.23-04.52.53:604][  0]LogCook: Display: Mobile HDR setting 1
[2018.07.23-04.52.53:604][  0]LogGameplayTags: Display: UGameplayTagsManager::DoneAddingNativeTags. DelegateIsBound: 0
[2018.07.23-04.52.53:604][  0]LogStats: UGameplayTagsManager::ConstructGameplayTagTree: ImportINI prefixes -  0.000 s
[2018.07.23-04.52.53:604][  0]LogStats: UGameplayTagsManager::ConstructGameplayTagTree: Construct from data asset -  0.000 s
[2018.07.23-04.52.53:604][  0]LogStats: UGameplayTagsManager::ConstructGameplayTagTree: ImportINI -  0.000 s
[2018.07.23-04.52.53:604][  0]LogStats: UGameplayTagsManager::ConstructGameplayTagTree: GameplayTagTreeChangedEvent.Broadcast -  0.000 s
[2018.07.23-04.52.53:700][  0]LogFileCache: Scanning file cache for directory 'D:/Unreal Projects/Git/FracturedDevelopments/TheGauntlet 4.20/Content/' took 0.02s
[2018.07.23-04.52.53:706][  0]SourceControl: Source control is disabled
[2018.07.23-04.52.53:707][  0]Cmd: MAP LOAD FILE="D:/Unreal Projects/Git/FracturedDevelopments/TheGauntlet 4.20/Content/Levels/MainLobby.umap" TEMPLATE=0 SHOWPROGRESS=1 FEATURELEVEL=3
[2018.07.23-04.52.53:707][  0]LightingResults: New page: Lighting Build
[2018.07.23-04.52.53:710][  0]MapCheck: New page: Map Check
[2018.07.23-04.52.53:710][  0]LightingResults: New page: Lighting Build
[2018.07.23-04.52.55:254][  0]LogAIModule: Creating AISystem for world MainLobby
[2018.07.23-04.52.55:258][  0]LogEditorServer: Finished looking for orphan Actors (0.000 secs)
[2018.07.23-04.52.55:280][  0]Cmd: MAP CHECKDEP NOCLEARLOG
[2018.07.23-04.52.55:337][  0]MapCheck: Map check complete: 0 Error(s), 0 Warning(s), took 56.921ms to complete.
[2018.07.23-04.52.55:337][  0]LogFileHelpers: Loading map 'MainLobby' took 1.630
[2018.07.23-04.52.55:528][  0]LogSlate: Updating window title bar state: overlay mode, drag disabled, window buttons hidden, title bar hidden
[2018.07.23-04.52.55:535][  0]LogSlate: Updating window title bar state: overlay mode, drag disabled, window buttons hidden, title bar hidden
[2018.07.23-04.52.55:543][  0]LogSlate: Updating window title bar state: overlay mode, drag disabled, window buttons hidden, title bar hidden
[2018.07.23-04.52.55:549][  0]LogSlate: Updating window title bar state: overlay mode, drag disabled, window buttons hidden, title bar hidden
[2018.07.23-04.52.55:560][  0]LogCollectionManager: Loaded 0 collections in 0.001186 seconds
[2018.07.23-04.52.55:625][  0]LogFileCache: Scanning file cache for directory 'D:/Unreal Projects/Git/FracturedDevelopments/TheGauntlet 4.20/Saved/Collections/' took 0.01s
[2018.07.23-04.52.55:625][  0]LogFileCache: Scanning file cache for directory 'D:/Unreal Projects/Git/FracturedDevelopments/TheGauntlet 4.20/Content/Developers/Hunter/Collections/' took 0.01s
[2018.07.23-04.52.55:625][  0]LogFileCache: Scanning file cache for directory 'D:/Unreal Projects/Git/FracturedDevelopments/TheGauntlet 4.20/Content/Collections/' took 0.01s
[2018.07.23-04.52.55:625][  0]LogCollectionManager: Rebuilt the GUID cache for 0 collections in 0.000000 seconds
[2018.07.23-04.52.55:633][  0]LogContentBrowser: Native class hierarchy populated in 0.0079 seconds. Added 2572 classes and 603 folders.
[2018.07.23-04.52.55:641][  0]LogContentBrowser: Native class hierarchy updated for 'WidgetCarousel' in 0.0002 seconds. Added 0 classes and 0 folders.
[2018.07.23-04.52.55:952][  0]LogContentBrowser: Native class hierarchy updated for 'AddContentDialog' in 0.0002 seconds. Added 0 classes and 0 folders.
[2018.07.23-04.52.55:980][  0]LogContentBrowser: Native class hierarchy updated for 'SceneOutliner' in 0.0002 seconds. Added 1 classes and 2 folders.
[2018.07.23-04.52.55:993][  0]LogSlate: Took 0.000141 seconds to synchronously load lazily loaded font '../../../Engine/Content/Slate/Fonts/Roboto-Regular.ttf' (155K)
[2018.07.23-04.52.55:994][  0]LogSlate: Took 0.000131 seconds to synchronously load lazily loaded font '../../../Engine/Content/Slate/Fonts/Roboto-Bold.ttf' (160K)
[2018.07.23-04.52.56:004][  0]LogSlate: Took 0.005187 seconds to synchronously load lazily loaded font '../../../Engine/Content/Editor/Slate/Fonts/FontAwesome.ttf' (139K)
[2018.07.23-04.52.56:088][  0]LogRenderer: Reallocating scene render targets to support 1208x580 Format 10 NumSamples 1 (Frame:1).
[2018.07.23-04.52.56:198][  0]LogContentBrowser: Native class hierarchy updated for 'HierarchicalLODOutliner' in 0.0002 seconds. Added 0 classes and 0 folders.
[2018.07.23-04.52.56:198][  0]LogLoad: (Engine Initialization) Total time: 9.85 seconds
[2018.07.23-04.52.56:198][  0]LogLoad: (Engine Initialization) Total Blueprint compile time: 0.00 seconds
[2018.07.23-04.52.56:209][  0]LogWindowsTextInputMethodSystem: Display: IME system now deactivated.
[2018.07.23-04.52.56:235][  0]LogContentStreaming: Texture pool size now 3000 MB
[2018.07.23-04.52.56:330][  0]LogSlate: Took 0.004807 seconds to synchronously load lazily loaded font '../../../Engine/Content/Slate/Fonts/Roboto-Light.ttf' (167K)
[2018.07.23-04.52.56:374][  1]LogRenderer: Reallocating scene render targets to support 1920x1080 Format 10 NumSamples 1 (Frame:1).
[2018.07.23-04.52.56:374][  1]LogAssetRegistry: Asset discovery search completed in 5.6376 seconds
[2018.07.23-04.52.56:376][  1]LogCollectionManager: Rebuilt the object cache for 0 collections in 0.000000 seconds (found 0 objects)
[2018.07.23-04.52.56:376][  1]LogCollectionManager: Fixed up redirectors for 0 collections in 0.000062 seconds (updated 0 objects)
[2018.07.23-04.52.57:759][160]LogSlate: FSceneViewport::OnFocusLost() reason 0
[2018.07.23-04.52.57:867][173]LogTemp: Repeating last play command: New Editor Window (PIE)
[2018.07.23-04.52.57:880][173]LogBlueprintUserMessages: Early PlayInEditor Detection: Level '/Game/Levels/MainLobby.MainLobby:PersistentLevel' has LevelScriptBlueprint '/Game/Levels/MainLobby.MainLobby:PersistentLevel.MainLobby' with GeneratedClass '/Game/Levels/MainLobby.MainLobby_C' with ClassGeneratedBy '/Game/Levels/MainLobby.MainLobby:PersistentLevel.MainLobby'
[2018.07.23-04.52.57:880][173]LogPlayLevel: PlayLevel: No blueprints needed recompiling
[2018.07.23-04.52.57:894][173]PIE: New page: PIE session: MainLobby (Jul 22, 2018, 8:52:57 PM)
[2018.07.23-04.52.57:894][173]LogPlayLevel: Creating play world package: /Game/Levels/UEDPIE_0_MainLobby
[2018.07.23-04.52.57:895][173]LogPlayLevel: PIE: StaticDuplicateObject took: (0.001465s)
[2018.07.23-04.52.57:896][173]LogAIModule: Creating AISystem for world MainLobby
[2018.07.23-04.52.57:896][173]LogPlayLevel: PIE: World Init took: (0.000586s)
[2018.07.23-04.52.57:896][173]LogPlayLevel: PIE: Created PIE world by copying editor world from /Game/Levels/MainLobby.MainLobby to /Game/Levels/UEDPIE_0_MainLobby.MainLobby (0.002149s)
[2018.07.23-04.52.57:923][173]LogInit: XAudio2 using 'Headset Earphone (Corsair VOID PRO USB Gaming Headset )' : 6 channels at 48 kHz using 16 bits per sample (channel mask 0x3f)
[2018.07.23-04.52.58:019][173]LogInit: FAudioDevice initialized.
[2018.07.23-04.52.58:045][173]LogSlate: Updating window title bar state: overlay mode, drag disabled, window buttons hidden, title bar hidden
[2018.07.23-04.52.58:160][173]LogLoad: Game class is 'MainLobbyGameMode_C'
[2018.07.23-04.52.58:162][173]LogWorld: Bringing World /Game/Levels/UEDPIE_0_MainLobby.MainLobby up for play (max tick rate 0) at 2018.07.23-00.52.58
[2018.07.23-04.52.58:162][173]LogWorld: Bringing up level for play took: 0.000974
[2018.07.23-04.52.58:179][173]LogContentBrowser: Native class hierarchy updated for 'MovieSceneCapture' in 0.0002 seconds. Added 10 classes and 0 folders.
[2018.07.23-04.52.58:182][173]LogBlueprintUserMessages: [MainLobby_C_11] Loaded Save Gane
[2018.07.23-04.52.58:182][173]LogBlueprintUserMessages: [MainLobby_C_11] ForceField
[2018.07.23-04.52.58:185][173]PIE: Play in editor start time for /Game/Levels/UEDPIE_0_MainLobby 1.014
[2018.07.23-04.52.58:186][173]LogBlueprintUserMessages: Late PlayInEditor Detection: Level '/Game/Levels/MainLobby.MainLobby:PersistentLevel' has LevelScriptBlueprint '/Game/Levels/MainLobby.MainLobby:PersistentLevel.MainLobby' with GeneratedClass '/Game/Levels/MainLobby.MainLobby_C' with ClassGeneratedBy '/Game/Levels/MainLobby.MainLobby:PersistentLevel.MainLobby'
[2018.07.23-04.53.05:190][  0]LogSlate: FSceneViewport::OnFocusLost() reason 0
[2018.07.23-04.53.06:579][165]LogSlate: Window 'TheGauntlet Game Preview Standalone (64-bit/PCD3D_SM5)' being destroyed
[2018.07.23-04.53.06:583][165]LogBlueprintUserMessages: Early EndPlayMap Detection: Level '/Game/Levels/MainLobby.MainLobby:PersistentLevel' has LevelScriptBlueprint '/Game/Levels/MainLobby.MainLobby:PersistentLevel.MainLobby' with GeneratedClass '/Game/Levels/MainLobby.MainLobby_C' with ClassGeneratedBy '/Game/Levels/MainLobby.MainLobby:PersistentLevel.MainLobby'
[2018.07.23-04.53.06:612][165]LogPlayLevel: Display: Shutting down PIE online subsystems
[2018.07.23-04.53.06:613][165]LogBlueprintUserMessages: Late EndPlayMap Detection: Level '/Game/Levels/MainLobby.MainLobby:PersistentLevel' has LevelScriptBlueprint '/Game/Levels/MainLobby.MainLobby:PersistentLevel.MainLobby' with GeneratedClass '/Game/Levels/MainLobby.MainLobby_C' with ClassGeneratedBy '/Game/Levels/MainLobby.MainLobby:PersistentLevel.MainLobby'
[2018.07.23-04.53.06:667][168]LogPlayLevel: Display: Destroying online subsystem :Context_2
[2018.07.23-04.53.08:704][409]LogSlate: Took 0.000156 seconds to synchronously load lazily loaded font '../../../Engine/Content/Slate/Fonts/Roboto-Light.ttf' (167K)
[2018.07.23-04.53.08:710][409]LogAssetEditorManager: Opening Asset editor for Blueprint /Game/ThirdPersonBP/ShowRoomCharacter.ShowRoomCharacter
[2018.07.23-04.53.09:131][409]LogContentBrowser: Native class hierarchy updated for 'BlueprintGraph' in 0.0005 seconds. Added 116 classes and 0 folders.
[2018.07.23-04.53.09:828][409]LogSlate: Took 0.003333 seconds to synchronously load lazily loaded font '../../../Engine/Content/Slate/Fonts/Roboto-BoldCondensed.ttf' (158K)
[2018.07.23-04.53.09:952][410]LogSlate: Took 0.004325 seconds to synchronously load lazily loaded font '../../../Engine/Content/Slate/Fonts/Roboto-Italic.ttf' (157K)
[2018.07.23-04.53.15:154][964]LogSlate: FSceneViewport::OnFocusLost() reason 0
[2018.07.23-04.53.16:504][120]LogSlate: FSceneViewport::OnFocusLost() reason 0
[2018.07.23-04.53.26:552][178]LogSlate: FSceneViewport::OnFocusLost() reason 0
[2018.07.23-04.53.26:652][190]BlueprintLog: New page: Compile ShowRoomCharacter
[2018.07.23-04.53.37:211][371]LogTemp: Repeating last play command: New Editor Window (PIE)
[2018.07.23-04.53.37:227][371]LogBlueprintUserMessages: Early PlayInEditor Detection: Level '/Game/Levels/MainLobby.MainLobby:PersistentLevel' has LevelScriptBlueprint '/Game/Levels/MainLobby.MainLobby:PersistentLevel.MainLobby' with GeneratedClass '/Game/Levels/MainLobby.MainLobby_C' with ClassGeneratedBy '/Game/Levels/MainLobby.MainLobby:PersistentLevel.MainLobby'
[2018.07.23-04.53.37:227][371]LogPlayLevel: PlayLevel: No blueprints needed recompiling
[2018.07.23-04.53.37:227][371]PIE: New page: PIE session: MainLobby (Jul 22, 2018, 8:53:37 PM)
[2018.07.23-04.53.37:227][371]LogPlayLevel: Creating play world package: /Game/Levels/UEDPIE_0_MainLobby
[2018.07.23-04.53.37:229][371]LogPlayLevel: PIE: StaticDuplicateObject took: (0.001677s)
[2018.07.23-04.53.37:229][371]LogAIModule: Creating AISystem for world MainLobby
[2018.07.23-04.53.37:230][371]LogPlayLevel: PIE: World Init took: (0.000640s)
[2018.07.23-04.53.37:230][371]LogPlayLevel: PIE: Created PIE world by copying editor world from /Game/Levels/MainLobby.MainLobby to /Game/Levels/UEDPIE_0_MainLobby.MainLobby (0.002398s)
[2018.07.23-04.53.37:261][371]LogInit: XAudio2 using 'Headset Earphone (Corsair VOID PRO USB Gaming Headset )' : 6 channels at 48 kHz using 16 bits per sample (channel mask 0x3f)
[2018.07.23-04.53.37:360][371]LogInit: FAudioDevice initialized.
[2018.07.23-04.53.37:387][371]LogSlate: Updating window title bar state: overlay mode, drag disabled, window buttons hidden, title bar hidden
[2018.07.23-04.53.37:462][371]LogLoad: Game class is 'MainLobbyGameMode_C'
[2018.07.23-04.53.37:464][371]LogWorld: Bringing World /Game/Levels/UEDPIE_0_MainLobby.MainLobby up for play (max tick rate 0) at 2018.07.23-00.53.37
[2018.07.23-04.53.37:464][371]LogWorld: Bringing up level for play took: 0.000693
[2018.07.23-04.53.37:479][371]LogBlueprintUserMessages: [MainLobby_C_11] Loaded Save Gane
[2018.07.23-04.53.37:479][371]LogBlueprintUserMessages: [MainLobby_C_11] ForceField
[2018.07.23-04.53.37:483][371]PIE: Play in editor start time for /Game/Levels/UEDPIE_0_MainLobby 0.312
[2018.07.23-04.53.37:483][371]LogBlueprintUserMessages: Late PlayInEditor Detection: Level '/Game/Levels/MainLobby.MainLobby:PersistentLevel' has LevelScriptBlueprint '/Game/Levels/MainLobby.MainLobby:PersistentLevel.MainLobby' with GeneratedClass '/Game/Levels/MainLobby.MainLobby_C' with ClassGeneratedBy '/Game/Levels/MainLobby.MainLobby:PersistentLevel.MainLobby'
[2018.07.23-04.53.50:402][468]LogSlate: FSceneViewport::OnFocusLost() reason 0
[2018.07.23-04.53.50:535][479]LogSlate: Window 'TheGauntlet Game Preview Standalone (64-bit/PCD3D_SM5)' being destroyed
[2018.07.23-04.53.50:539][479]LogBlueprintUserMessages: Early EndPlayMap Detection: Level '/Game/Levels/MainLobby.MainLobby:PersistentLevel' has LevelScriptBlueprint '/Game/Levels/MainLobby.MainLobby:PersistentLevel.MainLobby' with GeneratedClass '/Game/Levels/MainLobby.MainLobby_C' with ClassGeneratedBy '/Game/Levels/MainLobby.MainLobby:PersistentLevel.MainLobby'
[2018.07.23-04.53.50:569][479]LogPlayLevel: Display: Shutting down PIE online subsystems
[2018.07.23-04.53.50:570][479]LogBlueprintUserMessages: Late EndPlayMap Detection: Level '/Game/Levels/MainLobby.MainLobby:PersistentLevel' has LevelScriptBlueprint '/Game/Levels/MainLobby.MainLobby:PersistentLevel.MainLobby' with GeneratedClass '/Game/Levels/MainLobby.MainLobby_C' with ClassGeneratedBy '/Game/Levels/MainLobby.MainLobby:PersistentLevel.MainLobby'
[2018.07.23-04.53.50:630][481]LogPlayLevel: Display: Destroying online subsystem :Context_4
[2018.07.23-04.54.17:933][346]LogTemp: Repeating last play command: New Editor Window (PIE)
[2018.07.23-04.54.17:951][346]LogBlueprintUserMessages: Early PlayInEditor Detection: Level '/Game/Levels/MainLobby.MainLobby:PersistentLevel' has LevelScriptBlueprint '/Game/Levels/MainLobby.MainLobby:PersistentLevel.MainLobby' with GeneratedClass '/Game/Levels/MainLobby.MainLobby_C' with ClassGeneratedBy '/Game/Levels/MainLobby.MainLobby:PersistentLevel.MainLobby'
[2018.07.23-04.54.17:952][346]BlueprintLog: New page: Pre-Play auto-recompile
[2018.07.23-04.54.17:958][346]LogPlayLevel: [PlayLevel] Compiling ShowRoomCharacter before play...
[2018.07.23-04.54.18:108][346]LogPlayLevel: PlayLevel: Blueprint regeneration took 157 ms (1 blueprints)
[2018.07.23-04.54.18:108][346]PIE: New page: PIE session: MainLobby (Jul 22, 2018, 8:54:18 PM)
[2018.07.23-04.54.18:108][346]LogPlayLevel: Creating play world package: /Game/Levels/UEDPIE_0_MainLobby
[2018.07.23-04.54.18:110][346]LogPlayLevel: PIE: StaticDuplicateObject took: (0.001529s)
[2018.07.23-04.54.18:110][346]LogAIModule: Creating AISystem for world MainLobby
[2018.07.23-04.54.18:111][346]LogPlayLevel: PIE: World Init took: (0.000706s)
[2018.07.23-04.54.18:111][346]LogPlayLevel: PIE: Created PIE world by copying editor world from /Game/Levels/MainLobby.MainLobby to /Game/Levels/UEDPIE_0_MainLobby.MainLobby (0.002364s)
[2018.07.23-04.54.18:148][346]LogInit: XAudio2 using 'Headset Earphone (Corsair VOID PRO USB Gaming Headset )' : 6 channels at 48 kHz using 16 bits per sample (channel mask 0x3f)
[2018.07.23-04.54.18:247][346]LogInit: FAudioDevice initialized.
[2018.07.23-04.54.18:277][346]LogSlate: Updating window title bar state: overlay mode, drag disabled, window buttons hidden, title bar hidden
[2018.07.23-04.54.18:357][346]LogLoad: Game class is 'MainLobbyGameMode_C'
[2018.07.23-04.54.18:358][346]LogWorld: Bringing World /Game/Levels/UEDPIE_0_MainLobby.MainLobby up for play (max tick rate 0) at 2018.07.23-00.54.18
[2018.07.23-04.54.18:358][346]LogWorld: Bringing up level for play took: 0.000497
[2018.07.23-04.54.18:373][346]LogBlueprintUserMessages: [MainLobby_C_11] Loaded Save Gane
[2018.07.23-04.54.18:373][346]LogBlueprintUserMessages: [MainLobby_C_11] ForceField
[2018.07.23-04.54.18:377][346]PIE: Play in editor start time for /Game/Levels/UEDPIE_0_MainLobby 1.206
[2018.07.23-04.54.18:377][346]LogBlueprintUserMessages: Late PlayInEditor Detection: Level '/Game/Levels/MainLobby.MainLobby:PersistentLevel' has LevelScriptBlueprint '/Game/Levels/MainLobby.MainLobby:PersistentLevel.MainLobby' with GeneratedClass '/Game/Levels/MainLobby.MainLobby_C' with ClassGeneratedBy '/Game/Levels/MainLobby.MainLobby:PersistentLevel.MainLobby'
[2018.07.23-04.54.23:857][882]LogSlate: FSceneViewport::OnFocusLost() reason 0
[2018.07.23-04.54.25:300][ 37]LogSlate: Window 'TheGauntlet Game Preview Standalone (64-bit/PCD3D_SM5)' being destroyed
[2018.07.23-04.54.25:304][ 37]LogBlueprintUserMessages: Early EndPlayMap Detection: Level '/Game/Levels/MainLobby.MainLobby:PersistentLevel' has LevelScriptBlueprint '/Game/Levels/MainLobby.MainLobby:PersistentLevel.MainLobby' with GeneratedClass '/Game/Levels/MainLobby.MainLobby_C' with ClassGeneratedBy '/Game/Levels/MainLobby.MainLobby:PersistentLevel.MainLobby'
[2018.07.23-04.54.25:339][ 37]LogPlayLevel: Display: Shutting down PIE online subsystems
[2018.07.23-04.54.25:340][ 37]LogBlueprintUserMessages: Late EndPlayMap Detection: Level '/Game/Levels/MainLobby.MainLobby:PersistentLevel' has LevelScriptBlueprint '/Game/Levels/MainLobby.MainLobby:PersistentLevel.MainLobby' with GeneratedClass '/Game/Levels/MainLobby.MainLobby_C' with ClassGeneratedBy '/Game/Levels/MainLobby.MainLobby:PersistentLevel.MainLobby'
[2018.07.23-04.54.25:393][ 38]LogPlayLevel: Display: Destroying online subsystem :Context_5
[2018.07.23-04.54.35:543][432]LogTemp: Repeating last play command: New Editor Window (PIE)
[2018.07.23-04.54.35:559][432]LogBlueprintUserMessages: Early PlayInEditor Detection: Level '/Game/Levels/MainLobby.MainLobby:PersistentLevel' has LevelScriptBlueprint '/Game/Levels/MainLobby.MainLobby:PersistentLevel.MainLobby' with GeneratedClass '/Game/Levels/MainLobby.MainLobby_C' with ClassGeneratedBy '/Game/Levels/MainLobby.MainLobby:PersistentLevel.MainLobby'
[2018.07.23-04.54.35:559][432]LogPlayLevel: PlayLevel: No blueprints needed recompiling
[2018.07.23-04.54.35:559][432]PIE: New page: PIE session: MainLobby (Jul 22, 2018, 8:54:35 PM)
[2018.07.23-04.54.35:559][432]LogPlayLevel: Creating play world package: /Game/Levels/UEDPIE_0_MainLobby
[2018.07.23-04.54.35:561][432]LogPlayLevel: PIE: StaticDuplicateObject took: (0.001733s)
[2018.07.23-04.54.35:561][432]LogAIModule: Creating AISystem for world MainLobby
[2018.07.23-04.54.35:562][432]LogPlayLevel: PIE: World Init took: (0.000856s)
[2018.07.23-04.54.35:562][432]LogPlayLevel: PIE: Created PIE world by copying editor world from /Game/Levels/MainLobby.MainLobby to /Game/Levels/UEDPIE_0_MainLobby.MainLobby (0.002730s)
[2018.07.23-04.54.35:591][432]LogInit: XAudio2 using 'Headset Earphone (Corsair VOID PRO USB Gaming Headset )' : 6 channels at 48 kHz using 16 bits per sample (channel mask 0x3f)
[2018.07.23-04.54.35:696][432]LogInit: FAudioDevice initialized.
[2018.07.23-04.54.35:724][432]LogSlate: Updating window title bar state: overlay mode, drag disabled, window buttons hidden, title bar hidden
[2018.07.23-04.54.35:801][432]LogLoad: Game class is 'MainLobbyGameMode_C'
[2018.07.23-04.54.35:802][432]LogWorld: Bringing World /Game/Levels/UEDPIE_0_MainLobby.MainLobby up for play (max tick rate 0) at 2018.07.23-00.54.35
[2018.07.23-04.54.35:802][432]LogWorld: Bringing up level for play took: 0.000986
[2018.07.23-04.54.35:817][432]LogBlueprintUserMessages: [MainLobby_C_11] Loaded Save Gane
[2018.07.23-04.54.35:817][432]LogBlueprintUserMessages: [MainLobby_C_11] ForceField
[2018.07.23-04.54.35:820][432]PIE: Play in editor start time for /Game/Levels/UEDPIE_0_MainLobby 0.65
[2018.07.23-04.54.35:821][432]LogBlueprintUserMessages: Late PlayInEditor Detection: Level '/Game/Levels/MainLobby.MainLobby:PersistentLevel' has LevelScriptBlueprint '/Game/Levels/MainLobby.MainLobby:PersistentLevel.MainLobby' with GeneratedClass '/Game/Levels/MainLobby.MainLobby_C' with ClassGeneratedBy '/Game/Levels/MainLobby.MainLobby:PersistentLevel.MainLobby'
[2018.07.23-04.54.37:178][571]LogSlate: FSceneViewport::OnFocusLost() reason 0
[2018.07.23-04.54.45:251][411]LogSlate: FSceneViewport::OnFocusLost() reason 0
[2018.07.23-04.54.49:290][835]LogSlate: FSceneViewport::OnFocusLost() reason 0
[2018.07.23-04.55.02:966][291]LogSlate: FSceneViewport::OnFocusLost() reason 0
[2018.07.23-04.55.06:328][656]LogSlate: Window 'TheGauntlet Game Preview Standalone (64-bit/PCD3D_SM5)' being destroyed
[2018.07.23-04.55.06:331][656]LogBlueprintUserMessages: Early EndPlayMap Detection: Level '/Game/Levels/MainLobby.MainLobby:PersistentLevel' has LevelScriptBlueprint '/Game/Levels/MainLobby.MainLobby:PersistentLevel.MainLobby' with GeneratedClass '/Game/Levels/MainLobby.MainLobby_C' with ClassGeneratedBy '/Game/Levels/MainLobby.MainLobby:PersistentLevel.MainLobby'
[2018.07.23-04.55.06:366][656]LogPlayLevel: Display: Shutting down PIE online subsystems
[2018.07.23-04.55.06:366][656]LogBlueprintUserMessages: Late EndPlayMap Detection: Level '/Game/Levels/MainLobby.MainLobby:PersistentLevel' has LevelScriptBlueprint '/Game/Levels/MainLobby.MainLobby:PersistentLevel.MainLobby' with GeneratedClass '/Game/Levels/MainLobby.MainLobby_C' with ClassGeneratedBy '/Game/Levels/MainLobby.MainLobby:PersistentLevel.MainLobby'
[2018.07.23-04.55.06:420][658]LogPlayLevel: Display: Destroying online subsystem :Context_6
[2018.07.23-04.55.10:693][165]LogTemp: Repeating last play command: New Editor Window (PIE)
[2018.07.23-04.55.10:711][165]LogBlueprintUserMessages: Early PlayInEditor Detection: Level '/Game/Levels/MainLobby.MainLobby:PersistentLevel' has LevelScriptBlueprint '/Game/Levels/MainLobby.MainLobby:PersistentLevel.MainLobby' with GeneratedClass '/Game/Levels/MainLobby.MainLobby_C' with ClassGeneratedBy '/Game/Levels/MainLobby.MainLobby:PersistentLevel.MainLobby'
[2018.07.23-04.55.10:711][165]BlueprintLog: New page: Pre-Play auto-recompile
[2018.07.23-04.55.10:717][165]LogPlayLevel: [PlayLevel] Compiling ShowRoomCharacter before play...
[2018.07.23-04.55.10:862][165]LogPlayLevel: PlayLevel: Blueprint regeneration took 150 ms (1 blueprints)
[2018.07.23-04.55.10:862][165]PIE: New page: PIE session: MainLobby (Jul 22, 2018, 8:55:10 PM)
[2018.07.23-04.55.10:862][165]LogPlayLevel: Creating play world package: /Game/Levels/UEDPIE_0_MainLobby
[2018.07.23-04.55.10:865][165]LogPlayLevel: PIE: StaticDuplicateObject took: (0.002139s)
[2018.07.23-04.55.10:865][165]LogAIModule: Creating AISystem for world MainLobby
[2018.07.23-04.55.10:865][165]LogPlayLevel: PIE: World Init took: (0.000712s)
[2018.07.23-04.55.10:865][165]LogPlayLevel: PIE: Created PIE world by copying editor world from /Game/Levels/MainLobby.MainLobby to /Game/Levels/UEDPIE_0_MainLobby.MainLobby (0.002996s)
[2018.07.23-04.55.10:897][165]LogInit: XAudio2 using 'Headset Earphone (Corsair VOID PRO USB Gaming Headset )' : 6 channels at 48 kHz using 16 bits per sample (channel mask 0x3f)
[2018.07.23-04.55.10:993][165]LogInit: FAudioDevice initialized.
[2018.07.23-04.55.11:020][165]LogSlate: Updating window title bar state: overlay mode, drag disabled, window buttons hidden, title bar hidden
[2018.07.23-04.55.11:094][165]LogLoad: Game class is 'MainLobbyGameMode_C'
[2018.07.23-04.55.11:095][165]LogWorld: Bringing World /Game/Levels/UEDPIE_0_MainLobby.MainLobby up for play (max tick rate 0) at 2018.07.23-00.55.11
[2018.07.23-04.55.11:096][165]LogWorld: Bringing up level for play took: 0.000545
[2018.07.23-04.55.11:111][165]LogBlueprintUserMessages: [MainLobby_C_11] Loaded Save Gane
[2018.07.23-04.55.11:111][165]LogBlueprintUserMessages: [MainLobby_C_11] ForceField
[2018.07.23-04.55.11:113][165]PIE: Play in editor start time for /Game/Levels/UEDPIE_0_MainLobby -0.058
[2018.07.23-04.55.11:114][165]LogBlueprintUserMessages: Late PlayInEditor Detection: Level '/Game/Levels/MainLobby.MainLobby:PersistentLevel' has LevelScriptBlueprint '/Game/Levels/MainLobby.MainLobby:PersistentLevel.MainLobby' with GeneratedClass '/Game/Levels/MainLobby.MainLobby_C' with ClassGeneratedBy '/Game/Levels/MainLobby.MainLobby:PersistentLevel.MainLobby'
[2018.07.23-04.55.14:811][515]LogSlate: FSceneViewport::OnFocusLost() reason 0
[2018.07.23-04.55.18:034][854]LogSlate: FSceneViewport::OnFocusLost() reason 0
[2018.07.23-04.55.20:963][164]LogSlate: FSceneViewport::OnFocusLost() reason 0
[2018.07.23-04.55.23:186][390]LogSlate: FSceneViewport::OnFocusLost() reason 0
[2018.07.23-04.55.27:011][795]LogSlate: Window 'TheGauntlet Game Preview Standalone (64-bit/PCD3D_SM5)' being destroyed
[2018.07.23-04.55.27:014][795]LogBlueprintUserMessages: Early EndPlayMap Detection: Level '/Game/Levels/MainLobby.MainLobby:PersistentLevel' has LevelScriptBlueprint '/Game/Levels/MainLobby.MainLobby:PersistentLevel.MainLobby' with GeneratedClass '/Game/Levels/MainLobby.MainLobby_C' with ClassGeneratedBy '/Game/Levels/MainLobby.MainLobby:PersistentLevel.MainLobby'
[2018.07.23-04.55.27:046][795]LogPlayLevel: Display: Shutting down PIE online subsystems
[2018.07.23-04.55.27:046][795]LogBlueprintUserMessages: Late EndPlayMap Detection: Level '/Game/Levels/MainLobby.MainLobby:PersistentLevel' has LevelScriptBlueprint '/Game/Levels/MainLobby.MainLobby:PersistentLevel.MainLobby' with GeneratedClass '/Game/Levels/MainLobby.MainLobby_C' with ClassGeneratedBy '/Game/Levels/MainLobby.MainLobby:PersistentLevel.MainLobby'
[2018.07.23-04.55.27:099][797]LogPlayLevel: Display: Destroying online subsystem :Context_7
[2018.07.23-04.55.28:011][906]LogTemp: Repeating last play command: New Editor Window (PIE)
[2018.07.23-04.55.28:027][906]LogBlueprintUserMessages: Early PlayInEditor Detection: Level '/Game/Levels/MainLobby.MainLobby:PersistentLevel' has LevelScriptBlueprint '/Game/Levels/MainLobby.MainLobby:PersistentLevel.MainLobby' with GeneratedClass '/Game/Levels/MainLobby.MainLobby_C' with ClassGeneratedBy '/Game/Levels/MainLobby.MainLobby:PersistentLevel.MainLobby'
[2018.07.23-04.55.28:027][906]LogPlayLevel: PlayLevel: No blueprints needed recompiling
[2018.07.23-04.55.28:027][906]PIE: New page: PIE session: MainLobby (Jul 22, 2018, 8:55:28 PM)
[2018.07.23-04.55.28:027][906]LogPlayLevel: Creating play world package: /Game/Levels/UEDPIE_0_MainLobby
[2018.07.23-04.55.28:029][906]LogPlayLevel: PIE: StaticDuplicateObject took: (0.001664s)
[2018.07.23-04.55.28:029][906]LogAIModule: Creating AISystem for world MainLobby
[2018.07.23-04.55.28:030][906]LogPlayLevel: PIE: World Init took: (0.000550s)
[2018.07.23-04.55.28:030][906]LogPlayLevel: PIE: Created PIE world by copying editor world from /Game/Levels/MainLobby.MainLobby to /Game/Levels/UEDPIE_0_MainLobby.MainLobby (0.002290s)
[2018.07.23-04.55.28:062][906]LogInit: XAudio2 using 'Headset Earphone (Corsair VOID PRO USB Gaming Headset )' : 6 channels at 48 kHz using 16 bits per sample (channel mask 0x3f)
[2018.07.23-04.55.28:161][906]LogInit: FAudioDevice initialized.
[2018.07.23-04.55.28:188][906]LogSlate: Updating window title bar state: overlay mode, drag disabled, window buttons hidden, title bar hidden
[2018.07.23-04.55.28:269][906]LogLoad: Game class is 'MainLobbyGameMode_C'
[2018.07.23-04.55.28:271][906]LogWorld: Bringing World /Game/Levels/UEDPIE_0_MainLobby.MainLobby up for play (max tick rate 0) at 2018.07.23-00.55.28
[2018.07.23-04.55.28:271][906]LogWorld: Bringing up level for play took: 0.000490
[2018.07.23-04.55.28:285][906]LogBlueprintUserMessages: [MainLobby_C_11] Loaded Save Gane
[2018.07.23-04.55.28:285][906]LogBlueprintUserMessages: [MainLobby_C_11] ForceField
[2018.07.23-04.55.28:289][906]PIE: Play in editor start time for /Game/Levels/UEDPIE_0_MainLobby 1.118
[2018.07.23-04.55.28:289][906]LogBlueprintUserMessages: Late PlayInEditor Detection: Level '/Game/Levels/MainLobby.MainLobby:PersistentLevel' has LevelScriptBlueprint '/Game/Levels/MainLobby.MainLobby:PersistentLevel.MainLobby' with GeneratedClass '/Game/Levels/MainLobby.MainLobby_C' with ClassGeneratedBy '/Game/Levels/MainLobby.MainLobby:PersistentLevel.MainLobby'
[2018.07.23-04.55.29:826][ 62]LogSlate: Window 'TheGauntlet Game Preview Standalone (64-bit/PCD3D_SM5)' being destroyed
[2018.07.23-04.55.29:830][ 62]LogBlueprintUserMessages: Early EndPlayMap Detection: Level '/Game/Levels/MainLobby.MainLobby:PersistentLevel' has LevelScriptBlueprint '/Game/Levels/MainLobby.MainLobby:PersistentLevel.MainLobby' with GeneratedClass '/Game/Levels/MainLobby.MainLobby_C' with ClassGeneratedBy '/Game/Levels/MainLobby.MainLobby:PersistentLevel.MainLobby'
[2018.07.23-04.55.29:861][ 62]LogPlayLevel: Display: Shutting down PIE online subsystems
[2018.07.23-04.55.29:861][ 62]LogBlueprintUserMessages: Late EndPlayMap Detection: Level '/Game/Levels/MainLobby.MainLobby:PersistentLevel' has LevelScriptBlueprint '/Game/Levels/MainLobby.MainLobby:PersistentLevel.MainLobby' with GeneratedClass '/Game/Levels/MainLobby.MainLobby_C' with ClassGeneratedBy '/Game/Levels/MainLobby.MainLobby:PersistentLevel.MainLobby'
[2018.07.23-04.55.29:915][ 64]LogPlayLevel: Display: Destroying online subsystem :Context_8
[2018.07.23-04.55.30:679][155]LogSlate: Window 'ShowRoomCharacter*' being destroyed
[2018.07.23-04.55.30:682][155]LogSlate: Window 'ShowRoomCharacter*' being destroyed
[2018.07.23-04.55.33:619][339]LogSlate: Window 'Save Content' being destroyed
[2018.07.23-04.55.33:670][339]Cmd: OBJ SAVEPACKAGE PACKAGE="/Game/ThirdPersonBP/ShowRoomCharacter" FILE="D:/Unreal Projects/Git/FracturedDevelopments/TheGauntlet 4.20/Content/ThirdPersonBP/ShowRoomCharacter.uasset" SILENT=true
[2018.07.23-04.55.33:728][339]LogSavePackage: Moving 'D:/Unreal Projects/Git/FracturedDevelopments/TheGauntlet 4.20/Saved/ShowRoomCharacterD7029FE24687288764D898BD92B65181.tmp' to 'D:/Unreal Projects/Git/FracturedDevelopments/TheGauntlet 4.20/Content/ThirdPersonBP/ShowRoomCharacter.uasset'
[2018.07.23-04.55.55:892][998]LogTemp: Repeating last play command: New Editor Window (PIE)
[2018.07.23-04.55.55:913][998]LogBlueprintUserMessages: Early PlayInEditor Detection: Level '/Game/Levels/MainLobby.MainLobby:PersistentLevel' has LevelScriptBlueprint '/Game/Levels/MainLobby.MainLobby:PersistentLevel.MainLobby' with GeneratedClass '/Game/Levels/MainLobby.MainLobby_C' with ClassGeneratedBy '/Game/Levels/MainLobby.MainLobby:PersistentLevel.MainLobby'
[2018.07.23-04.55.55:913][998]LogPlayLevel: PlayLevel: No blueprints needed recompiling
[2018.07.23-04.55.55:913][998]PIE: New page: PIE session: MainLobby (Jul 22, 2018, 8:55:55 PM)
[2018.07.23-04.55.55:913][998]LogPlayLevel: Creating play world package: /Game/Levels/UEDPIE_0_MainLobby
[2018.07.23-04.55.55:914][998]LogPlayLevel: PIE: StaticDuplicateObject took: (0.001475s)
[2018.07.23-04.55.55:915][998]LogAIModule: Creating AISystem for world MainLobby
[2018.07.23-04.55.55:915][998]LogPlayLevel: PIE: World Init took: (0.000520s)
[2018.07.23-04.55.55:915][998]LogPlayLevel: PIE: Created PIE world by copying editor world from /Game/Levels/MainLobby.MainLobby to /Game/Levels/UEDPIE_0_MainLobby.MainLobby (0.002078s)
[2018.07.23-04.55.55:948][998]LogInit: XAudio2 using 'Headset Earphone (Corsair VOID PRO USB Gaming Headset )' : 6 channels at 48 kHz using 16 bits per sample (channel mask 0x3f)
[2018.07.23-04.55.56:046][998]LogInit: FAudioDevice initialized.
[2018.07.23-04.55.56:071][998]LogSlate: Updating window title bar state: overlay mode, drag disabled, window buttons hidden, title bar hidden
[2018.07.23-04.55.56:148][998]LogLoad: Game class is 'MainLobbyGameMode_C'
[2018.07.23-04.55.56:149][998]LogWorld: Bringing World /Game/Levels/UEDPIE_0_MainLobby.MainLobby up for play (max tick rate 0) at 2018.07.23-00.55.56
[2018.07.23-04.55.56:150][998]LogWorld: Bringing up level for play took: 0.000988
[2018.07.23-04.55.56:165][998]LogBlueprintUserMessages: [MainLobby_C_11] Loaded Save Gane
[2018.07.23-04.55.56:165][998]LogBlueprintUserMessages: [MainLobby_C_11] ForceField
[2018.07.23-04.55.56:167][998]PIE: Play in editor start time for /Game/Levels/UEDPIE_0_MainLobby 0.996
[2018.07.23-04.55.56:167][998]LogBlueprintUserMessages: Late PlayInEditor Detection: Level '/Game/Levels/MainLobby.MainLobby:PersistentLevel' has LevelScriptBlueprint '/Game/Levels/MainLobby.MainLobby:PersistentLevel.MainLobby' with GeneratedClass '/Game/Levels/MainLobby.MainLobby_C' with ClassGeneratedBy '/Game/Levels/MainLobby.MainLobby:PersistentLevel.MainLobby'
[2018.07.23-04.55.58:356][248]LogSlate: FSceneViewport::OnFocusLost() reason 0
[2018.07.23-04.55.59:983][443]LogSlate: FSceneViewport::OnFocusLost() reason 0
[2018.07.23-04.56.03:211][830]LogSlate: FSceneViewport::OnFocusLost() reason 0
[2018.07.23-04.56.06:157][180]LogSlate: FSceneViewport::OnFocusLost() reason 0
[2018.07.23-04.56.09:169][541]LogSlate: FSceneViewport::OnFocusLost() reason 0
[2018.07.23-04.56.13:620][ 75]LogSlate: FSceneViewport::OnFocusLost() reason 0
[2018.07.23-04.56.15:410][287]LogSlate: FSceneViewport::OnFocusLost() reason 0
[2018.07.23-04.56.18:464][653]LogSlate: FSceneViewport::OnFocusLost() reason 0
[2018.07.23-04.56.20:460][891]LogSlate: Window 'TheGauntlet Game Preview Standalone (64-bit/PCD3D_SM5)' being destroyed
[2018.07.23-04.56.20:464][891]LogBlueprintUserMessages: Early EndPlayMap Detection: Level '/Game/Levels/MainLobby.MainLobby:PersistentLevel' has LevelScriptBlueprint '/Game/Levels/MainLobby.MainLobby:PersistentLevel.MainLobby' with GeneratedClass '/Game/Levels/MainLobby.MainLobby_C' with ClassGeneratedBy '/Game/Levels/MainLobby.MainLobby:PersistentLevel.MainLobby'
[2018.07.23-04.56.20:501][891]LogPlayLevel: Display: Shutting down PIE online subsystems
[2018.07.23-04.56.20:502][891]LogBlueprintUserMessages: Late EndPlayMap Detection: Level '/Game/Levels/MainLobby.MainLobby:PersistentLevel' has LevelScriptBlueprint '/Game/Levels/MainLobby.MainLobby:PersistentLevel.MainLobby' with GeneratedClass '/Game/Levels/MainLobby.MainLobby_C' with ClassGeneratedBy '/Game/Levels/MainLobby.MainLobby:PersistentLevel.MainLobby'
[2018.07.23-04.56.20:552][893]LogPlayLevel: Display: Destroying online subsystem :Context_9
[2018.07.23-04.57.14:351][303]LogAssetEditorManager: Opening Asset editor for WidgetBlueprint /Game/UI/NewUITest/NewWidgetBlueprint.NewWidgetBlueprint
[2018.07.23-04.58.12:399][363]LogAssetEditorManager: Opening Asset editor for Material /Game/UI/NewUITest/NewMaterial.NewMaterial
[2018.07.23-04.58.12:403][363]LogMaterial: Display: Missing cached shader map for material NewMaterial, compiling. 
[2018.07.23-04.58.12:738][363]LogMaterial: Display: Missing cached shader map for material NewMaterial, compiling. 
[2018.07.23-04.58.12:749][363]LogMaterial: Display: Missing cached shader map for material NewMaterial, compiling. 
[2018.07.23-04.58.12:761][363]LogShaderCompilers: Display: Shaders left to compile 19
[2018.07.23-04.58.12:761][363]LogShaderCompilers: Display: Shaders left to compile 18
[2018.07.23-04.58.12:761][363]LogShaderCompilers: Display: Shaders left to compile 17
[2018.07.23-04.58.12:761][363]LogShaderCompilers: Display: Shaders left to compile 16
[2018.07.23-04.58.12:790][363]LogMaterial: Display: Missing cached shader map for material FMatExpressionPreview MaterialExpressionTextureSample_0, compiling. 
[2018.07.23-04.58.13:447][423]LogShaderCompilers: Display: Shaders left to compile 17
[2018.07.23-04.58.13:460][424]LogShaderCompilers: Display: Shaders left to compile 16
[2018.07.23-04.58.13:488][427]LogShaderCompilers: Display: Shaders left to compile 15
[2018.07.23-04.58.13:496][428]LogShaderCompilers: Display: Shaders left to compile 14
[2018.07.23-04.58.13:597][439]LogShaderCompilers: Display: Shaders left to compile 13
[2018.07.23-04.58.13:634][443]LogShaderCompilers: Display: Shaders left to compile 12
[2018.07.23-04.58.13:837][463]LogShaderCompilers: Display: Shaders left to compile 11
[2018.07.23-04.58.13:848][464]LogShaderCompilers: Display: Shaders left to compile 10
[2018.07.23-04.58.13:959][476]LogShaderCompilers: Display: Shaders left to compile 9
[2018.07.23-04.58.14:006][481]LogShaderCompilers: Display: Shaders left to compile 8
[2018.07.23-04.58.14:015][482]LogShaderCompilers: Display: Shaders left to compile 7
[2018.07.23-04.58.14:105][492]LogShaderCompilers: Display: Shaders left to compile 6
[2018.07.23-04.58.14:183][499]LogShaderCompilers: Display: Shaders left to compile 5
[2018.07.23-04.58.14:191][500]LogShaderCompilers: Display: Shaders left to compile 4
[2018.07.23-04.58.14:264][507]LogShaderCompilers: Display: Shaders left to compile 3
[2018.07.23-04.58.14:287][509]LogShaderCompilers: Display: Shaders left to compile 2
[2018.07.23-04.58.14:309][511]LogShaderCompilers: Display: Shaders left to compile 1
[2018.07.23-04.58.14:387][519]MaterialEditorStats: Default UI Pixel Shader: 19 instructions
[2018.07.23-04.58.14:387][519]MaterialEditorStats: Default UI Vertex Shader: 17 instructions
[2018.07.23-04.58.14:387][519]MaterialEditorStats: Instanced UI Vertex Shader: 17 instructions
[2018.07.23-04.58.14:387][519]MaterialEditorStats: Texture samplers: 3/16
[2018.07.23-04.58.14:387][519]MaterialEditorStats: Texture Lookups (Est.): VS(0), PS(1)
[2018.07.23-04.58.14:387][519]MaterialEditorStats: User interpolators: 2/4 Scalars (1/4 Vectors) (TexCoords: 2, Custom: 0)
[2018.07.23-04.58.24:547][985]LogSlate: Window 'NewWidgetBlueprint' being destroyed
[2018.07.23-04.58.24:550][985]LogSlate: Window 'NewWidgetBlueprint' being destroyed
[2018.07.23-04.58.25:508][ 84]LogSlate: Window 'TheGauntlet - Unreal Editor' being destroyed
[2018.07.23-04.58.25:510][ 84]LogWindowsTextInputMethodSystem: Display: IME system now deactivated.
[2018.07.23-04.58.25:688][ 85]Cmd: QUIT_EDITOR
[2018.07.23-04.58.25:989][ 85]LogExit: Preparing to exit.
[2018.07.23-04.58.26:625][ 85]LogExit: Editor shut down
[2018.07.23-04.58.26:626][ 85]LogExit: Transaction tracking system shut down
[2018.07.23-04.58.26:959][ 85]LogExit: Object subsystem successfully closed.
[2018.07.23-04.58.26:983][ 85]LogShaderCompilers: Display: Shaders left to compile 0
[2018.07.23-04.58.26:987][ 85]LogD3D11RHI: Shutdown
[2018.07.23-04.58.26:987][ 85]LogD3D11RHI: CleanupD3DDevice
[2018.07.23-04.58.26:989][ 85]LogD3D11RHI: ~FD3D11DynamicRHI
[2018.07.23-04.58.27:007][ 85]LogModuleManager: Shutting down and abandoning module SequencerWidgets (618)
[2018.07.23-04.58.27:007][ 85]LogModuleManager: Shutting down and abandoning module BlueprintGraph (616)
[2018.07.23-04.58.27:007][ 85]LogModuleManager: Shutting down and abandoning module MovieSceneCapture (614)
[2018.07.23-04.58.27:007][ 85]LogModuleManager: Shutting down and abandoning module Voice (612)
[2018.07.23-04.58.27:007][ 85]LogModuleManager: Shutting down and abandoning module HierarchicalLODOutliner (610)
[2018.07.23-04.58.27:007][ 85]LogModuleManager: Shutting down and abandoning module SceneOutliner (608)
[2018.07.23-04.58.27:007][ 85]LogModuleManager: Shutting down and abandoning module AddContentDialog (606)
[2018.07.23-04.58.27:007][ 85]LogModuleManager: Shutting down and abandoning module WidgetCarousel (605)
[2018.07.23-04.58.27:007][ 85]LogModuleManager: Shutting down and abandoning module EditorWidgets (602)
[2018.07.23-04.58.27:007][ 85]LogModuleManager: Shutting down and abandoning module CollectionManager (600)
[2018.07.23-04.58.27:007][ 85]LogModuleManager: Shutting down and abandoning module StatsViewer (598)
[2018.07.23-04.58.27:007][ 85]LogModuleManager: Shutting down and abandoning module FoliageEdit (596)
[2018.07.23-04.58.27:007][ 85]LogModuleManager: Shutting down and abandoning module LandscapeEditor (594)
[2018.07.23-04.58.27:007][ 85]LogModuleManager: Shutting down and abandoning module MeshPaintMode (592)
[2018.07.23-04.58.27:007][ 85]LogModuleManager: Shutting down and abandoning module SceneDepthPickerMode (590)
[2018.07.23-04.58.27:007][ 85]LogModuleManager: Shutting down and abandoning module ActorPickerMode (588)
[2018.07.23-04.58.27:007][ 85]LogModuleManager: Shutting down and abandoning module GeometryMode (586)
[2018.07.23-04.58.27:007][ 85]LogModuleManager: Shutting down and abandoning module TextureAlignMode (584)
[2018.07.23-04.58.27:007][ 85]LogModuleManager: Shutting down and abandoning module BspMode (582)
[2018.07.23-04.58.27:008][ 85]LogModuleManager: Shutting down and abandoning module PIEPreviewDeviceProfileSelector (580)
[2018.07.23-04.58.27:008][ 85]LogModuleManager: Shutting down and abandoning module SequenceRecorderSections (578)
[2018.07.23-04.58.27:008][ 85]LogModuleManager: Shutting down and abandoning module AutomationWorker (576)
[2018.07.23-04.58.27:008][ 85]LogModuleManager: Shutting down and abandoning module AudioCaptureEditor (574)
[2018.07.23-04.58.27:008][ 85]LogModuleManager: Shutting down and abandoning module SequenceRecorder (573)
[2018.07.23-04.58.27:008][ 85]LogModuleManager: Shutting down and abandoning module MatineeToLevelSequence (570)
[2018.07.23-04.58.27:008][ 85]LogModuleManager: Shutting down and abandoning module LevelSequenceEditor (568)
[2018.07.23-04.58.27:008][ 85]LogModuleManager: Shutting down and abandoning module PlacementMode (567)
[2018.07.23-04.58.27:008][ 85]LogModuleManager: Shutting down and abandoning module MaterialEditor (566)
[2018.07.23-04.58.27:008][ 85]LogModuleManager: Shutting down and abandoning module WmfMediaFactory (562)
[2018.07.23-04.58.27:008][ 85]LogModuleManager: Shutting down and abandoning module WmfMediaEditor (560)
[2018.07.23-04.58.27:008][ 85]LogModuleManager: Shutting down and abandoning module MediaPlayerEditor (558)
[2018.07.23-04.58.27:008][ 85]LogModuleManager: Shutting down and abandoning module OpenExrWrapper (556)
[2018.07.23-04.58.27:008][ 85]LogModuleManager: Shutting down and abandoning module ImgMediaFactory (554)
[2018.07.23-04.58.27:008][ 85]LogModuleManager: Shutting down and abandoning module ImgMediaEditor (552)
[2018.07.23-04.58.27:008][ 85]LogModuleManager: Shutting down and abandoning module AvfMediaFactory (550)
[2018.07.23-04.58.27:008][ 85]LogModuleManager: Shutting down and abandoning module AvfMediaEditor (548)
[2018.07.23-04.58.27:008][ 85]LogModuleManager: Shutting down and abandoning module AndroidMediaFactory (546)
[2018.07.23-04.58.27:008][ 85]LogModuleManager: Shutting down and abandoning module AndroidMediaEditor (544)
[2018.07.23-04.58.27:008][ 85]LogModuleManager: Shutting down and abandoning module MagicLeapCameraPreviewFactory (542)
[2018.07.23-04.58.27:008][ 85]LogModuleManager: Shutting down and abandoning module MagicLeapMediaFactory (540)
[2018.07.23-04.58.27:008][ 85]LogModuleManager: Shutting down and abandoning module MagicLeapMediaEditor (538)
[2018.07.23-04.58.27:008][ 85]LogModuleManager: Shutting down and abandoning module CharacterAI (536)
[2018.07.23-04.58.27:008][ 85]LogModuleManager: Shutting down and abandoning module SmartSnapping (534)
[2018.07.23-04.58.27:008][ 85]LogModuleManager: Shutting down and abandoning module SessionServices (532)
[2018.07.23-04.58.27:008][ 85]LogModuleManager: Shutting down and abandoning module ViewportSnapping (530)
[2018.07.23-04.58.27:008][ 85]LogModuleManager: Shutting down and abandoning module ViewportInteraction (528)
[2018.07.23-04.58.27:008][ 85]LogModuleManager: Shutting down and abandoning module ClothPainter (526)
[2018.07.23-04.58.27:008][ 85]LogModuleManager: Shutting down and abandoning module SkeletalMeshEditor (525)
[2018.07.23-04.58.27:008][ 85]LogModuleManager: Shutting down and abandoning module LogVisualizer (522)
[2018.07.23-04.58.27:008][ 85]LogModuleManager: Shutting down and abandoning module IntroTutorials (520)
[2018.07.23-04.58.27:008][ 85]LogModuleManager: Shutting down and abandoning module GameProjectGeneration (519)
[2018.07.23-04.58.27:008][ 85]LogModuleManager: Shutting down and abandoning module LuminPlatformEditor (516)
[2018.07.23-04.58.27:008][ 85]LogModuleManager: Shutting down and abandoning module IOSPlatformEditor (514)
[2018.07.23-04.58.27:008][ 85]LogModuleManager: Shutting down and abandoning module HTML5PlatformEditor (512)
[2018.07.23-04.58.27:008][ 85]LogModuleManager: Shutting down and abandoning module AndroidPlatformEditor (510)
[2018.07.23-04.58.27:008][ 85]LogModuleManager: Shutting down and abandoning module AndroidDeviceDetection (509)
[2018.07.23-04.58.27:573][ 85]LogModuleManager: Shutting down and abandoning module WindowsPlatformEditor (506)
[2018.07.23-04.58.27:573][ 85]LogModuleManager: Shutting down and abandoning module LuminRuntimeSettings (504)
[2018.07.23-04.58.27:573][ 85]LogModuleManager: Shutting down and abandoning module IOSRuntimeSettings (502)
[2018.07.23-04.58.27:573][ 85]LogModuleManager: Shutting down and abandoning module AndroidRuntimeSettings (500)
[2018.07.23-04.58.27:573][ 85]LogModuleManager: Shutting down and abandoning module InputBindingEditor (498)
[2018.07.23-04.58.27:573][ 85]LogModuleManager: Shutting down and abandoning module MergeActors (496)
[2018.07.23-04.58.27:573][ 85]LogModuleManager: Shutting down and abandoning module LocalizationDashboard (494)
[2018.07.23-04.58.27:573][ 85]LogModuleManager: Shutting down and abandoning module LocalizationService (493)
[2018.07.23-04.58.27:573][ 85]LogModuleManager: Shutting down and abandoning module HardwareTargeting (490)
[2018.07.23-04.58.27:573][ 85]LogModuleManager: Shutting down and abandoning module DeviceProfileEditor (488)
[2018.07.23-04.58.27:573][ 85]LogModuleManager: Shutting down and abandoning module UndoHistory (486)
[2018.07.23-04.58.27:573][ 85]LogModuleManager: Shutting down and abandoning module XmlParser (484)
[2018.07.23-04.58.27:573][ 85]LogModuleManager: Shutting down and abandoning module Blutility (482)
[2018.07.23-04.58.27:573][ 85]LogModuleManager: Shutting down and abandoning module ProjectSettingsViewer (480)
[2018.07.23-04.58.27:573][ 85]LogModuleManager: Shutting down and abandoning module ProjectTargetPlatformEditor (479)
[2018.07.23-04.58.27:573][ 85]LogModuleManager: Shutting down and abandoning module EditorSettingsViewer (476)
[2018.07.23-04.58.27:573][ 85]LogModuleManager: Shutting down and abandoning module SettingsEditor (474)
[2018.07.23-04.58.27:573][ 85]LogModuleManager: Shutting down and abandoning module ProjectLauncher (472)
[2018.07.23-04.58.27:573][ 85]LogModuleManager: Shutting down and abandoning module SessionFrontend (470)
[2018.07.23-04.58.27:573][ 85]LogModuleManager: Shutting down and abandoning module ProfilerClient (468)
[2018.07.23-04.58.27:573][ 85]LogModuleManager: Shutting down and abandoning module DeviceManager (466)
[2018.07.23-04.58.27:573][ 85]LogModuleManager: Shutting down and abandoning module TargetDeviceServices (465)
[2018.07.23-04.58.27:629][ 85]LogModuleManager: Shutting down and abandoning module AutomationController (462)
[2018.07.23-04.58.27:629][ 85]LogModuleManager: Shutting down and abandoning module AutomationWindow (460)
[2018.07.23-04.58.27:629][ 85]LogModuleManager: Shutting down and abandoning module Layers (458)
[2018.07.23-04.58.27:629][ 85]LogModuleManager: Shutting down and abandoning module ComponentVisualizers (456)
[2018.07.23-04.58.27:629][ 85]LogModuleManager: Shutting down and abandoning module DetailCustomizations (454)
[2018.07.23-04.58.27:629][ 85]LogModuleManager: Shutting down and abandoning module PackagesDialog (452)
[2018.07.23-04.58.27:629][ 85]LogModuleManager: Shutting down and abandoning module Persona (450)
[2018.07.23-04.58.27:629][ 85]LogModuleManager: Shutting down and abandoning module AdvancedPreviewScene (449)
[2018.07.23-04.58.27:629][ 85]LogModuleManager: Shutting down and abandoning module AnimGraph (447)
[2018.07.23-04.58.27:629][ 85]LogModuleManager: Shutting down and abandoning module Kismet (444)
[2018.07.23-04.58.27:633][ 85]LogModuleManager: Shutting down and abandoning module GraphEditor (442)
[2018.07.23-04.58.27:633][ 85]LogModuleManager: Shutting down and abandoning module ClassViewer (440)
[2018.07.23-04.58.27:633][ 85]LogModuleManager: Shutting down and abandoning module Toolbox (438)
[2018.07.23-04.58.27:633][ 85]LogModuleManager: Shutting down and abandoning module ModuleUI (436)
[2018.07.23-04.58.27:633][ 85]LogModuleManager: Shutting down and abandoning module MovieSceneTools (434)
[2018.07.23-04.58.27:633][ 85]LogModuleManager: Shutting down and abandoning module OutputLog (432)
[2018.07.23-04.58.27:633][ 85]LogModuleManager: Shutting down and abandoning module GammaUI (430)
[2018.07.23-04.58.27:633][ 85]LogModuleManager: Shutting down and abandoning module Documentation (428)
[2018.07.23-04.58.27:633][ 85]LogModuleManager: Shutting down and abandoning module MovieSceneTracks (426)
[2018.07.23-04.58.27:633][ 85]LogModuleManager: Shutting down and abandoning module MovieScene (424)
[2018.07.23-04.58.27:633][ 85]LogModuleManager: Shutting down and abandoning module StreamingPauseRendering (422)
[2018.07.23-04.58.27:633][ 85]LogModuleManager: Shutting down and abandoning module LauncherPlatform (420)
[2018.07.23-04.58.27:633][ 85]LogModuleManager: Shutting down and abandoning module AnalyticsET (418)
[2018.07.23-04.58.27:633][ 85]LogModuleManager: Shutting down and abandoning module PortalServices (416)
[2018.07.23-04.58.27:633][ 85]LogModuleManager: Shutting down and abandoning module PortalRpc (414)
[2018.07.23-04.58.27:634][ 85]LogModuleManager: Shutting down and abandoning module MessagingRpc (412)
[2018.07.23-04.58.27:634][ 85]LogModuleManager: Shutting down and abandoning module AIModule (410)
[2018.07.23-04.58.27:634][ 85]LogModuleManager: Shutting down and abandoning module GameplayDebugger (409)
[2018.07.23-04.58.27:634][ 85]LogModuleManager: Shutting down and abandoning module AITestSuite (407)
[2018.07.23-04.58.27:634][ 85]LogModuleManager: Shutting down and abandoning module NavigationSystem (405)
[2018.07.23-04.58.27:634][ 85]LogModuleManager: Shutting down and abandoning module DesktopPlatform (402)
[2018.07.23-04.58.27:634][ 85]LogModuleManager: Shutting down and abandoning module ProfilerService (400)
[2018.07.23-04.58.27:736][ 85]LogModuleManager: Shutting down and abandoning module TaskGraph (398)
[2018.07.23-04.58.27:736][ 85]LogModuleManager: Shutting down and abandoning module SteamVRController (396)
[2018.07.23-04.58.27:736][ 85]LogModuleManager: Shutting down and abandoning module ProceduralMeshComponentEditor (394)
[2018.07.23-04.58.27:736][ 85]LogModuleManager: Shutting down and abandoning module ProceduralMeshComponent (392)
[2018.07.23-04.58.27:736][ 85]LogModuleManager: Shutting down and abandoning module OculusInput (390)
[2018.07.23-04.58.27:736][ 85]LogModuleManager: Shutting down and abandoning module MobilePatchingUtils (388)
[2018.07.23-04.58.27:736][ 85]LogModuleManager: Shutting down and abandoning module EditableMesh (386)
[2018.07.23-04.58.27:736][ 85]LogModuleManager: Shutting down and abandoning module CustomMeshComponent (384)
[2018.07.23-04.58.27:736][ 85]LogModuleManager: Shutting down and abandoning module CableComponent (382)
[2018.07.23-04.58.27:736][ 85]LogModuleManager: Shutting down and abandoning module AudioCapture (380)
[2018.07.23-04.58.27:736][ 85]LogModuleManager: Shutting down and abandoning module ArchVisCharacter (378)
[2018.07.23-04.58.27:736][ 85]LogModuleManager: Shutting down and abandoning module AndroidPermission (376)
[2018.07.23-04.58.27:736][ 85]LogModuleManager: Shutting down and abandoning module NUTUnrealEngine4 (374)
[2018.07.23-04.58.27:736][ 85]LogModuleManager: Shutting down and abandoning module NetcodeUnitTest (372)
[2018.07.23-04.58.27:736][ 85]LogModuleManager: Shutting down and abandoning module MediaCompositingEditor (370)
[2018.07.23-04.58.27:736][ 85]LogModuleManager: Shutting down and abandoning module MediaCompositing (368)
[2018.07.23-04.58.27:736][ 85]LogModuleManager: Shutting down and abandoning module LinearTimecode (366)
[2018.07.23-04.58.27:736][ 85]LogModuleManager: Shutting down and abandoning module ImgMedia (364)
[2018.07.23-04.58.27:739][ 85]LogModuleManager: Shutting down and abandoning module HTML5Networking (362)
[2018.07.23-04.58.27:739][ 85]LogModuleManager: Shutting down and abandoning module GeometryCacheTracks (360)
[2018.07.23-04.58.27:739][ 85]LogModuleManager: Shutting down and abandoning module GeometryCacheSequencer (358)
[2018.07.23-04.58.27:739][ 85]LogModuleManager: Shutting down and abandoning module BackChannel (356)
[2018.07.23-04.58.27:739][ 85]LogModuleManager: Shutting down and abandoning module AppleVision (354)
[2018.07.23-04.58.27:739][ 85]LogModuleManager: Shutting down and abandoning module AppleImageUtils (352)
[2018.07.23-04.58.27:739][ 85]LogModuleManager: Shutting down and abandoning module AlembicImporter (350)
[2018.07.23-04.58.27:739][ 85]LogModuleManager: Shutting down and abandoning module AlembicLibrary (349)
[2018.07.23-04.58.27:739][ 85]LogModuleManager: Shutting down and abandoning module GeometryCache (348)
[2018.07.23-04.58.27:739][ 85]LogModuleManager: Shutting down and abandoning module GeometryCacheEd (347)
[2018.07.23-04.58.27:739][ 85]LogModuleManager: Shutting down and abandoning module DatasmithContentEditor (342)
[2018.07.23-04.58.27:739][ 85]LogModuleManager: Shutting down and abandoning module DatasmithContent (340)
[2018.07.23-04.58.27:740][ 85]LogModuleManager: Shutting down and abandoning module SpeedTreeImporter (338)
[2018.07.23-04.58.27:740][ 85]LogModuleManager: Shutting down and abandoning module PluginBrowser (336)
[2018.07.23-04.58.27:740][ 85]LogModuleManager: Shutting down and abandoning module MobileLauncherProfileWizard (334)
[2018.07.23-04.58.27:740][ 85]LogModuleManager: Shutting down and abandoning module PolygonModeling (332)
[2018.07.23-04.58.27:740][ 85]LogModuleManager: Shutting down and abandoning module MeshEditor (330)
[2018.07.23-04.58.27:740][ 85]LogModuleManager: Shutting down and abandoning module CryptoKeysOpenSSL (328)
[2018.07.23-04.58.27:740][ 85]LogModuleManager: Shutting down and abandoning module CryptoKeys (326)
[2018.07.23-04.58.27:740][ 85]LogModuleManager: Shutting down and abandoning module VisualStudioSourceCodeAccess (324)
[2018.07.23-04.58.27:740][ 85]LogModuleManager: Shutting down and abandoning module VisualStudioCodeSourceCodeAccess (322)
[2018.07.23-04.58.27:740][ 85]LogModuleManager: Shutting down and abandoning module UObjectPlugin (320)
[2018.07.23-04.58.27:740][ 85]LogModuleManager: Shutting down and abandoning module SubversionSourceControl (318)
[2018.07.23-04.58.27:740][ 85]LogModuleManager: Shutting down and abandoning module PerforceSourceControl (316)
[2018.07.23-04.58.27:740][ 85]LogModuleManager: Shutting down and abandoning module GitSourceControl (314)
[2018.07.23-04.58.27:740][ 85]LogModuleManager: Shutting down and abandoning module SourceControl (313)
[2018.07.23-04.58.27:740][ 85]LogModuleManager: Shutting down and abandoning module CLionSourceCodeAccess (310)
[2018.07.23-04.58.27:740][ 85]LogModuleManager: Shutting down and abandoning module LightPropagationVolumeEditor (308)
[2018.07.23-04.58.27:740][ 85]LogModuleManager: Shutting down and abandoning module PaperTiledImporter (306)
[2018.07.23-04.58.27:740][ 85]LogModuleManager: Shutting down and abandoning module PaperSpriteSheetImporter (304)
[2018.07.23-04.58.27:740][ 85]LogModuleManager: Shutting down and abandoning module Paper2DEditor (302)
[2018.07.23-04.58.27:740][ 85]LogModuleManager: Shutting down and abandoning module MeshPaint (301)
[2018.07.23-04.58.27:740][ 85]LogModuleManager: Shutting down and abandoning module RuntimePhysXCooking (298)
[2018.07.23-04.58.27:740][ 85]LogModuleManager: Shutting down and abandoning module PhysXVehiclesEditor (296)
[2018.07.23-04.58.27:740][ 85]LogModuleManager: Shutting down and abandoning module PhysXVehicles (294)
[2018.07.23-04.58.27:740][ 85]LogModuleManager: Shutting down and abandoning module OculusEditor (292)
[2018.07.23-04.58.27:740][ 85]LogModuleManager: Shutting down and abandoning module LocationServicesBPLibrary (290)
[2018.07.23-04.58.27:740][ 85]LogModuleManager: Shutting down and abandoning module ImmediatePhysicsEditor (288)
[2018.07.23-04.58.27:740][ 85]LogModuleManager: Shutting down and abandoning module ImmediatePhysics (286)
[2018.07.23-04.58.27:740][ 85]LogModuleManager: Shutting down and abandoning module ActorSequence (284)
[2018.07.23-04.58.27:740][ 85]LogModuleManager: Shutting down and abandoning module UdpMessaging (282)
[2018.07.23-04.58.27:841][ 85]LogModuleManager: Shutting down and abandoning module TcpMessaging (280)
[2018.07.23-04.58.27:942][ 85]LogModuleManager: Shutting down and abandoning module MagicLeapAudio (278)
[2018.07.23-04.58.27:942][ 85]LogModuleManager: Shutting down and abandoning module GameplayTagsEditor (276)
[2018.07.23-04.58.27:942][ 85]LogModuleManager: Shutting down and abandoning module FacialAnimationEditor (274)
[2018.07.23-04.58.27:942][ 85]LogModuleManager: Shutting down and abandoning module FacialAnimation (272)
[2018.07.23-04.58.27:942][ 85]LogModuleManager: Shutting down and abandoning module DataValidation (270)
[2018.07.23-04.58.27:942][ 85]LogModuleManager: Shutting down and abandoning module AssetManagerEditor (268)
[2018.07.23-04.58.27:942][ 85]LogModuleManager: Shutting down and abandoning module LevelEditor (267)
[2018.07.23-04.58.27:942][ 85]LogModuleManager: Shutting down and abandoning module PixelInspectorModule (266)
[2018.07.23-04.58.27:942][ 85]LogModuleManager: Shutting down and abandoning module CommonMenuExtensions (264)
[2018.07.23-04.58.27:943][ 85]LogModuleManager: Shutting down and abandoning module MainFrame (262)
[2018.07.23-04.58.27:943][ 85]LogModuleManager: Shutting down and abandoning module HotReload (261)
[2018.07.23-04.58.27:943][ 85]LogModuleManager: Shutting down and abandoning module ContentBrowser (257)
[2018.07.23-04.58.27:944][ 85]LogModuleManager: Shutting down and abandoning module TreeMap (255)
[2018.07.23-04.58.27:944][ 85]LogModuleManager: Shutting down and abandoning module LightPropagationVolumeRuntime (252)
[2018.07.23-04.58.27:944][ 85]LogModuleManager: Shutting down and abandoning module AISupportModule (250)
[2018.07.23-04.58.27:944][ 85]LogModuleManager: Shutting down and abandoning module Paper2D (248)
[2018.07.23-04.58.27:944][ 85]LogModuleManager: Shutting down and abandoning module WindowsMoviePlayer (246)
[2018.07.23-04.58.27:944][ 85]LogModuleManager: Shutting down and abandoning module WmfMedia (244)
[2018.07.23-04.58.27:945][ 85]LogModuleManager: Shutting down and abandoning module Media (243)
[2018.07.23-04.58.27:951][ 85]LogModuleManager: Shutting down and abandoning module PacketHandler (240)
[2018.07.23-04.58.27:951][ 85]LogModuleManager: Shutting down and abandoning module ClothingSystemEditor (238)
[2018.07.23-04.58.27:951][ 85]LogModuleManager: Shutting down and abandoning module ClothingSystemRuntime (236)
[2018.07.23-04.58.27:951][ 85]LogModuleManager: Shutting down and abandoning module MediaAssets (234)
[2018.07.23-04.58.27:951][ 85]LogModuleManager: Shutting down and abandoning module Overlay (232)
[2018.07.23-04.58.27:951][ 85]LogModuleManager: Shutting down and abandoning module OverlayEditor (231)
[2018.07.23-04.58.27:951][ 85]LogModuleManager: Shutting down and abandoning module VREditor (228)
[2018.07.23-04.58.27:951][ 85]LogModuleManager: Shutting down and abandoning module StringTableEditor (226)
[2018.07.23-04.58.27:951][ 85]LogModuleManager: Shutting down and abandoning module GameplayTasksEditor (224)
[2018.07.23-04.58.27:951][ 85]LogModuleManager: Shutting down and abandoning module BehaviorTreeEditor (222)
[2018.07.23-04.58.27:951][ 85]LogModuleManager: Shutting down and abandoning module FunctionalTesting (220)
[2018.07.23-04.58.27:951][ 85]LogModuleManager: Shutting down and abandoning module CollisionAnalyzer (218)
[2018.07.23-04.58.27:951][ 85]LogModuleManager: Shutting down and abandoning module WorkspaceMenuStructure (217)
[2018.07.23-04.58.27:951][ 85]LogModuleManager: Shutting down and abandoning module UMG (214)
[2018.07.23-04.58.27:951][ 85]LogModuleManager: Shutting down and abandoning module UMGEditor (213)
[2018.07.23-04.58.27:951][ 85]LogModuleManager: Shutting down and abandoning module Sequencer (212)
[2018.07.23-04.58.27:951][ 85]LogModuleManager: Shutting down and abandoning module MessageLog (209)
[2018.07.23-04.58.27:951][ 85]LogModuleManager: Shutting down and abandoning module SlateReflector (204)
[2018.07.23-04.58.27:951][ 85]LogModuleManager: Shutting down and abandoning module Slate (202)
[2018.07.23-04.58.27:951][ 85]LogModuleManager: Shutting down and abandoning module EditorStyle (200)
[2018.07.23-04.58.27:953][ 85]LogModuleManager: Shutting down and abandoning module MRMesh (198)
[2018.07.23-04.58.27:953][ 85]LogModuleManager: Shutting down and abandoning module SourceCodeAccess (196)
[2018.07.23-04.58.27:953][ 85]LogModuleManager: Shutting down and abandoning module HeadMountedDisplay (194)
[2018.07.23-04.58.27:953][ 85]LogModuleManager: Shutting down and abandoning module XAudio2 (192)
[2018.07.23-04.58.27:953][ 85]LogModuleManager: Shutting down and abandoning module Networking (190)
[2018.07.23-04.58.27:953][ 85]LogModuleManager: Shutting down and abandoning module Core (188)
[2018.07.23-04.58.27:953][ 85]LogModuleManager: Shutting down and abandoning module LevelSequence (186)
[2018.07.23-04.58.27:953][ 85]LogModuleManager: Shutting down and abandoning module KismetCompiler (184)
[2018.07.23-04.58.27:953][ 85]LogModuleManager: Shutting down and abandoning module MeshUtilities (182)
[2018.07.23-04.58.27:953][ 85]LogModuleManager: Shutting down and abandoning module MeshMergeUtilities (181)
[2018.07.23-04.58.27:953][ 85]LogModuleManager: Shutting down and abandoning module MeshReductionInterface (180)
[2018.07.23-04.58.27:953][ 85]LogModuleManager: Shutting down and abandoning module SimplygonSwarm (179)
[2018.07.23-04.58.27:953][ 85]LogModuleManager: Shutting down and abandoning module ProxyLODMeshReduction (177)
[2018.07.23-04.58.27:953][ 85]LogModuleManager: Shutting down and abandoning module SimplygonMeshReduction (175)
[2018.07.23-04.58.27:953][ 85]LogModuleManager: Shutting down and abandoning module QuadricMeshReduction (173)
[2018.07.23-04.58.27:953][ 85]LogModuleManager: Shutting down and abandoning module MaterialBaking (169)
[2018.07.23-04.58.27:953][ 85]LogModuleManager: Shutting down and abandoning module DirectoryWatcher (165)
[2018.07.23-04.58.27:953][ 85]LogModuleManager: Shutting down and abandoning module DerivedDataCache (162)
[2018.07.23-04.58.28:006][ 85]LogDerivedDataCache: Shutdown
[2018.07.23-04.58.28:006][ 85]LogModuleManager: Shutting down and abandoning module XGEController (160)
[2018.07.23-04.58.28:006][ 85]LogModuleManager: Shutting down and abandoning module TargetPlatform (158)
[2018.07.23-04.58.28:006][ 85]LogModuleManager: Shutting down and abandoning module VulkanShaderFormat (157)
[2018.07.23-04.58.28:006][ 85]LogModuleManager: Shutting down and abandoning module ShaderFormatVectorVM (155)
[2018.07.23-04.58.28:006][ 85]LogModuleManager: Shutting down and abandoning module ShaderFormatOpenGL (153)
[2018.07.23-04.58.28:006][ 85]LogModuleManager: Shutting down and abandoning module ShaderFormatD3D (151)
[2018.07.23-04.58.28:006][ 85]LogModuleManager: Shutting down and abandoning module MetalShaderFormat (149)
[2018.07.23-04.58.28:006][ 85]LogModuleManager: Shutting down and abandoning module TextureFormatUncompressed (147)
[2018.07.23-04.58.28:006][ 85]LogModuleManager: Shutting down and abandoning module TextureFormatPVR (145)
[2018.07.23-04.58.28:006][ 85]LogModuleManager: Shutting down and abandoning module TextureFormatDXT (143)
[2018.07.23-04.58.28:006][ 85]LogModuleManager: Shutting down and abandoning module TextureFormatIntelISPCTexComp (141)
[2018.07.23-04.58.28:006][ 85]LogModuleManager: Shutting down and abandoning module TextureFormatASTC (139)
[2018.07.23-04.58.28:006][ 85]LogModuleManager: Shutting down and abandoning module ImageWrapper (138)
[2018.07.23-04.58.28:006][ 85]LogModuleManager: Shutting down and abandoning module TextureFormatAndroid (135)
[2018.07.23-04.58.28:006][ 85]LogModuleManager: Shutting down and abandoning module AudioFormatOpus (133)
[2018.07.23-04.58.28:006][ 85]LogModuleManager: Shutting down and abandoning module AudioFormatOgg (131)
[2018.07.23-04.58.28:006][ 85]LogModuleManager: Shutting down and abandoning module AudioFormatADPCM (129)
[2018.07.23-04.58.28:006][ 85]LogModuleManager: Shutting down and abandoning module LuminTargetPlatform (127)
[2018.07.23-04.58.28:006][ 85]LogModuleManager: Shutting down and abandoning module LinuxTargetPlatform (125)
[2018.07.23-04.58.28:006][ 85]LogModuleManager: Shutting down and abandoning module LinuxServerTargetPlatform (123)
[2018.07.23-04.58.28:006][ 85]LogModuleManager: Shutting down and abandoning module LinuxNoEditorTargetPlatform (121)
[2018.07.23-04.58.28:007][ 85]LogModuleManager: Shutting down and abandoning module LinuxClientTargetPlatform (119)
[2018.07.23-04.58.28:007][ 85]LogModuleManager: Shutting down and abandoning module TVOSTargetPlatform (117)
[2018.07.23-04.58.28:007][ 85]LogModuleManager: Shutting down and abandoning module Messaging (115)
[2018.07.23-04.58.28:007][ 85]LogModuleManager: Shutting down and abandoning module IOSTargetPlatform (113)
[2018.07.23-04.58.28:008][ 85]LogModuleManager: Shutting down and abandoning module HTML5TargetPlatform (111)
[2018.07.23-04.58.28:008][ 85]LogModuleManager: Shutting down and abandoning module AndroidTargetPlatform (109)
[2018.07.23-04.58.28:013][ 85]LogModuleManager: Shutting down and abandoning module WindowsTargetPlatform (107)
[2018.07.23-04.58.28:013][ 85]LogModuleManager: Shutting down and abandoning module WindowsServerTargetPlatform (105)
[2018.07.23-04.58.28:013][ 85]LogModuleManager: Shutting down and abandoning module WindowsNoEditorTargetPlatform (103)
[2018.07.23-04.58.28:013][ 85]LogModuleManager: Shutting down and abandoning module WindowsClientTargetPlatform (101)
[2018.07.23-04.58.28:013][ 85]LogModuleManager: Shutting down and abandoning module MacTargetPlatform (99)
[2018.07.23-04.58.28:013][ 85]LogModuleManager: Shutting down and abandoning module MacServerTargetPlatform (97)
[2018.07.23-04.58.28:013][ 85]LogModuleManager: Shutting down and abandoning module MacNoEditorTargetPlatform (95)
[2018.07.23-04.58.28:014][ 85]LogModuleManager: Shutting down and abandoning module MacClientTargetPlatform (93)
[2018.07.23-04.58.28:014][ 85]LogModuleManager: Shutting down and abandoning module AllDesktopTargetPlatform (91)
[2018.07.23-04.58.28:014][ 85]LogModuleManager: Shutting down and abandoning module InputCore (88)
[2018.07.23-04.58.28:014][ 85]LogModuleManager: Shutting down and abandoning module Settings (86)
[2018.07.23-04.58.28:014][ 85]LogModuleManager: Shutting down and abandoning module PhysXCooking (84)
[2018.07.23-04.58.28:014][ 85]LogModuleManager: Shutting down and abandoning module SteamVR (82)
[2018.07.23-04.58.28:014][ 85]LogModuleManager: Shutting down and abandoning module OculusHMD (80)
[2018.07.23-04.58.28:014][ 85]LogModuleManager: Shutting down and abandoning module ExampleDeviceProfileSelector (78)
[2018.07.23-04.58.28:014][ 85]LogModuleManager: Shutting down and abandoning module LauncherChunkInstaller (76)
[2018.07.23-04.58.28:014][ 85]LogModuleManager: Shutting down and abandoning module OnlineBlueprintSupport (74)
[2018.07.23-04.58.28:014][ 85]LogModuleManager: Shutting down and abandoning module OnlineSubsystem (70)
[2018.07.23-04.58.28:014][ 85]LogModuleManager: Shutting down and abandoning module XMPP (65)
[2018.07.23-04.58.28:014][ 85]LogModuleManager: Shutting down and abandoning module WebSockets (64)
[2018.07.23-04.58.28:030][ 85]LogModuleManager: Shutting down and abandoning module HTTP (61)
[2018.07.23-04.58.28:030][ 85]LogHttp: Display: Http module shutting down, but needs to wait on 1 outstanding Http requests:
[2018.07.23-04.58.28:030][ 85]LogHttp: Display: 	verb=[POST] url=[https://datarouter.ol.epicgames.com/datarouter/api/v1/public/data?SessionID=%7BD0ADE945-4696-0F3A-6354-4FAA6D24EC1B%7D&AppID=UEEditor.Rocket.Release&AppVersion=4.20.0-4212847%2B%2B%2BUE4%2BRelease-4.20&UserID=8d565afb4f901f97d9c44ca099baa1bf%7C63e62efcbf0f43029c8072b76068276f%7C9028971d-8b22-416a-88c7-84e40ff769fa&AppEnvironment=datacollector-binary&UploadType=eteventstream] status=Processing
[2018.07.23-04.58.28:060][ 85]LogModuleManager: Shutting down and abandoning module SSL (60)
[2018.07.23-04.58.28:061][ 85]LogModuleManager: Shutting down and abandoning module MagicLeapEmulator (56)
[2018.07.23-04.58.28:061][ 85]LogModuleManager: Shutting down and abandoning module MagicLeapPrivileges (54)
[2018.07.23-04.58.28:061][ 85]LogModuleManager: Shutting down and abandoning module MagicLeapIdentity (52)
[2018.07.23-04.58.28:061][ 85]LogModuleManager: Shutting down and abandoning module MagicLeapHelperVulkan (50)
[2018.07.23-04.58.28:061][ 85]LogModuleManager: Shutting down and abandoning module MagicLeapHelperOpenGL (48)
[2018.07.23-04.58.28:061][ 85]LogModuleManager: Shutting down and abandoning module MagicLeapSecureStorage (46)
[2018.07.23-04.58.28:061][ 85]LogModuleManager: Shutting down and abandoning module MagicLeapGestures (44)
[2018.07.23-04.58.28:061][ 85]LogModuleManager: Shutting down and abandoning module MagicLeapEyeTracker (42)
[2018.07.23-04.58.28:061][ 85]LogModuleManager: Shutting down and abandoning module MagicLeapController (40)
[2018.07.23-04.58.28:061][ 85]LogSlate: Slate User Destroyed.  User Index 0, Is Virtual User: 0
[2018.07.23-04.58.28:061][ 85]LogModuleManager: Shutting down and abandoning module MagicLeap (38)
[2018.07.23-04.58.28:061][ 85]LogModuleManager: Shutting down and abandoning module AnimationModifiers (36)
[2018.07.23-04.58.28:061][ 85]LogModuleManager: Shutting down and abandoning module PropertyEditor (35)
[2018.07.23-04.58.28:061][ 85]LogModuleManager: Shutting down and abandoning module AudioEditor (32)
[2018.07.23-04.58.28:061][ 85]LogModuleManager: Shutting down and abandoning module TextureCompressor (30)
[2018.07.23-04.58.28:061][ 85]LogModuleManager: Shutting down and abandoning module ShaderCore (28)
[2018.07.23-04.58.28:061][ 85]LogModuleManager: Shutting down and abandoning module Landscape (26)
[2018.07.23-04.58.28:061][ 85]LogModuleManager: Shutting down and abandoning module SlateRHIRenderer (24)
[2018.07.23-04.58.28:062][ 85]LogModuleManager: Shutting down and abandoning module OpenGLDrv (22)
[2018.07.23-04.58.28:062][ 85]LogModuleManager: Shutting down and abandoning module D3D11RHI (20)
[2018.07.23-04.58.28:062][ 85]LogModuleManager: Shutting down and abandoning module AnimGraphRuntime (18)
[2018.07.23-04.58.28:062][ 85]LogModuleManager: Shutting down and abandoning module Renderer (16)
[2018.07.23-04.58.28:062][ 85]LogModuleManager: Shutting down and abandoning module Engine (14)
[2018.07.23-04.58.28:062][ 85]LogModuleManager: Shutting down and abandoning module CoreUObject (12)
[2018.07.23-04.58.28:062][ 85]LogModuleManager: Shutting down and abandoning module NetworkFile (10)
[2018.07.23-04.58.28:062][ 85]LogModuleManager: Shutting down and abandoning module CookedIterativeFile (8)
[2018.07.23-04.58.28:062][ 85]LogModuleManager: Shutting down and abandoning module StreamingFile (6)
[2018.07.23-04.58.28:062][ 85]LogModuleManager: Shutting down and abandoning module SandboxFile (4)
[2018.07.23-04.58.28:062][ 85]LogModuleManager: Shutting down and abandoning module PakFile (2)
[2018.07.23-04.58.28:067][ 85]LogExit: Exiting.
[2018.07.23-04.58.28:070][ 85]Log file closed, 07/23/18 00:58:28
