"../../../../../../Unreal Projects/Git/FracturedDevelopments/TheGauntlet/Content/Geometry/Meshes/CubeMaterial.uasset" 0
"../../../../../../Unreal Projects/Git/FracturedDevelopments/TheGauntlet/Content/Geometry/Meshes/1M_Cube_Chamfer.uasset" 1
"../../../../../../Unreal Projects/Git/FracturedDevelopments/TheGauntlet/Content/Mannequin/Character/Mesh/UE4_Mannequin_Skeleton.uasset" 2
"../../../../../../Unreal Projects/Git/FracturedDevelopments/TheGauntlet/Content/Mannequin/Animations/ThirdPersonJump_End.uasset" 3
"../../../../../../Unreal Projects/Git/FracturedDevelopments/TheGauntlet/Content/Particles/Materials_Textures/Spellcircle__2_.uasset" 4
"../../../../../../Unreal Projects/Git/FracturedDevelopments/TheGauntlet/Content/Particles/Materials_Textures/Spellcircle__1__Mat.uasset" 5
"../../../../../../Unreal Projects/Git/FracturedDevelopments/TheGauntlet/Content/Particles/NewParticleSystem1.uasset" 6
"../../../../../../Unreal Projects/Git/FracturedDevelopments/TheGauntlet/Content/ThirdPerson/Meshes/RampMaterial.uasset" 7
"../../../../../../Unreal Projects/Git/FracturedDevelopments/TheGauntlet/Content/ThirdPerson/Meshes/Bump_StaticMesh.uasset" 8
"../../../../../../Unreal Projects/Git/FracturedDevelopments/TheGauntlet/Content/ThirdPerson/Meshes/LeftArm_StaticMesh.uasset" 9
"../../../../../../Unreal Projects/Git/FracturedDevelopments/TheGauntlet/Content/ThirdPerson/Meshes/Ramp_StaticMesh.uasset" 10
"../../../../../../Unreal Projects/Git/FracturedDevelopments/TheGauntlet/Content/ThirdPerson/Meshes/RightArm_StaticMesh.uasset" 11
"../../../../../../Unreal Projects/Git/FracturedDevelopments/TheGauntlet/Content/Mannequin/Animations/ThirdPerson_Jump.uasset" 12
"../../../../../../Unreal Projects/Git/FracturedDevelopments/TheGauntlet/Content/Mannequin/Animations/ThirdPersonJump_Loop.uasset" 13
"../../../../../../Unreal Projects/Git/FracturedDevelopments/TheGauntlet/Content/Mannequin/Animations/ThirdPersonJump_Start.uasset" 14
"../../../../../../Unreal Projects/Git/FracturedDevelopments/TheGauntlet/Content/Mannequin/Animations/ThirdPersonIdle.uasset" 15
"../../../../../../Unreal Projects/Git/FracturedDevelopments/TheGauntlet/Content/Mannequin/Animations/ThirdPersonRun.uasset" 16
"../../../../../../Unreal Projects/Git/FracturedDevelopments/TheGauntlet/Content/Mannequin/Animations/ThirdPersonWalk.uasset" 17
"../../../../../../Unreal Projects/Git/FracturedDevelopments/TheGauntlet/Content/Mannequin/Animations/ThirdPerson_IdleRun_2D.uasset" 18
"../../../Engine/Content/EditorBlueprintResources/StandardMacros.uasset" 19
"../../../../../../Unreal Projects/Git/FracturedDevelopments/TheGauntlet/Content/Mannequin/Animations/ThirdPerson_AnimBP.uasset" 20
"../../../../../../Unreal Projects/Git/FracturedDevelopments/TheGauntlet/Content/Assets/Cosmetics/SpartanHelmet_maps/SpartanHelmet_Material_002_BaseColor.uasset" 21
"../../../../../../Unreal Projects/Git/FracturedDevelopments/TheGauntlet/Content/Assets/Cosmetics/SpartanHelmet_maps/SpartanHelmet_Material_002_Normal.uasset" 22
"../../../../../../Unreal Projects/Git/FracturedDevelopments/TheGauntlet/Content/Assets/Cosmetics/SpartanHelmet_maps/SpartanHelmet_Material_002_OcclusionRoughnessMetallic.uasset" 23
"../../../../../../Unreal Projects/Git/FracturedDevelopments/TheGauntlet/Content/Assets/Cosmetics/SpartanHelmet_maps/SpartanHelmet_Mat.uasset" 24
"../../../../../../Unreal Projects/Git/FracturedDevelopments/TheGauntlet/Content/Assets/Cosmetics/SpartanHelmet_maps/SpartanHelmet_Material_001_BaseColor.uasset" 25
"../../../../../../Unreal Projects/Git/FracturedDevelopments/TheGauntlet/Content/Assets/Cosmetics/SpartanHelmet_maps/SpartanHelmet_Material_001_Normal.uasset" 26
"../../../../../../Unreal Projects/Git/FracturedDevelopments/TheGauntlet/Content/Assets/Cosmetics/SpartanHelmet_maps/SpartanHelmet_Material_001_OcclusionRoughnessMetallic.uasset" 27
"../../../../../../Unreal Projects/Git/FracturedDevelopments/TheGauntlet/Content/Assets/Cosmetics/SpartanHelmet_maps/SpartanHelmet_Mat_2.uasset" 28
"../../../../../../Unreal Projects/Git/FracturedDevelopments/TheGauntlet/Content/Assets/Cosmetics/SpartanHelmet.uasset" 29
"../../../Engine/Content/Functions/Engine_MaterialFunctions02/Utility/BlendAngleCorrectedNormals.uasset" 30
"../../../Engine/Content/Functions/MaterialLayerFunctions/MatLayerBlend_NormalBlend.uasset" 31
"../../../Engine/Content/Functions/MaterialLayerFunctions/MatLayerBlend_Simple.uasset" 32
"../../../../../../Unreal Projects/Git/FracturedDevelopments/TheGauntlet/Content/Mannequin/Character/Materials/MaterialLayers/T_ML_Rubber_Blue_01_D.uasset" 33
"../../../../../../Unreal Projects/Git/FracturedDevelopments/TheGauntlet/Content/Mannequin/Character/Materials/MaterialLayers/T_ML_Rubber_Blue_01_N.uasset" 34
"../../../../../../Unreal Projects/Git/FracturedDevelopments/TheGauntlet/Content/Mannequin/Character/Materials/MaterialLayers/ML_GlossyBlack_Latex_UE4.uasset" 35
"../../../../../../Unreal Projects/Git/FracturedDevelopments/TheGauntlet/Content/Mannequin/Character/Materials/MaterialLayers/ML_Plastic_Shiny_Beige.uasset" 36
"../../../../../../Unreal Projects/Git/FracturedDevelopments/TheGauntlet/Content/Mannequin/Character/Textures/UE4_LOGO_CARD.uasset" 37
"../../../../../../Unreal Projects/Git/FracturedDevelopments/TheGauntlet/Content/Mannequin/Character/Materials/MaterialLayers/ML_Plastic_Shiny_Beige_LOGO.uasset" 38
"../../../../../../Unreal Projects/Git/FracturedDevelopments/TheGauntlet/Content/Mannequin/Character/Materials/MaterialLayers/T_ML_Aluminum01.uasset" 39
"../../../../../../Unreal Projects/Git/FracturedDevelopments/TheGauntlet/Content/Mannequin/Character/Materials/MaterialLayers/T_ML_Aluminum01_N.uasset" 40
"../../../../../../Unreal Projects/Git/FracturedDevelopments/TheGauntlet/Content/Mannequin/Character/Materials/MaterialLayers/ML_SoftMetal_UE4.uasset" 41
"../../../../../../Unreal Projects/Git/FracturedDevelopments/TheGauntlet/Content/Mannequin/Character/Textures/UE4_Mannequin__normals.uasset" 42
"../../../../../../Unreal Projects/Git/FracturedDevelopments/TheGauntlet/Content/Mannequin/Character/Textures/UE4_Mannequin_MAT_MASKA.uasset" 43
"../../../../../../Unreal Projects/Git/FracturedDevelopments/TheGauntlet/Content/Mannequin/Character/Materials/M_UE4Man_Body.uasset" 44
"../../../../../../Unreal Projects/Git/FracturedDevelopments/TheGauntlet/Content/Mannequin/Character/Textures/UE4Man_Logo_N.uasset" 45
"../../../../../../Unreal Projects/Git/FracturedDevelopments/TheGauntlet/Content/Mannequin/Character/Materials/M_UE4Man_ChestLogo.uasset" 46
"../../../../../../Unreal Projects/Git/FracturedDevelopments/TheGauntlet/Content/Mannequin/Character/Mesh/SK_Mannequin_PhysicsAsset.uasset" 47
"../../../../../../Unreal Projects/Git/FracturedDevelopments/TheGauntlet/Content/Mannequin/Character/Mesh/SK_Mannequin.uasset" 48
"../../../../../../Unreal Projects/Git/FracturedDevelopments/TheGauntlet/Content/Particles/Materials_Textures/Spellcircle2.uasset" 49
"../../../../../../Unreal Projects/Git/FracturedDevelopments/TheGauntlet/Content/Particles/Materials_Textures/Spellcircle2_Mat.uasset" 50
"../../../../../../Unreal Projects/Git/FracturedDevelopments/TheGauntlet/Content/Particles/NewParticleSystem2.uasset" 51
"../../../../../../Unreal Projects/Git/FracturedDevelopments/TheGauntlet/Content/Particles/Materials_Textures/Spellcircle3.uasset" 52
"../../../../../../Unreal Projects/Git/FracturedDevelopments/TheGauntlet/Content/Particles/Materials_Textures/Spellcircle3_Mat.uasset" 53
"../../../../../../Unreal Projects/Git/FracturedDevelopments/TheGauntlet/Content/Particles/NewParticleSystem3.uasset" 54
"../../../../../../Unreal Projects/Git/FracturedDevelopments/TheGauntlet/Content/UI/HUD/Bar.uasset" 55
"../../../../../../Unreal Projects/Git/FracturedDevelopments/TheGauntlet/Content/UI/HUD/seamless-1657442_960_720.uasset" 56
"../../../../../../Unreal Projects/Git/FracturedDevelopments/TheGauntlet/Content/UI/HUD/Test1.uasset" 57
"../../../../../../Unreal Projects/Git/FracturedDevelopments/TheGauntlet/Content/UI/HUD/seamless-2033661_960_720.uasset" 58
"../../../../../../Unreal Projects/Git/FracturedDevelopments/TheGauntlet/Content/UI/HUD/Test_2.uasset" 59
"../../../../../../Unreal Projects/Git/FracturedDevelopments/TheGauntlet/Content/UI/HUD/8abeec1ebbb9f24dedf332422f8f7e0f.uasset" 60
"../../../../../../Unreal Projects/Git/FracturedDevelopments/TheGauntlet/Content/UI/HUD/Diamond2.uasset" 61
"../../../../../../Unreal Projects/Git/FracturedDevelopments/TheGauntlet/Content/UI/HUD/imageproxy.uasset" 62
"../../../../../../Unreal Projects/Git/FracturedDevelopments/TheGauntlet/Content/UI/HUD/MiniMapPlaceHolder.uasset" 63
"../../../../../../Unreal Projects/Git/FracturedDevelopments/TheGauntlet/Content/UI/HUD/SkillSlot.uasset" 64
"../../../../../../Unreal Projects/Git/FracturedDevelopments/TheGauntlet/Content/UI/HUD/StaminaDiamond.uasset" 65
"../../../../../../Unreal Projects/Git/FracturedDevelopments/TheGauntlet/Content/UI/HUD/StaminaDiamondEmpty.uasset" 66
"../../../../../../Unreal Projects/Git/FracturedDevelopments/TheGauntlet/Content/UI/HUD/stickeroid_598a93d2dc0b5.uasset" 67
"../../../../../../Unreal Projects/Git/FracturedDevelopments/TheGauntlet/Content/UI/HUD/HUD.uasset" 68
"../../../../../../Unreal Projects/Git/FracturedDevelopments/TheGauntlet/Content/ThirdPersonBP/Blueprints/ThirdPersonCharacter.uasset" 69
"../../../../../../Unreal Projects/Git/FracturedDevelopments/TheGauntlet/Content/ThirdPersonBP/Blueprints/ThirdPersonGameMode.uasset" 70
"../../../../../../Unreal Projects/Git/FracturedDevelopments/TheGauntlet/Content/UI/HUD/--13782665499Uv.uasset" 71
"../../../../../../Unreal Projects/Git/FracturedDevelopments/TheGauntlet/Content/UI/HUD/BarEmissive.uasset" 72
"../../../../../../Unreal Projects/Git/FracturedDevelopments/TheGauntlet/Content/UI/HUD/Bar__1_Emissive.uasset" 73
"../../../../../../Unreal Projects/Git/FracturedDevelopments/TheGauntlet/Content/UI/HUD/blue-lightning-stock.uasset" 74
"../../../../../../Unreal Projects/Git/FracturedDevelopments/TheGauntlet/Content/UI/HUD/Diamond.uasset" 75
"../../../../../../Unreal Projects/Git/FracturedDevelopments/TheGauntlet/Content/UI/HUD/electricity-1840953_960_720.uasset" 76
"../../../../../../Unreal Projects/Git/FracturedDevelopments/TheGauntlet/Content/UI/HUD/HealthBarFull.uasset" 77
"../../../../../../Unreal Projects/Git/FracturedDevelopments/TheGauntlet/Content/UI/HUD/images.uasset" 78
"../../../../../../Unreal Projects/Git/FracturedDevelopments/TheGauntlet/Content/UI/HUD/Liquid_Metal_2.uasset" 79
"../../../../../../Unreal Projects/Git/FracturedDevelopments/TheGauntlet/Content/UI/HUD/StaminaBarFill.uasset" 80
"../../../../../../Unreal Projects/Git/FracturedDevelopments/TheGauntlet/Content/UI/HUD/NewMaterial.uasset" 81
"../../../../../../Unreal Projects/Git/FracturedDevelopments/TheGauntlet/Content/UI/HUD/StaminaBarFillMarq.uasset" 82
"../../../../../../Unreal Projects/Git/FracturedDevelopments/TheGauntlet/Content/UI/HUD/StaminaSegment.uasset" 83
"../../../../../../Unreal Projects/Git/FracturedDevelopments/TheGauntlet/Content/UI/HUD/StaminaSegmentsingle.uasset" 84
"../../../../../../Unreal Projects/Git/FracturedDevelopments/TheGauntlet/Content/UI/HUD/StaminaSegment__1_.uasset" 85
"../../../../../../Unreal Projects/Git/FracturedDevelopments/TheGauntlet/Content/UI/HUD/Test_3.uasset" 86
"../../../../../../Unreal Projects/Git/FracturedDevelopments/TheGauntlet/Content/UI/HUD/watertexture_by_almetosdon-d37xvbn.uasset" 87
"../../../Engine/Content/Functions/Engine_MaterialFunctions01/Opacity/CameraDepthFade.uasset" 88
"../../../Engine/Content/EngineMaterials/T_Default_Material_Grid_M.uasset" 89
"../../../Engine/Content/EngineMaterials/T_Default_Material_Grid_N.uasset" 90
"../../../Engine/Content/EngineMaterials/DefaultMaterial.uasset" 91
"../../../Engine/Content/BasicShapes/Cone.uasset" 92
"../../../Engine/Content/EngineMaterials/WorldGridMaterial.uasset" 93
"../../../Engine/Content/BasicShapes/Cube.uasset" 94
"../../../Engine/Content/BasicShapes/Cylinder.uasset" 95
"../../../Engine/Content/BasicShapes/Plane.uasset" 96
"../../../Engine/Content/EditorLandscapeResources/DataLayer.uasset" 97
"../../../Engine/Content/EditorMaterials/GizmoMaterial.uasset" 98
"../../../Engine/Content/EditorMaterials/MAT_Groups_Toggle.uasset" 99
"../../../Engine/Content/EditorMaterials/MAT_Groups_Visibility.uasset" 100
"../../../Engine/Content/EditorMaterials/PreviewShadowIndicator.uasset" 101
"../../../Engine/Content/EditorMaterials/PreviewShadowIndicatorMaterial.uasset" 102
"../../../Engine/Content/EditorMaterials/MatineeGroups/MAT_ColorTrack.uasset" 103
"../../../Engine/Content/EditorMaterials/MatineeGroups/MAT_Groups_Anim.uasset" 104
"../../../Engine/Content/EditorMaterials/MatineeGroups/MAT_Groups_AudioMaster.uasset" 105
"../../../Engine/Content/EditorMaterials/MatineeGroups/MAT_Groups_Director.uasset" 106
"../../../Engine/Content/EditorMaterials/MatineeGroups/MAT_Groups_Event.uasset" 107
"../../../Engine/Content/EditorMaterials/MatineeGroups/MAT_Groups_Fade.uasset" 108
"../../../Engine/Content/EditorMaterials/MatineeGroups/MAT_Groups_Float.uasset" 109
"../../../Engine/Content/EditorMaterials/MatineeGroups/MAT_Groups_Move.uasset" 110
"../../../Engine/Content/EditorMaterials/MatineeGroups/MAT_Groups_Slomo.uasset" 111
"../../../Engine/Content/EditorMaterials/MatineeGroups/MAT_Groups_Sound.uasset" 112
"../../../Engine/Content/EditorMaterials/MatineeGroups/MAT_Groups_Vector.uasset" 113
"../../../Engine/Content/EditorMaterials/ParticleSystems/PSysThumbnail_NoImage.uasset" 114
"../../../Engine/Content/EditorMaterials/ParticleSystems/PSysThumbnail_OOD.uasset" 115
"../../../Engine/Content/EditorMaterials/Camera/CineMat.uasset" 116
"../../../Engine/Content/EditorMaterials/Camera/MI_CineMat_Rig.uasset" 117
"../../../Engine/Content/EditorMeshes/Camera/SM_CraneRig_Arm.uasset" 118
"../../../Engine/Content/EditorMeshes/Camera/SM_CraneRig_Base.uasset" 119
"../../../Engine/Content/EditorMeshes/Camera/SM_CraneRig_Body.uasset" 120
"../../../Engine/Content/EditorMeshes/Camera/SM_CraneRig_Mount.uasset" 121
"../../../Engine/Content/EditorMeshes/Camera/SM_RailRig_Mount.uasset" 122
"../../../Engine/Content/EditorMeshes/Camera/SM_RailRig_Track.uasset" 123
"../../../Engine/Content/EditorMeshes/ColorCalibrator/M_ChromeBall.uasset" 124
"../../../Engine/Content/EditorMeshes/ColorCalibrator/M_ClearCoat.uasset" 125
"../../../Engine/Content/EditorMeshes/ColorCalibrator/M_ClearCoatBlack.uasset" 126
"../../../Engine/Content/EditorMeshes/ColorCalibrator/Color_checker.uasset" 127
"../../../Engine/Content/EditorMeshes/ColorCalibrator/M_ColorGrid.uasset" 128
"../../../Engine/Content/EditorMeshes/ColorCalibrator/M_GreyBall.uasset" 129
"../../../Engine/Content/EditorMeshes/ColorCalibrator/SM_ColorCalibrator.uasset" 130
"../../../Engine/Content/EditorResources/BSPVertex.uasset" 131
"../../../Engine/Content/EditorResources/EmptyActor.uasset" 132
"../../../Engine/Content/EditorResources/S_Actor.uasset" 133
"../../../Engine/Content/EditorResources/S_Trigger.uasset" 134
"../../../Engine/Content/EditorResources/LightIcons/S_LightError.uasset" 135
"../../../Engine/Content/EditorResources/SequenceRecorder/Countdown.uasset" 136
"../../../Engine/Content/EditorResources/SequenceRecorder/RecordingIndicator.uasset" 137
"../../../Engine/Content/EditorSounds/Notifications/CompileFailed.uasset" 138
"../../../Engine/Content/EditorSounds/Notifications/CompileFailed_Cue.uasset" 139
"../../../Engine/Content/EditorSounds/Notifications/CompileSuccess.uasset" 140
"../../../Engine/Content/EditorSounds/Notifications/CompileStart_Cue.uasset" 141
"../../../Engine/Content/EditorSounds/Notifications/CompileSuccess_Cue.uasset" 142
"../../../Engine/Content/EngineDamageTypes/DmgTypeBP_Environmental.uasset" 143
"../../../Engine/Content/EngineDebugMaterials/HeatmapGradient.uasset" 144
"../../../Engine/Content/EngineDebugMaterials/BoneWeightMaterial.uasset" 145
"../../../Engine/Content/EngineDebugMaterials/ClothMaterial.uasset" 146
"../../../Engine/Content/EngineDebugMaterials/ClothMaterial_WF.uasset" 147
"../../../Engine/Content/EngineDebugMaterials/DebugEditorMaterial.uasset" 148
"../../../Engine/Content/EngineDebugMaterials/DebugMeshMaterial.uasset" 149
"../../../Engine/Content/EngineDebugMaterials/GeomMaterial.uasset" 150
"../../../Engine/Content/EngineFonts/Faces/RobotoBold.uasset" 151
"../../../Engine/Content/EngineFonts/Faces/RobotoBoldItalic.uasset" 152
"../../../Engine/Content/EngineFonts/Faces/RobotoItalic.uasset" 153
"../../../Engine/Content/EngineFonts/Faces/RobotoLight.uasset" 154
"../../../Engine/Content/EngineFonts/Faces/RobotoRegular.uasset" 155
"../../../Engine/Content/EngineFonts/Roboto.uasset" 156
"../../../Engine/Content/EngineFonts/Faces/RobotoTiny.uasset" 157
"../../../Engine/Content/EngineFonts/RobotoTiny.uasset" 158
"../../../Engine/Content/EngineMaterials/DefaultBloomKernel.uasset" 159
"../../../Engine/Content/EngineMaterials/DefaultBokeh.uasset" 160
"../../../Engine/Content/EngineMaterials/DefaultDiffuse.uasset" 161
"../../../Engine/Content/EngineMaterials/DefaultDeferredDecalMaterial.uasset" 162
"../../../Engine/Content/EngineMaterials/DefaultLightFunctionMaterial.uasset" 163
"../../../Engine/Content/EngineMaterials/DefaultPhysicalMaterial.uasset" 164
"../../../Engine/Content/Functions/Engine_MaterialFunctions02/Utility/BreakOutFloat2Components.uasset" 165
"../../../Engine/Content/EngineMaterials/DefaultPostProcessMaterial.uasset" 166
"../../../Engine/Content/EngineFonts/RobotoDistanceField.uasset" 167
"../../../Engine/Content/EngineMaterials/DefaultTextMaterialOpaque.uasset" 168
"../../../Engine/Content/EngineMaterials/DefaultWhiteGrid.uasset" 169
"../../../Engine/Content/EngineMaterials/EditorBrushMaterial.uasset" 170
"../../../Engine/Content/EngineMaterials/Good64x64TilingNoiseHighFreq.uasset" 171
"../../../Engine/Content/EngineMaterials/MiniFont.uasset" 172
"../../../Engine/Content/EngineMaterials/InvalidLightmapSettings.uasset" 173
"../../../Engine/Content/EngineMaterials/M_InvalidLightmapSettings.uasset" 174
"../../../Engine/Content/Functions/Engine_MaterialFunctions02/WorldPositionOffset/CameraOffset.uasset" 175
"../../../Engine/Content/EngineMaterials/PhAT_JointLimitMaterial.uasset" 176
"../../../Engine/Content/EngineMaterials/PreintegratedSkinBRDF.uasset" 177
"../../../Engine/Content/EngineMaterials/RemoveSurfaceMaterial.uasset" 178
"../../../Engine/Content/EngineMaterials/WeightMapPlaceholderTexture.uasset" 179
"../../../Engine/Content/EngineResources/WhiteSquareTexture.uasset" 180
"../../../Engine/Content/EngineMaterials/Widget3DPassThrough.uasset" 181
"../../../Engine/Content/EngineMaterials/Widget3DPassThrough_Masked.uasset" 182
"../../../Engine/Content/EngineMaterials/Widget3DPassThrough_Opaque.uasset" 183
"../../../Engine/Content/EngineMaterials/Widget3DPassThrough_Masked_OneSided.uasset" 184
"../../../Engine/Content/EngineMaterials/Widget3DPassThrough_Opaque_OneSided.uasset" 185
"../../../Engine/Content/EngineMaterials/Widget3DPassThrough_Translucent.uasset" 186
"../../../Engine/Content/EngineMaterials/Widget3DPassThrough_Translucent_OneSided.uasset" 187
"../../../Engine/Content/EngineMeshes/Cube.uasset" 188
"../../../Engine/Content/EngineMeshes/Cylinder.uasset" 189
"../../../Engine/Content/EngineMeshes/Sphere.uasset" 190
"../../../Engine/Content/EngineResources/Black.uasset" 191
"../../../Engine/Content/EngineResources/DefaultTexture.uasset" 192
"../../../Engine/Content/EngineResources/DefaultTextureCube.uasset" 193
"../../../Engine/Content/EngineResources/GradientTexture0.uasset" 194
"../../../Engine/Content/EngineSounds/Master.uasset" 195
"../../../Engine/Content/Functions/Engine_MaterialFunctions01/Shading/ConvertFromDiffSpec.uasset" 196
"../../../Engine/Content/Functions/Engine_MaterialFunctions01/Shading/PowerToRoughness.uasset" 197
"../../../Engine/Content/Maps/Templates/Thumbnails/Default.uasset" 198
"../../../Engine/Content/Maps/Templates/Thumbnails/VR-Basic.uasset" 199
"../../../Engine/Content/MobileResources/T_MobileControls_texture.uasset" 200
"../../../Engine/Content/MobileResources/T_MobileMenu2.uasset" 201
"../../../Engine/Content/MobileResources/HUD/AnalogHat.uasset" 202
"../../../Engine/Content/MobileResources/HUD/VirtualJoystick_Background.uasset" 203
"../../../Engine/Content/MobileResources/HUD/VirtualJoystick_Thumb.uasset" 204
"../../../Engine/Content/MobileResources/HUD/DefaultVirtualJoysticks.uasset" 205
"../../../Engine/Content/MobileResources/HUD/LeftVirtualJoystickOnly.uasset" 206
"../../../Engine/Content/MobileResources/HUD/MobileHUDButton1_off.uasset" 207
"../../../Engine/Content/MobileResources/HUD/MobileHUDButton1_on.uasset" 208
"../../../Engine/Content/MobileResources/HUD/MobileHUDButton2_off.uasset" 209
"../../../Engine/Content/MobileResources/HUD/MobileHUDButton2_on.uasset" 210
"../../../Engine/Content/MobileResources/HUD/MobileHUDButton3.uasset" 211
"../../../Engine/Content/MobileResources/HUD/MobileHUDButtonFire.uasset" 212
"../../../Engine/Content/MobileResources/HUD/MobileHUDDirectionPad.uasset" 213
"../../../Engine/Content/MobileResources/HUD/MobileHUDDirectionPad2.uasset" 214
"../../../Engine/Content/MobileResources/HUD/MobileHUDDirectionPad3.uasset" 215
"../../../Engine/Content/MobileResources/HUD/MobileHUDDirectionStick.uasset" 216
"../../../Engine/Content/MobileResources/HUD/T_Castle_ThumbstickInner.uasset" 217
"../../../Engine/Content/MobileResources/HUD/T_Castle_ThumbstickOutter.uasset" 218
"../../../Engine/Content/Tutorial/ContentIntroCurve.uasset" 219
"../../../Engine/Content/Tutorial/Basics/TutorialAssets/icon_tab_Levels_40x.uasset" 220
"../../../Engine/Content/Tutorial/BlueprintTutorials/TutorialAssets/BlueprintInterface_64x.uasset" 221
"../../../Engine/Content/Tutorial/BlueprintTutorials/TutorialAssets/BlueprintMacroLibrary_64x.uasset" 222
"../../../Engine/Content/Tutorial/BlueprintTutorials/TutorialAssets/Blueprint_64x.uasset" 223
"../../../Engine/Content/Tutorial/BlueprintTutorials/TutorialAssets/Tutorial_BP_Interface.uasset" 224
"../../../Engine/Content/Tutorial/Foliage/TutorialAssets/Foliage.uasset" 225
"../../../Engine/Content/Tutorial/Landscape/TutorialAssets/Landscape.uasset" 226
"../../../Engine/Content/Tutorial/Paper2D/TutorialAssets/Paper2DFlipbook_TutorialIcon.uasset" 227
"../../../Engine/Content/Tutorial/Paper2D/TutorialAssets/Paper2DSprite_TutorialIcon.uasset" 228
"../../../Engine/Content/Tutorial/SubEditors/TutorialAssets/icon_Editor_Preferences_General_40x.uasset" 229
"../../../Engine/Content/Tutorial/SubEditors/TutorialAssets/icon_ShowSkeletalMeshes_40x.uasset" 230
"../../../Engine/Content/Tutorial/SubEditors/TutorialAssets/TutorialMaterial.uasset" 231
"../../../Engine/Content/Tutorial/SubEditors/TutorialAssets/T_SmokeSubUV_8X8.uasset" 232
"../../../Engine/Content/Tutorial/SubEditors/TutorialAssets/T_soft_smoke.uasset" 233
"../../../Engine/Content/Tutorial/SubEditors/TutorialAssets/M_smoke_subUV_blackbody.uasset" 234
"../../../Engine/Content/Tutorial/SubEditors/TutorialAssets/TutorialParticleSystem.uasset" 235
"../../../Engine/Content/VREditor/Devices/Generic/GenericHMDMaterial.uasset" 236
"../../../Engine/Content/VREditor/Devices/Generic/GenericHMD.uasset" 237
"../../../Engine/Content/Functions/Engine_MaterialFunctions02/Utility/BreakOutFloat3Components.uasset" 238
"../../../Engine/Content/VREditor/Devices/Vive/VivePreController_MasksB.uasset" 239
"../../../Engine/Content/VREditor/Devices/Oculus/OculusControllerMaterial.uasset" 240
"../../../Engine/Content/VREditor/Devices/Oculus/OculusControllerMaterial_Inst.uasset" 241
"../../../Engine/Content/VREditor/Devices/Oculus/OculusControllerMesh.uasset" 242
"../../../Engine/Content/VREditor/Devices/Vive/T_VivePreController_EM.uasset" 243
"../../../Engine/Content/VREditor/Devices/Vive/VivePreController_MasksA.uasset" 244
"../../../Engine/Content/VREditor/Devices/Vive/VivePreControllerDiffuse.uasset" 245
"../../../Engine/Content/VREditor/Devices/Vive/VivePreControllerSpec.uasset" 246
"../../../Engine/Content/VREditor/LaserPointer/VR_LaserPower_01.uasset" 247
"../../../Engine/Content/VREditor/Devices/Vive/VivePreControllerMaterial.uasset" 248
"../../../Engine/Content/VREditor/Devices/Vive/VivePreControllerMaterial_Inst.uasset" 249
"../../../Engine/Content/VREditor/Devices/Vive/VivePreControllerMesh.uasset" 250
"../../../Engine/Content/VREditor/FloatingText/LineMaterial.uasset" 251
"../../../Engine/Content/VREditor/FloatingText/JointSphere.uasset" 252
"../../../Engine/Content/VREditor/FloatingText/LineSegmentCylinder.uasset" 253
"../../../Engine/Content/VREditor/Fonts/VRText_RobotoLarge.uasset" 254
"../../../Engine/Content/VREditor/Fonts/VRTextMaterial.uasset" 255
"../../../Engine/Content/VREditor/Fonts/TranslucentVRTextMaterial.uasset" 256
"../../../Engine/Content/VREditor/LaserPointer/CursorPointer.uasset" 257
"../../../Engine/Content/VREditor/TransformGizmo/TransformGizmoMaterial.uasset" 258
"../../../Engine/Content/VREditor/LaserPointer/HoverMaterial.uasset" 259
"../../../Engine/Content/VREditor/TransformGizmo/TranslucentTransformGizmoMaterial.uasset" 260
"../../../Engine/Content/VREditor/LaserPointer/TranslucentHoverMaterial.uasset" 261
"../../../Engine/Content/VREditor/LaserPointer/HoverMesh.uasset" 262
"../../../Engine/Content/VREditor/LaserPointer/LaserPointerMaterial.uasset" 263
"../../../Engine/Content/VREditor/LaserPointer/LaserPointerMaterialInst.uasset" 264
"../../../Engine/Content/VREditor/LaserPointer/TranslucentLaserPointerMaterialInst.uasset" 265
"../../../Engine/Content/VREditor/LaserPointer/LaserPointerMesh.uasset" 266
"../../../Engine/Content/VREditor/LaserPointer/LaserPointerMesh_End.uasset" 267
"../../../Engine/Content/VREditor/LaserPointer/LaserPointerMesh_Start.uasset" 268
"../../../Engine/Content/VREditor/Sounds/VR_teleport.uasset" 269
"../../../Engine/Content/VREditor/Sounds/UI/Click_on_Button.uasset" 270
"../../../Engine/Content/VREditor/Sounds/UI/Click_on_Button_Cue.uasset" 271
"../../../Engine/Content/VREditor/Sounds/UI/Dockable_Window_Close.uasset" 272
"../../../Engine/Content/VREditor/Sounds/UI/Dockable_Window_Drop.uasset" 273
"../../../Engine/Content/VREditor/Sounds/UI/Dockable_Window_Open.uasset" 274
"../../../Engine/Content/VREditor/Sounds/UI/Dockable_Window_Pick_Up.uasset" 275
"../../../Engine/Content/VREditor/Sounds/UI/Drop_Item_From_ContentBrowser.uasset" 276
"../../../Engine/Content/VREditor/Sounds/UI/Floating_UI_Open-001.uasset" 277
"../../../Engine/Content/VREditor/Sounds/UI/Radial_Menu_FadeOut.uasset" 278
"../../../Engine/Content/VREditor/Sounds/UI/Teleport_Mode_Entered.uasset" 279
"../../../Engine/Content/VREditor/Teleport/TeleportDirectionMaterial.uasset" 280
"../../../Engine/Content/VREditor/Teleport/TeleportDirectionMaterial_Inst.uasset" 281
"../../../Engine/Content/VREditor/Teleport/TeleportDirectionMesh.uasset" 282
"../../../Engine/Content/VREditor/TransformGizmo/BoundingBoxCorner.uasset" 283
"../../../Engine/Content/VREditor/TransformGizmo/BoundingBoxEdge.uasset" 284
"../../../Engine/Content/VREditor/TransformGizmo/PlaneTranslationHandle.uasset" 285
"../../../Engine/Content/VREditor/TransformGizmo/Main.uasset" 286
"../../../Engine/Content/VREditor/TransformGizmo/Xray.uasset" 287
"../../../Engine/Content/VREditor/TransformGizmo/SM_Dialog_Close.uasset" 288
"../../../Engine/Content/VREditor/TransformGizmo/SM_Dialog_Move.uasset" 289
"../../../Engine/Content/VREditor/TransformGizmo/SM_Sequencer_Key.uasset" 290
"../../../Engine/Content/VREditor/TransformGizmo/SM_Sequencer_Node.uasset" 291
"../../../Engine/Content/VREditor/TransformGizmo/TransformGizmoMaterial_Inst.uasset" 292
"../../../Engine/Content/VREditor/TransformGizmo/TranslucentTransformGizmoMaterial_Inst.uasset" 293
"../../../Engine/Content/VREditor/Devices/Vive/UE4_Logo.uasset" 294
"../../../Engine/Content/VREditor/UI/M_ContentWindow.uasset" 295
"../../../Engine/Content/VREditor/UI/SM_ContentWindow_01.uasset" 296
"../../../Engine/Content/VREditor/UI/KeyDiskMaterial.uasset" 297
"../../../Engine/Content/VREditor/UI/DiscMaterial.uasset" 298
"../../../Engine/Content/VREditor/UI/SM_Radial_Disk.uasset" 299
"../../../Engine/Content/VREditor/UI/ArrowMaterial.uasset" 300
"../../../Engine/Content/VREditor/UI/SM_Radial_Pointer.uasset" 301
"../../../Engine/Content/Functions/Engine_MaterialFunctions01/Gradient/RadialGradient.uasset" 302
"../../../Engine/Content/VREditor/WorldMovementGrid/SimpleGrid.uasset" 303
"../../../Engine/Content/VREditor/WorldMovementGrid/GridMaterial.uasset" 304
"../../../Engine/Content/Functions/Engine_MaterialFunctions01/Density/ExponentialDensity.uasset" 305
"../../../Engine/Content/VREditor/WorldMovementGrid/GridPostProcess.uasset" 306
"../../../Engine/Content/EditorLandscapeResources/FlattenHeightMat.uasset" 307
"../../../Engine/Content/VREditor/WorldMovementGrid/PlaneMesh.uasset" 308
"../../Plugins/2D/Paper2D/Content/PlaceholderTextures/DummySpriteTexture.uasset" 309
"../../Plugins/2D/Paper2D/Content/DummySprite.uasset" 310
"../../Plugins/2D/Paper2D/Content/DefaultPaperTerrainMaterial.uasset" 311
"../../Plugins/2D/Paper2D/Content/DefaultSpriteMaterial.uasset" 312
"../../Plugins/2D/Paper2D/Content/MaskedUnlitSpriteMaterial.uasset" 313
"../../Plugins/2D/Paper2D/Content/OpaqueUnlitSpriteMaterial.uasset" 314
"../../Plugins/Media/MediaCompositing/Content/DefaultMediaPlaneTexture.uasset" 315
"../../Plugins/Media/MediaCompositing/Content/DefaultMediaPlaneMaterial.uasset" 316
"../../../Engine/Content/Functions/Engine_MaterialFunctions02/Utility/MakeFloat4.uasset" 317
"../../Plugins/Runtime/AppleARKit/Content/ARKitCameraMaterial.uasset" 318
"../../Plugins/Runtime/Oculus/OculusVR/Content/Textures/GearVRController_AO.uasset" 319
"../../Plugins/Runtime/Oculus/OculusVR/Content/Textures/GearVRController_Color.uasset" 320
"../../Plugins/Runtime/Oculus/OculusVR/Content/Textures/GearVRController_Normal.uasset" 321
"../../Plugins/Runtime/Oculus/OculusVR/Content/Materials/GearVRControllerMaterial.uasset" 322
"../../Plugins/Runtime/Oculus/OculusVR/Content/Meshes/GearVrController.uasset" 323
"../../../../../../Unreal Projects/Git/FracturedDevelopments/TheGauntlet/Content/UI/LoadScreenWidget.uasset" 324
"../../../../../../Unreal Projects/Git/FracturedDevelopments/TheGauntlet/Content/Levels/LoadLevel.umap" 325
"../../../../../../Unreal Projects/Git/FracturedDevelopments/TheGauntlet/Content/UI/MainLobby/MainMenuSelectionHoveredNew.uasset" 326
"../../../../../../Unreal Projects/Git/FracturedDevelopments/TheGauntlet/Content/UI/MainLobby/MainMenuSelectionNew.uasset" 327
"../../../../../../Unreal Projects/Git/FracturedDevelopments/TheGauntlet/Content/UI/MainLobby/MainMenu.uasset" 328
"../../../../../../Unreal Projects/Git/FracturedDevelopments/TheGauntlet/Content/GameModes/MainLobbyGameMode.uasset" 329
"../../../../../../Unreal Projects/Git/FracturedDevelopments/TheGauntlet/Content/Levels/MainLobby.umap" 330
"../../../Engine/Content/EngineSky/C_Sky_Cloud_Color.uasset" 331
"../../../Engine/Content/EngineSky/C_Sky_Horizon_Color.uasset" 332
"../../../Engine/Content/EngineSky/C_Sky_Zenith_Color.uasset" 333
"../../../Engine/Content/EngineSky/T_Sky_Blue.uasset" 334
"../../../Engine/Content/EngineSky/T_Sky_Clouds_M.uasset" 335
"../../../Engine/Content/EngineSky/T_Sky_Stars.uasset" 336
"../../../Engine/Content/EngineSky/M_Sky_Panning_Clouds2.uasset" 337
"../../../Engine/Content/EngineSky/SM_SkySphere.uasset" 338
"../../../Engine/Content/EngineSky/BP_Sky_Sphere.uasset" 339
"../../../../../../Unreal Projects/Git/FracturedDevelopments/TheGauntlet/Content/Levels/ThirdPersonExampleMap_BuiltData.uasset" 340
"../../../Engine/Content/BasicShapes/BasicShapeMaterial.uasset" 341
"../../../Engine/Content/BasicShapes/Sphere.uasset" 342
"../../../../../../Unreal Projects/Git/FracturedDevelopments/TheGauntlet/Content/Assets/Environment/Church.uasset" 343
"../../../../../../Unreal Projects/Git/FracturedDevelopments/TheGauntlet/Content/Assets/Environment/RomanColumn_V3.uasset" 344
"../../../../../../Unreal Projects/Git/FracturedDevelopments/TheGauntlet/Content/Geometry/Meshes/1M_Cube.uasset" 345
"../../../../../../Unreal Projects/Git/FracturedDevelopments/TheGauntlet/Content/Geometry/Meshes/TemplateFloor.uasset" 346
"../../../../../../Unreal Projects/Git/FracturedDevelopments/TheGauntlet/Content/ThirdPerson/Meshes/Linear_Stair_StaticMesh.uasset" 347
"../../../../../../Unreal Projects/Git/FracturedDevelopments/TheGauntlet/Content/ExampleContent/Effects/Materials/m_flare_01.uasset" 348
"../../../../../../Unreal Projects/Git/FracturedDevelopments/TheGauntlet/Content/ThirdPersonBP/NewParticleSystem.uasset" 349
"../../../../../../Unreal Projects/Git/FracturedDevelopments/TheGauntlet/Content/Levels/ThirdPersonExampleMap.umap" 350
