Log file open, 07/01/18 19:07:25
LogWindows: Failed to load 'aqProf.dll' (GetLastError=126)
LogWindows: File 'aqProf.dll' does not exist
LogWindows: Failed to load 'VtuneApi.dll' (GetLastError=126)
LogWindows: File 'VtuneApi.dll' does not exist
LogWindows: Failed to load 'VtuneApi32e.dll' (GetLastError=126)
LogWindows: File 'VtuneApi32e.dll' does not exist
LogInit: Display: Running engine for game: TheGauntlet
LogPlatformFile: Not using cached read wrapper
LogInit: Display: RandInit(-1780648620) SRandInit(-1780648620).
LogInit: Read version file with build ID '3944462'
LogInit: Overriding engine version to CL 4033788, compatible CL 3944462
LogInit: Registered custom module enumerator with build ID '3944462'
LogTaskGraph: Started task graph with 5 named threads and 35 total threads with 3 sets of task threads.
LogStats: Stats thread started at 0.385372
LogD3D11RHI: Aftermath initialized
LogICUInternationalization: Display: ICU TimeZone Detection - Raw Offset: -5:00, Platform Override: ''
LogModuleManager: Display: Found up-to-date module file ../../../Engine/Plugins/Marketplace/Substance/Binaries/Win64/UE4Editor-SubstanceCore.dll (API version 3944462).
LogModuleManager: Display: Found up-to-date module file ../../../Engine/Plugins/Marketplace/Substance/Binaries/Win64/UE4Editor-SubstanceEditor.dll (API version 3944462).
LogModuleManager: Display: Found up-to-date module file ../../../Engine/Plugins/Marketplace/Substance/Binaries/Win64/UE4Editor-SubstanceSource.dll (API version 3944462).
LogModuleManager: Display: Found up-to-date module file ../../../Engine/Plugins/Marketplace/Substance/Binaries/Win64/UE4Editor-SubstanceLiveLink.dll (API version 3944462).
LogModuleManager: Display: Found up-to-date module file ../../../Engine/Plugins/2D/Paper2D/Binaries/Win64/UE4Editor-Paper2D.dll (API version 3944462).
LogModuleManager: Display: Found up-to-date module file ../../../Engine/Plugins/2D/Paper2D/Binaries/Win64/UE4Editor-Paper2DEditor.dll (API version 3944462).
LogModuleManager: Display: Found up-to-date module file ../../../Engine/Plugins/2D/Paper2D/Binaries/Win64/UE4Editor-PaperSpriteSheetImporter.dll (API version 3944462).
LogModuleManager: Display: Found up-to-date module file ../../../Engine/Plugins/2D/Paper2D/Binaries/Win64/UE4Editor-PaperTiledImporter.dll (API version 3944462).
LogModuleManager: Display: Found up-to-date module file ../../../Engine/Plugins/2D/Paper2D/Binaries/Win64/UE4Editor-SmartSnapping.dll (API version 3944462).
LogModuleManager: Display: Found up-to-date module file ../../../Engine/Plugins/Blendables/LightPropagationVolume/Binaries/Win64/UE4Editor-LightPropagationVolumeRuntime.dll (API version 3944462).
LogModuleManager: Display: Found up-to-date module file ../../../Engine/Plugins/Blendables/LightPropagationVolume/Binaries/Win64/UE4Editor-LightPropagationVolumeEditor.dll (API version 3944462).
LogModuleManager: Display: Found up-to-date module file ../../../Engine/Plugins/Developer/CLionSourceCodeAccess/Binaries/Win64/UE4Editor-CLionSourceCodeAccess.dll (API version 3944462).
LogModuleManager: Display: Found up-to-date module file ../../../Engine/Plugins/Developer/GitSourceControl/Binaries/Win64/UE4Editor-GitSourceControl.dll (API version 3944462).
LogModuleManager: Display: Found up-to-date module file ../../../Engine/Plugins/Developer/PerforceSourceControl/Binaries/Win64/UE4Editor-PerforceSourceControl.dll (API version 3944462).
LogModuleManager: Display: Found up-to-date module file ../../../Engine/Plugins/Developer/SubversionSourceControl/Binaries/Win64/UE4Editor-SubversionSourceControl.dll (API version 3944462).
LogModuleManager: Display: Found up-to-date module file ../../../Engine/Plugins/Developer/UObjectPlugin/Binaries/Win64/UE4Editor-UObjectPlugin.dll (API version 3944462).
LogModuleManager: Display: Found up-to-date module file ../../../Engine/Plugins/Developer/VisualStudioCodeSourceCodeAccess/Binaries/Win64/UE4Editor-VisualStudioCodeSourceCodeAccess.dll (API version 3944462).
LogModuleManager: Display: Found up-to-date module file ../../../Engine/Plugins/Developer/VisualStudioSourceCodeAccess/Binaries/Win64/UE4Editor-VisualStudioSourceCodeAccess.dll (API version 3944462).
LogModuleManager: Display: Found up-to-date module file ../../../Engine/Plugins/Editor/AssetManagerEditor/Binaries/Win64/UE4Editor-AssetManagerEditor.dll (API version 3944462).
LogModuleManager: Display: Found up-to-date module file ../../../Engine/Plugins/Editor/CryptoKeys/Binaries/Win64/UE4Editor-CryptoKeys.dll (API version 3944462).
LogModuleManager: Display: Found up-to-date module file ../../../Engine/Plugins/Editor/CryptoKeys/Binaries/Win64/UE4Editor-CryptoKeysOpenSSL.dll (API version 3944462).
LogModuleManager: Display: Found up-to-date module file ../../../Engine/Plugins/Editor/DataValidation/Binaries/Win64/UE4Editor-DataValidation.dll (API version 3944462).
LogModuleManager: Display: Found up-to-date module file ../../../Engine/Plugins/Editor/FacialAnimation/Binaries/Win64/UE4Editor-FacialAnimation.dll (API version 3944462).
LogModuleManager: Display: Found up-to-date module file ../../../Engine/Plugins/Editor/FacialAnimation/Binaries/Win64/UE4Editor-FacialAnimationEditor.dll (API version 3944462).
LogModuleManager: Display: Found up-to-date module file ../../../Engine/Plugins/Editor/GameplayTagsEditor/Binaries/Win64/UE4Editor-GameplayTagsEditor.dll (API version 3944462).
LogModuleManager: Display: Found up-to-date module file ../../../Engine/Plugins/Editor/MobileLauncherProfileWizard/Binaries/Win64/UE4Editor-MobileLauncherProfileWizard.dll (API version 3944462).
LogModuleManager: Display: Found up-to-date module file ../../../Engine/Plugins/Editor/PluginBrowser/Binaries/Win64/UE4Editor-PluginBrowser.dll (API version 3944462).
LogModuleManager: Display: Found up-to-date module file ../../../Engine/Plugins/Editor/SpeedTreeImporter/Binaries/Win64/UE4Editor-SpeedTreeImporter.dll (API version 3944462).
LogModuleManager: Display: Found up-to-date module file ../../../Engine/Plugins/Enterprise/DatasmithContent/Binaries/Win64/UE4Editor-DatasmithContent.dll (API version 3944462).
LogModuleManager: Display: Found up-to-date module file ../../../Engine/Plugins/Experimental/AlembicImporter/Binaries/Win64/UE4Editor-AlembicImporter.dll (API version 3944462).
LogModuleManager: Display: Found up-to-date module file ../../../Engine/Plugins/Experimental/AlembicImporter/Binaries/Win64/UE4Editor-AlembicLibrary.dll (API version 3944462).
LogModuleManager: Display: Found up-to-date module file ../../../Engine/Plugins/Experimental/CharacterAI/Binaries/Win64/UE4Editor-CharacterAI.dll (API version 3944462).
LogModuleManager: Display: Found up-to-date module file ../../../Engine/Plugins/Experimental/HTML5Networking/Binaries/Win64/UE4Editor-HTML5Networking.dll (API version 3944462).
LogModuleManager: Display: Found up-to-date module file ../../../Engine/Plugins/Media/AndroidMedia/Binaries/Win64/UE4Editor-AndroidMediaEditor.dll (API version 3944462).
LogModuleManager: Display: Found up-to-date module file ../../../Engine/Plugins/Media/AndroidMedia/Binaries/Win64/UE4Editor-AndroidMediaFactory.dll (API version 3944462).
LogModuleManager: Display: Found up-to-date module file ../../../Engine/Plugins/Media/AvfMedia/Binaries/Win64/UE4Editor-AvfMediaEditor.dll (API version 3944462).
LogModuleManager: Display: Found up-to-date module file ../../../Engine/Plugins/Media/AvfMedia/Binaries/Win64/UE4Editor-AvfMediaFactory.dll (API version 3944462).
LogModuleManager: Display: Found up-to-date module file ../../../Engine/Plugins/Media/AvfMedia/Binaries/Win64/UE4Editor-AvfMediaFactory.dll (API version 3944462).
LogModuleManager: Display: Found up-to-date module file ../../../Engine/Plugins/Media/ImgMedia/Binaries/Win64/UE4Editor-ImgMedia.dll (API version 3944462).
LogModuleManager: Display: Found up-to-date module file ../../../Engine/Plugins/Media/ImgMedia/Binaries/Win64/UE4Editor-ImgMediaEditor.dll (API version 3944462).
LogModuleManager: Display: Found up-to-date module file ../../../Engine/Plugins/Media/ImgMedia/Binaries/Win64/UE4Editor-ImgMediaFactory.dll (API version 3944462).
LogModuleManager: Display: Found up-to-date module file ../../../Engine/Plugins/Media/ImgMedia/Binaries/Win64/UE4Editor-ImgMediaFactory.dll (API version 3944462).
LogModuleManager: Display: Found up-to-date module file ../../../Engine/Plugins/Media/ImgMedia/Binaries/Win64/UE4Editor-OpenExrWrapper.dll (API version 3944462).
LogModuleManager: Display: Found up-to-date module file ../../../Engine/Plugins/Media/LinearTimecode/Binaries/Win64/UE4Editor-LinearTimecode.dll (API version 3944462).
LogModuleManager: Display: Found up-to-date module file ../../../Engine/Plugins/Media/MediaCompositing/Binaries/Win64/UE4Editor-MediaCompositing.dll (API version 3944462).
LogModuleManager: Display: Found up-to-date module file ../../../Engine/Plugins/Media/MediaCompositing/Binaries/Win64/UE4Editor-MediaCompositingEditor.dll (API version 3944462).
LogModuleManager: Display: Found up-to-date module file ../../../Engine/Plugins/Media/MediaPlayerEditor/Binaries/Win64/UE4Editor-MediaPlayerEditor.dll (API version 3944462).
LogModuleManager: Display: Found up-to-date module file ../../../Engine/Plugins/Media/WmfMedia/Binaries/Win64/UE4Editor-WmfMedia.dll (API version 3944462).
LogModuleManager: Display: Found up-to-date module file ../../../Engine/Plugins/Media/WmfMedia/Binaries/Win64/UE4Editor-WmfMediaEditor.dll (API version 3944462).
LogModuleManager: Display: Found up-to-date module file ../../../Engine/Plugins/Media/WmfMedia/Binaries/Win64/UE4Editor-WmfMediaFactory.dll (API version 3944462).
LogModuleManager: Display: Found up-to-date module file ../../../Engine/Plugins/Media/WmfMedia/Binaries/Win64/UE4Editor-WmfMediaFactory.dll (API version 3944462).
LogModuleManager: Display: Found up-to-date module file ../../../Engine/Plugins/Messaging/TcpMessaging/Binaries/Win64/UE4Editor-TcpMessaging.dll (API version 3944462).
LogModuleManager: Display: Found up-to-date module file ../../../Engine/Plugins/Messaging/UdpMessaging/Binaries/Win64/UE4Editor-UdpMessaging.dll (API version 3944462).
LogModuleManager: Display: Found up-to-date module file ../../../Engine/Plugins/MovieScene/ActorSequence/Binaries/Win64/UE4Editor-ActorSequence.dll (API version 3944462).
LogModuleManager: Display: Found up-to-date module file ../../../Engine/Plugins/MovieScene/LevelSequenceEditor/Binaries/Win64/UE4Editor-LevelSequenceEditor.dll (API version 3944462).
LogModuleManager: Display: Found up-to-date module file ../../../Engine/Plugins/MovieScene/MatineeToLevelSequence/Binaries/Win64/UE4Editor-MatineeToLevelSequence.dll (API version 3944462).
LogModuleManager: Display: Found up-to-date module file ../../../Engine/Plugins/NetcodeUnitTest/NetcodeUnitTest/Binaries/Win64/UE4Editor-NetcodeUnitTest.dll (API version 3944462).
LogModuleManager: Display: Found up-to-date module file ../../../Engine/Plugins/NetcodeUnitTest/NUTUnrealEngine4/Binaries/Win64/UE4Editor-NUTUnrealEngine4.dll (API version 3944462).
LogModuleManager: Display: Found up-to-date module file ../../../Engine/Plugins/Online/OnlineSubsystem/Binaries/Win64/UE4Editor-OnlineSubsystem.dll (API version 3944462).
LogModuleManager: Display: Found up-to-date module file ../../../Engine/Plugins/Runtime/AndroidPermission/Binaries/Win64/UE4Editor-AndroidPermission.dll (API version 3944462).
LogModuleManager: Display: Found up-to-date module file ../../../Engine/Plugins/Online/OnlineSubsystemNull/Binaries/Win64/UE4Editor-OnlineSubsystemNull.dll (API version 3944462).
LogModuleManager: Display: Found up-to-date module file ../../../Engine/Plugins/Online/OnlineSubsystemUtils/Binaries/Win64/UE4Editor-OnlineSubsystemUtils.dll (API version 3944462).
LogModuleManager: Display: Found up-to-date module file ../../../Engine/Plugins/Online/OnlineSubsystemUtils/Binaries/Win64/UE4Editor-OnlineBlueprintSupport.dll (API version 3944462).
LogModuleManager: Display: Found up-to-date module file ../../../Engine/Plugins/Runtime/AndroidDeviceProfileSelector/Binaries/Win64/UE4Editor-AndroidDeviceProfileSelector.dll (API version 3944462).
LogModuleManager: Display: Found up-to-date module file ../../../Engine/Plugins/Runtime/AppleARKit/Binaries/Win64/UE4Editor-AppleARKit.dll (API version 3944462).
LogModuleManager: Display: Found up-to-date module file ../../../Engine/Plugins/Runtime/ProceduralMeshComponent/Binaries/Win64/UE4Editor-ProceduralMeshComponent.dll (API version 3944462).
LogModuleManager: Display: Found up-to-date module file ../../../Engine/Plugins/Runtime/ProceduralMeshComponent/Binaries/Win64/UE4Editor-ProceduralMeshComponentEditor.dll (API version 3944462).
LogModuleManager: Display: Found up-to-date module file ../../../Engine/Plugins/Animation/LiveLink/Binaries/Win64/UE4Editor-LiveLink.dll (API version 3944462).
LogModuleManager: Display: Found up-to-date module file ../../../Engine/Plugins/Animation/LiveLink/Binaries/Win64/UE4Editor-LiveLinkEditor.dll (API version 3944462).
LogModuleManager: Display: Found up-to-date module file ../../../Engine/Plugins/Runtime/ArchVisCharacter/Binaries/Win64/UE4Editor-ArchVisCharacter.dll (API version 3944462).
LogModuleManager: Display: Found up-to-date module file ../../../Engine/Plugins/Runtime/AudioCapture/Binaries/Win64/UE4Editor-AudioCapture.dll (API version 3944462).
LogModuleManager: Display: Found up-to-date module file ../../../Engine/Plugins/Runtime/AudioCapture/Binaries/Win64/UE4Editor-AudioCaptureEditor.dll (API version 3944462).
LogModuleManager: Display: Found up-to-date module file ../../../Engine/Plugins/Runtime/CableComponent/Binaries/Win64/UE4Editor-CableComponent.dll (API version 3944462).
LogModuleManager: Display: Found up-to-date module file ../../../Engine/Plugins/Runtime/CustomMeshComponent/Binaries/Win64/UE4Editor-CustomMeshComponent.dll (API version 3944462).
LogModuleManager: Display: Found up-to-date module file ../../../Engine/Plugins/Runtime/ExampleDeviceProfileSelector/Binaries/Win64/UE4Editor-ExampleDeviceProfileSelector.dll (API version 3944462).
LogModuleManager: Display: Found up-to-date module file ../../../Engine/Plugins/Runtime/ImmediatePhysics/Binaries/Win64/UE4Editor-ImmediatePhysics.dll (API version 3944462).
LogModuleManager: Display: Found up-to-date module file ../../../Engine/Plugins/Runtime/ImmediatePhysics/Binaries/Win64/UE4Editor-ImmediatePhysicsEditor.dll (API version 3944462).
LogModuleManager: Display: Found up-to-date module file ../../../Engine/Plugins/Runtime/LocationServicesBPLibrary/Binaries/Win64/UE4Editor-LocationServicesBPLibrary.dll (API version 3944462).
LogModuleManager: Display: Found up-to-date module file ../../../Engine/Plugins/Runtime/MobilePatchingUtils/Binaries/Win64/UE4Editor-MobilePatchingUtils.dll (API version 3944462).
LogModuleManager: Display: Found up-to-date module file ../../../Engine/Plugins/Runtime/Oculus/OculusVR/Binaries/Win64/UE4Editor-OculusHMD.dll (API version 3944462).
LogModuleManager: Display: Found up-to-date module file ../../../Engine/Plugins/Runtime/Oculus/OculusVR/Binaries/Win64/UE4Editor-OculusInput.dll (API version 3944462).
LogModuleManager: Display: Found up-to-date module file ../../../Engine/Plugins/Runtime/Oculus/OculusVR/Binaries/Win64/UE4Editor-OculusEditor.dll (API version 3944462).
LogModuleManager: Display: Found up-to-date module file ../../../Engine/Plugins/Runtime/PhysXVehicles/Binaries/Win64/UE4Editor-PhysXVehicles.dll (API version 3944462).
LogModuleManager: Display: Found up-to-date module file ../../../Engine/Plugins/Runtime/PhysXVehicles/Binaries/Win64/UE4Editor-PhysXVehiclesEditor.dll (API version 3944462).
LogModuleManager: Display: Found up-to-date module file ../../../Engine/Plugins/Runtime/RuntimePhysXCooking/Binaries/Win64/UE4Editor-RuntimePhysXCooking.dll (API version 3944462).
LogModuleManager: Display: Found up-to-date module file ../../../Engine/Plugins/Runtime/Steam/SteamVR/Binaries/Win64/UE4Editor-SteamVR.dll (API version 3944462).
LogModuleManager: Display: Found up-to-date module file ../../../Engine/Plugins/Runtime/Steam/SteamVR/Binaries/Win64/UE4Editor-SteamVRController.dll (API version 3944462).
LogModuleManager: Display: Found up-to-date module file ../../../Engine/Plugins/Runtime/WindowsMoviePlayer/Binaries/Win64/UE4Editor-WindowsMoviePlayer.dll (API version 3944462).
LogPluginManager: Mounting plugin Paper2D
LogPluginManager: Mounting plugin LiveLink
LogPluginManager: Mounting plugin LightPropagationVolume
LogPluginManager: Mounting plugin CLionSourceCodeAccess
LogPluginManager: Mounting plugin CodeLiteSourceCodeAccess
LogPluginManager: Mounting plugin GitSourceControl
LogPluginManager: Mounting plugin KDevelopSourceCodeAccess
LogPluginManager: Mounting plugin NullSourceCodeAccess
LogPluginManager: Mounting plugin PerforceSourceControl
LogPluginManager: Mounting plugin SubversionSourceControl
LogPluginManager: Mounting plugin UObjectPlugin
LogPluginManager: Mounting plugin VisualStudioCodeSourceCodeAccess
LogPluginManager: Mounting plugin VisualStudioSourceCodeAccess
LogPluginManager: Mounting plugin XCodeSourceCodeAccess
LogPluginManager: Mounting plugin AssetManagerEditor
LogPluginManager: Mounting plugin CryptoKeys
LogPluginManager: Mounting plugin DataValidation
LogPluginManager: Mounting plugin FacialAnimation
LogPluginManager: Mounting plugin GameplayTagsEditor
LogPluginManager: Mounting plugin MobileLauncherProfileWizard
LogPluginManager: Mounting plugin PluginBrowser
LogPluginManager: Mounting plugin SpeedTreeImporter
LogPluginManager: Mounting plugin DatasmithContent
LogPluginManager: Mounting plugin AlembicImporter
LogPluginManager: Mounting plugin CharacterAI
LogPluginManager: Mounting plugin HTML5Networking
LogPluginManager: Mounting plugin Substance
LogPluginManager: Mounting plugin AndroidMedia
LogPluginManager: Mounting plugin AvfMedia
LogPluginManager: Mounting plugin ImgMedia
LogPluginManager: Mounting plugin LinearTimecode
LogPluginManager: Mounting plugin MediaCompositing
LogPluginManager: Mounting plugin MediaPlayerEditor
LogPluginManager: Mounting plugin WmfMedia
LogPluginManager: Mounting plugin TcpMessaging
LogPluginManager: Mounting plugin UdpMessaging
LogPluginManager: Mounting plugin ActorSequence
LogPluginManager: Mounting plugin LevelSequenceEditor
LogPluginManager: Mounting plugin MatineeToLevelSequence
LogPluginManager: Mounting plugin NetcodeUnitTest
LogPluginManager: Mounting plugin NUTUnrealEngine4
LogPluginManager: Mounting plugin OnlineSubsystemGooglePlay
LogPluginManager: Mounting plugin OnlineSubsystemIOS
LogPluginManager: Mounting plugin OnlineSubsystem
LogPluginManager: Mounting plugin OnlineSubsystemNull
LogPluginManager: Mounting plugin OnlineSubsystemUtils
LogPluginManager: Mounting plugin AndroidDeviceProfileSelector
LogPluginManager: Mounting plugin AndroidMoviePlayer
LogPluginManager: Mounting plugin AndroidPermission
LogPluginManager: Mounting plugin AppleARKit
LogPluginManager: Mounting plugin AppleMoviePlayer
LogPluginManager: Mounting plugin ArchVisCharacter
LogPluginManager: Mounting plugin AudioCapture
LogPluginManager: Mounting plugin CableComponent
LogPluginManager: Mounting plugin CustomMeshComponent
LogPluginManager: Mounting plugin ExampleDeviceProfileSelector
LogPluginManager: Mounting plugin GoogleCloudMessaging
LogPluginManager: Mounting plugin ImmediatePhysics
LogPluginManager: Mounting plugin IOSDeviceProfileSelector
LogPluginManager: Mounting plugin LinuxDeviceProfileSelector
LogPluginManager: Mounting plugin LocationServicesBPLibrary
LogPluginManager: Mounting plugin MobilePatchingUtils
LogPluginManager: Mounting plugin OculusVR
LogPluginManager: Plugin shader directory ../../../Engine/Plugins/Runtime/Oculus/OculusVR/Shaders found
LogPluginManager: Mapping shader source directory ../../../Engine/Plugins/Runtime/Oculus/OculusVR/Shaders to virtual directory /Plugin/OculusVR
LogPluginManager: Mounting plugin PhysXVehicles
LogPluginManager: Mounting plugin ProceduralMeshComponent
LogPluginManager: Mounting plugin RuntimePhysXCooking
LogPluginManager: Mounting plugin SteamVR
LogPluginManager: Mounting plugin WindowsMoviePlayer
LogStreaming: Display: Took  1.031s to configure plugins.
LogInit: Using libcurl 7.47.1
LogInit:  - built for x86_64-pc-win32
LogInit:  - supports SSL with OpenSSL/1.0.2g
LogInit:  - supports HTTP deflate (compression) using libz 1.2.8
LogInit:  - other features:
LogInit:      CURL_VERSION_SSL
LogInit:      CURL_VERSION_LIBZ
LogInit:      CURL_VERSION_IPV6
LogInit:      CURL_VERSION_ASYNCHDNS
LogInit:      CURL_VERSION_LARGEFILE
LogInit:      CURL_VERSION_IDN
LogInit:  CurlRequestOptions (configurable via config and command line):
LogInit:  - bVerifyPeer = false  - Libcurl will NOT verify peer certificate
LogInit:  - bUseHttpProxy = false  - Libcurl will NOT use HTTP proxy
LogInit:  - bDontReuseConnections = false  - Libcurl will reuse connections
LogInit:  - CertBundlePath = nullptr  - Libcurl will use whatever was configured at build time.
LogInit:  - MaxHostConnections = 16  - Libcurl will limit the number of connections to a host
LogInit:  - LocalHostAddr = Default
LogInit: WinSock: version 1.1 (2.2), MaxSocks=32767, MaxUdp=65467
LogInit: WinSock: I am DESKTOP-S4V15SV (192.168.1.85:0)
LogInit: Build: ++UE4+Release-4.19-CL-4033788
LogInit: Engine Version: 4.19.2-4033788+++UE4+Release-4.19
LogInit: Compatible Engine Version: 4.19.0-3944462+++UE4+Release-4.19
LogInit: Net CL: 3944462
LogDevObjectVersion: Number of dev versions registered: 18
LogDevObjectVersion:   Dev-Blueprints (B0D832E4-1F89-4F0D-ACCF-7EB736FD4AA2): 10
LogDevObjectVersion:   Dev-Build (E1C64328-A22C-4D53-A36C-8E866417BD8C): 0
LogDevObjectVersion:   Dev-Core (375EC13C-06E4-48FB-B500-84F0262A717E): 2
LogDevObjectVersion:   Dev-Editor (E4B068ED-F494-42E9-A231-DA0B2E46BB41): 23
LogDevObjectVersion:   Dev-Framework (CFFC743F-43B0-4480-9391-14DF171D2073): 33
LogDevObjectVersion:   Dev-Mobile (B02B49B5-BB20-44E9-A304-32B752E40360): 2
LogDevObjectVersion:   Dev-Networking (A4E4105C-59A1-49B5-A7C5-40C4547EDFEE): 0
LogDevObjectVersion:   Dev-Online (39C831C9-5AE6-47DC-9A44-9C173E1C8E7C): 0
LogDevObjectVersion:   Dev-Physics (78F01B33-EBEA-4F98-B9B4-84EACCB95AA2): 0
LogDevObjectVersion:   Dev-Platform (6631380F-2D4D-43E0-8009-CF276956A95A): 0
LogDevObjectVersion:   Dev-Rendering (12F88B9F-8875-4AFC-A67C-D90C383ABD29): 25
LogDevObjectVersion:   Dev-Sequencer (7B5AE74C-D270-4C10-A958-57980B212A5A): 6
LogDevObjectVersion:   Dev-VR (D7296918-1DD6-4BDD-9DE2-64A83CC13884): 1
LogDevObjectVersion:   Dev-LoadTimes (C2A15278-BFE7-4AFE-6C17-90FF531DF755): 1
LogDevObjectVersion:   Private-Geometry (6EACA3D4-40EC-4CC1-B786-8BED09428FC5): 2
LogDevObjectVersion:   Dev-AnimPhys (29E575DD-E0A3-4627-9D10-D276232CDCEA): 16
LogDevObjectVersion:   Dev-ReflectionCapture (6B266CEC-1EC7-4B8F-A30B-E4D90942FC07): 1
LogDevObjectVersion:   Dev-Automation (0DF73D61-A23F-47EA-B727-89E90C41499A): 1
LogInit: Compiled (64-bit): Apr 27 2018 02:06:57
LogInit: Compiled with Visual C++: 19.00.24215.01
LogInit: Build Configuration: Development
LogInit: Branch Name: ++UE4+Release-4.19
LogInit: Command Line: 
LogInit: Base Directory: D:/Epic Games/UE_4.19/Engine/Binaries/Win64/
LogInit: Installed Engine Build: 1
LogStreaming: Display: Took  0.000s to delete old logs.
LogInit: Presizing for max 8388607 objects, including 0 objects not considered by GC, pre-allocating 0 bytes for permanent pool.
LogInit: Object subsystem initialized
[2018.07.01-23.07.26:707][  0]LogInit: Selected Device Profile: [Windows]
[2018.07.01-23.07.26:707][  0]LogInit: Applying CVar settings loaded from the selected device profile: [Windows]
[2018.07.01-23.07.26:717][  0]LogInit: Computer: DESKTOP-S4V15SV
[2018.07.01-23.07.26:717][  0]LogInit: User: Evanp
[2018.07.01-23.07.26:717][  0]LogInit: CPU Page size=4096, Cores=6
[2018.07.01-23.07.26:717][  0]LogInit: High frequency timer resolution =3.117190 MHz
[2018.07.01-23.07.26:717][  0]LogMemory: Memory total: Physical=15.9GB (16GB approx)
[2018.07.01-23.07.26:717][  0]LogMemory: Platform Memory Stats for Windows
[2018.07.01-23.07.26:717][  0]LogMemory: Process Physical Memory: 274.79 MB used, 274.79 MB peak
[2018.07.01-23.07.26:717][  0]LogMemory: Process Virtual Memory: 271.50 MB used, 271.50 MB peak
[2018.07.01-23.07.26:717][  0]LogMemory: Physical Memory: 5344.25 MB used,  10908.90 MB free, 16253.15 MB total
[2018.07.01-23.07.26:717][  0]LogMemory: Virtual Memory: 4814.80 MB used,  10908.90 MB free, 134217728.00 MB total
[2018.07.01-23.07.26:738][  0]LogInit: Using OS detected language (en-US).
[2018.07.01-23.07.26:738][  0]LogInit: Using OS detected locale (en-US).
[2018.07.01-23.07.26:748][  0]LogTextLocalizationManager: No specific localization for 'en-US' exists, so the 'en' localization will be used.
[2018.07.01-23.07.27:056][  0]LogStreaming: Display: Took  0.318s to EndInitTextLocalization.
[2018.07.01-23.07.27:057][  0]LogInit: Setting process to per monitor DPI aware
[2018.07.01-23.07.27:100][  0]LogSlate: New Slate User Created.  User Index 0, Is Virtual User: 0
[2018.07.01-23.07.27:100][  0]LogSlate: Slate User Registered.  User Index 0, Is Virtual User: 0
[2018.07.01-23.07.27:640][  0]LogD3D11RHI: D3D11 adapters:
[2018.07.01-23.07.27:670][  0]LogD3D11RHI:    0. 'NVIDIA GeForce GTX 1070' (Feature Level 11_0)
[2018.07.01-23.07.27:670][  0]LogD3D11RHI:       8088/0/8126 MB DedicatedVideo/DedicatedSystem/SharedSystem, Outputs:3, VendorId:0x10de
[2018.07.01-23.07.27:678][  0]LogD3D11RHI:    1. 'Intel(R) UHD Graphics 630' (Feature Level 11_0)
[2018.07.01-23.07.27:678][  0]LogD3D11RHI:       128/0/8126 MB DedicatedVideo/DedicatedSystem/SharedSystem, Outputs:1, VendorId:0x8086
[2018.07.01-23.07.27:679][  0]LogD3D11RHI:    2. 'Microsoft Basic Render Driver' (Feature Level 11_0)
[2018.07.01-23.07.27:679][  0]LogD3D11RHI:       0/0/8126 MB DedicatedVideo/DedicatedSystem/SharedSystem, Outputs:0, VendorId:0x1414
[2018.07.01-23.07.27:679][  0]LogD3D11RHI: Chosen D3D11 Adapter: 0
[2018.07.01-23.07.27:683][  0]LogD3D11RHI: Creating new Direct3DDevice
[2018.07.01-23.07.27:683][  0]LogD3D11RHI:     GPU DeviceId: 0x1b81 (for the marketing name, search the web for "GPU Device Id")
[2018.07.01-23.07.27:683][  0]LogWindows: EnumDisplayDevices:
[2018.07.01-23.07.27:683][  0]LogWindows:    0. 'Intel(R) UHD Graphics 630' (P:0 D:1)
[2018.07.01-23.07.27:683][  0]LogWindows:    1. 'Intel(R) UHD Graphics 630' (P:0 D:0)
[2018.07.01-23.07.27:684][  0]LogWindows:    2. 'Intel(R) UHD Graphics 630' (P:0 D:0)
[2018.07.01-23.07.27:684][  0]LogWindows:    3. 'NVIDIA GeForce GTX 1070' (P:0 D:1)
[2018.07.01-23.07.27:684][  0]LogWindows:    4. 'NVIDIA GeForce GTX 1070' (P:1 D:1)
[2018.07.01-23.07.27:684][  0]LogWindows:    5. 'NVIDIA GeForce GTX 1070' (P:0 D:1)
[2018.07.01-23.07.27:684][  0]LogWindows:    6. 'NVIDIA GeForce GTX 1070' (P:0 D:0)
[2018.07.01-23.07.27:684][  0]LogWindows: DebugString: GetVideoDriverDetailsInvalid PrimaryIsNotTheChoosenAdapter GetVideoDriverDetailsInvalid PrimaryIsNotTheChoosenAdapter GetVideoDriverDetailsInvalid PrimaryIsNotTheChoosenAdapter GetVideoDriverDetailsInvalid PrimaryIsNotTheChoosenAdapter GetVideoDriverDetailsInvalid PrimaryIsNotTheChoosenAdapter GetVideoDriverDetailsInvalid PrimaryIsNotTheChoosenAdapter GetVideoDriverDetailsInvalid PrimaryIsNotTheChoosenAdapter FoundDriverCount:0 
[2018.07.01-23.07.27:684][  0]LogD3D11RHI:     Adapter Name: NVIDIA GeForce GTX 1070
[2018.07.01-23.07.27:684][  0]LogD3D11RHI:   Driver Version: Unknown (internal:Unknown, unified:Unknown)
[2018.07.01-23.07.27:684][  0]LogD3D11RHI:      Driver Date: Unknown
[2018.07.01-23.07.27:684][  0]LogRHI: Texture pool is 5661 MB (70% of 8088 MB)
[2018.07.01-23.07.27:703][  0]LogD3D11RHI: [Aftermath] Aftermath enabled and primed
[2018.07.01-23.07.27:703][  0]LogD3D11RHI: [Aftermath] Aftermath enabled and primed
[2018.07.01-23.07.27:703][  0]LogD3D11RHI: Async texture creation enabled
[2018.07.01-23.07.27:723][  0]LogD3D11RHI: GPU Timing Frequency: 1000.000000 (Debug: 2 2)
[2018.07.01-23.07.27:824][  0]LogShaderCompilers: Guid format shader working directory is -16 characters bigger than the processId version (../../../../../UE4 Projects/FracturedDevelopments/TheGauntlet/Intermediate/Shaders/WorkingDirectory/10168/).
[2018.07.01-23.07.27:824][  0]LogShaderCompilers: Cleaned the shader compiler working directory 'C:/Users/Evanp/AppData/Local/Temp/UnrealShaderWorkingDir/07036F594863306B5EDCFAAB61849F71/'.
[2018.07.01-23.07.27:983][  0]LogTemp: Display: Loaded TP AllDesktopTargetPlatform
[2018.07.01-23.07.27:993][  0]LogTemp: Display: Loaded TP MacClientTargetPlatform
[2018.07.01-23.07.28:003][  0]LogTemp: Display: Loaded TP MacNoEditorTargetPlatform
[2018.07.01-23.07.28:014][  0]LogTemp: Display: Loaded TP MacServerTargetPlatform
[2018.07.01-23.07.28:024][  0]LogTemp: Display: Loaded TP MacTargetPlatform
[2018.07.01-23.07.28:034][  0]LogTemp: Display: Loaded TP WindowsClientTargetPlatform
[2018.07.01-23.07.28:044][  0]LogTemp: Display: Loaded TP WindowsNoEditorTargetPlatform
[2018.07.01-23.07.28:056][  0]LogTemp: Display: Loaded TP WindowsServerTargetPlatform
[2018.07.01-23.07.28:061][  0]LogTemp: Display: Loaded TP WindowsTargetPlatform
[2018.07.01-23.07.28:071][  0]LogTemp: Display: Loaded TP Android_ASTCTargetPlatform
[2018.07.01-23.07.28:081][  0]LogTemp: Display: Loaded TP Android_ATCTargetPlatform
[2018.07.01-23.07.28:091][  0]LogTemp: Display: Loaded TP Android_DXTTargetPlatform
[2018.07.01-23.07.28:100][  0]LogTemp: Display: Loaded TP Android_ETC1aTargetPlatform
[2018.07.01-23.07.28:110][  0]LogTemp: Display: Loaded TP Android_ETC1TargetPlatform
[2018.07.01-23.07.28:119][  0]LogTemp: Display: Loaded TP Android_ETC2TargetPlatform
[2018.07.01-23.07.28:139][  0]LogTemp: Display: Loaded TP Android_MultiTargetPlatform
[2018.07.01-23.07.28:139][  0]LogTemp: Display: Loaded TP Android_PVRTCTargetPlatform
[2018.07.01-23.07.28:149][  0]LogTemp: Display: Loaded TP AndroidTargetPlatform
[2018.07.01-23.07.28:150][  0]LogTemp: Display: Loaded TP HTML5TargetPlatform
[2018.07.01-23.07.28:185][  0]LogTemp: Display: Loaded TP IOSTargetPlatform
[2018.07.01-23.07.28:194][  0]LogTemp: Display: Loaded TP TVOSTargetPlatform
[2018.07.01-23.07.28:203][  0]LogTemp: Display: Loaded TP LinuxClientTargetPlatform
[2018.07.01-23.07.28:213][  0]LogTemp: Display: Loaded TP LinuxNoEditorTargetPlatform
[2018.07.01-23.07.28:222][  0]LogTemp: Display: Loaded TP LinuxServerTargetPlatform
[2018.07.01-23.07.28:233][  0]LogTemp: Display: Loaded TP LinuxTargetPlatform
[2018.07.01-23.07.28:233][  0]LogTargetPlatformManager: Display: Building Assets For Windows
[2018.07.01-23.07.28:334][  0]LogXGEController: Cannot use XGE Controller as Incredibuild is not installed on this machine.
[2018.07.01-23.07.28:334][  0]LogShaderCompilers: Cannot use XGE Shader Compiler as Incredibuild is not installed on this machine.
[2018.07.01-23.07.28:334][  0]LogShaderCompilers: Display: Using Local Shader Compiler.
[2018.07.01-23.07.28:877][  0]LogDerivedDataCache: Display: Max Cache Size: 512 MB
[2018.07.01-23.07.28:923][  0]LogDerivedDataCache: Loaded boot cache 0.05s 74MB C:/Users/Evanp/AppData/Local/UnrealEngine/4.19/DerivedDataCache/Boot.ddc.
[2018.07.01-23.07.28:923][  0]LogDerivedDataCache: Display: Loaded Boot cache: C:/Users/Evanp/AppData/Local/UnrealEngine/4.19/DerivedDataCache/Boot.ddc
[2018.07.01-23.07.28:923][  0]LogDerivedDataCache: FDerivedDataBackendGraph:  Pak pak cache file ../../../../../UE4 Projects/FracturedDevelopments/TheGauntlet/DerivedDataCache/DDC.ddp not found, will not use a pak cache.
[2018.07.01-23.07.28:923][  0]LogDerivedDataCache: Unable to find inner node Pak for hierarchical cache Hierarchy.
[2018.07.01-23.07.28:923][  0]LogDerivedDataCache: FDerivedDataBackendGraph:  CompressedPak pak cache file ../../../../../UE4 Projects/FracturedDevelopments/TheGauntlet/DerivedDataCache/Compressed.ddp not found, will not use a pak cache.
[2018.07.01-23.07.28:923][  0]LogDerivedDataCache: Unable to find inner node CompressedPak for hierarchical cache Hierarchy.
[2018.07.01-23.07.28:935][  0]LogDerivedDataCache: Display: Pak cache opened for reading ../../../Engine/DerivedDataCache/Compressed.ddp.
[2018.07.01-23.07.28:947][  0]LogDerivedDataCache: Using Local data cache path C:/Users/Evanp/AppData/Local/UnrealEngine/Common/DerivedDataCache: Writable
[2018.07.01-23.07.28:947][  0]LogDerivedDataCache: Shared data cache path not found in *engine.ini, will not use an Shared cache.
[2018.07.01-23.07.28:947][  0]LogDerivedDataCache: Unable to find inner node Shared for hierarchical cache Hierarchy.
[2018.07.01-23.07.28:956][  0]LogMaterial: Verifying Global Shaders for PCD3D_SM5
[2018.07.01-23.07.28:956][  0]LogSlate: Using Freetype 2.6.0
[2018.07.01-23.07.28:958][  0]LogSlate: SlateFontCache - WITH_FREETYPE: 1, WITH_HARFBUZZ: 1
[2018.07.01-23.07.28:958][  0]LogSlate: SlateFontCache - WITH_FREETYPE: 1, WITH_HARFBUZZ: 1
[2018.07.01-23.07.29:149][  0]LogAssetRegistry: FAssetRegistry took 0.0248 seconds to start up
[2018.07.01-23.07.29:397][  0]LogInit: Selected Device Profile: [Windows]
[2018.07.01-23.07.29:524][  0]LogSimplygon: Simplygon DLL not present - disabling.
[2018.07.01-23.07.29:527][  0]LogMeshReduction: Using SimplygonSwarm for distributed automatic mesh merging
[2018.07.01-23.07.29:527][  0]LogMeshReduction: Using QuadricMeshReduction for automatic static mesh reduction
[2018.07.01-23.07.29:527][  0]LogMeshReduction: No automatic skeletal mesh reduction module available
[2018.07.01-23.07.29:527][  0]LogMeshReduction: No automatic mesh merging module available
[2018.07.01-23.07.29:527][  0]LogMeshMerging: No automatic mesh merging module available
[2018.07.01-23.07.29:574][  0]LogNetVersion: TheGauntlet , NetCL: 3944462, EngineNetVer: 2, GameNetVer: 0 (Checksum: 2926436779)
[2018.07.01-23.07.29:962][  0]LogPackageLocalizationCache: Processed 9 localized package path(s) for 2 prioritized culture(s) in 0.069992 seconds
[2018.07.01-23.07.29:965][  0]LogUObjectArray: 36728 objects as part of root set at end of initial load.
[2018.07.01-23.07.29:965][  0]LogUObjectAllocator: 7314312 out of 0 bytes used by permanent object pool.
[2018.07.01-23.07.29:965][  0]LogUObjectArray: CloseDisregardForGC: 0/0 objects in disregard for GC pool
[2018.07.01-23.07.32:114][  0]LogSubstanceCoreModule: Substance [CPU] Engine Loaded, Max Texture Size = 2048
[2018.07.01-23.07.32:137][  0]LogTcpMessaging: Initializing TcpMessaging bridge
[2018.07.01-23.07.32:169][  0]LogUdpMessaging: Initializing bridge on interface 0.0.0.0:0 to multicast group 230.0.0.1:6666.
[2018.07.01-23.07.32:542][  0]SourceControl: Source control is disabled
[2018.07.01-23.07.32:542][  0]SourceControl: Source control is disabled
[2018.07.01-23.07.32:562][  0]SourceControl: Source control is disabled
[2018.07.01-23.07.32:581][  0]SourceControl: Source control is disabled
[2018.07.01-23.07.33:105][  0]LogAndroidPermission: UAndroidPermissionCallbackProxy::GetInstance
[2018.07.01-23.07.33:329][  0]LogOcInput: OculusInput pre-init called
[2018.07.01-23.07.33:560][  0]LogEngine: Initializing Engine...
[2018.07.01-23.07.33:561][  0]LogHMD: Failed to initialize OpenVR with code 110
[2018.07.01-23.07.33:562][  0]LogStats: UGameplayTagsManager::ConstructGameplayTagTree: Construct from data asset -  0.000 s
[2018.07.01-23.07.33:562][  0]LogStats: UGameplayTagsManager::ConstructGameplayTagTree: GameplayTagTreeChangedEvent.Broadcast -  0.000 s
[2018.07.01-23.07.33:738][  0]LogAIModule: Creating AISystem for world Untitled
[2018.07.01-23.07.33:759][  0]LogInit: XAudio2 using 'Speakers (Realtek High Definition Audio)' : 2 channels at 48 kHz using 32 bits per sample (channel mask 0x3)
[2018.07.01-23.07.33:771][  0]LogInit: FAudioDevice initialized.
[2018.07.01-23.07.33:843][  0]LogDerivedDataCache: Saved boot cache 0.07s 74MB C:/Users/Evanp/AppData/Local/UnrealEngine/4.19/DerivedDataCache/Boot.ddc.
[2018.07.01-23.07.33:846][  0]LogInit: Texture streaming: Enabled
[2018.07.01-23.07.33:857][  0]LogEngineSessionManager: EngineSessionManager initialized
[2018.07.01-23.07.33:865][  0]LogInit: Transaction tracking system initialized
[2018.07.01-23.07.33:880][  0]BlueprintLog: New page: Editor Load
[2018.07.01-23.07.33:931][  0]LocalizationService: Localization service is disabled
[2018.07.01-23.07.34:034][  0]LogConsoleResponse: Display: 
[2018.07.01-23.07.34:171][  0]LogCook: Display: Max memory allowance for cook 16384mb min free memory 0mb
[2018.07.01-23.07.34:171][  0]LogCook: Display: Mobile HDR setting 1
[2018.07.01-23.07.34:171][  0]LogGameplayTags: Display: UGameplayTagsManager::DoneAddingNativeTags. DelegateIsBound: 0
[2018.07.01-23.07.34:171][  0]LogStats: UGameplayTagsManager::ConstructGameplayTagTree: Construct from data asset -  0.000 s
[2018.07.01-23.07.34:171][  0]LogStats: UGameplayTagsManager::ConstructGameplayTagTree: GameplayTagTreeChangedEvent.Broadcast -  0.000 s
[2018.07.01-23.07.34:282][  0]LogFileCache: Scanning file cache for directory 'D:/UE4 Projects/FracturedDevelopments/TheGauntlet/Content/' took 0.01s
[2018.07.01-23.07.34:551][  0]SourceControl: Source control is disabled
[2018.07.01-23.07.34:551][  0]Cmd: MAP LOAD FILE="../../../../../UE4 Projects/FracturedDevelopments/TheGauntlet/Content/Levels/MainLobby.umap" TEMPLATE=0 SHOWPROGRESS=1 FEATURELEVEL=3
[2018.07.01-23.07.34:551][  0]LightingResults: New page: Lighting Build
[2018.07.01-23.07.34:553][  0]MapCheck: New page: Map Check
[2018.07.01-23.07.34:553][  0]LightingResults: New page: Lighting Build
[2018.07.01-23.07.34:596][  0]LogUObjectGlobals: Created PersistentFrame Addr=0x00000189f3025100, Size=64, Default__ThirdPerson_AnimBP_C Function /Game/Mannequin/Animations/ThirdPerson_AnimBP.ThirdPerson_AnimBP_C:ExecuteUbergraph_ThirdPerson_AnimBP
[2018.07.01-23.07.34:603][  0]LogUObjectGlobals: Destroyed PersistentFrame Addr=0x00000189f3025100, Size=64
[2018.07.01-23.07.34:603][  0]LogUObjectGlobals: Created PersistentFrame Addr=0x00000189e086fd00, Size=64, Default__ThirdPerson_AnimBP_C Function /Engine/Transient.REINST_ThirdPerson_AnimBP_C_0:ExecuteUbergraph_ThirdPerson_AnimBP
[2018.07.01-23.07.34:609][  0]LogUObjectGlobals: Created PersistentFrame Addr=0x00000189e0842700, Size=72, Default__ThirdPerson_AnimBP_C Function /Game/Mannequin/Animations/ThirdPerson_AnimBP.ThirdPerson_AnimBP_C:ExecuteUbergraph_ThirdPerson_AnimBP
[2018.07.01-23.07.34:648][  0]LogUObjectGlobals: Created PersistentFrame Addr=0x00000189f3481760, Size=4, Default__MainMenu_C Function /Game/UI/MainLobby/MainMenu.MainMenu_C:ExecuteUbergraph_MainMenu
[2018.07.01-23.07.34:654][  0]LogUObjectGlobals: Destroyed PersistentFrame Addr=0x00000189f3481760, Size=4
[2018.07.01-23.07.34:654][  0]LogUObjectGlobals: Created PersistentFrame Addr=0x00000189f3481760, Size=4, Default__MainMenu_C Function /Engine/Transient.REINST_MainMenu_C_0:ExecuteUbergraph_MainMenu
[2018.07.01-23.07.34:658][  0]LogUObjectGlobals: Created PersistentFrame Addr=0x00000189f3481570, Size=4, Default__MainMenu_C Function /Game/UI/MainLobby/MainMenu.MainMenu_C:ExecuteUbergraph_MainMenu
[2018.07.01-23.07.34:659][  0]LogUObjectGlobals: Created PersistentFrame Addr=0x00000189d49e3f60, Size=40, Default__MainLobbyGameMode_C Function /Game/GameModes/MainLobbyGameMode.MainLobbyGameMode_C:ExecuteUbergraph_MainLobbyGameMode
[2018.07.01-23.07.34:660][  0]LogUObjectGlobals: Destroyed PersistentFrame Addr=0x00000189d49e3f60, Size=40
[2018.07.01-23.07.34:660][  0]LogUObjectGlobals: Created PersistentFrame Addr=0x00000189d49e3f60, Size=40, Default__MainLobbyGameMode_C Function /Engine/Transient.REINST_MainLobbyGameMode_C_7:ExecuteUbergraph_MainLobbyGameMode
[2018.07.01-23.07.34:661][  0]LogUObjectGlobals: Created PersistentFrame Addr=0x00000189d49e3ba0, Size=40, Default__MainLobbyGameMode_C Function /Game/GameModes/MainLobbyGameMode.MainLobbyGameMode_C:ExecuteUbergraph_MainLobbyGameMode
[2018.07.01-23.07.34:727][  0]LogSkeletalMesh: Skeletal Mesh found in DDC [8.700785ms] /Game/Mannequin/Character/Mesh/SK_Mannequin.SK_Mannequin
[2018.07.01-23.07.34:760][  0]LogAIModule: Creating AISystem for world MainLobby
[2018.07.01-23.07.34:764][  0]LogEditorServer: Finished looking for orphan Actors (0.000 secs)
[2018.07.01-23.07.34:772][  0]LogUObjectGlobals: Destroyed PersistentFrame Addr=0x00000189e086fd00, Size=64
[2018.07.01-23.07.34:772][  0]LogUObjectGlobals: Destroyed PersistentFrame Addr=0x00000189f3481760, Size=4
[2018.07.01-23.07.34:772][  0]LogUObjectGlobals: Destroyed PersistentFrame Addr=0x00000189d49e3f60, Size=40
[2018.07.01-23.07.34:772][  0]Cmd: MAP CHECKDEP NOCLEARLOG
[2018.07.01-23.07.34:875][  0]MapCheck: Map check complete: 0 Error(s), 0 Warning(s), took 103.334ms to complete.
[2018.07.01-23.07.34:875][  0]LogFileHelpers: Loading map 'MainLobby' took 0.324
[2018.07.01-23.07.35:118][  0]LogCollectionManager: Loaded 0 collections in 0.001356 seconds
[2018.07.01-23.07.35:174][  0]LogFileCache: Scanning file cache for directory 'D:/UE4 Projects/FracturedDevelopments/TheGauntlet/Saved/Collections/' took 0.01s
[2018.07.01-23.07.35:174][  0]LogFileCache: Scanning file cache for directory 'D:/UE4 Projects/FracturedDevelopments/TheGauntlet/Content/Developers/Evanp/Collections/' took 0.01s
[2018.07.01-23.07.35:174][  0]LogFileCache: Scanning file cache for directory 'D:/UE4 Projects/FracturedDevelopments/TheGauntlet/Content/Collections/' took 0.01s
[2018.07.01-23.07.35:174][  0]LogCollectionManager: Rebuilt the GUID cache for 0 collections in 0.000000 seconds
[2018.07.01-23.07.35:181][  0]LogContentBrowser: Native class hierarchy populated in 0.0068 seconds. Added 2467 classes and 566 folders.
[2018.07.01-23.07.35:185][  0]LogContentBrowser: Native class hierarchy updated for 'WidgetCarousel' in 0.0002 seconds. Added 0 classes and 0 folders.
[2018.07.01-23.07.35:245][  0]LogContentBrowser: Native class hierarchy updated for 'AddContentDialog' in 0.0002 seconds. Added 0 classes and 0 folders.
[2018.07.01-23.07.35:251][  0]LogSlate: Took 0.000510 seconds to synchronously load lazily loaded font '../../../Engine/Content/Slate/Fonts/Roboto-Regular.ttf' (155K)
[2018.07.01-23.07.35:254][  0]LogSlate: Took 0.000585 seconds to synchronously load lazily loaded font '../../../Engine/Content/Slate/Fonts/Roboto-Bold.ttf' (160K)
[2018.07.01-23.07.35:256][  0]LogSlate: Took 0.000466 seconds to synchronously load lazily loaded font '../../../Engine/Content/Editor/Slate/Fonts/FontAwesome.ttf' (139K)
[2018.07.01-23.07.35:319][  0]LogRenderer: Reallocating scene render targets to support 1916x936 Format 10 NumSamples 1 (Frame:1).
[2018.07.01-23.07.35:416][  0]LogContentBrowser: Native class hierarchy updated for 'HierarchicalLODOutliner' in 0.0002 seconds. Added 0 classes and 0 folders.
[2018.07.01-23.07.35:416][  0]LogLoad: (Engine Initialization) Total time: 11.25 seconds
[2018.07.01-23.07.35:417][  0]LogLoad: (Engine Initialization) Total Blueprint compile time: 0.00 seconds
[2018.07.01-23.07.35:426][  0]LogWindowsTextInputMethodSystem: Display: IME system now deactivated.
[2018.07.01-23.07.35:441][  0]LogAssetRegistry: Asset discovery search completed in 6.3142 seconds
[2018.07.01-23.07.35:442][  0]LogCollectionManager: Rebuilt the object cache for 0 collections in 0.000000 seconds (found 0 objects)
[2018.07.01-23.07.35:442][  0]LogCollectionManager: Fixed up redirectors for 0 collections in 0.000032 seconds (updated 0 objects)
[2018.07.01-23.07.35:444][  0]LogContentStreaming: Texture pool size now 1000 MB
[2018.07.01-23.07.35:487][  0]LogSlate: Took 0.000611 seconds to synchronously load lazily loaded font '../../../Engine/Content/Slate/Fonts/Roboto-Light.ttf' (167K)
[2018.07.01-23.07.35:490][  1]LogSubstanceLiveLink: Warning: Unable to send data along socket, closing connection
[2018.07.01-23.07.48:178][515]LogSlate: FSceneViewport::OnFocusLost() reason 0
[2018.07.01-23.08.03:775][376]LogSlate: Took 0.000278 seconds to synchronously load lazily loaded font '../../../Engine/Content/Slate/Fonts/Roboto-Light.ttf' (167K)
[2018.07.01-23.08.03:827][376]LogUObjectGlobals: Created PersistentFrame Addr=0x00000189e458e500, Size=720, Default__ThirdPersonCharacter_C Function /Game/ThirdPersonBP/Blueprints/ThirdPersonCharacter.ThirdPersonCharacter_C:ExecuteUbergraph_ThirdPersonCharacter
[2018.07.01-23.08.03:829][376]LogUObjectGlobals: Created PersistentFrame Addr=0x000001899e0d3940, Size=96, Default__HUD_C Function /Game/UI/HUD/HUD.HUD_C:ExecuteUbergraph_HUD
[2018.07.01-23.08.03:861][376]LogBlueprint: Warning: [Compiler HUD] Get : 'Ability 1 # visibility' variable not found. Base class was probably changed. /Game/UI/HUD/HUD.HUD
[2018.07.01-23.08.03:864][376]LogUObjectGlobals: Destroyed PersistentFrame Addr=0x000001899e0d3940, Size=96
[2018.07.01-23.08.03:864][376]LogUObjectGlobals: Created PersistentFrame Addr=0x000001899e0d3940, Size=96, Default__HUD_C Function /Engine/Transient.REINST_HUD_C_1:ExecuteUbergraph_HUD
[2018.07.01-23.08.03:865][376]LogUObjectGlobals: Destroyed PersistentFrame Addr=0x00000189e458e500, Size=720
[2018.07.01-23.08.03:865][376]LogUObjectGlobals: Created PersistentFrame Addr=0x00000189a64d6b00, Size=720, Default__ThirdPersonCharacter_C Function /Engine/Transient.REINST_ThirdPersonCharacter_C_9:ExecuteUbergraph_ThirdPersonCharacter
[2018.07.01-23.08.03:879][376]LogUObjectGlobals: Created PersistentFrame Addr=0x00000189d4e1a680, Size=96, Default__HUD_C Function /Game/UI/HUD/HUD.HUD_C:ExecuteUbergraph_HUD
[2018.07.01-23.08.03:882][376]LogUObjectGlobals: Created PersistentFrame Addr=0x00000189a634d900, Size=720, Default__ThirdPersonCharacter_C Function /Game/ThirdPersonBP/Blueprints/ThirdPersonCharacter.ThirdPersonCharacter_C:ExecuteUbergraph_ThirdPersonCharacter
[2018.07.01-23.08.03:885][376]LogBlueprint: Warning: [Compiler HUD] [0039.72] Compile of HUD successful, but with 1 Warning(s) [in 26 ms] (/Game/UI/HUD/HUD.HUD)
[2018.07.01-23.08.03:982][376]LogUObjectGlobals: Created PersistentFrame Addr=0x00000189a64ff3e8, Size=4, Default__ThirdPersonExampleMap_C Function /Game/Levels/ThirdPersonExampleMap.ThirdPersonExampleMap_C:ExecuteUbergraph_ThirdPersonExampleMap
[2018.07.01-23.08.03:983][376]LogUObjectGlobals: Destroyed PersistentFrame Addr=0x00000189a64ff3e8, Size=4
[2018.07.01-23.08.03:983][376]LogUObjectGlobals: Created PersistentFrame Addr=0x00000189a64ff3e8, Size=4, Default__ThirdPersonExampleMap_C Function /Engine/Transient.REINST_ThirdPersonExampleMap_C_14:ExecuteUbergraph_ThirdPersonExampleMap
[2018.07.01-23.08.03:983][376]LogUObjectGlobals: Created PersistentFrame Addr=0x00000189a64ff4d0, Size=4, Default__ThirdPersonExampleMap_C Function /Game/Levels/ThirdPersonExampleMap.ThirdPersonExampleMap_C:ExecuteUbergraph_ThirdPersonExampleMap
[2018.07.01-23.08.04:183][376]LogAIModule: Creating AISystem for world ThirdPersonExampleMap
[2018.07.01-23.08.04:206][376]LogUObjectGlobals: Destroyed PersistentFrame Addr=0x000001899e0d3940, Size=96
[2018.07.01-23.08.04:206][376]LogUObjectGlobals: Destroyed PersistentFrame Addr=0x00000189a64ff3e8, Size=4
[2018.07.01-23.08.04:206][376]LogUObjectGlobals: Destroyed PersistentFrame Addr=0x00000189a64d6b00, Size=720
[2018.07.01-23.08.04:208][376]Cmd: MAP LOAD FILE="../../../../../UE4 Projects/FracturedDevelopments/TheGauntlet/Content/Levels/ThirdPersonExampleMap.umap" TEMPLATE=0 SHOWPROGRESS=1 FEATURELEVEL=3
[2018.07.01-23.08.04:208][376]LightingResults: New page: Lighting Build
[2018.07.01-23.08.04:208][376]LoadErrors: New page: Loading map: ThirdPersonExampleMap.umap
[2018.07.01-23.08.04:208][376]MapCheck: New page: Map Check
[2018.07.01-23.08.04:208][376]LightingResults: New page: Lighting Build
[2018.07.01-23.08.04:272][376]LogEditorServer: Finished looking for orphan Actors (0.000 secs)
[2018.07.01-23.08.04:294][376]Cmd: MAP CHECKDEP NOCLEARLOG
[2018.07.01-23.08.04:391][376]MapCheck: Map check complete: 0 Error(s), 0 Warning(s), took 97.417ms to complete.
[2018.07.01-23.08.04:392][376]LogFileHelpers: Loading map 'ThirdPersonExampleMap' took 0.185
[2018.07.01-23.08.06:567][609]LogSlate: FSceneViewport::OnFocusLost() reason 2
[2018.07.01-23.08.11:099][151]LogSlate: FSceneViewport::OnFocusLost() reason 0
[2018.07.01-23.08.11:215][158]LogSlate: Window '' being destroyed
[2018.07.01-23.08.11:218][158]LogSlate: Window 'Content Browser' being destroyed
[2018.07.01-23.08.11:221][158]LogSlate: Window 'TheGauntlet - Unreal Editor' being destroyed
[2018.07.01-23.08.11:222][158]LogWindowsTextInputMethodSystem: Display: IME system now deactivated.
[2018.07.01-23.08.11:394][159]Cmd: QUIT_EDITOR
[2018.07.01-23.08.11:412][159]LogSlate: Slate User Destroyed.  User Index 0, Is Virtual User: 0
[2018.07.01-23.08.11:412][159]LogExit: Preparing to exit.
[2018.07.01-23.08.12:230][159]LogDirectoryWatcher: A directory notification for 'D:/UE4 Projects/FracturedDevelopments/TheGauntlet/Content/' was aborted.
[2018.07.01-23.08.12:270][159]LogExit: Editor shut down
[2018.07.01-23.08.12:271][159]LogExit: Transaction tracking system shut down
[2018.07.01-23.08.12:271][159]LogUObjectGlobals: Destroyed PersistentFrame Addr=0x00000189e0842700, Size=72
[2018.07.01-23.08.12:272][159]LogUObjectGlobals: Destroyed PersistentFrame Addr=0x00000189f3481570, Size=4
[2018.07.01-23.08.12:272][159]LogUObjectGlobals: Destroyed PersistentFrame Addr=0x00000189d49e3ba0, Size=40
[2018.07.01-23.08.12:273][159]LogUObjectGlobals: Destroyed PersistentFrame Addr=0x00000189d4e1a680, Size=96
[2018.07.01-23.08.12:273][159]LogUObjectGlobals: Destroyed PersistentFrame Addr=0x00000189a634d900, Size=720
[2018.07.01-23.08.12:273][159]LogUObjectGlobals: Destroyed PersistentFrame Addr=0x00000189a64ff4d0, Size=4
[2018.07.01-23.08.12:387][159]LogDirectoryWatcher: A directory notification for '../../../Engine/Content/' was aborted.
[2018.07.01-23.08.12:387][159]LogDirectoryWatcher: A directory notification for '../../../../../UE4 Projects/FracturedDevelopments/TheGauntlet/Content/' was aborted.
[2018.07.01-23.08.12:387][159]LogDirectoryWatcher: A directory notification for '../../Plugins/2D/Paper2D/Content/' was aborted.
[2018.07.01-23.08.12:387][159]LogDirectoryWatcher: A directory notification for '../../Plugins/Enterprise/DatasmithContent/Content/' was aborted.
[2018.07.01-23.08.12:387][159]LogDirectoryWatcher: A directory notification for '../../Plugins/Media/MediaCompositing/Content/' was aborted.
[2018.07.01-23.08.12:387][159]LogDirectoryWatcher: A directory notification for '../../Plugins/Runtime/AppleARKit/Content/' was aborted.
[2018.07.01-23.08.12:387][159]LogDirectoryWatcher: A directory notification for '../../Plugins/Runtime/Oculus/OculusVR/Content/' was aborted.
[2018.07.01-23.08.12:387][159]LogDirectoryWatcher: A directory notification for '../../Plugins/Runtime/Steam/SteamVR/Content/' was aborted.
[2018.07.01-23.08.12:432][159]LogExit: Object subsystem successfully closed.
[2018.07.01-23.08.12:471][159]LogShaderCompilers: Display: Shaders left to compile 0
[2018.07.01-23.08.12:473][159]LogD3D11RHI: Shutdown
[2018.07.01-23.08.12:473][159]LogD3D11RHI: CleanupD3DDevice
[2018.07.01-23.08.12:475][159]LogD3D11RHI: ~FD3D11DynamicRHI
[2018.07.01-23.08.12:482][159]LogModuleManager: Shutting down and abandoning module HierarchicalLODOutliner (582)
[2018.07.01-23.08.12:482][159]LogModuleManager: Shutting down and abandoning module AddContentDialog (580)
[2018.07.01-23.08.12:482][159]LogDirectoryWatcher: A directory notification for 'D:/Epic Games/UE_4.19/FeaturePacks/' was aborted.
[2018.07.01-23.08.12:483][159]LogModuleManager: Shutting down and abandoning module WidgetCarousel (579)
[2018.07.01-23.08.12:484][159]LogModuleManager: Shutting down and abandoning module EditorWidgets (576)
[2018.07.01-23.08.12:484][159]LogModuleManager: Shutting down and abandoning module CollectionManager (574)
[2018.07.01-23.08.12:484][159]LogDirectoryWatcher: A directory notification for 'D:/UE4 Projects/FracturedDevelopments/TheGauntlet/Content/Collections/' was aborted.
[2018.07.01-23.08.12:484][159]LogDirectoryWatcher: A directory notification for 'D:/UE4 Projects/FracturedDevelopments/TheGauntlet/Content/Developers/Evanp/Collections/' was aborted.
[2018.07.01-23.08.12:484][159]LogDirectoryWatcher: A directory notification for 'D:/UE4 Projects/FracturedDevelopments/TheGauntlet/Saved/Collections/' was aborted.
[2018.07.01-23.08.12:484][159]LogModuleManager: Shutting down and abandoning module SceneOutliner (572)
[2018.07.01-23.08.12:484][159]LogModuleManager: Shutting down and abandoning module StatsViewer (570)
[2018.07.01-23.08.12:484][159]LogModuleManager: Shutting down and abandoning module FoliageEdit (568)
[2018.07.01-23.08.12:484][159]LogModuleManager: Shutting down and abandoning module LandscapeEditor (566)
[2018.07.01-23.08.12:484][159]LogModuleManager: Shutting down and abandoning module MeshPaintMode (564)
[2018.07.01-23.08.12:484][159]LogModuleManager: Shutting down and abandoning module SceneDepthPickerMode (562)
[2018.07.01-23.08.12:484][159]LogModuleManager: Shutting down and abandoning module ActorPickerMode (560)
[2018.07.01-23.08.12:484][159]LogModuleManager: Shutting down and abandoning module GeometryMode (558)
[2018.07.01-23.08.12:484][159]LogModuleManager: Shutting down and abandoning module TextureAlignMode (556)
[2018.07.01-23.08.12:484][159]LogModuleManager: Shutting down and abandoning module BspMode (554)
[2018.07.01-23.08.12:484][159]LogModuleManager: Shutting down and abandoning module PIEPreviewDeviceProfileSelector (552)
[2018.07.01-23.08.12:484][159]LogModuleManager: Shutting down and abandoning module HardwareSurvey (550)
[2018.07.01-23.08.12:484][159]LogModuleManager: Shutting down and abandoning module SequenceRecorderSections (548)
[2018.07.01-23.08.12:484][159]LogModuleManager: Shutting down and abandoning module AutomationWorker (546)
[2018.07.01-23.08.12:484][159]LogModuleManager: Shutting down and abandoning module AudioCaptureEditor (544)
[2018.07.01-23.08.12:484][159]LogModuleManager: Shutting down and abandoning module SequenceRecorder (543)
[2018.07.01-23.08.12:484][159]LogModuleManager: Shutting down and abandoning module MatineeToLevelSequence (540)
[2018.07.01-23.08.12:484][159]LogModuleManager: Shutting down and abandoning module LevelSequenceEditor (538)
[2018.07.01-23.08.12:484][159]LogModuleManager: Shutting down and abandoning module PlacementMode (537)
[2018.07.01-23.08.12:484][159]LogModuleManager: Shutting down and abandoning module MaterialEditor (536)
[2018.07.01-23.08.12:484][159]LogModuleManager: Shutting down and abandoning module WmfMediaFactory (532)
[2018.07.01-23.08.12:484][159]LogModuleManager: Shutting down and abandoning module WmfMediaEditor (530)
[2018.07.01-23.08.12:484][159]LogModuleManager: Shutting down and abandoning module MediaPlayerEditor (528)
[2018.07.01-23.08.12:484][159]LogModuleManager: Shutting down and abandoning module OpenExrWrapper (526)
[2018.07.01-23.08.12:484][159]LogModuleManager: Shutting down and abandoning module ImgMediaFactory (524)
[2018.07.01-23.08.12:484][159]LogModuleManager: Shutting down and abandoning module ImgMediaEditor (522)
[2018.07.01-23.08.12:484][159]LogModuleManager: Shutting down and abandoning module AvfMediaFactory (520)
[2018.07.01-23.08.12:484][159]LogModuleManager: Shutting down and abandoning module AvfMediaEditor (518)
[2018.07.01-23.08.12:484][159]LogModuleManager: Shutting down and abandoning module AndroidMediaFactory (516)
[2018.07.01-23.08.12:484][159]LogModuleManager: Shutting down and abandoning module AndroidMediaEditor (514)
[2018.07.01-23.08.12:484][159]LogModuleManager: Shutting down and abandoning module CharacterAI (512)
[2018.07.01-23.08.12:484][159]LogModuleManager: Shutting down and abandoning module SmartSnapping (510)
[2018.07.01-23.08.12:484][159]LogModuleManager: Shutting down and abandoning module SessionServices (508)
[2018.07.01-23.08.12:484][159]LogModuleManager: Shutting down and abandoning module ViewportSnapping (506)
[2018.07.01-23.08.12:484][159]LogModuleManager: Shutting down and abandoning module ViewportInteraction (504)
[2018.07.01-23.08.12:484][159]LogModuleManager: Shutting down and abandoning module ClothPainter (502)
[2018.07.01-23.08.12:485][159]LogModuleManager: Shutting down and abandoning module SkeletalMeshEditor (501)
[2018.07.01-23.08.12:485][159]LogModuleManager: Shutting down and abandoning module LogVisualizer (498)
[2018.07.01-23.08.12:485][159]LogModuleManager: Shutting down and abandoning module IntroTutorials (496)
[2018.07.01-23.08.12:485][159]LogModuleManager: Shutting down and abandoning module GameProjectGeneration (495)
[2018.07.01-23.08.12:485][159]LogModuleManager: Shutting down and abandoning module IOSPlatformEditor (492)
[2018.07.01-23.08.12:485][159]LogModuleManager: Shutting down and abandoning module HTML5PlatformEditor (490)
[2018.07.01-23.08.12:485][159]LogModuleManager: Shutting down and abandoning module AndroidPlatformEditor (488)
[2018.07.01-23.08.12:485][159]LogModuleManager: Shutting down and abandoning module AndroidDeviceDetection (487)
[2018.07.01-23.08.13:007][159]LogModuleManager: Shutting down and abandoning module WindowsPlatformEditor (484)
[2018.07.01-23.08.13:007][159]LogModuleManager: Shutting down and abandoning module IOSRuntimeSettings (482)
[2018.07.01-23.08.13:007][159]LogModuleManager: Shutting down and abandoning module AndroidRuntimeSettings (480)
[2018.07.01-23.08.13:007][159]LogModuleManager: Shutting down and abandoning module InputBindingEditor (478)
[2018.07.01-23.08.13:007][159]LogModuleManager: Shutting down and abandoning module MergeActors (476)
[2018.07.01-23.08.13:007][159]LogModuleManager: Shutting down and abandoning module LocalizationDashboard (474)
[2018.07.01-23.08.13:007][159]LogModuleManager: Shutting down and abandoning module LocalizationService (473)
[2018.07.01-23.08.13:007][159]LogModuleManager: Shutting down and abandoning module HardwareTargeting (470)
[2018.07.01-23.08.13:007][159]LogModuleManager: Shutting down and abandoning module DeviceProfileEditor (468)
[2018.07.01-23.08.13:007][159]LogModuleManager: Shutting down and abandoning module UndoHistory (466)
[2018.07.01-23.08.13:007][159]LogModuleManager: Shutting down and abandoning module XmlParser (464)
[2018.07.01-23.08.13:007][159]LogModuleManager: Shutting down and abandoning module Blutility (462)
[2018.07.01-23.08.13:007][159]LogModuleManager: Shutting down and abandoning module ProjectSettingsViewer (460)
[2018.07.01-23.08.13:007][159]LogModuleManager: Shutting down and abandoning module ProjectTargetPlatformEditor (459)
[2018.07.01-23.08.13:007][159]LogModuleManager: Shutting down and abandoning module EditorSettingsViewer (456)
[2018.07.01-23.08.13:007][159]LogModuleManager: Shutting down and abandoning module SettingsEditor (454)
[2018.07.01-23.08.13:007][159]LogModuleManager: Shutting down and abandoning module ProjectLauncher (452)
[2018.07.01-23.08.13:007][159]LogModuleManager: Shutting down and abandoning module SessionFrontend (450)
[2018.07.01-23.08.13:007][159]LogModuleManager: Shutting down and abandoning module ProfilerClient (448)
[2018.07.01-23.08.13:007][159]LogModuleManager: Shutting down and abandoning module DeviceManager (446)
[2018.07.01-23.08.13:007][159]LogModuleManager: Shutting down and abandoning module TargetDeviceServices (445)
[2018.07.01-23.08.13:063][159]LogModuleManager: Shutting down and abandoning module AutomationController (442)
[2018.07.01-23.08.13:063][159]LogModuleManager: Shutting down and abandoning module AutomationWindow (440)
[2018.07.01-23.08.13:063][159]LogModuleManager: Shutting down and abandoning module Layers (438)
[2018.07.01-23.08.13:063][159]LogModuleManager: Shutting down and abandoning module ComponentVisualizers (436)
[2018.07.01-23.08.13:063][159]LogModuleManager: Shutting down and abandoning module DetailCustomizations (434)
[2018.07.01-23.08.13:063][159]LogModuleManager: Shutting down and abandoning module PackagesDialog (432)
[2018.07.01-23.08.13:063][159]LogModuleManager: Shutting down and abandoning module Persona (430)
[2018.07.01-23.08.13:063][159]LogModuleManager: Shutting down and abandoning module AdvancedPreviewScene (429)
[2018.07.01-23.08.13:063][159]LogModuleManager: Shutting down and abandoning module AnimGraph (427)
[2018.07.01-23.08.13:063][159]LogModuleManager: Shutting down and abandoning module Kismet (424)
[2018.07.01-23.08.13:064][159]LogModuleManager: Shutting down and abandoning module GraphEditor (422)
[2018.07.01-23.08.13:064][159]LogModuleManager: Shutting down and abandoning module ClassViewer (420)
[2018.07.01-23.08.13:064][159]LogModuleManager: Shutting down and abandoning module Toolbox (418)
[2018.07.01-23.08.13:064][159]LogModuleManager: Shutting down and abandoning module ModuleUI (416)
[2018.07.01-23.08.13:064][159]LogModuleManager: Shutting down and abandoning module MovieSceneTools (414)
[2018.07.01-23.08.13:064][159]LogModuleManager: Shutting down and abandoning module OutputLog (412)
[2018.07.01-23.08.13:064][159]LogModuleManager: Shutting down and abandoning module GammaUI (410)
[2018.07.01-23.08.13:064][159]LogModuleManager: Shutting down and abandoning module Documentation (408)
[2018.07.01-23.08.13:064][159]LogModuleManager: Shutting down and abandoning module MovieSceneTracks (406)
[2018.07.01-23.08.13:064][159]LogModuleManager: Shutting down and abandoning module MovieScene (404)
[2018.07.01-23.08.13:064][159]LogModuleManager: Shutting down and abandoning module StreamingPauseRendering (402)
[2018.07.01-23.08.13:064][159]LogModuleManager: Shutting down and abandoning module LauncherPlatform (400)
[2018.07.01-23.08.13:064][159]LogModuleManager: Shutting down and abandoning module AnalyticsET (398)
[2018.07.01-23.08.13:064][159]LogModuleManager: Shutting down and abandoning module PortalServices (396)
[2018.07.01-23.08.13:064][159]LogModuleManager: Shutting down and abandoning module PortalRpc (394)
[2018.07.01-23.08.13:064][159]LogModuleManager: Shutting down and abandoning module MessagingRpc (392)
[2018.07.01-23.08.13:064][159]LogModuleManager: Shutting down and abandoning module AIModule (390)
[2018.07.01-23.08.13:064][159]LogModuleManager: Shutting down and abandoning module GameplayDebugger (389)
[2018.07.01-23.08.13:064][159]LogModuleManager: Shutting down and abandoning module AITestSuite (387)
[2018.07.01-23.08.13:064][159]LogModuleManager: Shutting down and abandoning module DesktopPlatform (384)
[2018.07.01-23.08.13:064][159]LogModuleManager: Shutting down and abandoning module ProfilerService (382)
[2018.07.01-23.08.13:108][159]LogModuleManager: Shutting down and abandoning module TaskGraph (380)
[2018.07.01-23.08.13:108][159]LogModuleManager: Shutting down and abandoning module SubstanceLiveLink (378)
[2018.07.01-23.08.13:108][159]LogModuleManager: Shutting down and abandoning module SubstanceSource (376)
[2018.07.01-23.08.13:108][159]LogModuleManager: Shutting down and abandoning module SubstanceEditor (374)
[2018.07.01-23.08.13:108][159]LogModuleManager: Shutting down and abandoning module SteamVRController (372)
[2018.07.01-23.08.13:108][159]LogModuleManager: Shutting down and abandoning module ProceduralMeshComponentEditor (370)
[2018.07.01-23.08.13:108][159]LogModuleManager: Shutting down and abandoning module ProceduralMeshComponent (368)
[2018.07.01-23.08.13:108][159]LogModuleManager: Shutting down and abandoning module OculusInput (366)
[2018.07.01-23.08.13:108][159]LogModuleManager: Shutting down and abandoning module MobilePatchingUtils (364)
[2018.07.01-23.08.13:108][159]LogModuleManager: Shutting down and abandoning module CustomMeshComponent (362)
[2018.07.01-23.08.13:108][159]LogModuleManager: Shutting down and abandoning module CableComponent (360)
[2018.07.01-23.08.13:108][159]LogModuleManager: Shutting down and abandoning module AudioCapture (358)
[2018.07.01-23.08.13:108][159]LogModuleManager: Shutting down and abandoning module ArchVisCharacter (356)
[2018.07.01-23.08.13:108][159]LogModuleManager: Shutting down and abandoning module AndroidPermission (354)
[2018.07.01-23.08.13:109][159]LogModuleManager: Shutting down and abandoning module NUTUnrealEngine4 (350)
[2018.07.01-23.08.13:109][159]LogModuleManager: Shutting down and abandoning module NetcodeUnitTest (348)
[2018.07.01-23.08.13:109][159]LogModuleManager: Shutting down and abandoning module MediaCompositingEditor (346)
[2018.07.01-23.08.13:109][159]LogModuleManager: Shutting down and abandoning module MediaCompositing (344)
[2018.07.01-23.08.13:109][159]LogModuleManager: Shutting down and abandoning module LinearTimecode (342)
[2018.07.01-23.08.13:109][159]LogModuleManager: Shutting down and abandoning module ImgMedia (340)
[2018.07.01-23.08.13:111][159]LogModuleManager: Shutting down and abandoning module HTML5Networking (338)
[2018.07.01-23.08.13:111][159]LogModuleManager: Shutting down and abandoning module AlembicImporter (336)
[2018.07.01-23.08.13:111][159]LogModuleManager: Shutting down and abandoning module AlembicLibrary (335)
[2018.07.01-23.08.13:111][159]LogModuleManager: Shutting down and abandoning module GeometryCache (334)
[2018.07.01-23.08.13:111][159]LogModuleManager: Shutting down and abandoning module GeometryCacheEd (333)
[2018.07.01-23.08.13:111][159]LogModuleManager: Shutting down and abandoning module DatasmithContent (328)
[2018.07.01-23.08.13:111][159]LogModuleManager: Shutting down and abandoning module SpeedTreeImporter (326)
[2018.07.01-23.08.13:111][159]LogModuleManager: Shutting down and abandoning module PluginBrowser (324)
[2018.07.01-23.08.13:111][159]LogModuleManager: Shutting down and abandoning module MobileLauncherProfileWizard (322)
[2018.07.01-23.08.13:111][159]LogModuleManager: Shutting down and abandoning module CryptoKeysOpenSSL (320)
[2018.07.01-23.08.13:111][159]LogModuleManager: Shutting down and abandoning module CryptoKeys (318)
[2018.07.01-23.08.13:111][159]LogModuleManager: Shutting down and abandoning module VisualStudioSourceCodeAccess (316)
[2018.07.01-23.08.13:111][159]LogModuleManager: Shutting down and abandoning module VisualStudioCodeSourceCodeAccess (314)
[2018.07.01-23.08.13:111][159]LogModuleManager: Shutting down and abandoning module UObjectPlugin (312)
[2018.07.01-23.08.13:111][159]LogModuleManager: Shutting down and abandoning module SubversionSourceControl (310)
[2018.07.01-23.08.13:111][159]LogModuleManager: Shutting down and abandoning module PerforceSourceControl (308)
[2018.07.01-23.08.13:111][159]LogModuleManager: Shutting down and abandoning module GitSourceControl (306)
[2018.07.01-23.08.13:111][159]LogModuleManager: Shutting down and abandoning module SourceControl (305)
[2018.07.01-23.08.13:112][159]LogModuleManager: Shutting down and abandoning module CLionSourceCodeAccess (302)
[2018.07.01-23.08.13:112][159]LogModuleManager: Shutting down and abandoning module LightPropagationVolumeEditor (300)
[2018.07.01-23.08.13:112][159]LogModuleManager: Shutting down and abandoning module PaperTiledImporter (298)
[2018.07.01-23.08.13:112][159]LogModuleManager: Shutting down and abandoning module PaperSpriteSheetImporter (296)
[2018.07.01-23.08.13:112][159]LogModuleManager: Shutting down and abandoning module Paper2DEditor (294)
[2018.07.01-23.08.13:112][159]LogModuleManager: Shutting down and abandoning module MeshPaint (293)
[2018.07.01-23.08.13:112][159]LogModuleManager: Shutting down and abandoning module RuntimePhysXCooking (290)
[2018.07.01-23.08.13:112][159]LogModuleManager: Shutting down and abandoning module PhysXVehiclesEditor (288)
[2018.07.01-23.08.13:112][159]LogModuleManager: Shutting down and abandoning module PhysXVehicles (286)
[2018.07.01-23.08.13:112][159]LogModuleManager: Shutting down and abandoning module OculusEditor (284)
[2018.07.01-23.08.13:112][159]LogModuleManager: Shutting down and abandoning module LocationServicesBPLibrary (282)
[2018.07.01-23.08.13:112][159]LogModuleManager: Shutting down and abandoning module ImmediatePhysicsEditor (280)
[2018.07.01-23.08.13:112][159]LogModuleManager: Shutting down and abandoning module ImmediatePhysics (278)
[2018.07.01-23.08.13:112][159]LogModuleManager: Shutting down and abandoning module ActorSequence (276)
[2018.07.01-23.08.13:112][159]LogModuleManager: Shutting down and abandoning module UdpMessaging (274)
[2018.07.01-23.08.13:213][159]LogModuleManager: Shutting down and abandoning module TcpMessaging (272)
[2018.07.01-23.08.13:313][159]LogModuleManager: Shutting down and abandoning module SubstanceCore (270)
[2018.07.01-23.08.13:313][159]LogModuleManager: Shutting down and abandoning module GameplayTagsEditor (268)
[2018.07.01-23.08.13:313][159]LogModuleManager: Shutting down and abandoning module FacialAnimationEditor (266)
[2018.07.01-23.08.13:313][159]LogModuleManager: Shutting down and abandoning module FacialAnimation (264)
[2018.07.01-23.08.13:313][159]LogModuleManager: Shutting down and abandoning module DataValidation (262)
[2018.07.01-23.08.13:313][159]LogModuleManager: Shutting down and abandoning module AssetManagerEditor (260)
[2018.07.01-23.08.13:313][159]LogModuleManager: Shutting down and abandoning module LevelEditor (259)
[2018.07.01-23.08.13:313][159]LogModuleManager: Shutting down and abandoning module PixelInspectorModule (258)
[2018.07.01-23.08.13:313][159]LogModuleManager: Shutting down and abandoning module CommonMenuExtensions (256)
[2018.07.01-23.08.13:313][159]LogModuleManager: Shutting down and abandoning module MainFrame (254)
[2018.07.01-23.08.13:313][159]LogModuleManager: Shutting down and abandoning module HotReload (253)
[2018.07.01-23.08.13:314][159]LogModuleManager: Shutting down and abandoning module ContentBrowser (249)
[2018.07.01-23.08.13:314][159]LogModuleManager: Shutting down and abandoning module TreeMap (247)
[2018.07.01-23.08.13:314][159]LogModuleManager: Shutting down and abandoning module LightPropagationVolumeRuntime (244)
[2018.07.01-23.08.13:314][159]LogModuleManager: Shutting down and abandoning module LiveLinkEditor (242)
[2018.07.01-23.08.13:314][159]LogModuleManager: Shutting down and abandoning module LiveLink (240)
[2018.07.01-23.08.13:824][159]LogModuleManager: Shutting down and abandoning module Paper2D (238)
[2018.07.01-23.08.13:824][159]LogModuleManager: Shutting down and abandoning module WindowsMoviePlayer (236)
[2018.07.01-23.08.13:824][159]LogModuleManager: Shutting down and abandoning module WmfMedia (234)
[2018.07.01-23.08.13:825][159]LogModuleManager: Shutting down and abandoning module Media (233)
[2018.07.01-23.08.13:831][159]LogModuleManager: Shutting down and abandoning module PacketHandler (230)
[2018.07.01-23.08.13:831][159]LogModuleManager: Shutting down and abandoning module ClothingSystemEditor (228)
[2018.07.01-23.08.13:831][159]LogModuleManager: Shutting down and abandoning module ClothingSystemRuntime (226)
[2018.07.01-23.08.13:831][159]LogModuleManager: Shutting down and abandoning module MediaAssets (224)
[2018.07.01-23.08.13:831][159]LogModuleManager: Shutting down and abandoning module Overlay (222)
[2018.07.01-23.08.13:831][159]LogModuleManager: Shutting down and abandoning module OverlayEditor (221)
[2018.07.01-23.08.13:831][159]LogModuleManager: Shutting down and abandoning module VREditor (218)
[2018.07.01-23.08.13:831][159]LogModuleManager: Shutting down and abandoning module StringTableEditor (216)
[2018.07.01-23.08.13:831][159]LogModuleManager: Shutting down and abandoning module GameplayTasksEditor (214)
[2018.07.01-23.08.13:831][159]LogModuleManager: Shutting down and abandoning module BehaviorTreeEditor (212)
[2018.07.01-23.08.13:831][159]LogModuleManager: Shutting down and abandoning module FunctionalTesting (210)
[2018.07.01-23.08.13:831][159]LogModuleManager: Shutting down and abandoning module CollisionAnalyzer (208)
[2018.07.01-23.08.13:831][159]LogModuleManager: Shutting down and abandoning module WorkspaceMenuStructure (207)
[2018.07.01-23.08.13:831][159]LogModuleManager: Shutting down and abandoning module UMG (204)
[2018.07.01-23.08.13:831][159]LogModuleManager: Shutting down and abandoning module UMGEditor (203)
[2018.07.01-23.08.13:831][159]LogModuleManager: Shutting down and abandoning module Sequencer (202)
[2018.07.01-23.08.13:831][159]LogModuleManager: Shutting down and abandoning module MessageLog (199)
[2018.07.01-23.08.13:831][159]LogModuleManager: Shutting down and abandoning module SlateReflector (194)
[2018.07.01-23.08.13:831][159]LogModuleManager: Shutting down and abandoning module Slate (192)
[2018.07.01-23.08.13:831][159]LogModuleManager: Shutting down and abandoning module EditorStyle (190)
[2018.07.01-23.08.13:832][159]LogModuleManager: Shutting down and abandoning module MRMesh (188)
[2018.07.01-23.08.13:832][159]LogModuleManager: Shutting down and abandoning module SourceCodeAccess (186)
[2018.07.01-23.08.13:832][159]LogModuleManager: Shutting down and abandoning module HeadMountedDisplay (184)
[2018.07.01-23.08.13:832][159]LogModuleManager: Shutting down and abandoning module XAudio2 (182)
[2018.07.01-23.08.13:832][159]LogModuleManager: Shutting down and abandoning module Networking (180)
[2018.07.01-23.08.13:832][159]LogModuleManager: Shutting down and abandoning module Core (178)
[2018.07.01-23.08.13:832][159]LogModuleManager: Shutting down and abandoning module LevelSequence (176)
[2018.07.01-23.08.13:832][159]LogModuleManager: Shutting down and abandoning module KismetCompiler (174)
[2018.07.01-23.08.13:832][159]LogModuleManager: Shutting down and abandoning module MeshUtilities (172)
[2018.07.01-23.08.13:832][159]LogModuleManager: Shutting down and abandoning module MeshMergeUtilities (171)
[2018.07.01-23.08.13:832][159]LogModuleManager: Shutting down and abandoning module MeshReductionInterface (170)
[2018.07.01-23.08.13:833][159]LogModuleManager: Shutting down and abandoning module SimplygonSwarm (169)
[2018.07.01-23.08.13:833][159]LogModuleManager: Shutting down and abandoning module SimplygonMeshReduction (167)
[2018.07.01-23.08.13:833][159]LogModuleManager: Shutting down and abandoning module QuadricMeshReduction (165)
[2018.07.01-23.08.13:833][159]LogModuleManager: Shutting down and abandoning module MaterialBaking (161)
[2018.07.01-23.08.13:833][159]LogModuleManager: Shutting down and abandoning module DirectoryWatcher (157)
[2018.07.01-23.08.13:833][159]LogModuleManager: Shutting down and abandoning module DerivedDataCache (154)
[2018.07.01-23.08.13:981][159]LogDerivedDataCache: Shutdown
[2018.07.01-23.08.13:981][159]LogModuleManager: Shutting down and abandoning module XGEController (152)
[2018.07.01-23.08.13:981][159]LogModuleManager: Shutting down and abandoning module TargetPlatform (150)
[2018.07.01-23.08.13:981][159]LogModuleManager: Shutting down and abandoning module VulkanShaderFormat (149)
[2018.07.01-23.08.13:981][159]LogModuleManager: Shutting down and abandoning module ShaderFormatVectorVM (147)
[2018.07.01-23.08.13:981][159]LogModuleManager: Shutting down and abandoning module ShaderFormatOpenGL (145)
[2018.07.01-23.08.13:981][159]LogModuleManager: Shutting down and abandoning module ShaderFormatD3D (143)
[2018.07.01-23.08.13:981][159]LogModuleManager: Shutting down and abandoning module MetalShaderFormat (141)
[2018.07.01-23.08.13:981][159]LogModuleManager: Shutting down and abandoning module TextureFormatUncompressed (139)
[2018.07.01-23.08.13:981][159]LogModuleManager: Shutting down and abandoning module TextureFormatPVR (137)
[2018.07.01-23.08.13:981][159]LogModuleManager: Shutting down and abandoning module TextureFormatDXT (135)
[2018.07.01-23.08.13:981][159]LogModuleManager: Shutting down and abandoning module TextureFormatIntelISPCTexComp (133)
[2018.07.01-23.08.13:981][159]LogModuleManager: Shutting down and abandoning module TextureFormatASTC (131)
[2018.07.01-23.08.13:982][159]LogModuleManager: Shutting down and abandoning module ImageWrapper (130)
[2018.07.01-23.08.13:982][159]LogModuleManager: Shutting down and abandoning module TextureFormatAndroid (127)
[2018.07.01-23.08.13:982][159]LogModuleManager: Shutting down and abandoning module AudioFormatOpus (125)
[2018.07.01-23.08.13:982][159]LogModuleManager: Shutting down and abandoning module AudioFormatOgg (123)
[2018.07.01-23.08.13:982][159]LogModuleManager: Shutting down and abandoning module AudioFormatADPCM (121)
[2018.07.01-23.08.13:982][159]LogModuleManager: Shutting down and abandoning module LinuxTargetPlatform (119)
[2018.07.01-23.08.13:982][159]LogModuleManager: Shutting down and abandoning module LinuxServerTargetPlatform (117)
[2018.07.01-23.08.13:982][159]LogModuleManager: Shutting down and abandoning module LinuxNoEditorTargetPlatform (115)
[2018.07.01-23.08.13:982][159]LogModuleManager: Shutting down and abandoning module LinuxClientTargetPlatform (113)
[2018.07.01-23.08.13:982][159]LogModuleManager: Shutting down and abandoning module TVOSTargetPlatform (111)
[2018.07.01-23.08.13:982][159]LogModuleManager: Shutting down and abandoning module Messaging (109)
[2018.07.01-23.08.13:982][159]LogModuleManager: Shutting down and abandoning module IOSTargetPlatform (107)
[2018.07.01-23.08.13:982][159]LogModuleManager: Shutting down and abandoning module HTML5TargetPlatform (105)
[2018.07.01-23.08.13:982][159]LogModuleManager: Shutting down and abandoning module AndroidTargetPlatform (103)
[2018.07.01-23.08.13:982][159]LogModuleManager: Shutting down and abandoning module Android_PVRTCTargetPlatform (101)
[2018.07.01-23.08.13:982][159]LogModuleManager: Shutting down and abandoning module Android_MultiTargetPlatform (99)
[2018.07.01-23.08.13:982][159]LogModuleManager: Shutting down and abandoning module Android_ETC2TargetPlatform (97)
[2018.07.01-23.08.13:982][159]LogModuleManager: Shutting down and abandoning module Android_ETC1TargetPlatform (95)
[2018.07.01-23.08.13:982][159]LogModuleManager: Shutting down and abandoning module Android_ETC1aTargetPlatform (93)
[2018.07.01-23.08.13:982][159]LogModuleManager: Shutting down and abandoning module Android_DXTTargetPlatform (91)
[2018.07.01-23.08.13:982][159]LogModuleManager: Shutting down and abandoning module Android_ATCTargetPlatform (89)
[2018.07.01-23.08.13:982][159]LogModuleManager: Shutting down and abandoning module Android_ASTCTargetPlatform (87)
[2018.07.01-23.08.13:982][159]LogModuleManager: Shutting down and abandoning module WindowsTargetPlatform (85)
[2018.07.01-23.08.13:982][159]LogModuleManager: Shutting down and abandoning module WindowsServerTargetPlatform (83)
[2018.07.01-23.08.13:982][159]LogModuleManager: Shutting down and abandoning module WindowsNoEditorTargetPlatform (81)
[2018.07.01-23.08.13:982][159]LogModuleManager: Shutting down and abandoning module WindowsClientTargetPlatform (79)
[2018.07.01-23.08.13:982][159]LogModuleManager: Shutting down and abandoning module MacTargetPlatform (77)
[2018.07.01-23.08.13:982][159]LogModuleManager: Shutting down and abandoning module MacServerTargetPlatform (75)
[2018.07.01-23.08.13:982][159]LogModuleManager: Shutting down and abandoning module MacNoEditorTargetPlatform (73)
[2018.07.01-23.08.13:982][159]LogModuleManager: Shutting down and abandoning module MacClientTargetPlatform (71)
[2018.07.01-23.08.13:982][159]LogModuleManager: Shutting down and abandoning module AllDesktopTargetPlatform (69)
[2018.07.01-23.08.13:982][159]LogModuleManager: Shutting down and abandoning module InputCore (66)
[2018.07.01-23.08.13:982][159]LogModuleManager: Shutting down and abandoning module Settings (64)
[2018.07.01-23.08.13:982][159]LogModuleManager: Shutting down and abandoning module PhysXCooking (62)
[2018.07.01-23.08.13:982][159]LogModuleManager: Shutting down and abandoning module SteamVR (60)
[2018.07.01-23.08.13:982][159]LogModuleManager: Shutting down and abandoning module OculusHMD (58)
[2018.07.01-23.08.13:982][159]LogModuleManager: Shutting down and abandoning module ExampleDeviceProfileSelector (56)
[2018.07.01-23.08.13:982][159]LogModuleManager: Shutting down and abandoning module AppleARKit (54)
[2018.07.01-23.08.13:982][159]LogModuleManager: Shutting down and abandoning module AugmentedReality (51)
[2018.07.01-23.08.13:982][159]LogModuleManager: Shutting down and abandoning module OnlineBlueprintSupport (48)
[2018.07.01-23.08.13:982][159]LogModuleManager: Shutting down and abandoning module OnlineSubsystem (44)
[2018.07.01-23.08.13:982][159]LogModuleManager: Shutting down and abandoning module XMPP (43)
[2018.07.01-23.08.13:982][159]LogModuleManager: Shutting down and abandoning module HTTP (41)
[2018.07.01-23.08.13:982][159]LogHttp: Display: Http module shutting down, but needs to wait on 1 outstanding Http requests:
[2018.07.01-23.08.13:982][159]LogHttp: Display: 	verb=[POST] url=[https://datarouter.ol.epicgames.com/datarouter/api/v1/public/data?SessionID=%7B9142230C-4E98-2A0C-DBC6-B1A97CAE2040%7D&AppID=UEEditor.Rocket.Release&AppVersion=4.19.2-4033788%2B%2B%2BUE4%2BRelease-4.19&UserID=e00ceb004beba4f6577f4c81fdf4a232%7C675c0c0f635847be9a592e588c557816%7C0e26716f-504f-4bfd-b143-12b99c0728d0&AppEnvironment=datacollector-binary&UploadType=eteventstream] status=Processing
[2018.07.01-23.08.14:014][159]LogModuleManager: Shutting down and abandoning module SSL (40)
[2018.07.01-23.08.14:014][159]LogModuleManager: Shutting down and abandoning module AnimationModifiers (36)
[2018.07.01-23.08.14:014][159]LogModuleManager: Shutting down and abandoning module PropertyEditor (35)
[2018.07.01-23.08.14:014][159]LogModuleManager: Shutting down and abandoning module AudioEditor (32)
[2018.07.01-23.08.14:014][159]LogModuleManager: Shutting down and abandoning module TextureCompressor (30)
[2018.07.01-23.08.14:015][159]LogModuleManager: Shutting down and abandoning module ShaderCore (28)
[2018.07.01-23.08.14:015][159]LogModuleManager: Shutting down and abandoning module Landscape (26)
[2018.07.01-23.08.14:015][159]LogModuleManager: Shutting down and abandoning module SlateRHIRenderer (24)
[2018.07.01-23.08.14:015][159]LogModuleManager: Shutting down and abandoning module OpenGLDrv (22)
[2018.07.01-23.08.14:015][159]LogModuleManager: Shutting down and abandoning module D3D11RHI (20)
[2018.07.01-23.08.14:015][159]LogModuleManager: Shutting down and abandoning module AnimGraphRuntime (18)
[2018.07.01-23.08.14:015][159]LogModuleManager: Shutting down and abandoning module Renderer (16)
[2018.07.01-23.08.14:015][159]LogModuleManager: Shutting down and abandoning module Engine (14)
[2018.07.01-23.08.14:015][159]LogModuleManager: Shutting down and abandoning module CoreUObject (12)
[2018.07.01-23.08.14:015][159]LogModuleManager: Shutting down and abandoning module NetworkFile (10)
[2018.07.01-23.08.14:015][159]LogModuleManager: Shutting down and abandoning module CookedIterativeFile (8)
[2018.07.01-23.08.14:015][159]LogModuleManager: Shutting down and abandoning module StreamingFile (6)
[2018.07.01-23.08.14:015][159]LogModuleManager: Shutting down and abandoning module SandboxFile (4)
[2018.07.01-23.08.14:015][159]LogModuleManager: Shutting down and abandoning module PakFile (2)
[2018.07.01-23.08.14:023][159]LogExit: Exiting.
[2018.07.01-23.08.14:031][159]Log file closed, 07/01/18 19:08:14
