Log file open, 07/07/18 16:52:15
LogWindows: Failed to load 'aqProf.dll' (GetLastError=126)
LogWindows: File 'aqProf.dll' does not exist
LogWindows: Failed to load 'VtuneApi.dll' (GetLastError=126)
LogWindows: File 'VtuneApi.dll' does not exist
LogWindows: Failed to load 'VtuneApi32e.dll' (GetLastError=126)
LogWindows: File 'VtuneApi32e.dll' does not exist
LogInit: Display: Running engine for game: TheGauntlet
LogPlatformFile: Not using cached read wrapper
LogInit: Display: RandInit(1306072775) SRandInit(1306072775).
LogInit: Read version file with build ID '3944462'
LogInit: Overriding engine version to CL 4033788, compatible CL 3944462
LogInit: Registered custom module enumerator with build ID '3944462'
LogTaskGraph: Started task graph with 5 named threads and 23 total threads with 3 sets of task threads.
LogStats: Stats thread started at 0.268225
LogD3D11RHI: Aftermath initialized
LogICUInternationalization: Display: ICU TimeZone Detection - Raw Offset: -5:00, Platform Override: ''
LogModuleManager: Display: Found up-to-date module file ../../../Engine/Plugins/Marketplace/Substance/Binaries/Win64/UE4Editor-SubstanceCore.dll (API version 3944462).
LogModuleManager: Display: Found up-to-date module file ../../../Engine/Plugins/Marketplace/Substance/Binaries/Win64/UE4Editor-SubstanceEditor.dll (API version 3944462).
LogModuleManager: Display: Found up-to-date module file ../../../Engine/Plugins/Marketplace/Substance/Binaries/Win64/UE4Editor-SubstanceSource.dll (API version 3944462).
LogModuleManager: Display: Found up-to-date module file ../../../Engine/Plugins/Marketplace/Substance/Binaries/Win64/UE4Editor-SubstanceLiveLink.dll (API version 3944462).
LogModuleManager: Display: Found up-to-date module file ../../../Engine/Plugins/2D/Paper2D/Binaries/Win64/UE4Editor-Paper2D.dll (API version 3944462).
LogModuleManager: Display: Found up-to-date module file ../../../Engine/Plugins/2D/Paper2D/Binaries/Win64/UE4Editor-Paper2DEditor.dll (API version 3944462).
LogModuleManager: Display: Found up-to-date module file ../../../Engine/Plugins/2D/Paper2D/Binaries/Win64/UE4Editor-PaperSpriteSheetImporter.dll (API version 3944462).
LogModuleManager: Display: Found up-to-date module file ../../../Engine/Plugins/2D/Paper2D/Binaries/Win64/UE4Editor-PaperTiledImporter.dll (API version 3944462).
LogModuleManager: Display: Found up-to-date module file ../../../Engine/Plugins/2D/Paper2D/Binaries/Win64/UE4Editor-SmartSnapping.dll (API version 3944462).
LogModuleManager: Display: Found up-to-date module file ../../../Engine/Plugins/Blendables/LightPropagationVolume/Binaries/Win64/UE4Editor-LightPropagationVolumeRuntime.dll (API version 3944462).
LogModuleManager: Display: Found up-to-date module file ../../../Engine/Plugins/Blendables/LightPropagationVolume/Binaries/Win64/UE4Editor-LightPropagationVolumeEditor.dll (API version 3944462).
LogModuleManager: Display: Found up-to-date module file ../../../Engine/Plugins/Developer/CLionSourceCodeAccess/Binaries/Win64/UE4Editor-CLionSourceCodeAccess.dll (API version 3944462).
LogModuleManager: Display: Found up-to-date module file ../../../Engine/Plugins/Developer/GitSourceControl/Binaries/Win64/UE4Editor-GitSourceControl.dll (API version 3944462).
LogModuleManager: Display: Found up-to-date module file ../../../Engine/Plugins/Developer/PerforceSourceControl/Binaries/Win64/UE4Editor-PerforceSourceControl.dll (API version 3944462).
LogModuleManager: Display: Found up-to-date module file ../../../Engine/Plugins/Developer/SubversionSourceControl/Binaries/Win64/UE4Editor-SubversionSourceControl.dll (API version 3944462).
LogModuleManager: Display: Found up-to-date module file ../../../Engine/Plugins/Developer/UObjectPlugin/Binaries/Win64/UE4Editor-UObjectPlugin.dll (API version 3944462).
LogModuleManager: Display: Found up-to-date module file ../../../Engine/Plugins/Developer/VisualStudioCodeSourceCodeAccess/Binaries/Win64/UE4Editor-VisualStudioCodeSourceCodeAccess.dll (API version 3944462).
LogModuleManager: Display: Found up-to-date module file ../../../Engine/Plugins/Developer/VisualStudioSourceCodeAccess/Binaries/Win64/UE4Editor-VisualStudioSourceCodeAccess.dll (API version 3944462).
LogModuleManager: Display: Found up-to-date module file ../../../Engine/Plugins/Editor/AssetManagerEditor/Binaries/Win64/UE4Editor-AssetManagerEditor.dll (API version 3944462).
LogModuleManager: Display: Found up-to-date module file ../../../Engine/Plugins/Editor/CryptoKeys/Binaries/Win64/UE4Editor-CryptoKeys.dll (API version 3944462).
LogModuleManager: Display: Found up-to-date module file ../../../Engine/Plugins/Editor/CryptoKeys/Binaries/Win64/UE4Editor-CryptoKeysOpenSSL.dll (API version 3944462).
LogModuleManager: Display: Found up-to-date module file ../../../Engine/Plugins/Editor/DataValidation/Binaries/Win64/UE4Editor-DataValidation.dll (API version 3944462).
LogModuleManager: Display: Found up-to-date module file ../../../Engine/Plugins/Editor/FacialAnimation/Binaries/Win64/UE4Editor-FacialAnimation.dll (API version 3944462).
LogModuleManager: Display: Found up-to-date module file ../../../Engine/Plugins/Editor/FacialAnimation/Binaries/Win64/UE4Editor-FacialAnimationEditor.dll (API version 3944462).
LogModuleManager: Display: Found up-to-date module file ../../../Engine/Plugins/Editor/GameplayTagsEditor/Binaries/Win64/UE4Editor-GameplayTagsEditor.dll (API version 3944462).
LogModuleManager: Display: Found up-to-date module file ../../../Engine/Plugins/Editor/MobileLauncherProfileWizard/Binaries/Win64/UE4Editor-MobileLauncherProfileWizard.dll (API version 3944462).
LogModuleManager: Display: Found up-to-date module file ../../../Engine/Plugins/Editor/PluginBrowser/Binaries/Win64/UE4Editor-PluginBrowser.dll (API version 3944462).
LogModuleManager: Display: Found up-to-date module file ../../../Engine/Plugins/Editor/SpeedTreeImporter/Binaries/Win64/UE4Editor-SpeedTreeImporter.dll (API version 3944462).
LogModuleManager: Display: Found up-to-date module file ../../../Engine/Plugins/Enterprise/DatasmithContent/Binaries/Win64/UE4Editor-DatasmithContent.dll (API version 3944462).
LogModuleManager: Display: Found up-to-date module file ../../../Engine/Plugins/Experimental/AlembicImporter/Binaries/Win64/UE4Editor-AlembicImporter.dll (API version 3944462).
LogModuleManager: Display: Found up-to-date module file ../../../Engine/Plugins/Experimental/AlembicImporter/Binaries/Win64/UE4Editor-AlembicLibrary.dll (API version 3944462).
LogModuleManager: Display: Found up-to-date module file ../../../Engine/Plugins/Experimental/CharacterAI/Binaries/Win64/UE4Editor-CharacterAI.dll (API version 3944462).
LogModuleManager: Display: Found up-to-date module file ../../../Engine/Plugins/Experimental/HTML5Networking/Binaries/Win64/UE4Editor-HTML5Networking.dll (API version 3944462).
LogModuleManager: Display: Found up-to-date module file ../../../Engine/Plugins/Media/AndroidMedia/Binaries/Win64/UE4Editor-AndroidMediaEditor.dll (API version 3944462).
LogModuleManager: Display: Found up-to-date module file ../../../Engine/Plugins/Media/AndroidMedia/Binaries/Win64/UE4Editor-AndroidMediaFactory.dll (API version 3944462).
LogModuleManager: Display: Found up-to-date module file ../../../Engine/Plugins/Media/AvfMedia/Binaries/Win64/UE4Editor-AvfMediaEditor.dll (API version 3944462).
LogModuleManager: Display: Found up-to-date module file ../../../Engine/Plugins/Media/AvfMedia/Binaries/Win64/UE4Editor-AvfMediaFactory.dll (API version 3944462).
LogModuleManager: Display: Found up-to-date module file ../../../Engine/Plugins/Media/AvfMedia/Binaries/Win64/UE4Editor-AvfMediaFactory.dll (API version 3944462).
LogModuleManager: Display: Found up-to-date module file ../../../Engine/Plugins/Media/ImgMedia/Binaries/Win64/UE4Editor-ImgMedia.dll (API version 3944462).
LogModuleManager: Display: Found up-to-date module file ../../../Engine/Plugins/Media/ImgMedia/Binaries/Win64/UE4Editor-ImgMediaEditor.dll (API version 3944462).
LogModuleManager: Display: Found up-to-date module file ../../../Engine/Plugins/Media/ImgMedia/Binaries/Win64/UE4Editor-ImgMediaFactory.dll (API version 3944462).
LogModuleManager: Display: Found up-to-date module file ../../../Engine/Plugins/Media/ImgMedia/Binaries/Win64/UE4Editor-ImgMediaFactory.dll (API version 3944462).
LogModuleManager: Display: Found up-to-date module file ../../../Engine/Plugins/Media/ImgMedia/Binaries/Win64/UE4Editor-OpenExrWrapper.dll (API version 3944462).
LogModuleManager: Display: Found up-to-date module file ../../../Engine/Plugins/Media/LinearTimecode/Binaries/Win64/UE4Editor-LinearTimecode.dll (API version 3944462).
LogModuleManager: Display: Found up-to-date module file ../../../Engine/Plugins/Media/MediaCompositing/Binaries/Win64/UE4Editor-MediaCompositing.dll (API version 3944462).
LogModuleManager: Display: Found up-to-date module file ../../../Engine/Plugins/Media/MediaCompositing/Binaries/Win64/UE4Editor-MediaCompositingEditor.dll (API version 3944462).
LogModuleManager: Display: Found up-to-date module file ../../../Engine/Plugins/Media/MediaPlayerEditor/Binaries/Win64/UE4Editor-MediaPlayerEditor.dll (API version 3944462).
LogModuleManager: Display: Found up-to-date module file ../../../Engine/Plugins/Media/WmfMedia/Binaries/Win64/UE4Editor-WmfMedia.dll (API version 3944462).
LogModuleManager: Display: Found up-to-date module file ../../../Engine/Plugins/Media/WmfMedia/Binaries/Win64/UE4Editor-WmfMediaEditor.dll (API version 3944462).
LogModuleManager: Display: Found up-to-date module file ../../../Engine/Plugins/Media/WmfMedia/Binaries/Win64/UE4Editor-WmfMediaFactory.dll (API version 3944462).
LogModuleManager: Display: Found up-to-date module file ../../../Engine/Plugins/Media/WmfMedia/Binaries/Win64/UE4Editor-WmfMediaFactory.dll (API version 3944462).
LogModuleManager: Display: Found up-to-date module file ../../../Engine/Plugins/Messaging/TcpMessaging/Binaries/Win64/UE4Editor-TcpMessaging.dll (API version 3944462).
LogModuleManager: Display: Found up-to-date module file ../../../Engine/Plugins/Messaging/UdpMessaging/Binaries/Win64/UE4Editor-UdpMessaging.dll (API version 3944462).
LogModuleManager: Display: Found up-to-date module file ../../../Engine/Plugins/MovieScene/ActorSequence/Binaries/Win64/UE4Editor-ActorSequence.dll (API version 3944462).
LogModuleManager: Display: Found up-to-date module file ../../../Engine/Plugins/MovieScene/LevelSequenceEditor/Binaries/Win64/UE4Editor-LevelSequenceEditor.dll (API version 3944462).
LogModuleManager: Display: Found up-to-date module file ../../../Engine/Plugins/MovieScene/MatineeToLevelSequence/Binaries/Win64/UE4Editor-MatineeToLevelSequence.dll (API version 3944462).
LogModuleManager: Display: Found up-to-date module file ../../../Engine/Plugins/NetcodeUnitTest/NetcodeUnitTest/Binaries/Win64/UE4Editor-NetcodeUnitTest.dll (API version 3944462).
LogModuleManager: Display: Found up-to-date module file ../../../Engine/Plugins/NetcodeUnitTest/NUTUnrealEngine4/Binaries/Win64/UE4Editor-NUTUnrealEngine4.dll (API version 3944462).
LogModuleManager: Display: Found up-to-date module file ../../../Engine/Plugins/Online/OnlineSubsystem/Binaries/Win64/UE4Editor-OnlineSubsystem.dll (API version 3944462).
LogModuleManager: Display: Found up-to-date module file ../../../Engine/Plugins/Runtime/AndroidPermission/Binaries/Win64/UE4Editor-AndroidPermission.dll (API version 3944462).
LogModuleManager: Display: Found up-to-date module file ../../../Engine/Plugins/Online/OnlineSubsystemNull/Binaries/Win64/UE4Editor-OnlineSubsystemNull.dll (API version 3944462).
LogModuleManager: Display: Found up-to-date module file ../../../Engine/Plugins/Online/OnlineSubsystemUtils/Binaries/Win64/UE4Editor-OnlineSubsystemUtils.dll (API version 3944462).
LogModuleManager: Display: Found up-to-date module file ../../../Engine/Plugins/Online/OnlineSubsystemUtils/Binaries/Win64/UE4Editor-OnlineBlueprintSupport.dll (API version 3944462).
LogModuleManager: Display: Found up-to-date module file ../../../Engine/Plugins/Runtime/AndroidDeviceProfileSelector/Binaries/Win64/UE4Editor-AndroidDeviceProfileSelector.dll (API version 3944462).
LogModuleManager: Display: Found up-to-date module file ../../../Engine/Plugins/Runtime/AppleARKit/Binaries/Win64/UE4Editor-AppleARKit.dll (API version 3944462).
LogModuleManager: Display: Found up-to-date module file ../../../Engine/Plugins/Runtime/ProceduralMeshComponent/Binaries/Win64/UE4Editor-ProceduralMeshComponent.dll (API version 3944462).
LogModuleManager: Display: Found up-to-date module file ../../../Engine/Plugins/Runtime/ProceduralMeshComponent/Binaries/Win64/UE4Editor-ProceduralMeshComponentEditor.dll (API version 3944462).
LogModuleManager: Display: Found up-to-date module file ../../../Engine/Plugins/Animation/LiveLink/Binaries/Win64/UE4Editor-LiveLink.dll (API version 3944462).
LogModuleManager: Display: Found up-to-date module file ../../../Engine/Plugins/Animation/LiveLink/Binaries/Win64/UE4Editor-LiveLinkEditor.dll (API version 3944462).
LogModuleManager: Display: Found up-to-date module file ../../../Engine/Plugins/Runtime/ArchVisCharacter/Binaries/Win64/UE4Editor-ArchVisCharacter.dll (API version 3944462).
LogModuleManager: Display: Found up-to-date module file ../../../Engine/Plugins/Runtime/AudioCapture/Binaries/Win64/UE4Editor-AudioCapture.dll (API version 3944462).
LogModuleManager: Display: Found up-to-date module file ../../../Engine/Plugins/Runtime/AudioCapture/Binaries/Win64/UE4Editor-AudioCaptureEditor.dll (API version 3944462).
LogModuleManager: Display: Found up-to-date module file ../../../Engine/Plugins/Runtime/CableComponent/Binaries/Win64/UE4Editor-CableComponent.dll (API version 3944462).
LogModuleManager: Display: Found up-to-date module file ../../../Engine/Plugins/Runtime/CustomMeshComponent/Binaries/Win64/UE4Editor-CustomMeshComponent.dll (API version 3944462).
LogModuleManager: Display: Found up-to-date module file ../../../Engine/Plugins/Runtime/ExampleDeviceProfileSelector/Binaries/Win64/UE4Editor-ExampleDeviceProfileSelector.dll (API version 3944462).
LogModuleManager: Display: Found up-to-date module file ../../../Engine/Plugins/Runtime/ImmediatePhysics/Binaries/Win64/UE4Editor-ImmediatePhysics.dll (API version 3944462).
LogModuleManager: Display: Found up-to-date module file ../../../Engine/Plugins/Runtime/ImmediatePhysics/Binaries/Win64/UE4Editor-ImmediatePhysicsEditor.dll (API version 3944462).
LogModuleManager: Display: Found up-to-date module file ../../../Engine/Plugins/Runtime/LocationServicesBPLibrary/Binaries/Win64/UE4Editor-LocationServicesBPLibrary.dll (API version 3944462).
LogModuleManager: Display: Found up-to-date module file ../../../Engine/Plugins/Runtime/MobilePatchingUtils/Binaries/Win64/UE4Editor-MobilePatchingUtils.dll (API version 3944462).
LogModuleManager: Display: Found up-to-date module file ../../../Engine/Plugins/Runtime/Oculus/OculusVR/Binaries/Win64/UE4Editor-OculusHMD.dll (API version 3944462).
LogModuleManager: Display: Found up-to-date module file ../../../Engine/Plugins/Runtime/Oculus/OculusVR/Binaries/Win64/UE4Editor-OculusInput.dll (API version 3944462).
LogModuleManager: Display: Found up-to-date module file ../../../Engine/Plugins/Runtime/Oculus/OculusVR/Binaries/Win64/UE4Editor-OculusEditor.dll (API version 3944462).
LogModuleManager: Display: Found up-to-date module file ../../../Engine/Plugins/Runtime/PhysXVehicles/Binaries/Win64/UE4Editor-PhysXVehicles.dll (API version 3944462).
LogModuleManager: Display: Found up-to-date module file ../../../Engine/Plugins/Runtime/PhysXVehicles/Binaries/Win64/UE4Editor-PhysXVehiclesEditor.dll (API version 3944462).
LogModuleManager: Display: Found up-to-date module file ../../../Engine/Plugins/Runtime/RuntimePhysXCooking/Binaries/Win64/UE4Editor-RuntimePhysXCooking.dll (API version 3944462).
LogModuleManager: Display: Found up-to-date module file ../../../Engine/Plugins/Runtime/Steam/SteamVR/Binaries/Win64/UE4Editor-SteamVR.dll (API version 3944462).
LogModuleManager: Display: Found up-to-date module file ../../../Engine/Plugins/Runtime/Steam/SteamVR/Binaries/Win64/UE4Editor-SteamVRController.dll (API version 3944462).
LogModuleManager: Display: Found up-to-date module file ../../../Engine/Plugins/Runtime/WindowsMoviePlayer/Binaries/Win64/UE4Editor-WindowsMoviePlayer.dll (API version 3944462).
LogPluginManager: Mounting plugin Paper2D
LogPluginManager: Mounting plugin LiveLink
LogPluginManager: Mounting plugin LightPropagationVolume
LogPluginManager: Mounting plugin CLionSourceCodeAccess
LogPluginManager: Mounting plugin CodeLiteSourceCodeAccess
LogPluginManager: Mounting plugin GitSourceControl
LogPluginManager: Mounting plugin KDevelopSourceCodeAccess
LogPluginManager: Mounting plugin NullSourceCodeAccess
LogPluginManager: Mounting plugin PerforceSourceControl
LogPluginManager: Mounting plugin SubversionSourceControl
LogPluginManager: Mounting plugin UObjectPlugin
LogPluginManager: Mounting plugin VisualStudioCodeSourceCodeAccess
LogPluginManager: Mounting plugin VisualStudioSourceCodeAccess
LogPluginManager: Mounting plugin XCodeSourceCodeAccess
LogPluginManager: Mounting plugin AssetManagerEditor
LogPluginManager: Mounting plugin CryptoKeys
LogPluginManager: Mounting plugin DataValidation
LogPluginManager: Mounting plugin FacialAnimation
LogPluginManager: Mounting plugin GameplayTagsEditor
LogPluginManager: Mounting plugin MobileLauncherProfileWizard
LogPluginManager: Mounting plugin PluginBrowser
LogPluginManager: Mounting plugin SpeedTreeImporter
LogPluginManager: Mounting plugin DatasmithContent
LogPluginManager: Mounting plugin AlembicImporter
LogPluginManager: Mounting plugin CharacterAI
LogPluginManager: Mounting plugin HTML5Networking
LogPluginManager: Mounting plugin Substance
LogPluginManager: Mounting plugin AndroidMedia
LogPluginManager: Mounting plugin AvfMedia
LogPluginManager: Mounting plugin ImgMedia
LogPluginManager: Mounting plugin LinearTimecode
LogPluginManager: Mounting plugin MediaCompositing
LogPluginManager: Mounting plugin MediaPlayerEditor
LogPluginManager: Mounting plugin WmfMedia
LogPluginManager: Mounting plugin TcpMessaging
LogPluginManager: Mounting plugin UdpMessaging
LogPluginManager: Mounting plugin ActorSequence
LogPluginManager: Mounting plugin LevelSequenceEditor
LogPluginManager: Mounting plugin MatineeToLevelSequence
LogPluginManager: Mounting plugin NetcodeUnitTest
LogPluginManager: Mounting plugin NUTUnrealEngine4
LogPluginManager: Mounting plugin OnlineSubsystemGooglePlay
LogPluginManager: Mounting plugin OnlineSubsystemIOS
LogPluginManager: Mounting plugin OnlineSubsystem
LogPluginManager: Mounting plugin OnlineSubsystemNull
LogPluginManager: Mounting plugin OnlineSubsystemUtils
LogPluginManager: Mounting plugin AndroidDeviceProfileSelector
LogPluginManager: Mounting plugin AndroidMoviePlayer
LogPluginManager: Mounting plugin AndroidPermission
LogPluginManager: Mounting plugin AppleARKit
LogPluginManager: Mounting plugin AppleMoviePlayer
LogPluginManager: Mounting plugin ArchVisCharacter
LogPluginManager: Mounting plugin AudioCapture
LogPluginManager: Mounting plugin CableComponent
LogPluginManager: Mounting plugin CustomMeshComponent
LogPluginManager: Mounting plugin ExampleDeviceProfileSelector
LogPluginManager: Mounting plugin GoogleCloudMessaging
LogPluginManager: Mounting plugin ImmediatePhysics
LogPluginManager: Mounting plugin IOSDeviceProfileSelector
LogPluginManager: Mounting plugin LinuxDeviceProfileSelector
LogPluginManager: Mounting plugin LocationServicesBPLibrary
LogPluginManager: Mounting plugin MobilePatchingUtils
LogPluginManager: Mounting plugin OculusVR
LogPluginManager: Plugin shader directory ../../../Engine/Plugins/Runtime/Oculus/OculusVR/Shaders found
LogPluginManager: Mapping shader source directory ../../../Engine/Plugins/Runtime/Oculus/OculusVR/Shaders to virtual directory /Plugin/OculusVR
LogPluginManager: Mounting plugin PhysXVehicles
LogPluginManager: Mounting plugin ProceduralMeshComponent
LogPluginManager: Mounting plugin RuntimePhysXCooking
LogPluginManager: Mounting plugin SteamVR
LogPluginManager: Mounting plugin WindowsMoviePlayer
LogStreaming: Display: Took  0.790s to configure plugins.
LogInit: Using libcurl 7.47.1
LogInit:  - built for x86_64-pc-win32
LogInit:  - supports SSL with OpenSSL/1.0.2g
LogInit:  - supports HTTP deflate (compression) using libz 1.2.8
LogInit:  - other features:
LogInit:      CURL_VERSION_SSL
LogInit:      CURL_VERSION_LIBZ
LogInit:      CURL_VERSION_IPV6
LogInit:      CURL_VERSION_ASYNCHDNS
LogInit:      CURL_VERSION_LARGEFILE
LogInit:      CURL_VERSION_IDN
LogInit:  CurlRequestOptions (configurable via config and command line):
LogInit:  - bVerifyPeer = false  - Libcurl will NOT verify peer certificate
LogInit:  - bUseHttpProxy = false  - Libcurl will NOT use HTTP proxy
LogInit:  - bDontReuseConnections = false  - Libcurl will reuse connections
LogInit:  - CertBundlePath = nullptr  - Libcurl will use whatever was configured at build time.
LogInit:  - MaxHostConnections = 16  - Libcurl will limit the number of connections to a host
LogInit:  - LocalHostAddr = Default
LogInit: WinSock: version 1.1 (2.2), MaxSocks=32767, MaxUdp=65467
LogInit: WinSock: I am DESKTOP-V72DBF1 (192.168.0.12:0)
LogInit: Build: ++UE4+Release-4.19-CL-4033788
LogInit: Engine Version: 4.19.2-4033788+++UE4+Release-4.19
LogInit: Compatible Engine Version: 4.19.0-3944462+++UE4+Release-4.19
LogInit: Net CL: 3944462
LogDevObjectVersion: Number of dev versions registered: 18
LogDevObjectVersion:   Dev-Blueprints (B0D832E4-1F89-4F0D-ACCF-7EB736FD4AA2): 10
LogDevObjectVersion:   Dev-Build (E1C64328-A22C-4D53-A36C-8E866417BD8C): 0
LogDevObjectVersion:   Dev-Core (375EC13C-06E4-48FB-B500-84F0262A717E): 2
LogDevObjectVersion:   Dev-Editor (E4B068ED-F494-42E9-A231-DA0B2E46BB41): 23
LogDevObjectVersion:   Dev-Framework (CFFC743F-43B0-4480-9391-14DF171D2073): 33
LogDevObjectVersion:   Dev-Mobile (B02B49B5-BB20-44E9-A304-32B752E40360): 2
LogDevObjectVersion:   Dev-Networking (A4E4105C-59A1-49B5-A7C5-40C4547EDFEE): 0
LogDevObjectVersion:   Dev-Online (39C831C9-5AE6-47DC-9A44-9C173E1C8E7C): 0
LogDevObjectVersion:   Dev-Physics (78F01B33-EBEA-4F98-B9B4-84EACCB95AA2): 0
LogDevObjectVersion:   Dev-Platform (6631380F-2D4D-43E0-8009-CF276956A95A): 0
LogDevObjectVersion:   Dev-Rendering (12F88B9F-8875-4AFC-A67C-D90C383ABD29): 25
LogDevObjectVersion:   Dev-Sequencer (7B5AE74C-D270-4C10-A958-57980B212A5A): 6
LogDevObjectVersion:   Dev-VR (D7296918-1DD6-4BDD-9DE2-64A83CC13884): 1
LogDevObjectVersion:   Dev-LoadTimes (C2A15278-BFE7-4AFE-6C17-90FF531DF755): 1
LogDevObjectVersion:   Private-Geometry (6EACA3D4-40EC-4CC1-B786-8BED09428FC5): 2
LogDevObjectVersion:   Dev-AnimPhys (29E575DD-E0A3-4627-9D10-D276232CDCEA): 16
LogDevObjectVersion:   Dev-ReflectionCapture (6B266CEC-1EC7-4B8F-A30B-E4D90942FC07): 1
LogDevObjectVersion:   Dev-Automation (0DF73D61-A23F-47EA-B727-89E90C41499A): 1
LogInit: Compiled (64-bit): Apr 27 2018 02:06:57
LogInit: Compiled with Visual C++: 19.00.24215.01
LogInit: Build Configuration: Development
LogInit: Branch Name: ++UE4+Release-4.19
LogInit: Command Line: 
LogInit: Base Directory: C:/Program Files/Epic Games/UE_4.19/Engine/Binaries/Win64/
LogInit: Installed Engine Build: 1
LogStreaming: Display: Took  0.019s to delete old logs.
LogInit: Presizing for max 8388607 objects, including 0 objects not considered by GC, pre-allocating 0 bytes for permanent pool.
LogInit: Object subsystem initialized
[2018.07.07-20.52.16:534][  0]LogInit: Selected Device Profile: [Windows]
[2018.07.07-20.52.16:534][  0]LogInit: Applying CVar settings loaded from the selected device profile: [Windows]
[2018.07.07-20.52.16:545][  0]LogInit: Computer: DESKTOP-V72DBF1
[2018.07.07-20.52.16:545][  0]LogInit: User: Hunter
[2018.07.07-20.52.16:545][  0]LogInit: CPU Page size=4096, Cores=4
[2018.07.07-20.52.16:545][  0]LogInit: High frequency timer resolution =3.515627 MHz
[2018.07.07-20.52.16:545][  0]LogMemory: Memory total: Physical=15.9GB (16GB approx)
[2018.07.07-20.52.16:545][  0]LogMemory: Platform Memory Stats for Windows
[2018.07.07-20.52.16:545][  0]LogMemory: Process Physical Memory: 275.11 MB used, 275.11 MB peak
[2018.07.07-20.52.16:545][  0]LogMemory: Process Virtual Memory: 264.71 MB used, 264.71 MB peak
[2018.07.07-20.52.16:545][  0]LogMemory: Physical Memory: 5896.32 MB used,  10430.68 MB free, 16327.01 MB total
[2018.07.07-20.52.16:545][  0]LogMemory: Virtual Memory: 4789.33 MB used,  10430.68 MB free, 134217728.00 MB total
[2018.07.07-20.52.16:560][  0]LogInit: Using OS detected language (en-US).
[2018.07.07-20.52.16:560][  0]LogInit: Using OS detected locale (en-US).
[2018.07.07-20.52.16:562][  0]LogTextLocalizationManager: No specific localization for 'en-US' exists, so the 'en' localization will be used.
[2018.07.07-20.52.16:959][  0]LogStreaming: Display: Took  0.400s to EndInitTextLocalization.
[2018.07.07-20.52.16:960][  0]LogInit: Setting process to per monitor DPI aware
[2018.07.07-20.52.17:008][  0]LogSlate: New Slate User Created.  User Index 0, Is Virtual User: 0
[2018.07.07-20.52.17:008][  0]LogSlate: Slate User Registered.  User Index 0, Is Virtual User: 0
[2018.07.07-20.52.17:189][  0]LogD3D11RHI: D3D11 adapters:
[2018.07.07-20.52.17:242][  0]LogD3D11RHI:    0. 'NVIDIA GeForce GTX 1060 3GB' (Feature Level 11_0)
[2018.07.07-20.52.17:242][  0]LogD3D11RHI:       2988/0/8163 MB DedicatedVideo/DedicatedSystem/SharedSystem, Outputs:3, VendorId:0x10de
[2018.07.07-20.52.17:244][  0]LogD3D11RHI:    1. 'Microsoft Basic Render Driver' (Feature Level 11_0)
[2018.07.07-20.52.17:244][  0]LogD3D11RHI:       0/0/8163 MB DedicatedVideo/DedicatedSystem/SharedSystem, Outputs:0, VendorId:0x1414
[2018.07.07-20.52.17:244][  0]LogD3D11RHI: Chosen D3D11 Adapter: 0
[2018.07.07-20.52.17:248][  0]LogD3D11RHI: Creating new Direct3DDevice
[2018.07.07-20.52.17:248][  0]LogD3D11RHI:     GPU DeviceId: 0x1c02 (for the marketing name, search the web for "GPU Device Id")
[2018.07.07-20.52.17:248][  0]LogWindows: EnumDisplayDevices:
[2018.07.07-20.52.17:248][  0]LogWindows:    0. 'NVIDIA GeForce GTX 1060 3GB' (P:1 D:1)
[2018.07.07-20.52.17:249][  0]LogWindows:    1. 'NVIDIA GeForce GTX 1060 3GB' (P:0 D:1)
[2018.07.07-20.52.17:249][  0]LogWindows:    2. 'NVIDIA GeForce GTX 1060 3GB' (P:0 D:1)
[2018.07.07-20.52.17:249][  0]LogWindows:    3. 'NVIDIA GeForce GTX 1060 3GB' (P:0 D:0)
[2018.07.07-20.52.17:249][  0]LogWindows: DebugString: GetVideoDriverDetailsInvalid PrimaryIsNotTheChoosenAdapter GetVideoDriverDetailsInvalid PrimaryIsNotTheChoosenAdapter GetVideoDriverDetailsInvalid PrimaryIsNotTheChoosenAdapter GetVideoDriverDetailsInvalid PrimaryIsNotTheChoosenAdapter FoundDriverCount:0 
[2018.07.07-20.52.17:249][  0]LogD3D11RHI:     Adapter Name: NVIDIA GeForce GTX 1060 3GB
[2018.07.07-20.52.17:249][  0]LogD3D11RHI:   Driver Version: Unknown (internal:Unknown, unified:Unknown)
[2018.07.07-20.52.17:249][  0]LogD3D11RHI:      Driver Date: Unknown
[2018.07.07-20.52.17:249][  0]LogRHI: Texture pool is 2091 MB (70% of 2988 MB)
[2018.07.07-20.52.17:283][  0]LogD3D11RHI: [Aftermath] Aftermath enabled and primed
[2018.07.07-20.52.17:283][  0]LogD3D11RHI: [Aftermath] Aftermath enabled and primed
[2018.07.07-20.52.17:283][  0]LogD3D11RHI: Async texture creation enabled
[2018.07.07-20.52.17:315][  0]LogD3D11RHI: GPU Timing Frequency: 1000.000000 (Debug: 2 2)
[2018.07.07-20.52.17:456][  0]LogShaderCompilers: Guid format shader working directory is -10 characters bigger than the processId version (D:/Unreal Projects/Git/FracturedDevelopments/TheGauntlet/Intermediate/Shaders/WorkingDirectory/12656/).
[2018.07.07-20.52.17:456][  0]LogShaderCompilers: Cleaned the shader compiler working directory 'C:/Users/Hunter/AppData/Local/Temp/UnrealShaderWorkingDir/F42A68094325BDAE0892C5A96EA3A669/'.
[2018.07.07-20.52.17:647][  0]LogTemp: Display: Loaded TP AllDesktopTargetPlatform
[2018.07.07-20.52.17:657][  0]LogTemp: Display: Loaded TP MacClientTargetPlatform
[2018.07.07-20.52.17:670][  0]LogTemp: Display: Loaded TP MacNoEditorTargetPlatform
[2018.07.07-20.52.17:680][  0]LogTemp: Display: Loaded TP MacServerTargetPlatform
[2018.07.07-20.52.17:691][  0]LogTemp: Display: Loaded TP MacTargetPlatform
[2018.07.07-20.52.17:704][  0]LogTemp: Display: Loaded TP WindowsClientTargetPlatform
[2018.07.07-20.52.17:716][  0]LogTemp: Display: Loaded TP WindowsNoEditorTargetPlatform
[2018.07.07-20.52.17:728][  0]LogTemp: Display: Loaded TP WindowsServerTargetPlatform
[2018.07.07-20.52.17:735][  0]LogTemp: Display: Loaded TP WindowsTargetPlatform
[2018.07.07-20.52.17:746][  0]LogTemp: Display: Loaded TP Android_ASTCTargetPlatform
[2018.07.07-20.52.17:756][  0]LogTemp: Display: Loaded TP Android_ATCTargetPlatform
[2018.07.07-20.52.17:768][  0]LogTemp: Display: Loaded TP Android_DXTTargetPlatform
[2018.07.07-20.52.17:778][  0]LogTemp: Display: Loaded TP Android_ETC1aTargetPlatform
[2018.07.07-20.52.17:787][  0]LogTemp: Display: Loaded TP Android_ETC1TargetPlatform
[2018.07.07-20.52.17:799][  0]LogTemp: Display: Loaded TP Android_ETC2TargetPlatform
[2018.07.07-20.52.17:822][  0]LogTemp: Display: Loaded TP Android_MultiTargetPlatform
[2018.07.07-20.52.17:822][  0]LogTemp: Display: Loaded TP Android_PVRTCTargetPlatform
[2018.07.07-20.52.17:838][  0]LogTemp: Display: Loaded TP AndroidTargetPlatform
[2018.07.07-20.52.17:839][  0]LogTemp: Display: Loaded TP HTML5TargetPlatform
[2018.07.07-20.52.17:875][  0]LogTemp: Display: Loaded TP IOSTargetPlatform
[2018.07.07-20.52.17:885][  0]LogTemp: Display: Loaded TP TVOSTargetPlatform
[2018.07.07-20.52.17:895][  0]LogTemp: Display: Loaded TP LinuxClientTargetPlatform
[2018.07.07-20.52.17:908][  0]LogTemp: Display: Loaded TP LinuxNoEditorTargetPlatform
[2018.07.07-20.52.17:918][  0]LogTemp: Display: Loaded TP LinuxServerTargetPlatform
[2018.07.07-20.52.17:928][  0]LogTemp: Display: Loaded TP LinuxTargetPlatform
[2018.07.07-20.52.17:928][  0]LogTargetPlatformManager: Display: Building Assets For Windows
[2018.07.07-20.52.18:013][  0]LogXGEController: Cannot use XGE Controller as Incredibuild is not installed on this machine.
[2018.07.07-20.52.18:013][  0]LogShaderCompilers: Cannot use XGE Shader Compiler as Incredibuild is not installed on this machine.
[2018.07.07-20.52.18:013][  0]LogShaderCompilers: Display: Using Local Shader Compiler.
[2018.07.07-20.52.18:587][  0]LogDerivedDataCache: Display: Max Cache Size: 512 MB
[2018.07.07-20.52.18:643][  0]LogDerivedDataCache: Loaded boot cache 0.06s 74MB C:/Users/Hunter/AppData/Local/UnrealEngine/4.19/DerivedDataCache/Boot.ddc.
[2018.07.07-20.52.18:643][  0]LogDerivedDataCache: Display: Loaded Boot cache: C:/Users/Hunter/AppData/Local/UnrealEngine/4.19/DerivedDataCache/Boot.ddc
[2018.07.07-20.52.18:643][  0]LogDerivedDataCache: FDerivedDataBackendGraph:  Pak pak cache file D:/Unreal Projects/Git/FracturedDevelopments/TheGauntlet/DerivedDataCache/DDC.ddp not found, will not use a pak cache.
[2018.07.07-20.52.18:644][  0]LogDerivedDataCache: Unable to find inner node Pak for hierarchical cache Hierarchy.
[2018.07.07-20.52.18:644][  0]LogDerivedDataCache: FDerivedDataBackendGraph:  CompressedPak pak cache file D:/Unreal Projects/Git/FracturedDevelopments/TheGauntlet/DerivedDataCache/Compressed.ddp not found, will not use a pak cache.
[2018.07.07-20.52.18:644][  0]LogDerivedDataCache: Unable to find inner node CompressedPak for hierarchical cache Hierarchy.
[2018.07.07-20.52.18:657][  0]LogDerivedDataCache: Display: Pak cache opened for reading ../../../Engine/DerivedDataCache/Compressed.ddp.
[2018.07.07-20.52.18:669][  0]LogDerivedDataCache: Using Local data cache path C:/Users/Hunter/AppData/Local/UnrealEngine/Common/DerivedDataCache: Writable
[2018.07.07-20.52.18:669][  0]LogDerivedDataCache: Shared data cache path not found in *engine.ini, will not use an Shared cache.
[2018.07.07-20.52.18:669][  0]LogDerivedDataCache: Unable to find inner node Shared for hierarchical cache Hierarchy.
[2018.07.07-20.52.18:679][  0]LogMaterial: Verifying Global Shaders for PCD3D_SM5
[2018.07.07-20.52.18:679][  0]LogSlate: Using Freetype 2.6.0
[2018.07.07-20.52.18:680][  0]LogSlate: SlateFontCache - WITH_FREETYPE: 1, WITH_HARFBUZZ: 1
[2018.07.07-20.52.18:680][  0]LogSlate: SlateFontCache - WITH_FREETYPE: 1, WITH_HARFBUZZ: 1
[2018.07.07-20.52.18:778][  0]LogAssetRegistry: FAssetRegistry took 0.0248 seconds to start up
[2018.07.07-20.52.19:027][  0]LogInit: Selected Device Profile: [Windows]
[2018.07.07-20.52.19:149][  0]LogSimplygon: Simplygon DLL not present - disabling.
[2018.07.07-20.52.19:152][  0]LogMeshReduction: Using SimplygonSwarm for distributed automatic mesh merging
[2018.07.07-20.52.19:152][  0]LogMeshReduction: Using QuadricMeshReduction for automatic static mesh reduction
[2018.07.07-20.52.19:152][  0]LogMeshReduction: No automatic skeletal mesh reduction module available
[2018.07.07-20.52.19:152][  0]LogMeshReduction: No automatic mesh merging module available
[2018.07.07-20.52.19:152][  0]LogMeshMerging: No automatic mesh merging module available
[2018.07.07-20.52.19:195][  0]LogNetVersion: TheGauntlet , NetCL: 3944462, EngineNetVer: 2, GameNetVer: 0 (Checksum: 2926436779)
[2018.07.07-20.52.19:559][  0]LogPackageLocalizationCache: Processed 9 localized package path(s) for 2 prioritized culture(s) in 0.056026 seconds
[2018.07.07-20.52.19:564][  0]LogUObjectArray: 36728 objects as part of root set at end of initial load.
[2018.07.07-20.52.19:564][  0]LogUObjectAllocator: 7314312 out of 0 bytes used by permanent object pool.
[2018.07.07-20.52.19:564][  0]LogUObjectArray: CloseDisregardForGC: 0/0 objects in disregard for GC pool
[2018.07.07-20.52.20:875][  0]LogSubstanceCoreModule: Substance [CPU] Engine Loaded, Max Texture Size = 2048
[2018.07.07-20.52.20:890][  0]LogTcpMessaging: Initializing TcpMessaging bridge
[2018.07.07-20.52.20:915][  0]LogUdpMessaging: Initializing bridge on interface 0.0.0.0:0 to multicast group 230.0.0.1:6666.
[2018.07.07-20.52.21:198][  0]SourceControl: Source control is disabled
[2018.07.07-20.52.21:198][  0]SourceControl: Source control is disabled
[2018.07.07-20.52.21:209][  0]SourceControl: Source control is disabled
[2018.07.07-20.52.21:221][  0]SourceControl: Source control is disabled
[2018.07.07-20.52.21:598][  0]LogAndroidPermission: UAndroidPermissionCallbackProxy::GetInstance
[2018.07.07-20.52.21:716][  0]LogOcInput: OculusInput pre-init called
[2018.07.07-20.52.21:901][  0]LogEngine: Initializing Engine...
[2018.07.07-20.52.21:902][  0]LogHMD: Failed to initialize OpenVR with code 110
[2018.07.07-20.52.21:903][  0]LogStats: UGameplayTagsManager::ConstructGameplayTagTree: Construct from data asset -  0.000 s
[2018.07.07-20.52.21:903][  0]LogStats: UGameplayTagsManager::ConstructGameplayTagTree: GameplayTagTreeChangedEvent.Broadcast -  0.000 s
[2018.07.07-20.52.22:089][  0]LogAIModule: Creating AISystem for world Untitled
[2018.07.07-20.52.22:100][  0]LogInit: XAudio2 using 'Headset Earphone (Corsair VOID PRO USB Gaming Headset )' : 2 channels at 44.1 kHz using 16 bits per sample (channel mask 0x3)
[2018.07.07-20.52.22:110][  0]LogInit: FAudioDevice initialized.
[2018.07.07-20.52.22:180][  0]LogDerivedDataCache: Saved boot cache 0.07s 74MB C:/Users/Hunter/AppData/Local/UnrealEngine/4.19/DerivedDataCache/Boot.ddc.
[2018.07.07-20.52.22:186][  0]LogInit: Texture streaming: Enabled
[2018.07.07-20.52.22:199][  0]LogEngineSessionManager: EngineSessionManager initialized
[2018.07.07-20.52.22:209][  0]LogInit: Transaction tracking system initialized
[2018.07.07-20.52.22:225][  0]BlueprintLog: New page: Editor Load
[2018.07.07-20.52.22:286][  0]LocalizationService: Localization service is disabled
[2018.07.07-20.52.22:357][  0]LogConsoleResponse: Display: 
[2018.07.07-20.52.22:489][  0]LogCook: Display: Max memory allowance for cook 16384mb min free memory 0mb
[2018.07.07-20.52.22:489][  0]LogCook: Display: Mobile HDR setting 1
[2018.07.07-20.52.22:489][  0]LogGameplayTags: Display: UGameplayTagsManager::DoneAddingNativeTags. DelegateIsBound: 0
[2018.07.07-20.52.22:489][  0]LogStats: UGameplayTagsManager::ConstructGameplayTagTree: Construct from data asset -  0.000 s
[2018.07.07-20.52.22:489][  0]LogStats: UGameplayTagsManager::ConstructGameplayTagTree: GameplayTagTreeChangedEvent.Broadcast -  0.000 s
[2018.07.07-20.52.22:758][  0]LogFileCache: Scanning file cache for directory 'D:/Unreal Projects/Git/FracturedDevelopments/TheGauntlet/Content/' took 0.01s
[2018.07.07-20.52.22:758][  0]SourceControl: Source control is disabled
[2018.07.07-20.52.22:758][  0]Cmd: MAP LOAD FILE="D:/Unreal Projects/Git/FracturedDevelopments/TheGauntlet/Content/Levels/MainLobby.umap" TEMPLATE=0 SHOWPROGRESS=1 FEATURELEVEL=3
[2018.07.07-20.52.22:759][  0]LightingResults: New page: Lighting Build
[2018.07.07-20.52.22:761][  0]MapCheck: New page: Map Check
[2018.07.07-20.52.22:761][  0]LightingResults: New page: Lighting Build
[2018.07.07-20.52.22:804][  0]LogUObjectGlobals: Created PersistentFrame Addr=0x0000013082fa5e40, Size=64, Default__ThirdPerson_AnimBP_C Function /Game/Mannequin/Animations/ThirdPerson_AnimBP.ThirdPerson_AnimBP_C:ExecuteUbergraph_ThirdPerson_AnimBP
[2018.07.07-20.52.22:815][  0]LogUObjectGlobals: Destroyed PersistentFrame Addr=0x0000013082fa5e40, Size=64
[2018.07.07-20.52.22:815][  0]LogUObjectGlobals: Created PersistentFrame Addr=0x0000013082fa5f80, Size=64, Default__ThirdPerson_AnimBP_C Function /Engine/Transient.REINST_ThirdPerson_AnimBP_C_0:ExecuteUbergraph_ThirdPerson_AnimBP
[2018.07.07-20.52.22:821][  0]LogUObjectGlobals: Created PersistentFrame Addr=0x000001308308c310, Size=72, Default__ThirdPerson_AnimBP_C Function /Game/Mannequin/Animations/ThirdPerson_AnimBP.ThirdPerson_AnimBP_C:ExecuteUbergraph_ThirdPerson_AnimBP
[2018.07.07-20.52.22:850][  0]LogUObjectGlobals: Created PersistentFrame Addr=0x00000130e5c17740, Size=224, Default__ShowRoomCharacter_C Function /Game/ThirdPersonBP/ShowRoomCharacter.ShowRoomCharacter_C:ExecuteUbergraph_ShowRoomCharacter
[2018.07.07-20.52.22:852][  0]LogUObjectGlobals: Destroyed PersistentFrame Addr=0x00000130e5c17740, Size=224
[2018.07.07-20.52.22:852][  0]LogUObjectGlobals: Created PersistentFrame Addr=0x00000130e5c17740, Size=224, Default__ShowRoomCharacter_C Function /Engine/Transient.REINST_ShowRoomCharacter_C_4:ExecuteUbergraph_ShowRoomCharacter
[2018.07.07-20.52.22:854][  0]LogUObjectGlobals: Created PersistentFrame Addr=0x00000130e5c15600, Size=224, Default__ShowRoomCharacter_C Function /Game/ThirdPersonBP/ShowRoomCharacter.ShowRoomCharacter_C:ExecuteUbergraph_ShowRoomCharacter
[2018.07.07-20.52.22:860][  0]LogUObjectGlobals: Created PersistentFrame Addr=0x00000130830b1590, Size=56, Default__MainMenu_C Function /Game/UI/MainLobby/MainMenu.MainMenu_C:ExecuteUbergraph_MainMenu
[2018.07.07-20.52.22:870][  0]LogUObjectGlobals: Destroyed PersistentFrame Addr=0x00000130830b1590, Size=56
[2018.07.07-20.52.22:870][  0]LogUObjectGlobals: Created PersistentFrame Addr=0x00000130830b1590, Size=56, Default__MainMenu_C Function /Engine/Transient.REINST_MainMenu_C_0:ExecuteUbergraph_MainMenu
[2018.07.07-20.52.22:876][  0]LogUObjectGlobals: Created PersistentFrame Addr=0x00000130830b0368, Size=56, Default__MainMenu_C Function /Game/UI/MainLobby/MainMenu.MainMenu_C:ExecuteUbergraph_MainMenu
[2018.07.07-20.52.22:879][  0]LogUObjectGlobals: Created PersistentFrame Addr=0x00000130830d1e90, Size=40, Default__MainLobbyGameMode_C Function /Game/GameModes/MainLobbyGameMode.MainLobbyGameMode_C:ExecuteUbergraph_MainLobbyGameMode
[2018.07.07-20.52.22:881][  0]LogUObjectGlobals: Destroyed PersistentFrame Addr=0x00000130830d1e90, Size=40
[2018.07.07-20.52.22:881][  0]LogUObjectGlobals: Created PersistentFrame Addr=0x00000130830d1e90, Size=40, Default__MainLobbyGameMode_C Function /Engine/Transient.REINST_MainLobbyGameMode_C_7:ExecuteUbergraph_MainLobbyGameMode
[2018.07.07-20.52.22:882][  0]LogUObjectGlobals: Created PersistentFrame Addr=0x00000130830d07c0, Size=40, Default__MainLobbyGameMode_C Function /Game/GameModes/MainLobbyGameMode.MainLobbyGameMode_C:ExecuteUbergraph_MainLobbyGameMode
[2018.07.07-20.52.22:921][  0]LogSkeletalMesh: Skeletal Mesh found in DDC [3.082238ms] /Game/Mannequin/Character/Mesh/SK_Mannequin.SK_Mannequin
[2018.07.07-20.52.22:999][  0]LogAIModule: Creating AISystem for world MainLobby
[2018.07.07-20.52.23:003][  0]LogEditorServer: Finished looking for orphan Actors (0.000 secs)
[2018.07.07-20.52.23:015][  0]LogUObjectGlobals: Destroyed PersistentFrame Addr=0x0000013082fa5f80, Size=64
[2018.07.07-20.52.23:015][  0]LogUObjectGlobals: Destroyed PersistentFrame Addr=0x00000130e5c17740, Size=224
[2018.07.07-20.52.23:015][  0]LogUObjectGlobals: Destroyed PersistentFrame Addr=0x00000130830b1590, Size=56
[2018.07.07-20.52.23:015][  0]LogUObjectGlobals: Destroyed PersistentFrame Addr=0x00000130830d1e90, Size=40
[2018.07.07-20.52.23:015][  0]Cmd: MAP CHECKDEP NOCLEARLOG
[2018.07.07-20.52.23:055][  0]MapCheck: Map check complete: 0 Error(s), 0 Warning(s), took 39.014ms to complete.
[2018.07.07-20.52.23:055][  0]LogFileHelpers: Loading map 'MainLobby' took 0.297
[2018.07.07-20.52.23:334][  0]LogCollectionManager: Loaded 0 collections in 0.001463 seconds
[2018.07.07-20.52.23:436][  0]LogFileCache: Scanning file cache for directory 'D:/Unreal Projects/Git/FracturedDevelopments/TheGauntlet/Saved/Collections/' took 0.01s
[2018.07.07-20.52.23:436][  0]LogFileCache: Scanning file cache for directory 'D:/Unreal Projects/Git/FracturedDevelopments/TheGauntlet/Content/Developers/Hunter/Collections/' took 0.01s
[2018.07.07-20.52.23:436][  0]LogFileCache: Scanning file cache for directory 'D:/Unreal Projects/Git/FracturedDevelopments/TheGauntlet/Content/Collections/' took 0.01s
[2018.07.07-20.52.23:436][  0]LogCollectionManager: Rebuilt the GUID cache for 0 collections in 0.000001 seconds
[2018.07.07-20.52.23:449][  0]LogContentBrowser: Native class hierarchy populated in 0.0132 seconds. Added 2466 classes and 564 folders.
[2018.07.07-20.52.23:457][  0]LogContentBrowser: Native class hierarchy updated for 'WidgetCarousel' in 0.0003 seconds. Added 0 classes and 0 folders.
[2018.07.07-20.52.23:510][  0]LogContentBrowser: Native class hierarchy updated for 'AddContentDialog' in 0.0003 seconds. Added 0 classes and 0 folders.
[2018.07.07-20.52.23:555][  0]LogContentBrowser: Native class hierarchy updated for 'SceneOutliner' in 0.0002 seconds. Added 1 classes and 2 folders.
[2018.07.07-20.52.23:573][  0]LogSlate: Took 0.000214 seconds to synchronously load lazily loaded font '../../../Engine/Content/Slate/Fonts/Roboto-Regular.ttf' (155K)
[2018.07.07-20.52.23:575][  0]LogSlate: Took 0.000263 seconds to synchronously load lazily loaded font '../../../Engine/Content/Slate/Fonts/Roboto-Bold.ttf' (160K)
[2018.07.07-20.52.23:582][  0]LogSlate: Took 0.000213 seconds to synchronously load lazily loaded font '../../../Engine/Content/Editor/Slate/Fonts/FontAwesome.ttf' (139K)
[2018.07.07-20.52.23:666][  0]LogRenderer: Reallocating scene render targets to support 1208x580 Format 10 NumSamples 1 (Frame:1).
[2018.07.07-20.52.23:793][  0]LogContentBrowser: Native class hierarchy updated for 'HierarchicalLODOutliner' in 0.0002 seconds. Added 0 classes and 0 folders.
[2018.07.07-20.52.23:793][  0]LogLoad: (Engine Initialization) Total time: 9.28 seconds
[2018.07.07-20.52.23:793][  0]LogLoad: (Engine Initialization) Total Blueprint compile time: 0.00 seconds
[2018.07.07-20.52.24:158][  0]LogContentStreaming: Texture pool size now 1000 MB
[2018.07.07-20.52.24:223][  0]LogSlate: Took 0.000183 seconds to synchronously load lazily loaded font '../../../Engine/Content/Slate/Fonts/Roboto-Light.ttf' (167K)
[2018.07.07-20.52.24:228][  1]LogSubstanceLiveLink: Warning: Unable to send data along socket, closing connection
[2018.07.07-20.52.25:150][  3]LogAssetRegistry: Asset discovery search completed in 6.3949 seconds
[2018.07.07-20.52.25:153][  3]LogCollectionManager: Rebuilt the object cache for 0 collections in 0.000001 seconds (found 0 objects)
[2018.07.07-20.52.25:154][  3]LogCollectionManager: Fixed up redirectors for 0 collections in 0.000109 seconds (updated 0 objects)
[2018.07.07-20.52.26:466][  7]LogSlate: FSceneViewport::OnFocusLost() reason 0
[2018.07.07-20.52.34:381][945]LogSlate: Took 0.000160 seconds to synchronously load lazily loaded font '../../../Engine/Content/Slate/Fonts/Roboto-Light.ttf' (167K)
[2018.07.07-20.52.34:649][945]LogContentBrowser: Native class hierarchy updated for 'BlueprintGraph' in 0.0005 seconds. Added 116 classes and 0 folders.
[2018.07.07-20.52.34:890][945]LogUObjectGlobals: Created PersistentFrame Addr=0x00000130b08fa098, Size=4, Default__SKEL_PROTO_BP_AnimBlueprint_0_C Function /Engine/Transient.SKEL_PROTO_BP_AnimBlueprint_0_C:ExecuteUbergraph_PROTO_BP_AnimBlueprint_0
[2018.07.07-20.52.34:891][945]LogUObjectGlobals: Created PersistentFrame Addr=0x00000130b08fa090, Size=4, Default__PROTO_BP_AnimBlueprint_0_C Function /Engine/Transient.PROTO_BP_AnimBlueprint_0_C:ExecuteUbergraph_PROTO_BP_AnimBlueprint_0
[2018.07.07-20.52.35:222][945]LogSlate: Took 0.000151 seconds to synchronously load lazily loaded font '../../../Engine/Content/Slate/Fonts/Roboto-BoldCondensed.ttf' (158K)
[2018.07.07-20.52.36:924][114]LogSlate: Window 'LoadoutScreen' being destroyed
[2018.07.07-20.52.39:718][370]LogSlate: Window 'LoadScreenWidget' being destroyed
[2018.07.07-20.52.44:922][794]LogSlate: Window 'LoadoutScreen' being destroyed
[2018.07.07-20.53.08:609][440]LogTemp: Repeating last play command: Standalone Game
[2018.07.07-20.53.10:059][440]LogSlate: Window 'Save Content' being destroyed
[2018.07.07-20.53.10:062][440]LogPlayLevel: Warning: PIE failed because map save was canceled
[2018.07.07-20.53.10:062][440]PIE: Warning: PIE failed because map save was canceled
[2018.07.07-20.53.11:520][610]LogSlate: Window 'Message Log' being destroyed
[2018.07.07-20.53.11:522][610]LogSlate: Window 'Message Log' being destroyed
[2018.07.07-20.53.13:334][821]LogBlueprintUserMessages: Early PlayInEditor Detection: Level '/Game/Levels/MainLobby.MainLobby:PersistentLevel' has LevelScriptBlueprint '/Game/Levels/MainLobby.MainLobby:PersistentLevel.MainLobby' with GeneratedClass '/Game/Levels/MainLobby.MainLobby_C' with ClassGeneratedBy '/Game/Levels/MainLobby.MainLobby:PersistentLevel.MainLobby'
[2018.07.07-20.53.13:334][821]BlueprintLog: New page: Pre-Play auto-recompile
[2018.07.07-20.53.13:359][821]LogPlayLevel: [PlayLevel] Compiling MainMenu before play...
[2018.07.07-20.53.13:379][821]LogUObjectGlobals: Destroyed PersistentFrame Addr=0x00000130830b0368, Size=56
[2018.07.07-20.53.13:379][821]LogUObjectGlobals: Created PersistentFrame Addr=0x000001308357f708, Size=56, Default__MainMenu_C Function /Engine/Transient.REINST_MainMenu_C_4:ExecuteUbergraph_MainMenu
[2018.07.07-20.53.13:386][821]LogUObjectGlobals: Created PersistentFrame Addr=0x000001308357fa50, Size=56, Default__MainMenu_C Function /Game/UI/MainLobby/MainMenu.MainMenu_C:ExecuteUbergraph_MainMenu
[2018.07.07-20.53.13:580][821]LogPlayLevel: PlayLevel: Blueprint regeneration took 245 ms (1 blueprints)
[2018.07.07-20.53.13:580][821]PIE: New page: PIE session: MainLobby (Jul 7, 2018, 12:53:13 PM)
[2018.07.07-20.53.13:580][821]LogPlayLevel: Creating play world package: /Game/Levels/UEDPIE_0_MainLobby
[2018.07.07-20.53.13:582][821]LogPlayLevel: PIE: StaticDuplicateObject took: (0.001326s)
[2018.07.07-20.53.13:582][821]LogAIModule: Creating AISystem for world MainLobby
[2018.07.07-20.53.13:582][821]LogPlayLevel: PIE: World Init took: (0.000837s)
[2018.07.07-20.53.13:583][821]LogPlayLevel: PIE: Created PIE world by copying editor world from /Game/Levels/MainLobby.MainLobby to /Game/Levels/UEDPIE_0_MainLobby.MainLobby (0.002291s)
[2018.07.07-20.53.13:604][821]LogInit: XAudio2 using 'Headset Earphone (Corsair VOID PRO USB Gaming Headset )' : 2 channels at 44.1 kHz using 16 bits per sample (channel mask 0x3)
[2018.07.07-20.53.13:610][821]LogInit: FAudioDevice initialized.
[2018.07.07-20.53.13:752][821]LogLoad: Game class is 'MainLobbyGameMode_C'
[2018.07.07-20.53.13:753][821]LogWorld: Bringing World /Game/Levels/UEDPIE_0_MainLobby.MainLobby up for play (max tick rate 0) at 2018.07.07-16.53.13
[2018.07.07-20.53.13:754][821]LogWorld: Bringing up level for play took: 0.001214
[2018.07.07-20.53.13:756][821]LogContentBrowser: Native class hierarchy updated for 'MovieSceneCapture' in 0.0002 seconds. Added 11 classes and 0 folders.
[2018.07.07-20.53.13:764][821]PIE: Play in editor start time for /Game/Levels/UEDPIE_0_MainLobby 1.373
[2018.07.07-20.53.13:764][821]LogBlueprintUserMessages: Late PlayInEditor Detection: Level '/Game/Levels/MainLobby.MainLobby:PersistentLevel' has LevelScriptBlueprint '/Game/Levels/MainLobby.MainLobby:PersistentLevel.MainLobby' with GeneratedClass '/Game/Levels/MainLobby.MainLobby_C' with ClassGeneratedBy '/Game/Levels/MainLobby.MainLobby:PersistentLevel.MainLobby'
[2018.07.07-20.53.13:800][821]LogRenderer: Reallocating scene render targets to support 1932x1116 Format 10 NumSamples 1 (Frame:1).
[2018.07.07-20.53.16:297][ 98]LogSlate: FSceneViewport::OnFocusLost() reason 0
[2018.07.07-20.53.20:736][610]LogSlate: FSceneViewport::OnFocusLost() reason 0
[2018.07.07-20.53.25:187][125]LogSlate: FSceneViewport::OnFocusLost() reason 0
[2018.07.07-20.53.29:413][610]LogBlueprintUserMessages: Early EndPlayMap Detection: Level '/Game/Levels/MainLobby.MainLobby:PersistentLevel' has LevelScriptBlueprint '/Game/Levels/MainLobby.MainLobby:PersistentLevel.MainLobby' with GeneratedClass '/Game/Levels/MainLobby.MainLobby_C' with ClassGeneratedBy '/Game/Levels/MainLobby.MainLobby:PersistentLevel.MainLobby'
[2018.07.07-20.53.29:434][610]LogSlate: Window 'TheGauntlet Game Preview Standalone (64-bit/PCD3D_SM5)' being destroyed
[2018.07.07-20.53.29:462][610]LogBlueprintUserMessages: Late EndPlayMap Detection: Level '/Game/Levels/MainLobby.MainLobby:PersistentLevel' has LevelScriptBlueprint '/Game/Levels/MainLobby.MainLobby:PersistentLevel.MainLobby' with GeneratedClass '/Game/Levels/MainLobby.MainLobby_C' with ClassGeneratedBy '/Game/Levels/MainLobby.MainLobby:PersistentLevel.MainLobby'
[2018.07.07-20.53.41:969][506]LogTemp: Repeating last play command: New Editor Window (PIE)
[2018.07.07-20.53.41:989][506]LogBlueprintUserMessages: Early PlayInEditor Detection: Level '/Game/Levels/MainLobby.MainLobby:PersistentLevel' has LevelScriptBlueprint '/Game/Levels/MainLobby.MainLobby:PersistentLevel.MainLobby' with GeneratedClass '/Game/Levels/MainLobby.MainLobby_C' with ClassGeneratedBy '/Game/Levels/MainLobby.MainLobby:PersistentLevel.MainLobby'
[2018.07.07-20.53.41:989][506]BlueprintLog: New page: Pre-Play auto-recompile
[2018.07.07-20.53.42:010][506]LogPlayLevel: [PlayLevel] Compiling MainMenu before play...
[2018.07.07-20.53.42:029][506]LogUObjectGlobals: Destroyed PersistentFrame Addr=0x000001308357fa50, Size=56
[2018.07.07-20.53.42:029][506]LogUObjectGlobals: Created PersistentFrame Addr=0x0000013110fec598, Size=56, MainMenu_C_8 Function /Engine/Transient.REINST_MainMenu_C_6:ExecuteUbergraph_MainMenu
[2018.07.07-20.53.42:035][506]LogUObjectGlobals: Created PersistentFrame Addr=0x0000013110fed7f8, Size=56, Default__MainMenu_C Function /Game/UI/MainLobby/MainMenu.MainMenu_C:ExecuteUbergraph_MainMenu
[2018.07.07-20.53.42:229][506]LogPlayLevel: PlayLevel: Blueprint regeneration took 239 ms (1 blueprints)
[2018.07.07-20.53.42:229][506]PIE: New page: PIE session: MainLobby (Jul 7, 2018, 12:53:42 PM)
[2018.07.07-20.53.42:229][506]LogPlayLevel: Creating play world package: /Game/Levels/UEDPIE_0_MainLobby
[2018.07.07-20.53.42:230][506]LogPlayLevel: PIE: StaticDuplicateObject took: (0.001244s)
[2018.07.07-20.53.42:231][506]LogAIModule: Creating AISystem for world MainLobby
[2018.07.07-20.53.42:231][506]LogPlayLevel: PIE: World Init took: (0.000883s)
[2018.07.07-20.53.42:231][506]LogPlayLevel: PIE: Created PIE world by copying editor world from /Game/Levels/MainLobby.MainLobby to /Game/Levels/UEDPIE_0_MainLobby.MainLobby (0.002289s)
[2018.07.07-20.53.42:255][506]LogInit: XAudio2 using 'Headset Earphone (Corsair VOID PRO USB Gaming Headset )' : 2 channels at 44.1 kHz using 16 bits per sample (channel mask 0x3)
[2018.07.07-20.53.42:262][506]LogInit: FAudioDevice initialized.
[2018.07.07-20.53.42:373][506]LogLoad: Game class is 'MainLobbyGameMode_C'
[2018.07.07-20.53.42:373][506]LogWorld: Bringing World /Game/Levels/UEDPIE_0_MainLobby.MainLobby up for play (max tick rate 0) at 2018.07.07-16.53.42
[2018.07.07-20.53.42:374][506]LogWorld: Bringing up level for play took: 0.000568
[2018.07.07-20.53.42:383][506]PIE: Play in editor start time for /Game/Levels/UEDPIE_0_MainLobby -0.008
[2018.07.07-20.53.42:383][506]LogBlueprintUserMessages: Late PlayInEditor Detection: Level '/Game/Levels/MainLobby.MainLobby:PersistentLevel' has LevelScriptBlueprint '/Game/Levels/MainLobby.MainLobby:PersistentLevel.MainLobby' with GeneratedClass '/Game/Levels/MainLobby.MainLobby_C' with ClassGeneratedBy '/Game/Levels/MainLobby.MainLobby:PersistentLevel.MainLobby'
[2018.07.07-20.53.44:917][787]LogSlate: FSceneViewport::OnFocusLost() reason 0
[2018.07.07-20.53.46:626][988]LogBlueprintUserMessages: Early EndPlayMap Detection: Level '/Game/Levels/MainLobby.MainLobby:PersistentLevel' has LevelScriptBlueprint '/Game/Levels/MainLobby.MainLobby:PersistentLevel.MainLobby' with GeneratedClass '/Game/Levels/MainLobby.MainLobby_C' with ClassGeneratedBy '/Game/Levels/MainLobby.MainLobby:PersistentLevel.MainLobby'
[2018.07.07-20.53.46:645][988]LogSlate: Window 'TheGauntlet Game Preview Standalone (64-bit/PCD3D_SM5)' being destroyed
[2018.07.07-20.53.46:678][988]LogBlueprintUserMessages: Late EndPlayMap Detection: Level '/Game/Levels/MainLobby.MainLobby:PersistentLevel' has LevelScriptBlueprint '/Game/Levels/MainLobby.MainLobby:PersistentLevel.MainLobby' with GeneratedClass '/Game/Levels/MainLobby.MainLobby_C' with ClassGeneratedBy '/Game/Levels/MainLobby.MainLobby:PersistentLevel.MainLobby'
[2018.07.07-20.54.05:327][ 51]LogSlate: Window 'Widget Reflector' being destroyed
[2018.07.07-20.54.05:330][ 51]LogSlate: Window 'Widget Reflector' being destroyed
[2018.07.07-20.54.35:106][776]LogSlate: Took 0.000191 seconds to synchronously load lazily loaded font '../../../Engine/Content/Slate/Fonts/Roboto-Italic.ttf' (157K)
[2018.07.07-20.54.55:010][757]LogUObjectGlobals: Created PersistentFrame Addr=0x00000130a1333320, Size=4, Default__SKEL_ShowRoomCharacter_C Function /Game/ThirdPersonBP/ShowRoomCharacter.SKEL_ShowRoomCharacter_C:ExecuteUbergraph_ShowRoomCharacter
[2018.07.07-20.55.36:440][422]LogUObjectGlobals: Destroyed PersistentFrame Addr=0x00000130a1333320, Size=4
[2018.07.07-20.55.36:440][422]LogUObjectGlobals: Created PersistentFrame Addr=0x00000130a1333320, Size=4, Default__SKEL_ShowRoomCharacter_C Function /Engine/Transient.REINST_SKEL_ShowRoomCharacter_C_33:ExecuteUbergraph_ShowRoomCharacter
[2018.07.07-20.55.36:441][422]LogUObjectGlobals: Created PersistentFrame Addr=0x00000130a13330b8, Size=4, Default__SKEL_ShowRoomCharacter_C Function /Game/ThirdPersonBP/ShowRoomCharacter.SKEL_ShowRoomCharacter_C:ExecuteUbergraph_ShowRoomCharacter
[2018.07.07-20.55.47:197][648]BlueprintLog: New page: Compile ShowRoomCharacter
[2018.07.07-20.55.47:200][648]LogUObjectGlobals: Destroyed PersistentFrame Addr=0x00000130a13330b8, Size=4
[2018.07.07-20.55.47:200][648]LogUObjectGlobals: Created PersistentFrame Addr=0x00000130a13330b8, Size=4, Default__SKEL_ShowRoomCharacter_C Function /Engine/Transient.REINST_SKEL_ShowRoomCharacter_C_35:ExecuteUbergraph_ShowRoomCharacter
[2018.07.07-20.55.47:207][648]LogUObjectGlobals: Destroyed PersistentFrame Addr=0x00000130e5c15600, Size=224
[2018.07.07-20.55.47:207][648]LogUObjectGlobals: Created PersistentFrame Addr=0x00000130b2116b00, Size=224, Default__ShowRoomCharacter_C Function /Engine/Transient.REINST_ShowRoomCharacter_C_38:ExecuteUbergraph_ShowRoomCharacter
[2018.07.07-20.55.47:210][648]LogUObjectGlobals: Created PersistentFrame Addr=0x00000130b2114aa0, Size=224, Default__ShowRoomCharacter_C Function /Game/ThirdPersonBP/ShowRoomCharacter.ShowRoomCharacter_C:ExecuteUbergraph_ShowRoomCharacter
[2018.07.07-20.55.47:420][648]LogUObjectGlobals: Destroyed PersistentFrame Addr=0x00000130a13330b8, Size=4
[2018.07.07-20.56.34:606][829]LogUObjectGlobals: Created PersistentFrame Addr=0x00000130dcdf73b8, Size=4, Default__SKEL_ShowRoomCharacter_C Function /Game/ThirdPersonBP/ShowRoomCharacter.SKEL_ShowRoomCharacter_C:ExecuteUbergraph_ShowRoomCharacter
[2018.07.07-20.56.38:387][230]BlueprintLog: New page: Compile ShowRoomCharacter
[2018.07.07-20.56.38:391][230]LogUObjectGlobals: Destroyed PersistentFrame Addr=0x00000130dcdf73b8, Size=4
[2018.07.07-20.56.38:391][230]LogUObjectGlobals: Created PersistentFrame Addr=0x000001308328d528, Size=4, Default__SKEL_ShowRoomCharacter_C Function /Engine/Transient.REINST_SKEL_ShowRoomCharacter_C_42:ExecuteUbergraph_ShowRoomCharacter
[2018.07.07-20.56.38:394][230]LogUObjectGlobals: Destroyed PersistentFrame Addr=0x00000130b2114aa0, Size=224
[2018.07.07-20.56.38:394][230]LogUObjectGlobals: Created PersistentFrame Addr=0x00000130a29434a0, Size=224, ShowRoomCharacter_C_53 Function /Engine/Transient.REINST_ShowRoomCharacter_C_45:ExecuteUbergraph_ShowRoomCharacter
[2018.07.07-20.56.38:396][230]LogUObjectGlobals: Created PersistentFrame Addr=0x00000130e5c165c0, Size=224, Default__ShowRoomCharacter_C Function /Game/ThirdPersonBP/ShowRoomCharacter.ShowRoomCharacter_C:ExecuteUbergraph_ShowRoomCharacter
[2018.07.07-20.56.38:602][230]LogUObjectGlobals: Destroyed PersistentFrame Addr=0x000001308328d528, Size=4
[2018.07.07-20.56.50:520][392]LogEditorTransaction: Undo Move Node
[2018.07.07-20.56.50:524][392]LogUObjectGlobals: Created PersistentFrame Addr=0x00000131261ef4a0, Size=4, Default__SKEL_MainMenu_C Function /Game/UI/MainLobby/MainMenu.SKEL_MainMenu_C:ExecuteUbergraph_MainMenu
[2018.07.07-20.58.11:845][364]LogSlate: Window 'ShowRoomCharacter*' being destroyed
[2018.07.07-20.58.11:848][364]LogSlate: Window 'ShowRoomCharacter*' being destroyed
[2018.07.07-20.58.19:901][716]LogUObjectGlobals: Destroyed PersistentFrame Addr=0x00000130a29434a0, Size=224
[2018.07.07-20.58.21:266][716]LogSlate: Window 'Save Content' being destroyed
[2018.07.07-20.58.21:378][716]LogSlate: Window 'TheGauntlet - Unreal Editor' being destroyed
[2018.07.07-20.58.21:559][717]Cmd: QUIT_EDITOR
[2018.07.07-20.58.21:655][717]LogWindowsTextInputMethodSystem: Display: IME system now deactivated.
[2018.07.07-20.58.21:664][717]LogSlate: Slate User Destroyed.  User Index 0, Is Virtual User: 0
[2018.07.07-20.58.21:664][717]LogExit: Preparing to exit.
[2018.07.07-20.58.22:153][717]LogExit: Editor shut down
[2018.07.07-20.58.22:156][717]LogExit: Transaction tracking system shut down
[2018.07.07-20.58.22:157][717]LogUObjectGlobals: Destroyed PersistentFrame Addr=0x000001308308c310, Size=72
[2018.07.07-20.58.22:157][717]LogUObjectGlobals: Destroyed PersistentFrame Addr=0x00000130b2116b00, Size=224
[2018.07.07-20.58.22:157][717]LogUObjectGlobals: Destroyed PersistentFrame Addr=0x0000013110fed7f8, Size=56
[2018.07.07-20.58.22:157][717]LogUObjectGlobals: Destroyed PersistentFrame Addr=0x000001308357f708, Size=56
[2018.07.07-20.58.22:157][717]LogUObjectGlobals: Destroyed PersistentFrame Addr=0x00000130830d07c0, Size=40
[2018.07.07-20.58.22:158][717]LogUObjectGlobals: Destroyed PersistentFrame Addr=0x00000130e5c165c0, Size=224
[2018.07.07-20.58.22:158][717]LogUObjectGlobals: Destroyed PersistentFrame Addr=0x00000131261ef4a0, Size=4
[2018.07.07-20.58.22:158][717]LogUObjectGlobals: Destroyed PersistentFrame Addr=0x00000130a1333320, Size=4
[2018.07.07-20.58.22:158][717]LogUObjectGlobals: Destroyed PersistentFrame Addr=0x0000013110fec598, Size=56
[2018.07.07-20.58.22:159][717]LogUObjectGlobals: Destroyed PersistentFrame Addr=0x00000130b08fa098, Size=4
[2018.07.07-20.58.22:159][717]LogUObjectGlobals: Destroyed PersistentFrame Addr=0x00000130b08fa090, Size=4
[2018.07.07-20.58.22:326][717]LogDirectoryWatcher: A directory notification for '../../../Engine/Content/' was aborted.
[2018.07.07-20.58.22:326][717]LogDirectoryWatcher: A directory notification for 'D:/Unreal Projects/Git/FracturedDevelopments/TheGauntlet/Content/' was aborted.
[2018.07.07-20.58.22:326][717]LogDirectoryWatcher: A directory notification for '../../Plugins/2D/Paper2D/Content/' was aborted.
[2018.07.07-20.58.22:326][717]LogDirectoryWatcher: A directory notification for '../../Plugins/Enterprise/DatasmithContent/Content/' was aborted.
[2018.07.07-20.58.22:326][717]LogDirectoryWatcher: A directory notification for '../../Plugins/Media/MediaCompositing/Content/' was aborted.
[2018.07.07-20.58.22:326][717]LogDirectoryWatcher: A directory notification for '../../Plugins/Runtime/AppleARKit/Content/' was aborted.
[2018.07.07-20.58.22:326][717]LogDirectoryWatcher: A directory notification for '../../Plugins/Runtime/Oculus/OculusVR/Content/' was aborted.
[2018.07.07-20.58.22:326][717]LogDirectoryWatcher: A directory notification for '../../Plugins/Runtime/Steam/SteamVR/Content/' was aborted.
[2018.07.07-20.58.22:411][717]LogExit: Object subsystem successfully closed.
[2018.07.07-20.58.22:433][717]LogShaderCompilers: Display: Shaders left to compile 0
[2018.07.07-20.58.22:436][717]LogD3D11RHI: Shutdown
[2018.07.07-20.58.22:436][717]LogD3D11RHI: CleanupD3DDevice
[2018.07.07-20.58.22:438][717]LogD3D11RHI: ~FD3D11DynamicRHI
[2018.07.07-20.58.22:454][717]LogModuleManager: Shutting down and abandoning module MovieSceneCapture (588)
[2018.07.07-20.58.22:454][717]LogModuleManager: Shutting down and abandoning module SequencerWidgets (586)
[2018.07.07-20.58.22:454][717]LogModuleManager: Shutting down and abandoning module BlueprintGraph (584)
[2018.07.07-20.58.22:454][717]LogModuleManager: Shutting down and abandoning module HierarchicalLODOutliner (582)
[2018.07.07-20.58.22:454][717]LogModuleManager: Shutting down and abandoning module SceneOutliner (580)
[2018.07.07-20.58.22:454][717]LogModuleManager: Shutting down and abandoning module AddContentDialog (578)
[2018.07.07-20.58.22:454][717]LogDirectoryWatcher: A directory notification for 'C:/Program Files/Epic Games/UE_4.19/FeaturePacks/' was aborted.
[2018.07.07-20.58.22:455][717]LogModuleManager: Shutting down and abandoning module WidgetCarousel (577)
[2018.07.07-20.58.22:455][717]LogModuleManager: Shutting down and abandoning module EditorWidgets (574)
[2018.07.07-20.58.22:455][717]LogModuleManager: Shutting down and abandoning module CollectionManager (572)
[2018.07.07-20.58.22:455][717]LogDirectoryWatcher: A directory notification for 'D:/Unreal Projects/Git/FracturedDevelopments/TheGauntlet/Content/Collections/' was aborted.
[2018.07.07-20.58.22:455][717]LogDirectoryWatcher: A directory notification for 'D:/Unreal Projects/Git/FracturedDevelopments/TheGauntlet/Content/Developers/Hunter/Collections/' was aborted.
[2018.07.07-20.58.22:455][717]LogDirectoryWatcher: A directory notification for 'D:/Unreal Projects/Git/FracturedDevelopments/TheGauntlet/Saved/Collections/' was aborted.
[2018.07.07-20.58.22:455][717]LogModuleManager: Shutting down and abandoning module StatsViewer (570)
[2018.07.07-20.58.22:455][717]LogModuleManager: Shutting down and abandoning module FoliageEdit (568)
[2018.07.07-20.58.22:456][717]LogModuleManager: Shutting down and abandoning module LandscapeEditor (566)
[2018.07.07-20.58.22:456][717]LogModuleManager: Shutting down and abandoning module MeshPaintMode (564)
[2018.07.07-20.58.22:456][717]LogModuleManager: Shutting down and abandoning module SceneDepthPickerMode (562)
[2018.07.07-20.58.22:456][717]LogModuleManager: Shutting down and abandoning module ActorPickerMode (560)
[2018.07.07-20.58.22:456][717]LogModuleManager: Shutting down and abandoning module GeometryMode (558)
[2018.07.07-20.58.22:456][717]LogModuleManager: Shutting down and abandoning module TextureAlignMode (556)
[2018.07.07-20.58.22:456][717]LogModuleManager: Shutting down and abandoning module BspMode (554)
[2018.07.07-20.58.22:456][717]LogModuleManager: Shutting down and abandoning module PIEPreviewDeviceProfileSelector (552)
[2018.07.07-20.58.22:456][717]LogModuleManager: Shutting down and abandoning module HardwareSurvey (550)
[2018.07.07-20.58.22:456][717]LogModuleManager: Shutting down and abandoning module SequenceRecorderSections (548)
[2018.07.07-20.58.22:456][717]LogModuleManager: Shutting down and abandoning module AutomationWorker (546)
[2018.07.07-20.58.22:456][717]LogModuleManager: Shutting down and abandoning module AudioCaptureEditor (544)
[2018.07.07-20.58.22:456][717]LogModuleManager: Shutting down and abandoning module SequenceRecorder (543)
[2018.07.07-20.58.22:456][717]LogModuleManager: Shutting down and abandoning module MatineeToLevelSequence (540)
[2018.07.07-20.58.22:456][717]LogModuleManager: Shutting down and abandoning module LevelSequenceEditor (538)
[2018.07.07-20.58.22:456][717]LogModuleManager: Shutting down and abandoning module PlacementMode (537)
[2018.07.07-20.58.22:456][717]LogModuleManager: Shutting down and abandoning module MaterialEditor (536)
[2018.07.07-20.58.22:456][717]LogModuleManager: Shutting down and abandoning module WmfMediaFactory (532)
[2018.07.07-20.58.22:456][717]LogModuleManager: Shutting down and abandoning module WmfMediaEditor (530)
[2018.07.07-20.58.22:456][717]LogModuleManager: Shutting down and abandoning module MediaPlayerEditor (528)
[2018.07.07-20.58.22:456][717]LogModuleManager: Shutting down and abandoning module OpenExrWrapper (526)
[2018.07.07-20.58.22:456][717]LogModuleManager: Shutting down and abandoning module ImgMediaFactory (524)
[2018.07.07-20.58.22:456][717]LogModuleManager: Shutting down and abandoning module ImgMediaEditor (522)
[2018.07.07-20.58.22:456][717]LogModuleManager: Shutting down and abandoning module AvfMediaFactory (520)
[2018.07.07-20.58.22:456][717]LogModuleManager: Shutting down and abandoning module AvfMediaEditor (518)
[2018.07.07-20.58.22:456][717]LogModuleManager: Shutting down and abandoning module AndroidMediaFactory (516)
[2018.07.07-20.58.22:456][717]LogModuleManager: Shutting down and abandoning module AndroidMediaEditor (514)
[2018.07.07-20.58.22:456][717]LogModuleManager: Shutting down and abandoning module CharacterAI (512)
[2018.07.07-20.58.22:456][717]LogModuleManager: Shutting down and abandoning module SmartSnapping (510)
[2018.07.07-20.58.22:456][717]LogModuleManager: Shutting down and abandoning module SessionServices (508)
[2018.07.07-20.58.22:456][717]LogModuleManager: Shutting down and abandoning module ViewportSnapping (506)
[2018.07.07-20.58.22:456][717]LogModuleManager: Shutting down and abandoning module ViewportInteraction (504)
[2018.07.07-20.58.22:456][717]LogModuleManager: Shutting down and abandoning module ClothPainter (502)
[2018.07.07-20.58.22:456][717]LogModuleManager: Shutting down and abandoning module SkeletalMeshEditor (501)
[2018.07.07-20.58.22:456][717]LogModuleManager: Shutting down and abandoning module LogVisualizer (498)
[2018.07.07-20.58.22:457][717]LogModuleManager: Shutting down and abandoning module IntroTutorials (496)
[2018.07.07-20.58.22:457][717]LogModuleManager: Shutting down and abandoning module GameProjectGeneration (495)
[2018.07.07-20.58.22:457][717]LogModuleManager: Shutting down and abandoning module IOSPlatformEditor (492)
[2018.07.07-20.58.22:457][717]LogModuleManager: Shutting down and abandoning module HTML5PlatformEditor (490)
[2018.07.07-20.58.22:457][717]LogModuleManager: Shutting down and abandoning module AndroidPlatformEditor (488)
[2018.07.07-20.58.22:457][717]LogModuleManager: Shutting down and abandoning module AndroidDeviceDetection (487)
[2018.07.07-20.58.22:514][717]LogModuleManager: Shutting down and abandoning module WindowsPlatformEditor (484)
[2018.07.07-20.58.22:514][717]LogModuleManager: Shutting down and abandoning module IOSRuntimeSettings (482)
[2018.07.07-20.58.22:514][717]LogModuleManager: Shutting down and abandoning module AndroidRuntimeSettings (480)
[2018.07.07-20.58.22:514][717]LogModuleManager: Shutting down and abandoning module InputBindingEditor (478)
[2018.07.07-20.58.22:514][717]LogModuleManager: Shutting down and abandoning module MergeActors (476)
[2018.07.07-20.58.22:514][717]LogModuleManager: Shutting down and abandoning module LocalizationDashboard (474)
[2018.07.07-20.58.22:514][717]LogModuleManager: Shutting down and abandoning module LocalizationService (473)
[2018.07.07-20.58.22:514][717]LogModuleManager: Shutting down and abandoning module HardwareTargeting (470)
[2018.07.07-20.58.22:514][717]LogModuleManager: Shutting down and abandoning module DeviceProfileEditor (468)
[2018.07.07-20.58.22:514][717]LogModuleManager: Shutting down and abandoning module UndoHistory (466)
[2018.07.07-20.58.22:514][717]LogModuleManager: Shutting down and abandoning module XmlParser (464)
[2018.07.07-20.58.22:514][717]LogModuleManager: Shutting down and abandoning module Blutility (462)
[2018.07.07-20.58.22:514][717]LogModuleManager: Shutting down and abandoning module ProjectSettingsViewer (460)
[2018.07.07-20.58.22:514][717]LogModuleManager: Shutting down and abandoning module ProjectTargetPlatformEditor (459)
[2018.07.07-20.58.22:515][717]LogModuleManager: Shutting down and abandoning module EditorSettingsViewer (456)
[2018.07.07-20.58.22:516][717]LogModuleManager: Shutting down and abandoning module SettingsEditor (454)
[2018.07.07-20.58.22:516][717]LogModuleManager: Shutting down and abandoning module ProjectLauncher (452)
[2018.07.07-20.58.22:516][717]LogModuleManager: Shutting down and abandoning module SessionFrontend (450)
[2018.07.07-20.58.22:516][717]LogModuleManager: Shutting down and abandoning module ProfilerClient (448)
[2018.07.07-20.58.22:516][717]LogModuleManager: Shutting down and abandoning module DeviceManager (446)
[2018.07.07-20.58.22:516][717]LogModuleManager: Shutting down and abandoning module TargetDeviceServices (445)
[2018.07.07-20.58.22:570][717]LogModuleManager: Shutting down and abandoning module AutomationController (442)
[2018.07.07-20.58.22:570][717]LogModuleManager: Shutting down and abandoning module AutomationWindow (440)
[2018.07.07-20.58.22:570][717]LogModuleManager: Shutting down and abandoning module Layers (438)
[2018.07.07-20.58.22:570][717]LogModuleManager: Shutting down and abandoning module ComponentVisualizers (436)
[2018.07.07-20.58.22:570][717]LogModuleManager: Shutting down and abandoning module DetailCustomizations (434)
[2018.07.07-20.58.22:570][717]LogModuleManager: Shutting down and abandoning module PackagesDialog (432)
[2018.07.07-20.58.22:570][717]LogModuleManager: Shutting down and abandoning module Persona (430)
[2018.07.07-20.58.22:570][717]LogModuleManager: Shutting down and abandoning module AdvancedPreviewScene (429)
[2018.07.07-20.58.22:570][717]LogModuleManager: Shutting down and abandoning module AnimGraph (427)
[2018.07.07-20.58.22:570][717]LogModuleManager: Shutting down and abandoning module Kismet (424)
[2018.07.07-20.58.22:575][717]LogModuleManager: Shutting down and abandoning module GraphEditor (422)
[2018.07.07-20.58.22:575][717]LogModuleManager: Shutting down and abandoning module ClassViewer (420)
[2018.07.07-20.58.22:575][717]LogModuleManager: Shutting down and abandoning module Toolbox (418)
[2018.07.07-20.58.22:575][717]LogModuleManager: Shutting down and abandoning module ModuleUI (416)
[2018.07.07-20.58.22:575][717]LogModuleManager: Shutting down and abandoning module MovieSceneTools (414)
[2018.07.07-20.58.22:575][717]LogModuleManager: Shutting down and abandoning module OutputLog (412)
[2018.07.07-20.58.22:575][717]LogModuleManager: Shutting down and abandoning module GammaUI (410)
[2018.07.07-20.58.22:575][717]LogModuleManager: Shutting down and abandoning module Documentation (408)
[2018.07.07-20.58.22:575][717]LogModuleManager: Shutting down and abandoning module MovieSceneTracks (406)
[2018.07.07-20.58.22:575][717]LogModuleManager: Shutting down and abandoning module MovieScene (404)
[2018.07.07-20.58.22:575][717]LogModuleManager: Shutting down and abandoning module StreamingPauseRendering (402)
[2018.07.07-20.58.22:575][717]LogModuleManager: Shutting down and abandoning module LauncherPlatform (400)
[2018.07.07-20.58.22:575][717]LogModuleManager: Shutting down and abandoning module AnalyticsET (398)
[2018.07.07-20.58.22:576][717]LogModuleManager: Shutting down and abandoning module PortalServices (396)
[2018.07.07-20.58.22:576][717]LogModuleManager: Shutting down and abandoning module PortalRpc (394)
[2018.07.07-20.58.22:576][717]LogModuleManager: Shutting down and abandoning module MessagingRpc (392)
[2018.07.07-20.58.22:576][717]LogModuleManager: Shutting down and abandoning module AIModule (390)
[2018.07.07-20.58.22:576][717]LogModuleManager: Shutting down and abandoning module GameplayDebugger (389)
[2018.07.07-20.58.22:576][717]LogModuleManager: Shutting down and abandoning module AITestSuite (387)
[2018.07.07-20.58.22:576][717]LogModuleManager: Shutting down and abandoning module DesktopPlatform (384)
[2018.07.07-20.58.22:576][717]LogModuleManager: Shutting down and abandoning module ProfilerService (382)
[2018.07.07-20.58.22:608][717]LogModuleManager: Shutting down and abandoning module TaskGraph (380)
[2018.07.07-20.58.22:608][717]LogModuleManager: Shutting down and abandoning module SubstanceLiveLink (378)
[2018.07.07-20.58.22:608][717]LogModuleManager: Shutting down and abandoning module SubstanceSource (376)
[2018.07.07-20.58.22:608][717]LogModuleManager: Shutting down and abandoning module SubstanceEditor (374)
[2018.07.07-20.58.22:608][717]LogModuleManager: Shutting down and abandoning module SteamVRController (372)
[2018.07.07-20.58.22:608][717]LogModuleManager: Shutting down and abandoning module ProceduralMeshComponentEditor (370)
[2018.07.07-20.58.22:608][717]LogModuleManager: Shutting down and abandoning module ProceduralMeshComponent (368)
[2018.07.07-20.58.22:608][717]LogModuleManager: Shutting down and abandoning module OculusInput (366)
[2018.07.07-20.58.22:608][717]LogModuleManager: Shutting down and abandoning module MobilePatchingUtils (364)
[2018.07.07-20.58.22:609][717]LogModuleManager: Shutting down and abandoning module CustomMeshComponent (362)
[2018.07.07-20.58.22:609][717]LogModuleManager: Shutting down and abandoning module CableComponent (360)
[2018.07.07-20.58.22:609][717]LogModuleManager: Shutting down and abandoning module AudioCapture (358)
[2018.07.07-20.58.22:609][717]LogModuleManager: Shutting down and abandoning module ArchVisCharacter (356)
[2018.07.07-20.58.22:609][717]LogModuleManager: Shutting down and abandoning module AndroidPermission (354)
[2018.07.07-20.58.22:609][717]LogModuleManager: Shutting down and abandoning module NUTUnrealEngine4 (350)
[2018.07.07-20.58.22:609][717]LogModuleManager: Shutting down and abandoning module NetcodeUnitTest (348)
[2018.07.07-20.58.22:609][717]LogModuleManager: Shutting down and abandoning module MediaCompositingEditor (346)
[2018.07.07-20.58.22:609][717]LogModuleManager: Shutting down and abandoning module MediaCompositing (344)
[2018.07.07-20.58.22:609][717]LogModuleManager: Shutting down and abandoning module LinearTimecode (342)
[2018.07.07-20.58.22:609][717]LogModuleManager: Shutting down and abandoning module ImgMedia (340)
[2018.07.07-20.58.22:613][717]LogModuleManager: Shutting down and abandoning module HTML5Networking (338)
[2018.07.07-20.58.22:613][717]LogModuleManager: Shutting down and abandoning module AlembicImporter (336)
[2018.07.07-20.58.22:613][717]LogModuleManager: Shutting down and abandoning module AlembicLibrary (335)
[2018.07.07-20.58.22:614][717]LogModuleManager: Shutting down and abandoning module GeometryCache (334)
[2018.07.07-20.58.22:614][717]LogModuleManager: Shutting down and abandoning module GeometryCacheEd (333)
[2018.07.07-20.58.22:614][717]LogModuleManager: Shutting down and abandoning module DatasmithContent (328)
[2018.07.07-20.58.22:614][717]LogModuleManager: Shutting down and abandoning module SpeedTreeImporter (326)
[2018.07.07-20.58.22:614][717]LogModuleManager: Shutting down and abandoning module PluginBrowser (324)
[2018.07.07-20.58.22:614][717]LogModuleManager: Shutting down and abandoning module MobileLauncherProfileWizard (322)
[2018.07.07-20.58.22:614][717]LogModuleManager: Shutting down and abandoning module CryptoKeysOpenSSL (320)
[2018.07.07-20.58.22:614][717]LogModuleManager: Shutting down and abandoning module CryptoKeys (318)
[2018.07.07-20.58.22:614][717]LogModuleManager: Shutting down and abandoning module VisualStudioSourceCodeAccess (316)
[2018.07.07-20.58.22:614][717]LogModuleManager: Shutting down and abandoning module VisualStudioCodeSourceCodeAccess (314)
[2018.07.07-20.58.22:614][717]LogModuleManager: Shutting down and abandoning module UObjectPlugin (312)
[2018.07.07-20.58.22:614][717]LogModuleManager: Shutting down and abandoning module SubversionSourceControl (310)
[2018.07.07-20.58.22:614][717]LogModuleManager: Shutting down and abandoning module PerforceSourceControl (308)
[2018.07.07-20.58.22:614][717]LogModuleManager: Shutting down and abandoning module GitSourceControl (306)
[2018.07.07-20.58.22:614][717]LogModuleManager: Shutting down and abandoning module SourceControl (305)
[2018.07.07-20.58.22:614][717]LogModuleManager: Shutting down and abandoning module CLionSourceCodeAccess (302)
[2018.07.07-20.58.22:614][717]LogModuleManager: Shutting down and abandoning module LightPropagationVolumeEditor (300)
[2018.07.07-20.58.22:614][717]LogModuleManager: Shutting down and abandoning module PaperTiledImporter (298)
[2018.07.07-20.58.22:614][717]LogModuleManager: Shutting down and abandoning module PaperSpriteSheetImporter (296)
[2018.07.07-20.58.22:614][717]LogModuleManager: Shutting down and abandoning module Paper2DEditor (294)
[2018.07.07-20.58.22:614][717]LogModuleManager: Shutting down and abandoning module MeshPaint (293)
[2018.07.07-20.58.22:614][717]LogModuleManager: Shutting down and abandoning module RuntimePhysXCooking (290)
[2018.07.07-20.58.22:614][717]LogModuleManager: Shutting down and abandoning module PhysXVehiclesEditor (288)
[2018.07.07-20.58.22:614][717]LogModuleManager: Shutting down and abandoning module PhysXVehicles (286)
[2018.07.07-20.58.22:614][717]LogModuleManager: Shutting down and abandoning module OculusEditor (284)
[2018.07.07-20.58.22:614][717]LogModuleManager: Shutting down and abandoning module LocationServicesBPLibrary (282)
[2018.07.07-20.58.22:614][717]LogModuleManager: Shutting down and abandoning module ImmediatePhysicsEditor (280)
[2018.07.07-20.58.22:614][717]LogModuleManager: Shutting down and abandoning module ImmediatePhysics (278)
[2018.07.07-20.58.22:614][717]LogModuleManager: Shutting down and abandoning module ActorSequence (276)
[2018.07.07-20.58.22:614][717]LogModuleManager: Shutting down and abandoning module UdpMessaging (274)
[2018.07.07-20.58.22:715][717]LogModuleManager: Shutting down and abandoning module TcpMessaging (272)
[2018.07.07-20.58.23:092][717]LogModuleManager: Shutting down and abandoning module SubstanceCore (270)
[2018.07.07-20.58.23:093][717]LogModuleManager: Shutting down and abandoning module GameplayTagsEditor (268)
[2018.07.07-20.58.23:093][717]LogModuleManager: Shutting down and abandoning module FacialAnimationEditor (266)
[2018.07.07-20.58.23:093][717]LogModuleManager: Shutting down and abandoning module FacialAnimation (264)
[2018.07.07-20.58.23:093][717]LogModuleManager: Shutting down and abandoning module DataValidation (262)
[2018.07.07-20.58.23:093][717]LogModuleManager: Shutting down and abandoning module AssetManagerEditor (260)
[2018.07.07-20.58.23:093][717]LogModuleManager: Shutting down and abandoning module LevelEditor (259)
[2018.07.07-20.58.23:094][717]LogModuleManager: Shutting down and abandoning module PixelInspectorModule (258)
[2018.07.07-20.58.23:094][717]LogModuleManager: Shutting down and abandoning module CommonMenuExtensions (256)
[2018.07.07-20.58.23:094][717]LogModuleManager: Shutting down and abandoning module MainFrame (254)
[2018.07.07-20.58.23:094][717]LogModuleManager: Shutting down and abandoning module HotReload (253)
[2018.07.07-20.58.23:095][717]LogModuleManager: Shutting down and abandoning module ContentBrowser (249)
[2018.07.07-20.58.23:096][717]LogModuleManager: Shutting down and abandoning module TreeMap (247)
[2018.07.07-20.58.23:096][717]LogModuleManager: Shutting down and abandoning module LightPropagationVolumeRuntime (244)
[2018.07.07-20.58.23:096][717]LogModuleManager: Shutting down and abandoning module LiveLinkEditor (242)
[2018.07.07-20.58.23:096][717]LogModuleManager: Shutting down and abandoning module LiveLink (240)
[2018.07.07-20.58.23:826][717]LogModuleManager: Shutting down and abandoning module Paper2D (238)
[2018.07.07-20.58.23:826][717]LogModuleManager: Shutting down and abandoning module WindowsMoviePlayer (236)
[2018.07.07-20.58.23:827][717]LogModuleManager: Shutting down and abandoning module WmfMedia (234)
[2018.07.07-20.58.23:828][717]LogModuleManager: Shutting down and abandoning module Media (233)
[2018.07.07-20.58.23:834][717]LogModuleManager: Shutting down and abandoning module PacketHandler (230)
[2018.07.07-20.58.23:834][717]LogModuleManager: Shutting down and abandoning module ClothingSystemEditor (228)
[2018.07.07-20.58.23:834][717]LogModuleManager: Shutting down and abandoning module ClothingSystemRuntime (226)
[2018.07.07-20.58.23:834][717]LogModuleManager: Shutting down and abandoning module MediaAssets (224)
[2018.07.07-20.58.23:834][717]LogModuleManager: Shutting down and abandoning module Overlay (222)
[2018.07.07-20.58.23:834][717]LogModuleManager: Shutting down and abandoning module OverlayEditor (221)
[2018.07.07-20.58.23:834][717]LogModuleManager: Shutting down and abandoning module VREditor (218)
[2018.07.07-20.58.23:834][717]LogModuleManager: Shutting down and abandoning module StringTableEditor (216)
[2018.07.07-20.58.23:834][717]LogModuleManager: Shutting down and abandoning module GameplayTasksEditor (214)
[2018.07.07-20.58.23:834][717]LogModuleManager: Shutting down and abandoning module BehaviorTreeEditor (212)
[2018.07.07-20.58.23:834][717]LogModuleManager: Shutting down and abandoning module FunctionalTesting (210)
[2018.07.07-20.58.23:834][717]LogModuleManager: Shutting down and abandoning module CollisionAnalyzer (208)
[2018.07.07-20.58.23:835][717]LogModuleManager: Shutting down and abandoning module WorkspaceMenuStructure (207)
[2018.07.07-20.58.23:835][717]LogModuleManager: Shutting down and abandoning module UMG (204)
[2018.07.07-20.58.23:835][717]LogModuleManager: Shutting down and abandoning module UMGEditor (203)
[2018.07.07-20.58.23:835][717]LogModuleManager: Shutting down and abandoning module Sequencer (202)
[2018.07.07-20.58.23:835][717]LogModuleManager: Shutting down and abandoning module MessageLog (199)
[2018.07.07-20.58.23:835][717]LogModuleManager: Shutting down and abandoning module SlateReflector (194)
[2018.07.07-20.58.23:835][717]LogModuleManager: Shutting down and abandoning module Slate (192)
[2018.07.07-20.58.23:835][717]LogModuleManager: Shutting down and abandoning module EditorStyle (190)
[2018.07.07-20.58.23:837][717]LogModuleManager: Shutting down and abandoning module MRMesh (188)
[2018.07.07-20.58.23:837][717]LogModuleManager: Shutting down and abandoning module SourceCodeAccess (186)
[2018.07.07-20.58.23:837][717]LogModuleManager: Shutting down and abandoning module HeadMountedDisplay (184)
[2018.07.07-20.58.23:837][717]LogModuleManager: Shutting down and abandoning module XAudio2 (182)
[2018.07.07-20.58.23:837][717]LogModuleManager: Shutting down and abandoning module Networking (180)
[2018.07.07-20.58.23:837][717]LogModuleManager: Shutting down and abandoning module Core (178)
[2018.07.07-20.58.23:837][717]LogModuleManager: Shutting down and abandoning module LevelSequence (176)
[2018.07.07-20.58.23:837][717]LogModuleManager: Shutting down and abandoning module KismetCompiler (174)
[2018.07.07-20.58.23:837][717]LogModuleManager: Shutting down and abandoning module MeshUtilities (172)
[2018.07.07-20.58.23:838][717]LogModuleManager: Shutting down and abandoning module MeshMergeUtilities (171)
[2018.07.07-20.58.23:838][717]LogModuleManager: Shutting down and abandoning module MeshReductionInterface (170)
[2018.07.07-20.58.23:838][717]LogModuleManager: Shutting down and abandoning module SimplygonSwarm (169)
[2018.07.07-20.58.23:838][717]LogModuleManager: Shutting down and abandoning module SimplygonMeshReduction (167)
[2018.07.07-20.58.23:838][717]LogModuleManager: Shutting down and abandoning module QuadricMeshReduction (165)
[2018.07.07-20.58.23:838][717]LogModuleManager: Shutting down and abandoning module MaterialBaking (161)
[2018.07.07-20.58.23:838][717]LogModuleManager: Shutting down and abandoning module DirectoryWatcher (157)
[2018.07.07-20.58.23:839][717]LogModuleManager: Shutting down and abandoning module DerivedDataCache (154)
[2018.07.07-20.58.23:907][717]LogDerivedDataCache: Shutdown
[2018.07.07-20.58.23:907][717]LogModuleManager: Shutting down and abandoning module XGEController (152)
[2018.07.07-20.58.23:907][717]LogModuleManager: Shutting down and abandoning module TargetPlatform (150)
[2018.07.07-20.58.23:907][717]LogModuleManager: Shutting down and abandoning module VulkanShaderFormat (149)
[2018.07.07-20.58.23:907][717]LogModuleManager: Shutting down and abandoning module ShaderFormatVectorVM (147)
[2018.07.07-20.58.23:907][717]LogModuleManager: Shutting down and abandoning module ShaderFormatOpenGL (145)
[2018.07.07-20.58.23:907][717]LogModuleManager: Shutting down and abandoning module ShaderFormatD3D (143)
[2018.07.07-20.58.23:907][717]LogModuleManager: Shutting down and abandoning module MetalShaderFormat (141)
[2018.07.07-20.58.23:907][717]LogModuleManager: Shutting down and abandoning module TextureFormatUncompressed (139)
[2018.07.07-20.58.23:907][717]LogModuleManager: Shutting down and abandoning module TextureFormatPVR (137)
[2018.07.07-20.58.23:907][717]LogModuleManager: Shutting down and abandoning module TextureFormatDXT (135)
[2018.07.07-20.58.23:907][717]LogModuleManager: Shutting down and abandoning module TextureFormatIntelISPCTexComp (133)
[2018.07.07-20.58.23:907][717]LogModuleManager: Shutting down and abandoning module TextureFormatASTC (131)
[2018.07.07-20.58.23:907][717]LogModuleManager: Shutting down and abandoning module ImageWrapper (130)
[2018.07.07-20.58.23:907][717]LogModuleManager: Shutting down and abandoning module TextureFormatAndroid (127)
[2018.07.07-20.58.23:907][717]LogModuleManager: Shutting down and abandoning module AudioFormatOpus (125)
[2018.07.07-20.58.23:907][717]LogModuleManager: Shutting down and abandoning module AudioFormatOgg (123)
[2018.07.07-20.58.23:907][717]LogModuleManager: Shutting down and abandoning module AudioFormatADPCM (121)
[2018.07.07-20.58.23:907][717]LogModuleManager: Shutting down and abandoning module LinuxTargetPlatform (119)
[2018.07.07-20.58.23:907][717]LogModuleManager: Shutting down and abandoning module LinuxServerTargetPlatform (117)
[2018.07.07-20.58.23:907][717]LogModuleManager: Shutting down and abandoning module LinuxNoEditorTargetPlatform (115)
[2018.07.07-20.58.23:907][717]LogModuleManager: Shutting down and abandoning module LinuxClientTargetPlatform (113)
[2018.07.07-20.58.23:907][717]LogModuleManager: Shutting down and abandoning module TVOSTargetPlatform (111)
[2018.07.07-20.58.23:908][717]LogModuleManager: Shutting down and abandoning module Messaging (109)
[2018.07.07-20.58.23:908][717]LogModuleManager: Shutting down and abandoning module IOSTargetPlatform (107)
[2018.07.07-20.58.23:908][717]LogModuleManager: Shutting down and abandoning module HTML5TargetPlatform (105)
[2018.07.07-20.58.23:908][717]LogModuleManager: Shutting down and abandoning module AndroidTargetPlatform (103)
[2018.07.07-20.58.23:908][717]LogModuleManager: Shutting down and abandoning module Android_PVRTCTargetPlatform (101)
[2018.07.07-20.58.23:908][717]LogModuleManager: Shutting down and abandoning module Android_MultiTargetPlatform (99)
[2018.07.07-20.58.23:908][717]LogModuleManager: Shutting down and abandoning module Android_ETC2TargetPlatform (97)
[2018.07.07-20.58.23:908][717]LogModuleManager: Shutting down and abandoning module Android_ETC1TargetPlatform (95)
[2018.07.07-20.58.23:908][717]LogModuleManager: Shutting down and abandoning module Android_ETC1aTargetPlatform (93)
[2018.07.07-20.58.23:908][717]LogModuleManager: Shutting down and abandoning module Android_DXTTargetPlatform (91)
[2018.07.07-20.58.23:908][717]LogModuleManager: Shutting down and abandoning module Android_ATCTargetPlatform (89)
[2018.07.07-20.58.23:908][717]LogModuleManager: Shutting down and abandoning module Android_ASTCTargetPlatform (87)
[2018.07.07-20.58.23:908][717]LogModuleManager: Shutting down and abandoning module WindowsTargetPlatform (85)
[2018.07.07-20.58.23:908][717]LogModuleManager: Shutting down and abandoning module WindowsServerTargetPlatform (83)
[2018.07.07-20.58.23:908][717]LogModuleManager: Shutting down and abandoning module WindowsNoEditorTargetPlatform (81)
[2018.07.07-20.58.23:908][717]LogModuleManager: Shutting down and abandoning module WindowsClientTargetPlatform (79)
[2018.07.07-20.58.23:908][717]LogModuleManager: Shutting down and abandoning module MacTargetPlatform (77)
[2018.07.07-20.58.23:908][717]LogModuleManager: Shutting down and abandoning module MacServerTargetPlatform (75)
[2018.07.07-20.58.23:908][717]LogModuleManager: Shutting down and abandoning module MacNoEditorTargetPlatform (73)
[2018.07.07-20.58.23:908][717]LogModuleManager: Shutting down and abandoning module MacClientTargetPlatform (71)
[2018.07.07-20.58.23:908][717]LogModuleManager: Shutting down and abandoning module AllDesktopTargetPlatform (69)
[2018.07.07-20.58.23:908][717]LogModuleManager: Shutting down and abandoning module InputCore (66)
[2018.07.07-20.58.23:908][717]LogModuleManager: Shutting down and abandoning module Settings (64)
[2018.07.07-20.58.23:908][717]LogModuleManager: Shutting down and abandoning module PhysXCooking (62)
[2018.07.07-20.58.23:908][717]LogModuleManager: Shutting down and abandoning module SteamVR (60)
[2018.07.07-20.58.23:908][717]LogModuleManager: Shutting down and abandoning module OculusHMD (58)
[2018.07.07-20.58.23:908][717]LogModuleManager: Shutting down and abandoning module ExampleDeviceProfileSelector (56)
[2018.07.07-20.58.23:909][717]LogModuleManager: Shutting down and abandoning module AppleARKit (54)
[2018.07.07-20.58.23:909][717]LogModuleManager: Shutting down and abandoning module AugmentedReality (51)
[2018.07.07-20.58.23:909][717]LogModuleManager: Shutting down and abandoning module OnlineBlueprintSupport (48)
[2018.07.07-20.58.23:909][717]LogModuleManager: Shutting down and abandoning module OnlineSubsystem (44)
[2018.07.07-20.58.23:909][717]LogModuleManager: Shutting down and abandoning module XMPP (43)
[2018.07.07-20.58.23:909][717]LogModuleManager: Shutting down and abandoning module HTTP (41)
[2018.07.07-20.58.23:909][717]LogHttp: Display: Http module shutting down, but needs to wait on 1 outstanding Http requests:
[2018.07.07-20.58.23:909][717]LogHttp: Display: 	verb=[POST] url=[https://datarouter.ol.epicgames.com/datarouter/api/v1/public/data?SessionID=%7B6322188C-4B20-4346-DBCA-B180F20317EC%7D&AppID=UEEditor.Rocket.Release&AppVersion=4.19.2-4033788%2B%2B%2BUE4%2BRelease-4.19&UserID=8d565afb4f901f97d9c44ca099baa1bf%7C63e62efcbf0f43029c8072b76068276f%7C9028971d-8b22-416a-88c7-84e40ff769fa&AppEnvironment=datacollector-binary&UploadType=eteventstream] status=Processing
[2018.07.07-20.58.23:928][717]LogModuleManager: Shutting down and abandoning module SSL (40)
[2018.07.07-20.58.23:928][717]LogModuleManager: Shutting down and abandoning module AnimationModifiers (36)
[2018.07.07-20.58.23:928][717]LogModuleManager: Shutting down and abandoning module PropertyEditor (35)
[2018.07.07-20.58.23:928][717]LogModuleManager: Shutting down and abandoning module AudioEditor (32)
[2018.07.07-20.58.23:928][717]LogModuleManager: Shutting down and abandoning module TextureCompressor (30)
[2018.07.07-20.58.23:929][717]LogModuleManager: Shutting down and abandoning module ShaderCore (28)
[2018.07.07-20.58.23:929][717]LogModuleManager: Shutting down and abandoning module Landscape (26)
[2018.07.07-20.58.23:929][717]LogModuleManager: Shutting down and abandoning module SlateRHIRenderer (24)
[2018.07.07-20.58.23:930][717]LogModuleManager: Shutting down and abandoning module OpenGLDrv (22)
[2018.07.07-20.58.23:930][717]LogModuleManager: Shutting down and abandoning module D3D11RHI (20)
[2018.07.07-20.58.23:930][717]LogModuleManager: Shutting down and abandoning module AnimGraphRuntime (18)
[2018.07.07-20.58.23:930][717]LogModuleManager: Shutting down and abandoning module Renderer (16)
[2018.07.07-20.58.23:930][717]LogModuleManager: Shutting down and abandoning module Engine (14)
[2018.07.07-20.58.23:930][717]LogModuleManager: Shutting down and abandoning module CoreUObject (12)
[2018.07.07-20.58.23:930][717]LogModuleManager: Shutting down and abandoning module NetworkFile (10)
[2018.07.07-20.58.23:930][717]LogModuleManager: Shutting down and abandoning module CookedIterativeFile (8)
[2018.07.07-20.58.23:930][717]LogModuleManager: Shutting down and abandoning module StreamingFile (6)
[2018.07.07-20.58.23:930][717]LogModuleManager: Shutting down and abandoning module SandboxFile (4)
[2018.07.07-20.58.23:930][717]LogModuleManager: Shutting down and abandoning module PakFile (2)
[2018.07.07-20.58.23:935][717]LogExit: Exiting.
[2018.07.07-20.58.23:954][717]Log file closed, 07/07/18 16:58:23
